<file>
<pb n="1"/>
﻿<book id="A097">A097冊</book>
<article id="n1276">大唐開元釋教廣品歷章</article>

<other></other>
新編入錄
<sarticle>大唐開元釋教廣品歷章卷第三　振</sarticle>
（京兆華嚴寺沙門釋玄逸撰）
<other>大乘經重單合譯且有二百卷（二十帙）</other>
大般若波羅蜜多經卷第四百一
第二分緣起品第一
大般若波羅蜜多經卷第四百二
第二分歡喜品第二
第二分觀照品第三之一
大般若波羅蜜多經卷第四百三

第二分觀照品第三之二
大般若波羅蜜多經卷第四百四
第二分觀照品第三之三
大般若波羅蜜多經卷第四百五
第二分觀照品第三之四
第二分無等等品第四
第二分舌根相品第五
大般若波羅蜜多經卷第四百六
第二分善現品第六之一
大般若波羅蜜多經卷第四百七
第二分善現品第六之二
大般若波羅蜜多經卷第四百八
第二分善現品第六之三
第二分入離生品第七
第二分勝軍品第八之一
大般若波羅蜜多經卷第四百九
第二分勝軍品第八之二
第二分行相品第九之一
大般若波羅蜜多經卷第四百一十
第二分行相品第九之二
第二分幻喻品第十
大般若波羅蜜多經卷第四百一十一
第二分譬喻品第十一
第二分斷諸見品第十二
第二分六到彼岸品第十三之一
大般若波羅蜜多經卷第四百一十二
第二分六到彼岸品第十三之二
第二分乘大乘品第十四
大般若波羅蜜多經卷第四百一十三
第二分無縛解品第十五
第二分三摩地品第十六之一
大般若波羅蜜多經卷第四百一十四
第二分三摩地品第十六之二
第二分念住等品第十七之一
大般若波羅蜜多經卷第四百一十五
第二分念住等品第十七之二
第二分脩治地品第十八之一
大般若波羅蜜多經卷第四百一十六
第二分修治地品第十八之二
第二分出住品第十九之一
大般若波羅蜜多經卷第四百一十七
第二分出住品第十九之二
第二分超勝品第二十之一
大般若波羅蜜多經卷第四百一十八
第二分超勝品第二十之二
第二分無所有品第二十一之一
大般若波羅蜜多經卷第四百一十九
第二分無所有品第二十一之二
<pb n="2"/>
大般若波羅蜜多經卷第四百二十
第二分無所有品第二十一之三
第二分隨順品第二十二
第二分無邊際品第二十三之一
大般若波羅蜜多經卷第四百二十一
第二分無邊際品第二十三之二
大般若波羅蜜多經卷第四百二十二
第二分無邊際品第二十三之三
大般若波羅蜜多經卷第四百二十三
第二分無邊際品第二十三之四
第二分遠離品第二十四之一
大般若波羅蜜多經卷第四百二十四
第二分遠離品第二十四之二
大般若波羅蜜多經卷第四百二十五
第二分帝釋品第二十五之一
大般若波羅蜜多經卷第四百二十六
第二分帝釋品第二十五之二
第二分信受品第二十六
第二分[(林/月)*ㄆ]華品第二十七之一
大般若波羅蜜多經卷第四百二十七
第二分[(林/月)*ㄆ]華品第二十七之二
第二分授記品第二十八
第二分攝受品第二十九之一
大般若波羅蜜多經卷第四百二十八
第二分攝受品第二十九之二
第二分窣堵波品第三十
大般若波羅蜜多經卷第四百二十九
第二分福生品第三十一
第二分功德品第三十二
第二分外道品第三十三
第二分天來品第三十四之一
大般若波羅蜜多經卷第四百三十
第二分天來品第三十四之二
第二分設利羅品第三十五
大般若波羅蜜多經卷第四百三十一
第二分經文品第三十六之一
大般若波羅蜜多經卷第四百三十二
第二分經文品第三十六之二
第二分隨喜迴向品第三十七之一
大般若波羅蜜多經卷第四百三十三
第二分隨喜迴向品第三十七之二
大般若波羅蜜多經卷第四百三十四
第二分大師品第三十八
第二分地獄品第三十九之一
大般若波羅蜜多經卷第四百三十五
第二分地獄品第三十九之二
大般若波羅蜜多經卷第四百三十六
第二分清淨品第四十
第二分無標幟品第四十一之一
大般若波羅蜜多經卷第四百三十七
第二分無標幟品第四十一之二
第二分不可得品第四十二
大般若波羅蜜多經卷第四百三十八
第二分東北方品第四十三之一
大般若波羅蜜多經卷第四百三十九
第二分東北方品第四十三之二
大般若波羅蜜多經卷第四百四十
第二分東北方品第四十三之三
第二分魔事品第四十四
第二分不和合品第四十五之一
大般若波羅蜜多經卷第四百四十一
第二分不和合第四十五之二
第二分佛母品第四十六之一
<pb n="3"/>
大般若波羅蜜多經卷第四百四十二
第二分佛母品第四十六之二
第二分示相品第四十七之一
大般若波羅蜜多經卷第四百四十三
第二分示相品第四十七之二
大般若波羅蜜多經卷第四百四十四
第二分成辨品第四十八
第二分船等喻品第四十九之一
大般若波羅蜜多經卷第四百四十五
第二分船等喻品第四十九之二
第二分初業品第五十之一
大般若波羅蜜多經卷第四百四十六
第二分初業品第五十之二
第二分調伏貪等品第五十一
第二分真如第五十二之一
大般若波羅蜜多經卷第四百四十七
第二分真如品第五十二之二
大般若波羅蜜多經卷第四百四十八
第二分真如品第五十二之三
第二分不退轉品第五十三
大般若波羅蜜多經卷第四百四十九
第二分轉不轉品第五十四
第二分甚深義品第五十五之一
大般若波羅蜜多經卷第四百五十
第二分甚深義品第五十五之二
大般若波羅蜜多經卷第四百五十一
第二分夢行品第五十六
第二分願行品第五十七
第二分殑伽天品第五十八
大般若波羅蜜多經卷第四百五十二
第二分習近品第五十九
第二分增上𢢔品第六十之一
大般若波羅蜜多經卷第四百五十三
第二分增上𢢔品第六十之二
大般若波羅蜜多經卷第四百五十四
第二分增上𢢔品第六十之三
第二分同學品第六十一之一
大般若波羅蜜多經卷第四百五十五
第二分同學品第六十一之二
第二分同性品第六十二之一
大般若波羅蜜多經卷第四百五十六
第二分同性品第六十二之二
第二分無分別品第六十三
第二分堅非堅品第六十四之一
大般若波羅蜜多經卷第四百五十七
第二分堅非堅品第六十四之二
第二分實語品第六十五之一
大般若波羅蜜多經卷第四百五十八
第二分實語品第六十五之二
第二分無盡品第六十六
大般若波羅蜜多經卷第四百五十九
第二分相攝品第六十七
大般若波羅蜜多經卷第四百六十
第二分巧便品第六十八之一
大般若波羅蜜多經卷第四百六十一
第二分巧便品第六十八之二
大般若波羅蜜多經卷第四百六十二
第二分巧便品第六十八之三
大般若波羅蜜多經卷第四百六十三
第二分巧便品第六十八之四
第二分樹喻品第六十九
大般若波羅蜜多經卷第四百六十四
第二分菩薩行品第七十
<pb n="4"/>
第二分親近品第七十一
第二分徧學品第七十二之一
大般若波羅蜜多經卷第四百六十五
第二分徧學品第七十二之二
第二分漸次品第七十三之一
大般若波羅蜜多經卷第四百六十六
第二分漸次品第七十三之二
第二分無相品第七十四之一
大般若波羅蜜多經卷第四百六十七
第二分無相品第七十四之二
第二分無雜品第七十五之一
大般若波羅蜜多經卷第四百六十八
第二分無雜品第七十五之二
第二分眾德相品第七十六之一
大般若波羅蜜多經卷第四百六十九
第二分眾德相品第七十六之二
大般若波羅蜜多經卷第四百七十
第二分眾德相品第七十六之三
大般若波羅蜜多經卷第四百七十一
第二分眾德相品第七十六之四
第二分善達品第七十七之一
大般若波羅蜜多經卷第四百七十二
第二分善達品第七十七之二
大般若波羅蜜多經卷第四百七十三
第二分善達品第七十七之三
第二分實際品第七十八之一
大般若波羅蜜多經卷第四百七十四
第二分實際品第七十八之二
第二分無闕品第七十九之一
大般若波羅蜜多經卷第四百七十五
第二分無闕品第七十九之二
大般若波羅蜜多經卷第四百七十六
第二分道士品第八十
大般若波羅蜜多經卷第四百七十七
第二分正定品第八十一
第二分佛法品第八十二
大般若波羅蜜多經卷第四百七十八
第二分無事品第八十三
第二分實說品第八十四
第二分空性品第八十五
大般若波羅蜜多經卷第四百七十九
第三分緣起品第一
第三分舍利子品第二之一
大般若波羅蜜多經卷第四百八十
第三分舍利子品第二之二
大般若波羅蜜多經卷第四百八十一
大般若波羅蜜多經卷第四百七十三
第二分善達品第七十七之三
第二分實際品第七十八之一
大般若波羅蜜多經卷第四百七十四
第二分實際品第七十八之二
第二分無闕品第七十九之一
大般若波羅蜜多經卷第四百七十五
第二分無闕品第七十九之二
大般若波羅蜜多經卷第四百七十六
第二分道士品第八十
大般若波羅蜜多經卷第四百七十七
第二分正定品第八十一
第二分佛法品第八十二
大般若波羅蜜多經卷第四百七十八
第二分無事品第八十三
第二分實說品第八十四
第二分空性品第八十五
<pb n="5"/>
大般若波羅蜜多經卷第四百七十九
第三分緣起品第一
第三分舍利子品第二之一
大般若波羅蜜多經卷第四百八十
第三分舍利子品第二之二
大般若波羅蜜多經卷第四百八十一
第三分善現品第三之十一
大般若波羅蜜多經卷第四百九十三
第三分善現品第三之十二
大般若波羅蜜多經卷第四百九十四
第三分善現品第三之十三
大般若波羅蜜多經卷第四百九十五
第三分善現品第三之十四
大般若波羅蜜多經卷第四百九十六
第三分善現品第三之十五
大般若波羅蜜多經卷第四百九十七
第三分善現品第三之十六
大般若波羅蜜多經卷第四百九十八
第三分善現品第三之十七
第三分天帝品第四之一
大般若波羅蜜多經卷第四百九十九
第三分天帝品第四之二
大般若波羅蜜多經卷第五百
第三分天帝品第四之三
第三分現窣堵波品第五之一
大般若波羅蜜多經卷第五百一
第三分現窣堵波品第五之二
大般若波羅蜜多經卷第五百二
第三分現窣堵波品第五之三
第三分稱揚功德品第六之一
大般若波羅蜜多經卷第五百三
第三分稱揚功德品第六之二
第三分佛設利羅品第七
第三分福聚品第八之一
大般若波羅蜜多經卷第五百四
第三分福聚品第八之二
第三分隨喜迴向品第九之一
大般若波羅蜜多經卷第五百五
第三分隨喜迴向品第九之二
第三分地獄品第十之一
大般若波羅蜜多經卷第五百六
第三分地獄品第十之二
第三分歎淨品第十一之一
大般若波羅蜜多經卷第五百七
第三分歎淨品第十一之二
第三分讚德第十二
大般若波羅蜜多經卷第五百八
第三分陀羅尼品第十三之一
大般若波羅蜜多經卷第五百九
第三分陀羅尼品第十三之二
第三分魔事品第十四
大般若波羅蜜多經卷第五百十
第三分現世間品第十五
大般若波羅蜜多經卷第五百一十一
第三分不思議等品第十六
第三分譬喻品第十七
大般若波羅蜜多經卷第五百一十二
第三分善友品第十八
大般若波羅蜜多經卷第五百一十三
第三分真如品第十九之一
大般若波羅蜜多經卷第五百一十四
第三分真如品第十九之二
第三分不[遢-羽+ㄆ]相品第二十之一
<pb n="6"/>
大般若波羅蜜多經卷第五百一十五
第三分不[遢-羽+ㄆ]相品第二十之二
第三分空相品第二十一之一
大般若波羅蜜多經卷第五百一十六
第三分空相品第二十一之二
大般若波羅蜜多經卷第五百一十七
第三分空相品第二十一之三
第三分殑伽天品第二十二
第三分巧便品第二十三之一
大般若波羅蜜多經卷第五百一十八
第三分巧便品第二十三之二
大般若波羅蜜多經卷第五百一十九
第三分巧便品第二十三之三
大般若波羅蜜多經卷第五百二十
第三分巧便品第二十三之四
第三分學時品第二十四
大般若波羅蜜多經卷第五百二十一
第三分見不動品第二十五之一
大般若波羅蜜多經卷第五百二十二
第三分見不動品第二十五之二
大般若波羅蜜多經卷第五百二十三
第三分方便善巧品第二十六之一
大般若波羅蜜多經卷第五百二十四
第三分方便善巧品第二十六之二
大般若波羅蜜多經卷第五百二十五
第三分方便善巧品第二十六之三
大般若波羅蜜多經卷第五百二十六
第三分方便善巧品第二十六之四
大般若波羅蜜多經卷第五百二十七
第三分慧到彼岸品第二十七
大般若波羅蜜多經卷第五百二十八
第三分妙相品第二十八之一
大般若波羅蜜多經卷第五百二十九
第三分妙相品第二十八之二
大般若波羅蜜多經卷第五百三十
第三分妙相品第二十八之三
大般若波羅蜜多經卷第五百三十一
第三分妙相品第二十八之四
大般若波羅蜜多經卷第五百三十二
第三分妙相品第二十八之五
第三分施等品第二十九之一
大般若波羅蜜多經卷第五百三十三
第三分施等品第二十九之二
大般若波羅蜜多經卷第五百三十四
第三分施等品第二十九之三
大般若波羅蜜多經卷第五百三十五
第三分施等品第二十九之四
第三分佛國品第三十之一
大般若波羅蜜多經卷第五百三十六
第三分佛國品第三十之二
第三分宣化品第三十一之一
大般若波羅蜜多經卷第五百三十七
第三分宣化品第三十一之二
大般若波羅蜜多經卷第五百三十八
第四分妙行品第一之一
大般若波羅蜜多經卷第五百三十九
第四分妙行品第一之二
第四分帝釋品第二
第四分帝釋品第一
第四分供養窣堵波品第三之一
大般若波羅蜜多經卷第五百四十
第四分供養窣堵波品第三之二
大般若波羅蜜多經卷第五百四十一
<pb n="7"/>
第四分供養窣堵波品第三之三
第四分稱楊功德品第四
第四分福門品第五之一
大般若波羅蜜多經卷第五百四十二
第四分福門品第五之二
大般若波羅蜜多經卷第五百四十三
第四分隨喜迴向品第六之一
大般若波羅蜜多經卷第五百四十四
第四分隨喜迴向品第六之二
第四分地獄品第七
大般若波羅蜜多經卷第五百四十五
第四分清淨品第八
第四分讚歎品第九
第四分揔持品第十之一
大般若波羅蜜多經卷第五百四十六
第四分揔持品第十之二
第四分魔事品第十一之一
大般若波羅蜜多經卷第五百四十七
第四分魔事品第十一之二
第四分現世閒品第十二
第四分不思議等品第十三
大般若波羅蜜多經卷第五百四十八
第四分譬喻品第十四
第四分天讚品第十五
第四分真如品第十六之一
大般若波羅蜜多經卷第五百四十九
第四分真如品第十六之二
第四分不[遢-羽+ㄆ]相品第十七
第四分空相品第十八之一
大般若波羅蜜多經卷第五百五十
第四分空相品第十八之二
第四分深功德品第十九
第四分殑伽天品第二十
第四分覺魔事品第二十一之一
大般若波羅蜜多經卷第五百五十一
第四分覺魔事品第二十一之二
第四分善友品第二十二之一
大般若波羅蜜多經卷第五百五十二
第四分善友品第二十二之二
第四分天主品第二十三
第四分無雜無異品第二十四
第四分迅速品第二十五之一
大般若波羅蜜多經卷第五百五十三
第四分迅速品第二十五之二
第四分幻喻品第二十六
第四分堅固品第二十七之一
大般若波羅蜜多經卷第五百五十四
第四分堅固品第二十七之二
第四分散花品第二十八
大般若波羅蜜多經卷第五百五十五
第四分隨順品第二十九
大般若波羅蜜多經卷第五百五十六
第五分善現品第一
第五分天帝品第二
大般若波羅蜜多經卷第五百五十七
第五分窣堵波品第三
第五分神呪品第四
大般若波羅蜜多經卷第五百五十八
第五分設利羅品第五
第五分經典品第六
第五分迴向品第七
大般若波羅蜜多經卷第五百五十九
第五分地獄品第八
<pb n="8"/>
第五分清淨品第九
第五分不思議品第十之一
大般若波羅蜜多經卷第五百六十
第五分不思議品第十之二
第五分魔事品第十一
第五分真如品第十二
大般若波羅蜜多經卷第五百六十一
第五分甚深相品第十三
第五分船等喻品第十四
第五分如來品第十五之一
大般若波羅蜜多經卷第五百六十二
第五分如來品第十五之二
第五分如來品第十五之三
第五分不退品第十六
第五分貪行品第十七之一
大般若波羅蜜多經卷第五百六十三
第五分貪行品第十七之二
第五分姉妹品第十八
第五分夢行品第十九
大般若波羅蜜多經卷第五百六十四
第五分勝意樂品第二十
第五分修學品第二十一
第五分根栽品第二十二之一
大般若波羅蜜多經卷第五百六十五
第五分根栽品第二十二之二
第五分付囑品第二十三
第五分見不動佛品第二十四
大般若波羅蜜多經卷第五百六十六
第六分緣起品第一
第六分通達品第二
大般若波羅蜜多經卷第五百六十七
第六分顯相品第三
第六分法界品第四之一
大般若波羅蜜多經卷第五百六十八
第六分法界品第四之二
第六分念住品第五
大般若波羅蜜多經卷第五百六十九
第六分法性品第六
大般若波羅蜜多經卷第五百七十
第六分平等品第七
第六分現相品第八
大般若波羅蜜多經卷第五百七十一
第六分無所得品第九
第六分證勸品第十
大般若波羅蜜多經卷第五百七十二
第六分顯德品第十一
第六分現化品第十二
第六分陀羅尼品第十三
第六分勸誡品第十四之一
大般若波羅蜜多經卷第五百七十三
第六分勸誡品第十四之二
第六分二行品第十五
第六分讚歎品第十六
第六分付囑品第十七
大般若波羅蜜多經卷第五百七十四
第七㬅殊室利分之一
大般若波羅蜜多經卷第五百七十五
第七㬅殊室利分之二
大般若波羅蜜多經卷第五百七十六
第八那伽室利分
大般若波羅蜜多經卷第五百七十七
第九能斷金剛分
大般若波羅蜜多經卷第五百七十八
<pb n="9"/>
第十般若理趣分
大般若波羅蜜多經卷第五百七十九
第十一布施波羅蜜多分之一
大般若波羅蜜多經卷第五百八十
第十一布施波羅蜜多分之二
大般若波羅蜜多經卷第五百八十一
第十一布施波羅蜜多分之三
大般若波羅蜜多經卷第五百八十二
第十一布施波羅蜜多分之四
大般若波羅蜜經卷第五百八十三
第十一布施波羅蜜多分之五
大般若波羅蜜多經卷第五百八十四
第十二淨戒波羅蜜多分之一
大般若波羅蜜多經卷第五百八十五
第十二淨戒波羅蜜多分之二
大般若波羅蜜多經卷第五百八十六
第十二淨戒波羅蜜多分之三
大般若波羅蜜多經卷第五百八十七
第十二淨戒波羅蜜多分之四
大般若波羅蜜多經卷第五百八十八
第十二淨戒波羅蜜多分之五
大般若波羅蜜多經卷第五百八十九
第十三安忍波羅蜜多分
大般若波羅蜜多經卷第五百九十
第十四精進波羅蜜多分
大般若波羅蜜多經卷第五百九十一
第十五靜慮波羅蜜多分之一
大般若波羅蜜多經卷第五百九十二
第十五靜慮波羅蜜多分之二
大般若波羅蜜多經卷第五百九十三
第十六般若波羅蜜多分之一
大般若波羅蜜多經卷第五百九十四
第十六般若波羅蜜多分之二
大般若波羅蜜多經卷第五百九十五
第十六般若波羅蜜多分之三
大般若波羅蜜多經卷第五百九十六
第十六般若波羅蜜多分之四
大般若波羅蜜多經卷第五百九十七
第十六般若波羅蜜多分之五
大般若波羅蜜多經卷第五百九十八
第十六般若波羅蜜多分之六
大般若波羅蜜多經卷第五百九十九
第十六般若波羅蜜多分之七
大般若波羅蜜多經卷第六百
第十六般若波羅蜜多分之八
右大唐顯慶五年正月一日三藏
法師玄奘於坊州玉華寺玉華殿
譯至龍朔三年十月二十日功畢
（沙門大乘光大乘欽嘉尚等筆受）
見翻經圖
（右六百卷並是大唐三藏法師奉　詔譯）

大唐開元釋教廣品歷章卷第三
<sarticle>廣品歷章卷第四</sarticle>
（京兆華嚴寺沙門玄逸撰）
<other>大乘經重單合譯有二十部（＆unrec;有一百二十九卷十三帙
合三小經為一軸計一百二十七卷）</other>
放光般若波羅蜜經一部三十卷（亦云摩訶
般若放光或二十卷蒲州四百六十六紙亦云放光摩訶般若經三帙供城五百四十六紙）
摩訶般若波羅蜜經一部四十卷（或三
十卷僧祐錄云新大品經蒲州六百二十三紙亦云太品般若經或一十十卷或二十帙供城七
百三十一紙）
光讚般若經一部十卷（或十五卷或加波羅蜜字蒲州二百
<pb n="10"/>
二十一紙亦云光讚摩訶般若經供城二百五十一紙）
摩訶般若波羅蜜鈔經五卷（一名湏菩提品一名
長安品　蒲州九十紙　或七卷　或無鈔字　供城一百五紙）
道行般若波羅蜜經一部十卷（或八卷或云般
若道行品經蒲州一百六十七紙一帙題云摩訶般若波羅蜜道行經城一百九十紙）
小品般若波羅蜜經一部八卷（或云＆unrec;或十卷
題云摩訶般若蒲州一百五十紙波羅蜜經小品僧祐錄云新小品經供城一百八十三紙）
大明度經一部四卷（或六卷或名大明度無極經供城一百一十二紙＆unrec;
＆unrec;九十四紙）
勝天王般若波羅蜜經一部七卷（一百五十
四紙蒲州一百二十二紙）
文殊師利所說摩訶般若波羅蜜經
一部二卷（或直云文殊般若波羅蜜蒲州二十一紙供紙二十四紙）
文殊師利所說般若波羅蜜經一卷
（蒲州二十紙供城二十四紙）
濡首菩薩無上清淨分衛經一部二卷
（一名决了諸法如幻三昧經蒲州二十八紙供城二十三紙）
金剛般若波羅蜜經一卷（舍衛國蒲州十一紙供城十三紙）
金剛般若波羅蜜經一卷（婆伽婆蒲州一十四紙供城十六紙）
金剛般若經一卷（祇樹林蒲州一十四紙供城十六張）
能斷金剛般若波羅蜜經一卷（室羅筏蒲州二十九紙
供城二十五紙）
能斷金剛般若波羅蜜多經一卷（在名
耨大城戰勝林蒲州一十二紙供城十五）
仁王般若經一部二卷（第二出與法護出者文稍異亦
云仁王般若波羅蜜經蒲州二十八紙供城四十三紙）
摩訶般若波羅蜜大明呪經一卷（亦云摩訶
大明呪經　一紙）
般若多心經一卷（亦云般若心經　一紙）
實相般若經一卷（蒲州八紙供城九紙）
放光般若波羅蜜經一部三十卷（或二十卷五百四十六紙
亦云摩訶般若波羅蜜放光經初出亦云放光摩訶般若經第一譯凡九十品）
摩訶般若波羅蜜放光序品第一
（放光經卷第一）
摩訶般若波羅蜜無見品第二
摩訶般若波羅蜜假名號品第三
摩訶般若波羅蜜假名號品之餘（放光經第二）
摩訶般若波羅蜜學五眼品第四
摩訶般若波羅蜜度五神通品第五
摩訶般若波羅蜜授決品第六
摩訶般若波羅蜜妙度品第七
摩訶般若波羅蜜舌相光品第八
摩訶般若波羅行品第九（放光經卷第三）
摩訶般若波羅蜜學品第十
摩訶般若波羅蜜本無品第十一
摩訶般若波羅蜜空行品第十二（放光經卷第四）
摩訶般若波羅蜜問幻品第十三
摩訶般若波羅蜜了本品第十四
摩訶般若波羅蜜摩訶薩品第十五
摩訶般若波羅蜜問僧那品第十六
摩訶般若波羅蜜摩訶衍品第十七（放光經卷第五）
摩訶般若波羅蜜僧那僧涅品第十八
摩訶般若波羅蜜問摩訶衍品第十九
摩訶般若波羅蜜陀隣尼品第二十
摩訶般若波羅蜜陀隣尼品之餘（放光經卷第六）
摩訶般若波羅蜜治地品第二十一
摩訶般若波羅蜜問出衍品第二十二
摩訶般若波羅蜜歎衍品第二十三（放光經卷第七）
摩訶般若波羅蜜衍與空等品第二十四
摩訶般若波羅蜜合聚品第二十五
摩訶般若波羅蜜不可得三際品第二十六
摩訶般若波羅蜜問觀品第二十七（放光經卷第八）
摩訶般若波羅蜜無住品第二十八
<pb n="11"/>
摩訶般若波羅蜜如幻品第二十九
摩訶般若波羅蜜雨法品第三十（放光經卷第九）
摩訶般若波羅蜜歎品第三十一
摩訶般若波羅蜜降眾生品第三十二
摩訶般若波羅蜜守行品第三十三
（放光經卷第十）
摩訶般若波羅蜜供養品第三十四
摩訶般若波羅蜜持品第三十五
摩訶般若波羅蜜遣異道士品第三十六
摩訶般若波羅蜜無二品第三十七
摩訶般若波羅蜜全身舍利品第三十八
（放光經卷第十一）
摩訶般若波羅蜜功德品第三十九
摩訶般若波羅蜜功德品之餘（放光經卷第十二）
摩訶般若波羅蜜勸助品第四十
摩訶般若波羅蜜照明品第四十一（放
光經卷第十三）
摩訶般若波羅蜜泥犁品第四十二
摩訶般若波羅蜜明淨品第四十三
摩訶般若波羅蜜無作品第四十四
（放光經卷第十四）
摩訶般若波羅蜜等品第四十五
摩訶般若波羅蜜真知識品第四十六
摩訶般若波羅蜜真知識品之餘（放
光經卷第十五）
摩訶般若波羅蜜覺魔品第四十七
摩訶般若波羅蜜不和合品第四十
八（放光經卷第十六）
摩訶般若波羅蜜大明品第四十九
摩訶般若波羅蜜問相品第五十
摩訶般若波羅蜜大事興品第五十
一（放光經卷第十七）
摩訶般若波羅蜜譬喻品第五十二
摩訶般若波羅蜜隨真知識品第
五十三
摩訶般若波羅蜜解深品第五十四
摩訶般若波羅蜜歎深品第五十五
（放光經卷第十八）
摩訶般若波羅蜜阿惟越致品第五十六
摩訶般若波羅蜜堅固品第五十七
（放光經卷第十九）
摩訶般若波羅蜜甚深品第五十八
摩訶般若波羅蜜夢中行品第五十九
（放光經卷第二十）
摩訶般若波羅蜜恒加調品第六十
摩訶般若波羅蜜間相行願品第六十一
摩訶般若波羅蜜阿惟越致相品第
六十二
摩訶般若波羅蜜阿惟越致相品第
六十二之餘（放光經卷第二十一）
摩訶般若波羅蜜釋提桓因品第六十三
摩訶般若波羅蜜問等學品第六十四
摩訶般若波羅蜜願樂品第六十五（放
光經卷第二十二）
摩訶般若波羅蜜稱揚品第六十六
摩訶般若波羅蜜中囑累品第六十七
摩訶般若波羅蜜無盡品第六十八
摩訶般若波羅蜜六度相攝品第六十
九（放光經卷第二十三）
摩訶般若波羅蜜漚和品第七十
摩訶般若波羅蜜漚和品第七十之
餘（放光經卷第二十四）
摩訶般若波羅蜜種樹品第七十一
<pb n="12"/>
摩訶般若波羅蜜菩薩行品第七十二
摩訶般若波羅蜜當得真知識品第
七十三
摩訶般若波羅蜜教化眾生品第七
十四（放光經卷第二十五）
摩訶般若波羅蜜無堅要品第七十五
摩訶般若波羅蜜無倚想品第七十六
摩訶般若波羅蜜無倚想品第七十六
之餘（放光經卷第二十六）
摩訶般若波羅蜜無有想品第七十七
摩訶般若波羅蜜住二空品第七十八
摩訶般若波羅蜜住二空品第七十
八之餘（放光經卷第二十七）
摩訶般若波羅蜜超越法相品第七十九
摩訶般若波羅蜜信本際品第八十
摩訶般若波羅蜜無形品第八十一
（放光經卷第二十八）
摩訶般若波羅蜜建立品第八十二
摩訶般若波羅蜜畢竟品第八十三
摩訶般若波羅蜜畢竟品第八十三之
餘（放光經卷第二十九）
摩訶般若波羅蜜分別品第八十四
摩訶般若波羅蜜有無品第八十五
摩訶般若波羅蜜諸法等品第八十六
摩訶般若波羅蜜諸法妙化品第八十七
摩訶般若波羅蜜薩陀波崘品第八十八
摩訶般若波羅蜜薩陀波崘品第八十八之
餘（放光經卷第三十）
摩訶般若波羅蜜法上品第八十九
摩訶般若波羅蜜囑累品第九十
右西晉元康元年五月十五日于闐
沙門無羅叉等於陳留倉垣水南
寺譯至十二月二十四日訖（河南居士
笁叔蘭口傳祝太玄周玄明筆受見經後記
及支敏及等錄）
摩訶般若波羅蜜經一部四十卷（或三十卷
七百三十一紙僧祇錄⿱一尢新大品經亦凡八十九品
云大品般若經或二十七卷或二十四卷四帙第三譯）
摩訶般若波羅蜜經序品第一（大品卷第一
十五紙八行）
摩訶般若波羅蜜經奉鉢品第二
摩訶般若波羅蜜經習相應品第三
（卷第二十八紙九行）
摩訶般若波羅蜜經往生品第四
摩訶般若波羅蜜經往生品之不（大品
卷第三十五紙十三行）
摩訶般若波羅蜜經歎度品第五
摩訶般若波羅蜜經舌相品第六
摩訶般若波羅蜜經三假品第七
摩訶般若波羅蜜經三假品之下（大品卷第四）
摩訶般若波羅蜜經勸學品第八
摩訶般若波羅蜜經集散品第九
摩訶般若波羅蜜經相行品第十（卷第五）
摩訶般若波羅蜜經幻學品第十一
摩訶般若波羅蜜經句義品第十二（卷第六）
摩訶般若波羅蜜經摩訶薩品第十三
摩訶般若波羅蜜經富樓那品第十四
摩訶般若波羅蜜經大乘品第十五（卷第七）
摩訶般若波羅蜜經縛解品第十六
摩訶般若波羅蜜經摩訶衍品第十七
摩訶般若波羅蜜經摩訶衍品之下
（卷第八）
摩訶般若波羅蜜經四念處品第十八
<pb n="13"/>
摩訶般若波羅蜜經發趣品第十九
（卷第九）
摩訶般若波羅蜜經出到品第二十
摩訶般若波羅蜜經勝出品第二十一
（大品卷第十）
摩訶般若波羅蜜經含受品第二十二
摩訶般若波羅蜜經會宗品第二十三
摩訶般若波羅蜜經十無品第二十四
（卷第十一）
摩訶般若波羅蜜經無生品第二十五
摩訶般若波羅蜜經無生品之下
（卷第十二）
摩訶般若波羅蜜經天主品第二十六
摩訶般若波羅蜜經幻人聽法品第
二十七
摩訶般若波羅蜜經散華品第二十八
（卷第十三）
摩訶般若波羅蜜經顧視品第二十九
摩訶般若波羅蜜經現功德品第三十
摩訶般若波羅蜜經舍利寶塔品第
三十一
（大品卷第十四十五紙二十四行）
摩訶般若波羅蜜經述成品第三十二
摩訶般若波羅蜜經勸持品第三十三
摩訶般若波羅蜜經梵志品第三十四
摩訶般若波羅蜜經阿難稱譽品第
三十五
（大品卷第十五十八紙十七行）
摩訶般若波羅蜜經挍舍利品第三十六
摩訶般若波羅蜜經十善品第三十七
（大品卷第十六）
摩訶般若波羅蜜經隨喜迴向品第
三十八
摩訶般若波羅蜜經隨喜迴向品之
下（大品卷第十七）
摩訶般若波羅蜜經大度品第三十九
摩訶般若波羅蜜經泥犂品第四十
（大品卷第十八）
摩訶般若波羅蜜經歎淨品第四十一
摩訶般若波羅蜜經面各千佛品第
四十二
摩訶般若波羅蜜經面各千佛品之
下（大品卷第十九）
摩訶般若波羅蜜經百波羅蜜品
第四十三
摩訶般若波羅蜜經逕耳品第四十四
摩訶般若波羅蜜經逕耳品之下（大品
卷第二十）
摩訶般若波羅蜜經魔事品第四十五
摩訶般若波羅蜜經兩不和合品第
四十六（大品卷第二十一）
摩訶般若波羅蜜經佛母品第四十七
摩訶般若波羅蜜經問相品第四十八
摩訶般若波羅蜜經輕毛品第四十九
摩訶般若波羅蜜經舩喻品第五十
摩訶般若波羅蜜經善知識品第五十
一（大品卷第二十三）
摩訶般若波羅蜜經趣智品第五十二
摩訶般若波羅蜜經大如品第五十三
摩訶般若波羅蜜經大如品之下（大品
卷第二十四）
摩訶般若波羅蜜經阿鞞跋致品第五十四
摩訶般若波羅蜜經轉不轉品第五十五
<pb n="14"/>
（大品卷第二十五）
摩訶般若波羅蜜經燈炷品第五十六
摩訶般若波羅蜜經淨土品第五十七
（大品卷第二十六）
摩訶般若波羅蜜經恒伽提婆品
第五十八
摩訶般若波羅蜜經學空不證品
第五十九
摩訶般若波羅蜜經夢中不證品
第六十（大品卷第二十七）
摩訶般若波羅蜜經同學品第六十一
摩訶般若波羅蜜經等學品第六十
二（大品卷二十八）
摩訶般若波羅蜜經願樂隨喜品
第六十三
摩訶般若波羅蜜經稱楊品第六十四
摩訶般若波羅蜜經囑累品第六十五
（大品卷二十九）
摩訶般若波羅蜜經不可盡品第六
十六
摩訶般若波羅蜜經六度相攝品第
六十七
摩訶般若波羅蜜經六度相攝品之
下（大品卷三十）
摩訶般若波羅蜜經方便品第六十八
摩訶般若波羅蜜經三慧品第六十
九（大品卷三十一）
摩訶般若波羅蜜經佛種樹品第七十
摩訶般若波羅蜜經菩薩行品第七
十一（大品卷三十三）
摩訶般若波羅蜜經種善根方便品
第七十二
摩訶般若波羅蜜經徧學品第七十三
摩訶般若波羅蜜經次第行品第七
十四（大品卷三十三）
摩訶般若波羅蜜經無漏行六度品
第七十五
摩訶般若波羅蜜經無漏行六度品
之下（大品卷三十四）
摩訶般若波羅蜜經夢化六度品第
七十六
摩訶般若波羅蜜經四攝品第七十七
（大品卷三十五）
摩訶般若波羅蜜經善達品第七十
八（大品卷三十六）
摩訶般若波羅蜜經實際品第七十九
摩訶般若波羅蜜經實際品之下
（大品卷三十七）
摩訶般若波羅蜜經照明品第八十
摩訶般若波羅蜜經淨佛國品第八
十一（大品卷三十八）
摩訶般若波羅蜜經畢定品第八十二
摩訶般若波羅蜜經四諦品第八十三
摩訶般若波羅蜜經七喻品第八十四
摩訶般若波羅蜜經平等品第八十五
（大品卷三十九）
摩訶般若波羅蜜經化品第八十六
摩訶般若波羅蜜經薩陀波崘品第
八十七
摩訶般若波羅蜜經薩陀波崘品之
下（大品卷四十）
摩訶般若波羅蜜經曇無竭品第
八十八
<pb n="15"/>
摩訶般若波羅蜜經囑累品第八
十九
右後秦⿰弓口始五年四月二十三日三藏
沙門鳩摩羅什於常安逍遙園譯
至六年四月二十三日訖見僧叡二
秦錄及僧祐錄（僧叡僧＆CB26297;道常筆受）
光讚般若經一部十卷（或十五卷二百五十一紙
或加波羅蜜字亦云光讚摩訶般若經第一譯
一帙凡二十七品一名佛說摩訶般若波羅蜜）
佛說摩訶般若波羅蜜經光讚品第一
（晉太康七年沙門竺法護於長安譯卷一）
摩訶般若波羅蜜順空品第二
摩訶般若波羅蜜行空品第三之一
光讚摩訶般若波羅蜜經行空品第三
之二（卷二）
摩訶般若波羅蜜歎等品第四
摩訶般若波羅蜜授決品第五
摩訶般若波羅蜜分別空品第六
光讚摩訶般若波羅蜜經了空品第七
（卷三）
摩訶般若波羅蜜假號品第八
光讚摩訶般若波羅蜜經行品第九（卷四）
摩訶般若波羅蜜幻品第十
光讚摩訶般若波羅蜜經摩訶薩品
第十一（卷五）
摩訶般若波羅蜜等無等品第十二
摩訶般若波羅蜜大乘品第十三
光讚摩訶般若波羅蜜經乘大乘品
第十四（卷第六）
摩訶般若波羅蜜無縛品第十五
摩訶般若波羅蜜三昧品第十六
光讚摩訶般若波羅蜜經觀品第十
七（卷第七）
摩訶般若波羅蜜十住品第十八
光讚摩訶般若波羅蜜經所因出衍品
第十九（卷八）
摩訶般若波羅蜜無去來品第二十
摩訶般若波羅蜜衍與空等品第二十一
光讚摩訶般若波羅蜜經分㬅陀𡰱
弗品第二十二（卷第九）
摩訶般若波羅蜜等三世品第二十三
摩訶般若波羅蜜觀行品第二十四
光讚摩訶般若波羅蜜經問品第二
十五（卷第十）
摩訶般若波羅蜜法師如幻品第二十六
摩訶般若波羅蜜雨法寶品第二十七
右西晉太康七年十一月二十五日月
支沙門竺法護於長安譯見道安
錄及僧祐錄（清信士聶承遠等筆受）
摩訶般若波羅蜜經鈔長安品五卷
（一名湏菩提品一名長安品經一百五紙或七
卷第六譯凡十三品　一帙）
摩訶般若波羅蜜經道行品第一（長
安品卷第一前秦建元年曇摩蜱共佛
念等長安譯）
摩訶般若波羅蜜問品第二
摩訶般若波羅蜜功德品第三（長安品
卷第二前秦建元年曇摩蜱共佛念等長
安譯）
摩訶般若波羅蜜善權品第四（長安
品卷第三前秦建元年曇蜱共佛念等長安譯）
摩訶般若波羅蜜地獄品第五
摩訶般若波羅蜜清淨品第六
<pb n="16"/>
摩訶般若波羅蜜本無品第七（長安
品卷第四　前秦建元年曇摩蜱共佛等長安譯）
摩訶般若波羅蜜阿惟越致品第八
摩訶般若波羅蜜常寂調優婆夷
品第九
摩訶般若波羅蜜守空品第十（長安
品卷第五　前秦建元年曇摩蜱共佛念等長
安譯）
摩訶般若波羅蜜遠離品第十一
摩訶般若波羅蜜善知識品第十二
摩訶般若波羅蜜釋提桓因品第
十三
右前秦建元十八年天竺沙門曇
摩蜱於長安譯佛護傳譯慧進
筆受安公挍定見僧叡二秦錄
上二經一十五卷二帙（上一下五）
道行般若經一部十卷（一百九十紙或八卷
一帙或云般若道行品經第一譯凡三十品
一名摩訶般若波羅蜜道行經）
摩訶般若波羅蜜道行經道行品第
一（後漢光和年支讖譯　卷第一）
摩訶般若波羅蜜道行經難問品
第二
摩訶般若波羅蜜道行經功德品第
三（卷第二）
摩訶般若波羅蜜道行經漚和拘舍羅
勸助品第四（卷第三）
摩訶般若波羅蜜道行經泥犂品第五
摩訶般若波羅蜜道行經清淨品第六
摩訶般若波羅蜜道行經歎品第七（卷第四）
摩訶般若波羅蜜道行經持品第八
摩訶般若波羅蜜道行經覺魔品第九
摩訶般若波羅蜜道行經照明品第十（卷五）
摩訶般若波羅蜜道行經不可計品第十一
摩訶般若波羅蜜道行經譬喻品第十二
摩訶般若波羅蜜道行經分別品第十三
摩訶般若波羅蜜道行經本無品第十四
摩訶般若波羅蜜道行經阿惟越致品
第十五（卷六）
摩訶般若波羅蜜道行經恒竭優婆夷品第（十六）
摩訶般若波羅蜜道行經守空品第十七
摩訶般若波羅蜜道行經遠離品第十八（卷七）
摩訶般若波羅蜜道行經善知識品第十九
摩訶般若波羅蜜道行經釋提桓因品第二十
摩訶般若波羅蜜道行經貢高品第二十一
摩訶般若波羅蜜道行經學品第二十二（卷八）
摩訶般若波羅蜜道行經守行品第二十三
摩訶般若波羅蜜道行經強弱品第
二十四
摩訶般若波羅蜜道行經累教品第
二十五
摩訶般若波羅蜜道行經不可盡品
第二十六
（卷九）
摩訶般若波羅蜜道行經隨品第二十七
摩訶般若波羅蜜道行經薩陀波崘
菩薩品第二十八
摩訶般若波羅蜜道行經曇無竭菩
品第二十九
（卷第十）
摩訶般若波羅蜜道行經囑累品第
三十
右後漢光和二年七月八日月氏國
<pb n="17"/>
沙門支婁迦讖於洛陽譯見支敏
度及僧祐等錄河南清信士孟福
張蓮華等筆受
小品般若波羅蜜經一部八卷（或七卷或十卷
第七誙一百八十紙僧祐錄云新小品經凡二十九品
一帙）
摩訶般若波羅蜜經初品第一（小品）
卷第一
摩訶般若波羅蜜釋提桓因品第二
摩訶般若波羅蜜寶塔品第三
摩訶般若波羅蜜大明呪品第四（小品）
卷第二
摩訶般若波羅蜜舍利品第五
摩訶般若波羅蜜經挍量品第六
摩訶般若波羅蜜迴向品第七
摩訶般若波羅蜜泥黎品第八（小品）
摩訶般若波羅蜜經卷第三
摩訶般若波羅蜜歎淨品第九
摩訶般若波羅蜜不可思議品第十
摩訶般若波羅蜜魔事品第十一（小品）
摩訶般若波羅蜜經卷第四
摩訶般若波羅蜜小如品第十二
摩訶般若波羅蜜相無相品第十三
摩訶般若波羅蜜舩喻品第十四（小品）
摩訶般若波羅蜜經卷第五
摩訶般若波羅蜜大如品第十五
摩訶般若波羅蜜阿惟越致相品第
十六
摩訶般若波羅蜜深功德品第十七（小品）
摩訶般若波羅蜜深功德品第十七（小品）
摩訶般若波羅蜜經卷第六
摩訶般若波羅蜜常伽提婆品第十八
摩訶般若波羅蜜阿惟越致覺魔
品第十九
摩訶般若波羅蜜深心求菩提品第
二十
摩訶般若波羅蜜恭敬菩薩品第
二十一（小品）
摩訶般若波羅蜜經卷第七
摩訶般若波羅蜜無慳煩惱品第
二十二
摩訶般若波羅蜜稱揚菩薩品第
二十三
摩訶般若波羅蜜累教品第二十四
摩訶般若波羅蜜見阿閦佛品第二十五
摩訶般若波羅蜜隨知品第二十六
摩訶般若波羅蜜經薩陀波崘品第
二十七（小品）
摩訶般若波羅蜜經卷第八
摩訶般若波羅蜜曇無竭品第二十八
摩訶般若波羅蜜囑累品第二十九
右後秦⿰弓口始十年二月六日沙門鳩
摩羅什於常安逍遙園譯至四
月三十日訖見僧叡二秦等錄（僧
肇道常筆受）
大明度無極經一部四卷（或六卷或名大
明度無極經一百一十二紙或五卷或無大字
第二譯凡三十品）
大明度無極經卷第一（吳黃武年支
謙譯）
大明度經上行品第一天帝釋問品第二
持品第三功德品第四
變謀明慧品五
<pb n="18"/>
大明度無極經卷第二（吳黃武年支謙譯）
地獄品第六清淨品第七
悉持品第八覺邪品第九
照明十方品第十不可討品第十一
譬喻品第十二分別品第十三
本無品第十四不[遢-羽+ㄆ]轉品第十五
大明度無極經卷第三（吳黃武年支謙譯）
常竭清信女品第十六守空品第十七
遠離品第十八善友品第十九
天帝釋品第二十貢高品第二十一
學品第二十二守行品第二十三
強弱品第二十四累教品第二十五
大明度無極經卷第四（吳黃武年支謙譯）
不可盡品第二十六隨教品第二十七
普慈開士品第二十八法來開士品第二十九
累属阿難品第三十
右吳代月氏國優婆塞支謙字
恭明見笁道祖魏⿱口矢等錄
勝天王般若經一部七卷（一百五十四紙＆unrec;一譯一名勝天王經
或云勝天王般若波羅蜜經凡十六品上二經十一卷同帙）
勝天王經序
勝天王般若經卷第一
勝天王般若波羅蜜經通達品第一
勝天王般若波羅蜜經顯相品第二
勝天王般若波羅蜜經法界品第三
勝天王般若經卷第二
勝天王般若波羅蜜經念處品第四
勝天王般若波羅蜜經法性品第五
勝天王般若經卷第三
勝天王般若波羅蜜經平等品第六
勝天王般若經卷第四
勝天王般若波羅蜜經現相品第七
勝天王般若波羅蜜經無所得品第八
勝天王般若經卷第五
勝天王般若波羅蜜經證勸品第九
勝天王般若波羅蜜經述德品第十
勝天王般若經卷第六
勝天王般若波羅蜜經現化品第十一
勝天王般若波羅蜜經陀羅𡰱品第
十二
勝天王般若經卷第七
勝天王般若波羅蜜經二行品第十四
勝天王般若波羅蜜經讚歎品第十五
勝天王般若波羅蜜經付囑品第十六
右陳世天嘉六年七月二十三日優
禪尼國王子月婆首那於江州興
業寺譯至九月十八日訖見費
長房錄（沙門智所筆受）
上二經十一卷同帙
文殊師利所說摩訶般若波羅蜜經一
部二卷（或一卷第一譯二十四紙或真云文殊
般若波羅蜜經）
文殊師利所說摩訶般若波羅蜜經卷
上
文殊師利所說摩訶般若波羅蜜經
卷下
右梁天監二年扶南沙門㬅陀羅
仙共僧伽婆羅於楊都譯見李
廓等錄
文殊師利所說般若波羅蜜經一卷（二十紙
第一譯）
文殊師利所說般若波羅蜜經一卷
右梁天監二年扶南沙門僧伽婆羅
<pb n="19"/>
譯見費長房錄初翻經日於壽
光殿武帝親自筆受後付沙門寶
唱惠超僧智法雲筆受
𣽈首菩薩經一部二卷（一名決了諸法如幻
化三昧經四十二紙第二譯）
佛說𣽈首菩薩無上清淨分衛經上
（一名決了諸法如幻化三昧）
佛說𣽈首菩薩無上清淨分衛經下
右宋代沙門朔公於南海郡譯見始
興錄
金剛般若波羅蜜經一卷（舍衛國十
三紙弟一譯）
金剛般若波羅蜜經一卷
右後秦和始年沙門鳩羅什於長安
逍遙園譯見僧叡二秦等（僧叡僧
＆CB26297;道常等筆受）
金剛般若經一卷（婆伽婆　十六紙　舍婆提
城第二譯）
金剛般若經一卷
右後魏永平二年天竺沙門菩提留
支於洛陽胡相園第譯見法上錄僧
筆受
金剛般若經一卷（祇陀樹林　十六紙　第三
譯或加佛說字　或加波羅字）
佛說金剛般若波羅蜜經
右陳代優禪𡰱國沙門真諦譯
於廣州制旨寺譯見費長房錄
能斷金剛般若經一卷（室羅筏第四譯
二十五紙）
能斷金剛般若波羅蜜多經一卷
（三藏法師玄奘奉詔譯）
大唐三藏聖教序　御製
皇太子臣治述　聖記
右大唐貞觀二十二年十月一日三
藏法師玄奘從駕於坊州玉華宮
⿰弓口法臺譯見內典錄（直中書杜行
[顗-山+止]筆受）
能斷金剛般若波羅蜜經一卷（在名
稱大城戰勝林　十五紙　第五譯）
佛說能斷金剛般若波羅蜜多經
一卷
右大周長安三年十月四日三藏
法師義淨於長安西明寺譯見開
元錄
仁王般若經一部二卷（第二出與法護出者
文稍異第三譯闕二三十三紙或一卷凡八品）
佛說仁王護國般若波羅經序品第一
卷上
般若波羅蜜經觀空品第二
般若波羅蜜經菩薩教化品第三
般若波羅蜜經二諦品第四
佛說仁王護國般若波羅蜜經護國品
第五
卷下
般若波羅蜜經[(林/月)*ㄆ]華品第六
般若波羅蜜經受持品第七
般若波羅蜜經囑累品第八
右後秦⿰弓口始年中沙門鳩摩羅什
於長安逍遙園譯見費長房錄（僧
叡僧＆CB26297;道常等筆受）
摩訶般若波羅蜜大明呪經（或無波羅
蜜字一無　第一譯）
摩訶大明呪經
<pb n="20"/>
右後秦⿰弓口始四年中三藏鳩摩羅什
於逍遙園譯見經題上及開元錄
般若多心經（一紙第二譯　或有波羅蜜字）
般若波羅蜜多心經（有異譯）
右大唐貞觀二十三年五月二十四日
三藏法師玄奘從駕於終南山翠
微宮譯見內典錄（沙門知仁筆受）
實相般若經（九紙　第二譯　或有波羅蜜字）
實相般若波羅蜜經（南天竺國沙門菩
提留志等奉　制譯
右大周長壽二年南天竺三藏菩
提流志於神都大周東寺譯見大
周錄（沙門處一筆受）上三經同卷
上十二經十三卷同帙

廣品歷章卷第四

</file>