<file>
<pb n="1"/>
﻿<book id="A112">A112冊</book>

<article>大中祥符法寶錄卷第十三　　　百</article>
（＆unrec;…＆unrec;
翰林學士＆unrec;…＆unrec;等奉
勑編修）
<other>別明　聖代翻宣錄中之十二</other>
<other>藏乘區別年代指明二之十一</other>
<other>二年五月譯成經七卷</other>
<other>大方廣善巧方便經一部四卷</other>
大乘經藏收佛在舍衛國祇
樹給孤獨園說第一卷明始

因智上菩薩請問如來善巧
方便佛乃應機廣明其理所
謂於彼傍生惡趣以善根力
迴向一切令諸眾生修行二
法一謂智心二迴向心於施
行中成就六度具足勝行善
巧方便如是菩薩設犯四重
受五欲樂不墮生死必超梵
天第二卷明彼持明人雖行
五欲終不起於放逸之行斯
由能具善巧方便故於諸境
而不生著第三卷明菩薩生
時現大笑相由得佛智心生
歡喜非放逸故皆為具足善
巧方便度眾生故第四卷明
菩薩見有懷兇惡者欲害眾
人菩薩害彼兇惡令眾安隱
又使彼人不起殺業當知皆
是善巧方便斯經也廣彰權
智深入度門化于羣生教諸
菩薩詞旨煥若理趣昭然乃
大乘之妙義也。
<other>發菩提心破諸魔經一部二卷</other>
大乘經藏祕密部收佛在王
舍城迦蘭陀竹林精舍說上
卷所明因迦葉氏婆羅門夢
中所見千葉蓮華於其華中
有月輪相絜白圓滿覺已歡
喜請問於佛佛即為說四種
吉祥殊勝之相最上大利其
四相者謂發菩提心修菩提
行得菩提住說菩提義下卷
所明廣說四種菩提行相若
菩薩心忽起疑惑皆由天魔
為諸鄣礙世尊即說破魔神
呪令諸魔冤不得其便呪力
難思真祕密之教矣。
<other>聖佛母般若波羅蜜多經一部一卷</other>
大乘經藏收佛在王舍城鷲
峯山中說此中所明如來入
於甚深三昧時舍利子問觀
自在菩薩菩薩云何修行般
若於其義趣云何了知觀自
在言五蘊四諦十二緣生一
切有相皆悉是空以此空性
即真法性從是出生一切法
故誠所謂佛母之妙道也。
上三部竝中天竺梵本所出。
右經三藏沙門施護譯沙
門惟淨證梵文沙門清沼
<pb n="2"/>
致宗筆受沙門仁徹啟沖
綴文沙門守貞繼隆希晝
道一紹溥修靜重珣文祕
證義翰林學士駕部郎中
知制誥梁周翰潤文殿頭
高品鄭守鈞監譯是月一
日監使引三藏等詣
崇政殿捧所譯經具表
上進其詞曰臣施護等言
臣等今譯就大方廣善巧
方便經一部四卷發菩提
心破諸魔經一部二卷聖
佛母般若波羅蜜多經一
部一卷始即暢靈知之妙
用次乃顯智照之神功終
也明實際之微旨三者備
矣一以貫之由如來之極
談唯菩薩之深契不即不
離三空澄湛於真源非斷
非常二諦融銷於妄滓慶
斯妙道臻乎
聖時恭惟
崇文廣武聖明仁孝皇帝
陛下仁洽飛潛
智周空有
殊功不宰揚十善於八紘
妙化無方耀千輪於沙界
究三乘之奧𧷤洞百氏之
幽微臣等竊荷
聖恩獲翻妙義仰兾河沙
之梵福永延劫石之
皇圖前件新譯經謹繕寫
上進以
聞是日
命坐賜茶
親加撫慰錫賜如例
詔以其經入藏頒行是年
五月施護上言臣有受學
弟子澄珠文一教習梵章
頗能通授望以充梵學之職
詔從之其月給頒賜竝如
證義僧例又以綴文證義
沙門仁徹為右街副僧錄
繼隆為右街講經首座。
<other>是年十一月譯成經論七卷</other>
<other>大集法門經一部二卷</other>
小乘經藏收佛在末利城末
利優婆塞舍說上卷所明是
時世尊將諸比丘既到其舍
如應說法說法既久暫將宴
息勑舍利子為眾說法時舍
利子為諸比丘廣宣其義利
益安樂天人世閒外道異徒
息諸諍論下卷所明舍利子
復說諸法次第名義而作是
言我等所行皆是如來真正
之說時佛乃從師子牀起告
舍利子如汝所說此即名為
大集法門能令有情獲大利樂。
<other>淨意優婆塞所問經一部一卷</other>
小乘經藏收佛在舍衛國祇
樹給孤獨園說始因淨意啟
問世尊果報因緣差別行相
<pb n="3"/>
佛即為說善惡報應賢愚好
醜貧富貴賤壽命延促皆由
眾生心所造作影響相隨等。
<other>集諸法寶最上義論一部二卷</other>
善寂菩薩造大乘論藏收上
卷所明一切有情無始以來
由我執故起諸無明不能了
知此無明性即是虛空如夢
幻等下卷所明四相所轉剎
那不定初中後位不可安立
若能如理善思惟者佛說此
人名為大智。
<other>菩提心離相論一部一卷</other>
龍樹菩薩造大乘論藏收此
中所明菩提心者離一切性
及蘊處界諸取捨法若能覺
了是即安住諸法性空又復
菩提心者大悲為體俱無二
相若不了知於輪迴中是大
愚癡此論淵邈詞旨炳然實
乃上乘之妙理也。
<other>大乘破有論一部一卷</other>
龍樹菩薩造大乘論藏收此
中所明一切法性從無性生
亦非無性體即是常非住世
閒非出世閒非因非果猶如
空華若能於此如實了知方
名智者入第一義諦。
上五部竝中天竺梵本
所出。
右經論三藏沙門施護譯
沙門惟淨證梵文沙門清
沼致宗筆受沙門仁徹啟
沖綴文沙門繼隆希晝道
一紹溥修靜瓊玉重珣文
祕證義給事中梁周翰潤
文殿頭高品鄭守鈞監譯
是月二十六日監使引三
藏等詣
崇政殿捧所譯經論具表
上進其詞曰臣施護等言
臣等今譯就大集法門等
二經集諸法寶最上義等
三論共五部七卷斯經也
如來所宣曲提小葉其論
也菩薩所造深契上機談
四諦之微因順決擇分演
五乘之至要顯破立宗開
誘善之權門建摧邪之勝
義聿符
嘉運克暢斯文伏惟
崇文廣武聖明仁孝皇帝
陛下德洽
三靈道同諸佛克廣
唐虞之化載崇釋梵之宗
故得貝葉飛文協
禎期而荐至寶乘開奧㕘
德教而誕敷臣等素寡沈
研早慙荒昧玷漢明之優
詔但慊非才臨竺護之勝
場徒知不敏幸覩
祥開耀魄慶溢華胥敢憑
傳演之功上祝
<pb n="4"/>
延鴻之祚前件新譯經論
謹繕寫
上進以
聞是日
命坐賜茶
親加撫慰錫賜如例
詔以經論入藏頒行
賜證義僧重珣號法智大
師并職掌僧文雍號智悟
大師志永賜紫衣并度本
院童行九人為僧是年九
月二十五日
上幸譯筵
命施護等坐賜茶慰勞
詢問譯經儀範仍
頒束帛翌日施護等詣
便殿稱謝遂以譯經儀式
備錄上
進。
<other>三年五月譯成經論五卷</other>
<other>給孤長者女得度因緣經一部三卷</other>
小乘經藏收佛在舍衛國祇
樹給孤獨園說上卷所明給
孤獨女見謨尸羅飯諸外道
乃讚世尊及諸弟子神通智
慧殊勝功德時謨尸羅聞已
歡喜遂請世尊廣設供養佛
令弟子各現神通使獲饒益
中卷所明摩訶迦葉化大金
山目連尊者變眾華座而諸
弟子各依佛勑現大神通咸
赴其請下卷所明佛知時至
入定放光照福增城入長者
舍受供養已為說法要轉四
諦輪眾所聞解或得初果或
二三果及阿羅漢乃至說彼
給孤獨女宿世因緣所獲利益。
<other>集大乘相論一部二卷</other>
覺吉祥菩薩造大乘論藏收
上卷所明諸大乘法從菩提
心生大悲相應即當了知諸
法無我此所知相即蘊處界
及八聖道一切諸法皆菩提
相下卷所明四聖諦六神通
乃至廣及真如法界皆是四
智相應觀察當知諸法即菩
提心隨順大悲最上法門斯
之論也通該眾義廣攝羣詮
雙顯二空獨明真際皆極妙
之機要也。
上二部竝中天竺梵本
所出。
右經論三藏沙門施護譯
沙門惟淨證梵文沙門清
沼致宗筆受沙門仁徹
啟沖綴文沙門繼隆希晝
道一紹溥修靜重珣瓊玉
文祕證義右諫議大夫㕘
知政事趙安仁潤文殿頭
高品鄭守鈞監譯是月二
日監使引三藏等詣
崇政殿捧所譯經論具表
上進其詞曰臣施護等言
<pb n="5"/>
臣等今譯就給孤長者女
得度因緣經一部三卷集
大乘相論一部二卷經之
大旨由善無毒以為因論
之所宗乃覺吉祥之建義
法王愍物俾十聖而現通
象德摛毫緫五門而析理
莫不深談四果頓挫八邪
慈旨通幽微言索隱獲利
者法眼既淨契根者慧炬
增明仰茲奧密之梵章來偶
清夷之嘉運恭惟
崇文廣武聖明仁孝皇帝
陛下因深四等
行滿三祇
化接梵天
惠澤均於幽顯
心融法界
仁風被於洪纖
冥契寶乘
高登覺岸臣等幸叨
聖獎獲演梵編式期廣大
之良因仰續
緜長之寶曆前件新譯經
論謹繕寫
上進以
聞是日
命坐賜茶
親加撫慰錫賜如例
詔以經論入藏頒行。

大中祥符法寶錄卷第十三
<sarticle>大中祥符法寶錄卷第十四　　　百</sarticle>
（＆unrec;…＆unrec;趙安仁
＆unrec;…＆unrec;楊億等奉
勑編修）
<other>別明　聖代翻宣錄中之十三</other>
<other>藏乘區別年代指明二之十二</other>
<other>三年十一月譯成經七卷</other>
<other>無二平等最上瑜伽大教王經
一部六卷</other>
大乘經藏祕密部收揔有二
十一分佛在他化自在天宮
說第一卷明有微塵數大菩
薩眾及諸如來從十方界來
集此會時金剛手以自身相
現毗盧身為眾宣說無二平
等最勝法門又說伽陀明觀
想法想蓮華中曼拏羅相次
觀乳海有眾光明此名普賢
祕密法門第二卷明時金剛
手復說伽陀明三摩地諸心
法門諦想大明祕字光中觀
自影像宣說本部大明儀軌
又明三摩地門捨離諸法取
相分別住相應行次說大明
及念誦法現曼拏羅諸變化
事又明三摩地門本部章句
於法平等大蓮華生乃至現
於燄光普徧嚴飾又明觀想
日天如本部法住三摩地相
應成就又明普賢菩薩說諸
三昧祕密成就從智出生無
<pb n="6"/>
生法門觀佛影像現種種光
及大明相第三卷明時金剛
手安住一切如來心頂月曼
拏羅以偈宣說一切如來智
證三昧真實相應能令行者
現得佛身又明金剛手說金
剛薩埵一切祕密三昧法門
俾修行者不禮聲聞唯奉諸
佛即得相應又明十方如來
從身語心出諸供養奉金剛
手請說三昧大曼拏羅時金
剛手受請而說又明彼金剛
手復說不空三昧大定佛阿
闍梨大智法門相應觀法第
四卷明金剛手說智部大明
時阿僧祇佛剎震動若有聞
者得大辯才又明佛阿闍梨
如理宣說金剛薩埵若復有
人聞名見身得最上地又明
想日輪光滿虛空界諸賢聖
相皆悉相應智者當知是真
淨教又明徧照如來說持念
法及說多種成就法門觀想
相應皆得成就第五卷明徧
照如來復說大明隨應三昧
諦想諸法從心智生圓滿相
應又明弟子承事阿闍梨儀
與佛無異隨師指訓不應師
前作諸戲笑第六卷明時金
剛手普為悲愍利樂一切即
說如來如意寶王三摩地門
加持大明又明若作息災增
益等事應用大明依法觀想
決定成就一切如意又明十
方如來出生妙樂大莊嚴雲
為金剛手而作供養出妙法
音稱讚所說祕密法門斯經
也自毗盧遮那平等性智出
生字明清淨法用隨所成就
利樂有情乃祕密難思之教也。
<other>佛母般若波羅蜜多大明觀想
儀軌一部一卷</other>
大乘經藏祕密部收析出別
譯此中所明佛為一切修最
上乘求悉地者說此般若波
羅蜜多大明觀想令諸行者
發菩提心想金色身現六臂
相觀心若就呪力功成依法
誦持一切圓滿。
上二部竝中天竺梵本所出。
右經三藏沙門施護譯沙
門惟淨證梵義梵文沙門
清沼致宗筆受沙門啟沖
希晝綴文沙門仁徹繼隆
道一紹溥修靜重珣瓊玉
文祕證義右諫議大夫㕘
知政事趙安仁潤文殿頭
高品周文質監譯是月十
八日監使引三藏等詣
崇政殿捧所譯經具表
上進其詞曰臣施護等言
臣等今譯就無二平等最
上瑜伽大教王經一部六
<pb n="7"/>
卷佛母般若波羅蜜多大
明觀想儀軌一部一卷旁
該五部緫攝羣筌體此大
明理彰于無二平等究斯
要義名標于最上甚深闢
觀想之妙門示密圓之真
軌金剛行相求悉地於崇
壇寶印靈通明揔持於聖
像皆眾生之福海乃菩薩
之智輪恭惟
崇文廣武聖明仁孝皇帝
陛下執契居尊
垂裳御字嗣
二聖之丕業致九有之大
和故得
寶歷延昌膺
上帝睠懷之旨金言流布
協能仁利樂之心臣等倚
仗宿因嬉游
睿化慶逢
誕節敢貢真筌庶憑廣大
之因仰祝
靈長之筭前件新譯經謹
繕寫
上進以
聞是日
命坐賜茶
親加撫慰錫賜如例
詔以其經入藏頒行
賜梵學僧澄珠號演法大
師文一號慧悟大師證義
僧瓊玉號法慧大師文祕
號崇教大師并度本院童
行九人為僧仍以北天竺
沙門法護充證梵文是年
七月筆受沙門惟淨以疾聞
上遣中使撫問仍領太醫
診視之尋愈惟淨進梵字
隨求經以謝
上慰諭之仍賜緡帛。
<other>四年五月譯成經三卷</other>
<other>入無分別法門經一部一卷</other>
大乘經藏收析出別譯此中
所明是時世尊為無量眾說
無分別大乘法門所應了知
取捨二法本性離故是以菩
薩應如是觀應如是入此即
真入無分別界為最上義證
妙菩提。
<other>寶帶陀羅尼經一部一卷</other>
大乘經藏祕密部收佛在迦
毗羅城尼拘律陀樹下說因
羅睺羅童子於夜分中為惡
羅剎之所怖畏而來告佛佛
即為說寶帶大明當令持誦
能使惡魔不得其便密印所
加神功莫測矣。
<other>金剛場莊嚴般若波羅蜜多教
中一分一卷</other>
大乘經藏祕密部收析出別
譯此中所明十方如來雲集
勸請毗盧遮那為眾宣說根
本無性般若法門是時世尊
<pb n="8"/>
毗盧遮那從四念處十八不
共諸名數法各說大明此皆
修行之祕要也。
上三部竝中天竺梵本所出。
右經三藏沙門施護譯沙
門惟淨證梵義法護證梵
文沙門清沼致宗筆受沙
門啟沖希晝綴文沙門仁
徹繼隆道一紹溥修靜重
珣瓊玉文祕證義右諫議
大夫叅知政事趙安仁潤
文殿頭高品周文質監譯
是月三日監使引三藏等詣
崇政殿捧所譯經具表
上進其詞曰臣施護等言
臣等今譯就入無分別法
門經一部一卷寶帶陀羅
尼經一部一卷金剛場莊
嚴般若波羅蜜多教中一
分一卷始明平等妙因之
理中顯威神警衛之功終
談祕密實相之旨百千斯
印傳奧邃於瑜伽八萬其
門運幽微於三昧現象王
之蹴踏觀師子之頻申應
最上機說第一義慶茲演
譯允屬
休明伏惟
崇文廣武聖明仁孝皇帝
陛下七辯御天
二嚴啟化體
羲農之大道闡
釋梵之真宗
冠帶百蠻協吉祥之妙德
津梁七趣闡清淨之嘉猷
臣等翻對梵章彌憂五失
叅詳勝義誠愧八能式憑
了義之言仰祝
無疆之祚前件新譯經謹
繕寫
上進以
聞是日
命坐賜茶
親加撫慰錫賜如例
詔以其經入藏頒行。
<other>是年十一月譯成經論五卷</other>
<other>光明童子因緣經一部四卷</other>
小乘經藏收佛在王舍城迦
蘭陀竹林精舍說第一卷明
世尊因見善賢長者其妻懷
姙乃曰當生男子後必出家
成阿羅漢等第二卷明長者
之妻命終火焚世尊與王頻
婆娑羅同徃觀看當焚之時
光明童子從火中出坐蓮華
上色相端嚴眾所驚異佛於
火中收接童子令王養育第
三卷明光明童子既已成立
信向佛僧乃以寶鉢致於柱
端而作是言得神通者可自
取之時大迦葉乃現神通而
取其鉢令生歡喜第四卷明
童子於是作大利益歸佛出
<pb n="9"/>
家證阿羅漢其父善賢乃轉
邪心歸依正覺斯經者理通
應化獲益當機是即利生之
權教也。
<other>六十頌如理論一部一卷</other>
龍樹菩薩造大乘論藏收此
中所明二取執心皆由著我
以著我故滯於生死當知法
性本來清淨性本無性同歸
涅槃真空妙理猶如幻化令
出斷常俱止中道斯乃聖教
之要樞上乘之妙鍵也。
上二部竝中天竺梵本所出。
右經論三藏沙門施護譯
沙門惟淨證梵義法護證
梵文沙門清沼致宗筆受
沙門啟沖希晝綴文沙門
仁徹繼隆道一紹溥修靜
重珣瓊玉文祕證義右諫
議大夫叅知政事趙安仁
潤文內供奉官張廷訓監
譯是月二十三日監使引
三藏等詣
崇政殿捧所譯經論具表
上進其詞曰臣施護等言
臣等今譯就光明童子因
緣經一部四卷六十頌如
理論一部一卷經則法應
小根義彰權化曩誓明於
浩劫宿住通於本生論則
索隱鉤深分條析理亡二
邊於中道會萬法於一源
森聳義林晶明慧炬如來
以現量智示四果之生空
菩薩以無我心暢一乘之
至理演斯勝利契我休明
伏惟
崇文廣武聖明仁孝皇帝
陛下道協先天
心明覺地智開軒鑑邪正
無以逃其形法布堯雲毫
芒靡不均其澤
化通沙界
福濟羣生臣等才識無聞
宣揚有媿幸偶
千年之誕節獲傳五竺之
真筌庶由進道之功上益
後天之筭前件新譯經論
謹繕寫
上進以
聞是日
命坐賜茶
親加撫慰錫賜如例
詔以經論入藏頒行
賜北天竺沙門法護號傳
梵大師施護弟子二人紫
衣并度本院童行九人為
僧復下
詔云修史院奏竺乾之教
列聖攸崇大慈均守位之
仁善救協好生之德闢金
田而構宇翻貝葉以騰文
用攝民心有資邦治伏覩
<pb n="10"/>
太宗興置譯經院因依及
後來翻譯經文等事乞下
譯經院實錄供報明年七
月編成一十卷送上修史
院是月筆受沙門致宗以
疾聞于
上詔遣中使押翰林醫官
診療既愈進梵字隨求經
以謝
上特加慰撫錫賜仍令至
泗上禮僧伽靈塔焉。
<other>大中祥符元年五月譯成經論三卷</other>
<other>金身陀羅尼經一部一卷</other>
大乘經藏祕密部收析出別
譯此中所明佛為利益一切
有情令離災難說是呪明若
有受持能伏眾惡具大功德
壞忿怒心息煩惱熱諸天擁
護獲宿命智一切如意。
<other>息諍因緣經一部一卷</other>
小乘經藏收佛在舍摩迦子
聚落中說此中所明如來一
時與諸苾芻不遠安居沙門
尊那於大林中宴處坐夏彼
有外道惹提之子忽尒命終
有諸弟子欲與苾芻而興諍
論佛乃為說六和之法令諸
外道息彼諍論得大安隱。
<other>大乘二十頌論一部一卷</other>
龍樹菩薩造大乘論藏收此
中所明第一義諦無生隨轉
而無自性佛與眾生本來一
相如虛空故煩惱菩提皆悉
平等無有二性非有非空如
幻如夢非住世閒非住涅槃
此論性相交徹理趣淵深蓋
妙法藏中之鈐鍵也。
上三部竝中天竺梵本所出。
右經論三藏沙門施護譯
沙門惟淨證梵義法護證
梵文沙門清沼筆受沙門
啟沖希晝綴文沙門仁徹
繼隆道一紹浦修靜重珣
瓊玉文祕證義右諫議大
夫叅知政事趙安仁潤文
入內內侍高班羅自賔監
譯是月一日監使引三藏
等詣
崇政殿捧所譯經論具表
上進其詞曰臣施護等言
臣等今譯就金身陀羅尼
經一部一卷息諍因緣經
一部一卷大乘二十頌論
一部一卷始即宣於章句
發密印之靈光次乃制於
毗尼建律宗之令範終也
抉乎奧妙揚法海之洪波
至若戒定慧之淵微三者
備矣上中下之根性一以
貫之圓音演自於二嚴要
義宣從於五日利周塵剎
福廣河沙伏惟
崇文廣武聖明仁孝皇帝
<pb n="11"/>
陛下運應千齡
道齊十號
垂珠旒而示邦治
徇木鐸以振皇風貝典騰
文既廣
真如之教
珍符降鑒彌彰
清淨之宗臣等識愧顓蒙
才非茂異演祕言而知幸蒙
寵澤以既優庶仗真乘永延
聖祚前件新譯經論謹繕寫
上進以
聞是日
命坐賜茶
親加撫慰錫賜如例
詔以其經入藏頒行。
<other>是年十一月譯成經集五卷</other>
<other>月喻經一部一卷</other>
小乘經藏收佛在王舍城迦
蘭陀竹林精舍說此中所明
佛謂諸苾芻言圓月皎明麗
於虛空清淨無礙猶若苾芻
不破威儀常如初臘具足慙
愧入白衣舍如理說法於長
夜中得大利樂。
上一部本中天竺語龜
茲國書。
<other>醫喻經一部一卷</other>
小乘經藏收佛在舍衛國說
此中所明如來出世為諸有
情說四聖諦苦集滅道是四
法藥能治眾生煩惱重病如
世良醫應病與藥如來大慈
應機設教亦復如是。
<other>佛吉祥德讚一部三卷（西方聖賢集收）</other>
上二部竝中天竺梵本所出。
右經集三藏沙門施護譯
沙門惟淨證梵義法護證
梵文沙門清沼筆受沙門
啟沖希晝綴文沙門仁徹
繼隆道一紹溥修靜重珣
瓊玉文祕證義右諫議大
夫叅知政事趙安仁潤文
入內內侍高班羅自賔監
譯是月二十五日監使引
三藏等詣
崇政殿捧所譯經集具表
上進其詞曰臣施護等言
臣等今譯就月喻經一部
一卷醫喻經一部一卷佛
吉祥德讚一部三卷十號
之契機設教喻世良醫六
和之護戒無瑕如天皎月
是日應病與藥故能隨水
分形皆從四智之心假立
五時之說暢微妙義開解
脫門望其果而自下升高
趣其道而從微至著其讚
佛功德稱佛吉祥蓋菩薩
之立言為眾生之良友伏惟
崇文廣武聖明仁孝皇帝
陛下體兩儀之大德嗣
二聖之丕基
<pb n="12"/>
植福妙門
齊修於六度
栖心覺地
精究於八還
聖智妙圓
天機穎悟臣等學慙孤陋
職玷翻宣幸逢
誕慶之辰恭絹真空之典
庶憑梵福仰祝
堯齡前件新譯經集謹繕寫
上進以
聞是日
命坐賜茶
親加撫慰錫賜如例
詔以經集入藏頒行
賜施護弟子二人紫衣并
度本院童行九人為僧。
<other>一年五月譯成經五卷</other>
<other>初分說經一部二卷</other>
小乘經藏收析出別譯上卷
所明世尊一時徃詣事火迦
葉優樓頻螺所止宿其舍是
時火龍忽生瞋恚乃吐煙燄
世尊即入火界三昧熾然猛
燄周帀其舍世尊明旦攝彼
火龍入於鉢中以示迦葉乃
至迦葉作事水法亦不自勝
如是漸次即生歸信發心出
家下卷所明優樓頻螺迦葉
與五百眷屬依佛出家佛言
善來鬚髮自落袈裟著身以
事火具棄泥連河於是那提
迦葉伽邪迦葉棄捨事火亦
各出家佛即為其廣說法要
轉四諦輪令諸苾芻得法眼淨。
<other>一切祕密最上名義大教王儀
軌一部二卷</other>
大乘經藏祕密部收析出別
譯上卷所明瑜伽行者依彼
大教先當歸依十方諸佛然
後廣明觀想儀軌宣說大明
祕密法印觀諸眾生即是自
身與無我智妙相應故方能
降伏一切魔界下卷所明戲
鬘歌舞香花燈塗鉤索鎻鈴
諸菩薩相即攝十度諸功德
法現四菩薩各說大明揔攝
祕密身語意業諸供養中為
真供養依法而修一切成就
斯乃從悲智心起神通用印
明聖力感應克彰實不思議
之祕要也。
上二部竝中天竺梵本所出。
<other>蟻喻經一部一卷</other>
小乘經藏收析出別譯此中
所明有婆羅門見諸蟻聚夜
中出煙晝日出火乃作是念
誰以利刀能破其聚如是次
見大龜大蛇皆如前言後見
一龍又作是念唯佛世尊悉
能了知乃詣苾芻具陳上事
苾芻白佛佛即告言此等皆
是尋伺煩惱念念生起不求
<pb n="13"/>
解脫是故汝等應當精進斷
諸煩惱趣證聖果。
上一部本中天竺語龜
茲國書。
右經三藏沙門施護譯沙
門惟淨證梵義法護證梵
文沙門清沼筆受沙門啟
沖希晝綴文沙門仁徹繼
隆道一紹溥修靜重珣瓊
玉文祕證義尚書工部侍
郎叅知政事趙仁安潤文
入內內侍高品羅自賔監
譯是月一日監使引三藏
等詣
崇政殿捧所譯經具表
上進其詞曰臣施護等言
臣等今譯就初分說經一
部二卷蟻喻經一部一卷
一切祕密最上名義大教
王儀軌一部二卷上二經
曲施權智爰誘進於初心
下一經深啟妙門乃宣揚
於密義化大迦葉調伏火
龍為婆羅門申明聚蟻廣
瑜伽之行相陳觀想之軌
儀緫十度於大明攝羣邪
於祕印隨機獲益殊途同
歸伏惟
崇文廣武儀天尊道寶應
章感聖明仁孝皇帝陛下
累洽膺期四依協德應
飛輪而治世致緜㝢之宅
心此屋可封方荗
至仁之化羣黎受福更崇
眾善之因臣等識不及隅
才非半古素乏杜多之行
久塵演譯之科虛玷法流
誤承
天獎獲恭傳於妙典兾
上福於
休辰前件新譯經謹繕寫
上進以
聞是日
命坐賜茶
親加撫慰錫賜如例
詔以其經入藏頒行。

大中祥符法寶錄卷第十四
<sarticle>大中祥符法寶錄卷第十五</sarticle>
（＆unrec;…＆unrec;趙安仁
＆unrec;…＆unrec;楊億等奉
勑編修）
<other>別明　聖代翻宣錄中之十四</other>
<other>藏乘區別年代指明二之十三</other>
<other>一年十一月譯成經論七卷</other>
<other>如幻三摩地無量印法門
部三卷</other>
大乘經藏收佛在波羅柰國
仙人墮處鹿野園中說上卷
所明時有菩薩名勝華藏請
佛宣說不退轉法神通如幻
三摩地門教化眾生令速證
道佛即為說無依止法若內
<pb n="14"/>
若外悉無依止即能證得正
行相應復說極樂世界無量
光佛所觀自在大勢至二大
士等無量菩薩皆得如幻三
摩地門中卷所明彼二大士
與諸菩薩化眾樓閣無數天
女作妙音樂散諸香華諸樓
閣中各有化佛坐師子座時
觀自在及大勢至以眾樓閣
悉置在於一樓閣中而無鄣
礙是二菩薩來至此已陳彼
世尊問訊之言時勝華藏乃
問如來如何神通變化之相
佛即告言彼二大士已得如
幻三昧法門下卷所明有二
童子宣說伽陀讚佛世尊最
上功德各發無上大菩提心
佛復授彼二大士記次第作
佛廣度有情斯乃如來不可
思議如幻門中神通之妙道也。
<other>廣釋菩提心論一部四卷</other>
蓮華戒菩薩造大乘論藏收
第一卷明諸有菩薩若欲速
證一切智者應當平等生大
悲心從悲發生大菩提心一
切佛法皆由大悲而為根本
以方便智行四攝法起善巧
心修二利行第二卷明從悲
起智發菩提心於一切時常
行是行復說菩薩有六過失
當以八法而為對治所有最
上三摩地法即得成就第三
卷明次第應修諸禪定門離
諸愛欲所有喜樂內心清淨
住正相應有尋有伺是初禪
定如是次第說定行相第四
卷明菩薩於法而不取著亦
無斷見於身語意諸行業中
不捨眾生內心發起大悲增
上利樂眾生下文結云如上
所說菩提心義於諸教中略
集要文爾。
上二部竝中天竺梵本所出。
右經論三藏沙門施護譯
法護惟淨同譯沙門清沼
澄珠文一筆受沙門啟沖
希晝綴文沙門仁徹繼隆
道一紹溥修靜重珣瓊玉
文祕證義工部侍郎㕘知
政事趙安仁潤文入內內
侍高品羅自賔監譯是月
二十四日監使引三藏等
詣　崇政殿捧所譯經論
具表　上進其詞曰臣施
護等言臣等今譯就如幻
三摩地無量印法門經一
部三卷廣釋菩提心論一
部四卷如來以無漏智印
開如幻法門應頓悟機指
不退轉地即經之旨也菩
薩住八正道縱七辯才從
大悲心演無上意斯論之
宗也盡甚深理皆最上乘
<pb n="15"/>
顯無量光之神通明蓮華
戒之述作式從翻演允屬
文明伏惟
崇文廣武儀天尊道寶應
章感聖明仁孝皇帝陛下
恭己臨人
虛懷應物體
彼蒼之普覆具
大覺之至仁旁究真源理
窮山海之慧深探妙道響
合雲雷之音臣等譽媿彌
天識慙忘箒謬處玉華之
館幸翻金簡之文爰偶
誕辰慶
流虹之大瑞敢憑妙義資
拂石之遐齡前件新譯經
論謹繕寫
上進以
聞是日
命坐賜茶
親加撫慰錫賜如例
詔以經論入藏頒行
賜職掌僧文元文涉紫衣
并度本院童行九人為僧
是年三藏沙門施護與譯
經僧眾等再上表曰臣施
護等言臣等先於咸平二
年七月中蒙
降賜
御製繼作聖教序一首尋
已摹印冠新譯諸經之前
項者伏覩
御書院以
御製序刊成石版臣等於
景德元年二月中上表陳
請乞以石版
降付本院貴就譯經堂
上於
太宗皇帝所製聖教序西
面相對安置未蒙
俞允者干祈雖切志願未諧
天聽彌高羣心寧處臣施
護等誠惶誠懼頓首頓首
伏惟
崇文廣武儀天尊道寶應
章感聖明仁孝皇帝陛下纂
聖緒以
臨御循典謨而
制作
摛辭奮藻誕垂天漢之章
⿰〡賾隱鉤深宏闡聖門之奧
文該八藏理貫諸乘願迴
刻玉之蹤永
耀布金之剎則臣等生平
萬萬之幸謹再奉表陳
請以
聞
詔荅曰省傳法院奏據譯
經僧眾一十六人同上表
乞降賜御製繼作聖教序
石版入院譯經堂上
太宗皇帝所製聖教序西
面相對安置事恭惟
<pb n="16"/>
聖考夙奉真宗廣譯金言
以充寶藏爰因
機務之暇親裁序引之文
著金石以無窮蓋龍天之
所護朕述遵
先志崇尚教乘益翻西竺
之書式演靈山之旨偶茲
紀事聊用冠篇慙莫暢於
祕詮曷足傳於法苑遽披
封奏備瀝眾誠願建置於
淨方庶嗣揚於前烈況
神宗之摛藻垂永代而作
程豈伊寡聞敢聯
鉅美徒深嘉尚難議俞從
所請冝不允翌日施護等
率譯經僧眾同詣
崇政殿稱謝復上表曰臣
施護等言臣等近者疊上
表章乞頒
御製繼作聖教序石版伏
奉今月三日
手詔示諭未賜
允俞者
文明委照
睿德好謙眾望靡從羣心
無措伏惟
崇文廣武儀天尊道寶應
章感聖明仁孝皇帝陛下
道涖天下
化成域中遵
能仁付囑之言廣
稽古發揮之旨自教流諸
夏時越千齡雖歷代聖人
皆有述作而各揚一經之
旨曷窮三藏之源唯唐室
太宗高宗揔括羣經並為
序引著於傳集尚載簡編
徵於
聖朝豈能專美臣等顧惟
夙慶生偶
昌期慙無探賾之勤謬預
翻宣之列幸聞
聖藻已刻貞珉是以不避
僭踰再伸陳乞豈謂
陛下守道彌損
執德允恭降
渙汗之
綸言慰茲蒙陋形
勞謙之
詔旨未
允精誠雖
陛下敦不宰之心而臣等
有未滿之願庶迴
天造俯
徇物情所冀
二聖之文臨梵宮而有耀
三寶之教並辰象以長懸
臣等拳拳顒顒之誠不勝
懇極謹再捧表躬詣
闕庭陳
請以
聞是日
命坐賜茶續降
<pb n="17"/>
手詔所請不允十七日施
護等四上表曰臣施護等
言臣等前後三上表章乞頒
御製繼作聖教序石版就
本院譯經堂於
太宗皇帝聖教序西面相
對安置今月十二日准中
書劄子奉
聖旨未賜
允俞者愚誠雖竭
宸鑒未迴內省僭踰如臨
冰谷伏念臣等濫膺
詔命忝職譯場值
陛下端拱昌期
凝神至道然念教典歷代
翻宣自唐貞元以來至
聖朝興國之始僅二百載
其事久廢
太宗皇帝慨微言之殆絕
期正法以中興再建譯筵
重臻梵牒仍
垂序引丕闡真詮將以恢
至教而覺羣迷是用刻貞
珉而光淨剎
陛下嗣
祖宗之丕構震
雲雷之一音復頒
序文聯冠經首可謂法海
之珠璣竝照釋天之
日月重輝增
耀三乘已將一紀此蓋
陛下受
如來之付囑期
寶藏之興隆然則
至仁之心既
立言而可久
廣孝之道亦
繼志而為先是敢罔避再
三固陳懇悃所冀
天臨鷲嶺更同
羣五之山
岳固鴻基遠過仙衣之劫
謹四上表陳請以
聞二十四日
詔依所奏令
御書院給賜至九月八日
僧錄司備僧眾威儀兩街
僧官及三藏施護等同詣
御書院迎導以歸譯館十
一日施護等詣
崇政殿謝是日
命坐賜茶仍
詔本院使臣撿校安置同
日譯經潤文刑部侍郎㕘
知政事趙安仁奉表謝云
臣安仁言伏覩傳法院西
天三藏施護及眾僧等四
上表乞降
御製繼作聖教序石版
特蒙
依允今月八日已迎入
院者
雲章有爛柰苑增輝慰釋
<pb n="18"/>
子之勤誠暢
神宗之鉅美臣安仁誠歡
誠抃頓首頓首竊以伏犧
畫卦所以窮性命之源
大覺譚經所以極真常之
理而自金人入夢貝葉摛
文惟華梵之異音非聖賢
而孰辯必資翻譯以示闡
揚當摩騰之來始傳標指
及不空之後莫嗣徽音
果遇
皇朝再隆勝事繼成
茂烈屬在
昌辰伏惟
崇文廣武儀天尊道寶應
章感聖明仁孝皇帝陛下承
上帝之顧懷受
諸佛之付囑紹隆
景業保祐生民
乃眷寶坊大延開士
發揮妙旨猶符契之㕘同
流布
聖言等雲雨之普潤荐成
編帙上奉清間
陛下以
聖考在天
多才製序冀重宣於
奧義爰濬發於
睿辭上以明權實之端次
以敘
欽崇之旨
述作彰乎
善繼探索極於惟深抽繭
緒而布
絲言奮
潮音而警聾俗
超覺津而獨悟與寶偈以
同歸懿茲梵學之流屢上
公車之奏以為三乘之教
既廣布於塵區
二聖之詞冝對揭於金地
羣情彌確
嘉詔爰頒勉推
從欲之仁式敦
助化之義固將龍天護衛
永鎮於淨方豈但支竺宣
傳重光於
祕典而臣謬膺
委任獲預討論素無靈運
之才深愧房融之筆
遭逢慶幸倍萬常情謹奉
表稱
謝以聞
詔荅曰祇園妙道貝葉梵
文自
皇考之發揚擇彌天而演
譯寶書寖廣法蘊滋深爰奮
睿辭敘其真教刻之石版
耀彼金田顧惟眇沖猥當
纂嗣甞於清宴之際載稽
空有之宗因效重宣仰符
先志頗虞昧懵空表欽崇範
聖作以無功揭貞珉而有
<pb n="19"/>
媿卿善殖德本洞曉真乘
潤經旨以成文契佛心而
詣理共資勝果特煩謝章
恭順居多嘉尚良切所謝
知翌日復奉表謝云臣安
仁言臣昨覩賜傳法院
御製繼作聖教序石版獲
觀能事𧆛拜謝章伏蒙
聖慈特賜批荅者
紫泥祕撿忽降於
穆清蟠木凡姿豈勝於
榮耀捧受抃蹈不知所裁
臣安仁誠感誠慶頓首頓
首伏惟
崇文廣武儀天尊道寶應
章感聖明仁孝皇帝陛下
執契居尊嚮明致治憂深
思遠有陶唐之遺風沖用
曲成得伯陽之奧旨而又
研窮釋部啟迪真宗期覺
寤於羣生式彌綸於至化
矧夫塵經之出理雖絕於
等差雷梵之殊義必資於
詮譯洪惟
聖考實啟法筵諷金偈之
言歎未曾有洒寶跗之翰
煥乎成章爰勒翠珉樹之
紺宇
陛下天資善繼神授奇文
將誕布於教乘乃重為於
序引鏗金石之奏彌暢於
法音燦辰象之輝益明於
慧日勉徇苾芻之請遂頒
雲錦之書廣眾善之因載
光於外護述非常之幸止
達於微誠豈謂
宸眷俯迴德音荐降羲舒
之耀猥荷於
照臨犬馬之心唯堅於報
效謹奉表稱
謝以
聞其年十月
詔北天竺沙門法護京太
平興國寺沙門惟淨同譯
經文法護華言梵云達里
摩波羅本北天竺迦濕彌
羅國人婆羅門之族也姓
憍尸迦植性簡易風骨俊
爽幼懷志尚卓然不羣未
出家日習四圍陀典及諸
記論後詣中天竺摩伽陀
國堅固鎧宮寺依沙門蘇
誐多室利波羅華言善逝
吉祥護出家年滿受具依
沙門希有乘沙門妙意尊
沙門布施鎧為受學阿闍
梨習毗尼藏深閑持犯傳
聲明論洞究字源通八轉
之音融三乘之學後又詢
訪名師傳受大乘經論以
至筆札偈句尤所精鍊年
二十五與法門兄覺吉祥
智發志結侶來詣
<pb n="20"/>
京師冒險忘疲數年而至
以梵經為獻
上召見賜紫衣束帛館於
皇建院景德三年十一月
詔令叅證梵文四年十一月
賜號傳梵大師大中祥符
二年
上以法護藝業精明堪預
傳演
詔令同譯經文仍加俸給
由是譯經沙門自法賢而
降至法護為第五人焉沙
門惟淨姓李氏故吳王猶
子生於金陵七歲依京大
相國寺釋自崇出家太平
興中
太宗皇帝初啟譯場甞求
通梵學者欲令相續傳演乃
詔中使王文壽於京城選
聦晤童子五十人俾攻梵
學惟淨始年十一以誦法
華經首應是選是年七月
引對
上令誦所習經頗
嘉其精敏
詔依三藏沙門法賢為受
學阿闍梨遂傳聲明悉曇
章及梵經義理惟淨受教
有同宿習明年以習梵章
通利始落髮受具雍熙三
年親寫梵經以進
詔補梵學充職又受瑜伽
祕密教法僅二十載由是
梵字本母悉洞達之每一
覩梵章歷然如誦至於天
竺音義無不通究復對注
真言詮解祕印多所允恊
常以華竺之文對㕘奧義
自得古師翻譯之旨傳維
摩般若心經通因明論洞
曉精要端拱二年十月
召見
太宗親加撫諭詔充筆受
賜紫衣別加頒賚仍給月
俸淳化三年十月
賜號光梵大師咸平四年
充證梵文景德三年證梵
義大中祥符二年
上以惟淨不遊天竺自曉
梵章求之古人斯為難矣
詔令同譯經文復加俸給
由法賢至惟淨為第六人
又梵學沙門澄珠文一竝
博通華梵明天竺字音竝
詔充筆受各加俸給。
<other>三年五月譯成經五卷</other>
<other>聖觀自在菩薩不空王祕密心
陀羅尼經一部一卷</other>
大乘經藏祕密部收佛在補
陀落迦山聖觀自在菩薩宮
中說此中所明觀自在菩薩
白世尊言有陀羅尼名不空
王是祕密心過去九十一劫
<pb n="21"/>
前我於普觀世界觀自在王
如來所親從聽受尒時證得
不空智等百千三摩地門有
受持者能祛眾病銷五逆業
誠為最上不空之密印也。
<other>施一切無畏陀羅尼經一部一卷</other>
大乘經藏祕密部收佛在摩
伽陀國菴沒羅林韋提呬山
帝釋巖中說此中所明因天
帝釋為阿修羅常相嬈亂心
懷怖畏請佛世尊說擁護法
佛乃為說是陀羅尼名施無
畏於一切處善作救護能令
魔怨皆悉＆CB20117;散。
<other>聖八千頌般若波羅蜜多一百八名
真實圓義陀羅尼經一部一卷</other>
大乘經藏祕密部收析出別
譯此乃揔集八千頌般若波
羅蜜多一百八名及陀羅尼
祕密章句能令誦者滅一切
罪增無量福神之衛護佛所
稱揚。
<other>大堅固婆羅門緣起經一部二卷</other>
小乘經藏收佛在王舍城鷲
峯山中說上卷所明五髻乾
闥婆王子前白世尊我見帝
釋及大梵王善住天等有所
宣說唯願世尊令我能知世
尊告曰彼天尒時有天子生
具其五種可愛樂事又說如
來徃昔因緣為婆羅門名大
堅固為王輔相聦明大智等
下卷所明王之太子與六童
子而為朋友乃發願言我若
為王分國共治乃至最後彼
大堅固分七國已安居習禪
梵王放光等由如來說徃昔
因緣乾闥婆王子遠塵離垢
得法眼淨。
上四部竝中天竺梵本所出。
右經三藏沙門施護譯法
護惟淨同譯沙門清沼澄
珠文一筆受沙門啟沖希
畫綴文沙門仁徹道一紹
溥修靜重珣瓊玉文祕慧
測證義刑部侍郎㕘知政
事趙安仁潤文入內內侍
高品羅自賔監譯是月一
日監使引三藏等詣
崇政殿捧所譯經具表
上進其詞曰臣施護等言
臣等今譯就聖觀自在菩
薩不空王祕密心陀羅尼
經一部一卷施一切無畏
陀羅尼經一部一卷聖八
千頌般若波羅蜜多一百
八名真實圓義陀羅尼經
一部一卷大堅固婆羅門
緣起經一部二卷上三經
文括揔持義含祕密神功
妙運魔怖潛銷下一經顯
曩世之因緣徵本生之事
迹善根既熟道果克成雙
<pb n="22"/>
開方便之門同趣真常之
路斯之妙教臻于
聖朝伏惟
崇文廣武儀天尊道寶應
章感聖明仁孝皇帝陛下
德竝
兩儀道同
諸佛乘金輪而御世率土
歸心崇海藏以化人度門
在念故得載履咸躋於
壽域邇遐溥暢於
真風臣等共預翻傳久叨
敦獎採木幸逢於今序貫
花𧆛奉於勝緣庶仗金言
永延
寶祚前件新譯經謹繕寫
上進以
聞是日
命坐賜茶
親加撫慰錫賜如例
詔以其經入藏頒行。

大中祥符法寶錄卷第十五
<sarticle>大中祥符法寶錄卷第十六</sarticle>
（＆unrec;…＆unrec;…
＆unrec;…＆unrec;
勑編修）
<other>別明　聖代翻宣錄中之十五</other>
<other>藏乘區別年代指明二之十四</other>
<other>三年十一月譯成經集六卷</other>
<other>祕密三昧大教王經一部四卷</other>
大乘經藏祕密部收揔有三
會佛在三十三天雜飾柔輭
地帝釋宮殿大樓閣中說第
一卷明釋迦如來住曼拏羅
時金剛手大祕密主普徧觀
察諸眾會已左手金剛拳結
高舉印右手戲擲妙金剛杵
安自心閒作勇進勢說諸如
來大乘現證大三昧邪祕密
心明又金剛手白諸如來我
此大明能破諸惡若有眾生
於佛教中生佷戾者皆能調
伏而後不令起諸過惡第二
卷明妙吉祥菩薩白金剛手
我今於汝大儀軌中亦說字
輪祕密章句能令行人息煩
惱苦得妙快樂又諸菩薩各
說法門本部大明成就儀軌
等第三卷明聖觀自在菩薩
白金剛手我今於汝大儀軌
中亦當授與三摩地法若能
觀想此三摩地即能獲得一
切如來大自在法於三界中
為大法王等第四卷明金剛
手菩薩宣說妙樂金剛祕密
大曼拏羅內外相分曼拏羅
中安本尊像金剛薩埵或雕
或鑄或畫或塑及說召請灌
頂印相成就儀軌祕密法已
一切如來咸共讚歎此乃成
佛之祕門趣真之妙行也。
上一部中天竺梵本所出。
<pb n="23"/>
<other>灌頂王喻經一部一卷</other>
小乘經藏收佛在舍衛國說
此中所明佛謂苾芻言若有
苾芻發正信心出家剃髮被
袈裟衣修苾芻事乃至盡壽
常所思念又有苾芻修諸勝
行為證滅故斷諸集法遠塵
離垢得法眼淨又有苾芻諸
漏已盡心善解脫慧善解脫
自知所證已得成就我生已
盡梵行已立所作已辦不受
後有如是三種當知猶如剎
帝利王於三時中各依次第
受王灌頂隨生勝福。
上一部本中天竺語龜
茲國書。
<other>龍樹菩薩廣大發願文一部一
卷（西方聖賢集收）</other>
右經集三藏沙門施護譯
法護惟淨同譯沙門清沼
澄珠文一筆受沙門啟沖
希晝綴文沙門仁徹道一
紹溥修靜重珣瓊玉文祕
慧測證義工部侍郎㕘知
政事趙安仁潤文入內內
侍高品羅自賔監譯是月
二十六日監使引三藏等詣
崇政殿捧所譯經集具表
上進其詞曰臣施護等言
臣等今譯就祕密三昧大
教王經一部四卷灌頂王
喻經一部一卷龍樹菩薩
廣大發願文一部一卷昔
如來處于道場秉斯慧炬
忉利天上會八部之聖流
帝釋宮中現十方之剎土
金剛妙慧廣施於游戲神
通寶印靈章大顯於莊嚴
佛事而又發深重願運廣
大心煥乎顯密之宗大矣
人天之利伏惟
崇文廣武儀天尊道寶應
章感聖明仁孝皇帝陛下
二儀合德
四智為心仁化侔於妙嚴
淨行齊於梵輔
運膺賢劫啟嘉會於龍華
果滿僧祇契深因於鷲嶺
臣等謬專梵譯久玷
國恩幸逢
石紐之開祥獲演
金僊之了義庶臻介祉
永奉
昌期前件新譯經集謹繕寫
上進以
聞是日
命坐賜茶
親加撫慰錫賜如例
詔以經集入藏頒行
賜施護弟子志恭道實紫
衣并度本院童行十有一
人為僧是年十月中天竺
沙門覺稱來朝作讚
<pb n="24"/>
聖德頌以獻三司使給事
中丁謂傳
詔旨俾譯經沙門惟淨翻
譯以進其頌云歸命
大覺釋師子如其所說甘
露言今於三寶大眾中願
聽略讚王功德世閒王中
我王勝最上自在無等倫
第一佛子極尊高文殊種
族中出現如來悲愍諸情
品布大法雲震法音王心
悲愍利世閒其猶法雲法
音等如來所說正法藏勝
甘露味悉周圓於中如理
略敷宣願王慈愍而暫聽
既於佛法中演說智者必
當善了知應生清淨歡喜
心正法藏中傾諦信過去
毗婆尸佛等乃至最後釋
迦尊及諸菩薩護世前今
發最上大誓願彼須彌山
不可壞大海中水不可竭
日月舒光無有窮願王同
彼常住世王久住世有大
益發生歡喜正信心尊重
諸佛及法僧護持三寶令
不斷覺稱心生大希有我
王功德勝復深將何譬喻
與言詞而能比類及稱讚
帝釋天主雖尊勝然於正
法少精勤又復富樂愛心
纏不能如王修施行東勝
身洲王統化嗜欲常生放
逸心十波羅蜜妙法門於
中不起進修行西牛貨洲
亦如是北俱盧洲具難緣
如上三洲過失增唯閻浮
提功德具如日雖有光明
照不能冬時使華開我王
功德寶光明常能普照勝
過日如月十五當盛滿即
有圓光能照明我王善法
利含生常能圓滿勝過月
如雲致雨功雖具安能非
時使雨施我王法雨澍無
窮常能普潤雲無比王居
宮室最尊勝世閒無復與
王同若言勝者彼虛稱猶
如兔角定無實我王廣積
諸珍寶大富猶如多聞天
若說富中行施心天猶慳
惜王能施合見王城大國
二宮殿崇高舍宇嚴世閒
華麗既無儔勝出天中妙
宮殿國中寺宇并塔像殿
堂樓閣與園林四通巷陌
及流渠處處清淨皆嚴飾
山石池沼嚴且淨種種珍
寶異復多觸處常聞歌樂
音說法以為莊嚴事王能
隨欲滿諸願施如意寶無
有窮寶山因為墜世閒多
聞天王猶生怖我王純一
<pb n="25"/>
悲愍意常行惠施無猒心
普霑財寶悉均平施已不
生能施想隨諸眾生所樂
欲如應利樂住世閒願王
壽命一劫中後當不久速
成佛無邊諸佛大功德十
波羅蜜大力門揔斯勝福
聚塵沙助王當來成佛果
臣子覺稱雖讚歎王德無
邊無有窮寧以一舌可稱
揚設經塵劫猶難盡假使
世閒多人眾人各千面面
千舌舌舌咸共伸讚揚於
千分中應得一唯除十方
一切佛及諸菩薩眾聖賢
彼以聖智聖量心乃能稱
讚王功德所有法報化身
佛佛功德聚勝無邊而彼
諸佛功德門我王普集常
具足覺稱今時無所欲不
求財寶及資緣一切皆忘
希取心但發至誠伸讚歎
然有一事深所樂欲得見
王最勝尊為王福德相莊
嚴蓮華月面誠難見王於
三界無與等聖日圓明智
慧光我今思欲對王前願
王聽許而容見王及大臣
皆智者多見多聞慧學人
其所稱讚語非文願賜矜
哀而恕罪十一月四日
上覽頌嘉歎召見覺稱
命坐慰諭久之賜以束帛
又江南義學沙門楚南作
新譯寶月童子問法經䟽
二卷上進
上亦召見賜號光法大師。
<other>四年五月譯成論五卷</other>
<other>佛母般若波羅蜜多圓集要義
論一部一卷</other>
大域龍菩薩造大乘論藏收
此中所明般若大旨離諸有
相由離相故住於真空二智
俱亡三輪本寂歸于中道契
彼實際入不二門證相應行
開明上士煥發真宗斯乃八
千頌之奧樞十六空之妙義
誠為對法之鈐鍵矣。
<other>佛母般若波羅蜜多圓集要義
釋論一部四卷</other>
三寶尊菩薩造大乘論藏收
考其義理即解釋大域龍菩
薩所造本論也第一卷釋般
若波羅蜜多中所有語義開
演三十二品無增無減為遣
十種分別散亂又能顯示十
六空義如是次第皆以頌釋
第二卷釋徧計依他圓成三
性本性無故又說有為無為
二空及無餘依涅槃界中皆
悉清淨而清淨者即空性也
第三卷釋四種清淨一即自
性二即離垢三即所緣四即
<pb n="26"/>
平等復釋止門所有行相又
於般若中若起十種分別散
亂當以無分別智而為對治
第四卷釋大聖世尊所說正
理自性清淨不可得故止於
十萬頌般若之義皆依此般
若三十二品揔略攝故此乃
深明觀智洞照色空拔萬行
之源究三性之本即般若正
真之要義也。
上二部竝中天竺梵本所出。
右論三藏沙門施護譯法
護惟淨同譯沙門清沼澄
珠文一筆受沙門啟沖修
靜綴文沙門仁徹道一紹
溥重珣瓊玉文祕慧測證
義刑部侍郎叅知政事趙
安仁潤文入內內侍高品
羅自賔監譯是月三日監
使引三藏等詣
崇政殿捧所譯論具表
上進其詞曰臣施護等言
臣等今譯就佛母般若波
羅蜜多圓集要義論一部
一卷釋論一部四卷約文
申義暢二十五卷之真筌
詢事考言釋八千餘頌之
般若般若者冠六度之首
居萬行之端虛而為盈迥
出斷常之表照而常寂冥
超幻妄之先智不可求識
莫能究故茲論也洞明三
性迥斷十疑達彼妄源常
有皆歸于妙有窮其要道
斷空寧遠於真空真空不
空太虛邈矣妙有非有萬
象森然苟非上智之法才
莫盡大雄之慈旨開示未
悟軌範將來伏惟
崇文廣武儀天尊道寶應
章感聖明仁孝皇帝陛下
道契真乘
心同大覺
洪慈廣運敦載生載育之恩
眾善聿修臻無事無為之
化臣等才非穎悟學昧愽
通幸傳了義之文上祝
無彊之祚前件新譯論謹
繕寫
上進以
聞是日
命坐賜茶
親加撫慰錫賜如例
詔以其論入藏頒行。
<other>是年十一月譯成經五卷</other>
<other>祕密相經一部三卷</other>
大乘經藏祕密部收析出別
譯上卷所明一時世尊住一
切如來三昧界中諸佛菩薩
皆悉住於毗盧遮那左月曼
拏羅中是時如來為金剛手
菩薩要略宣說若修瑜伽行
者舌端想有阿字成妙月輪
<pb n="27"/>
上有吽字成金剛杵當誦大
明而作護淨願佛菩薩攝受
於己從今發起大菩提心至
坐道場堅固不＆CB20117;等中卷所
明毗盧遮那謂金剛手言一
切如來安住之智即金剛杵
本部賢聖和合相應是謂蓮
華彼金剛杵住蓮華上由是
出生一切如來從金剛語安
祕密字然後想成大妙高山
彼金剛杵廣略相應復成金
剛薩埵安住真實理中若情
非情合為一相如是觀已依
法施作下卷所明大毗盧遮
那復謂金剛手言欲修三摩
地者先以金剛鉤索鏁鈴印
及大明鉤攝引入堅牢警覺
然後觀想種子文字又復普
謂諸如來言當知祕密四種
供養是謂蓮華蓮華上者即
金剛杵從是出生佛菩薩等
此則顯阿字吽字是為理智
理即觀音菩薩智即金剛手
尊理以蓮華而為表相智以
勝杵而顯示門理智混融華
杵相合依彼蓮華安金剛杵
蓮華清淨含淨性於染中勝
杵堅牢起妙用於覺際覺用
一體非捨用而別求染淨同
源非離染而能至起一切法
從是相應斯乃此經深旨也。
<other>尼拘陀梵志經一部二卷</other>
小乘經藏收佛在王舍城迦
蘭陀竹林精舍說上卷所明
有一長者名曰和合白尼拘
陀梵志言汝等發諸言論皆
悉繫著世閒之心有異世尊
遠離憒閙心不散亂專注一
境隨應所行尼拘陀言我若
遇佛相與言論彼必墮負佛
知是已旋至其所時尼拘陀
即白佛言汝法律中云何令
修聲聞行者到安隱地止息
內心佛即令其於自教中隨
應發問梵志乃言云何修行
能得出離清淨絜白佛即說
彼法中四戒具足謂能修行
最上增勝不減諸欲乃至佛
言汝所修行非得出離及清
淨等下卷所明世尊復謂尼
拘陀言汝等修行起增上慢
皆不清淨煩惱隨增是染分
攝汝向所問沙門法中修聲
聞行者到安隱地止息內心
清淨梵行是為真實當知聲
聞止息處者最為高勝時梵
志眾咸悉稱讚世尊乃為隨
應說法和合長者獲得善利。
上二部竝中天竺梵本所出。
右經三藏沙門施護譯法
護惟淨同譯沙門清沼澄
珠文一筆受沙門啟沖修
靜綴文沙門道一紹溥重
<pb n="28"/>
珣瓊玉守晏慧測智臻簡
長證義刑部侍郎叅知政
事趙安仁潤文入內內侍
殿頭羅自賔監譯是月二
十七日監使引三藏等詣
崇政殿捧所譯經具表
上進其詞曰臣施護等言
臣等今譯就祕密相經一
部三卷尼拘陀梵志經一
部二卷法身無相假相以
見威儀至理忘言籍言以
垂化導覩威儀而勝境可
趣遵化導而真際有歸繇
是金色炳於祇國玉諜流
於沙界祕密相者如來之
妙印尼拘陀者梵志之假
名大小乘分逐根莖而蒙
潤權實教異由顯密以隨
機允屬
休明誕揚奧妙伏惟
崇文廣武儀天尊道寶應
章感聖明仁孝皇帝陛下
運膺火德
道邁金輪燭彼六幽
舜日明齊於佛日
覆于羣物
堯天高際於釋天
緫八聖以
端旒協千齡而
執契臣等謬膺
詔旨叨預翻宣幸偶
楨期上嚴景福補梵文於
海藏祝
睿筭於河沙前件新譯經
謹繕寫
上進以
聞是日
命坐賜茶
親加撫慰錫賜如例
詔以其經入藏頒行
賜證義僧慧測號演教大
師簡長及施護弟子志淵
紫衣并度本院童行十有
一人為僧是年六月
詔本院造金欄袈裟以賜
天竺沙門覺稱齎還本國
金剛座被於聖像覺稱復
獻頌為
謝中使羅自賔傳
詔旨令譯其文以進詞曰
稽首大力摧伏眾魔我大
仁王王中最勝最上自在
最上尊貴最上佛子今略
稱讚法海充盈悲心亦等
願王壽命千俱胝劫頌曰
臣子今發正真語願王略
聽伸讚歎不以希求故妄
言但啟志誠而歌詠若不
依教如實說豈表堅固勤
勇心佛法僧寶作證明今
所稱揚為利樂釋迦如來
賢劫中於贍部洲而設化
宣說教典正法門以如實
<pb n="29"/>
義善施作佛本無生亦無
滅性等虛空無去來然由
方便利眾生龍彌尼園現
生相隨順世閒處胎藏淨
飯大王為父尊表從愛染
種子生亦復示現受諸樂
然念末世眾生類無智多
造不善因故開權巧利生
門從報身起化身相警覺
瞻察世閒法東門先見衰
老人南門西門二苦觀北
門方見出家者如是觀見
諸相已宿願力故發精勤
不樂王宮富樂纏但念出
家行利益乃乘寶馬踰城
出徃泥連河大塔邊誓願
出家證菩提為人中尊宣
正法若不堅修菩提行如
來十力未能圓期修苦行
十二年六年修滿成真果
我王仁王王中勝求菩提
果亦復然常行悲念救眾
生雖處煩惱而無染東西
南北諸方處一切人民王
所化隨霑利樂普施安後
當引導皆成佛我王湛然
居聖位無事無為無極尊
但思善法濟含生普使拔
除諸沈溺我王神通威力
具行住坐臥快樂中四魔
四苦悉不侵菩提不求自
當得我王如日千光明一
切暗冥皆洞照王猶如意
大寶珠隨諸貧者能施寶
又如醫王能救病復如導
師善開引八萬四千法蘊
中王如法王能施法聖德
巍巍無所動其猶不動尊
如來亦如慈氏菩薩尊現
為天人宣正法又如般若
波羅蜜出生一切佛菩薩
天中王如自在天法中王
如大乘法仙中王如大梵
仙教中復如善正教持明
天中如欲天於諸曜中如
日曜宿中王如布沙宿宮
中猶如師子宮相應中如
相應人能成一切殊勝果
日中猶如十五日山中其
猶妙高山洲中同彼贍部
洲海中正類於乳海時中
可等於春時華中同彼波
利華寶中如其妙寶珠隨
諸色相皆映現何故如上
多比類但緣聖德廣無邊
言詞難以具稱揚唯發孝
心而讚詠譬如經說無憂
王持一掬土奉世尊施小
心真果利多臣今讚歎亦
如是王如甚深大寶海廣
積一切妙珍財小臣猶彼
求寶人乘御經書如舟檝
以宿緣力為先棹來求功
<pb n="30"/>
德大法財今得見王賜法
衣已獲大利還鄉國我王
大恩大慈惠賜袈裟衣被
佛身其衣製作遵法儀重
三寶故淨心施佛教中為
大供養自利利他悉清淨
願此布施果無虛一切眾
生離貧苦
上覽之留於禁中是秋七
月覺稱還天竺
上遣中使撫慰仍
賜裝錢二萬并茶藥等。

大中祥符法寶錄卷第十六
<sarticle>大中祥符法寶錄卷第十七　　　百</sarticle>
（＆unrec;…＆unrec;…
＆unrec;…＆unrec;等奉
勑編修）
<other>別明　聖代翻宣錄中之十六</other>
<other>聖賢集傳翻譯著撰三之一</other>
西方聖賢集傳一
東土聖賢著撰二
<other>西方聖賢集傳一</other>
<other>六道伽陀經一部一卷</other>
此中所明六趣果報因緣等
事當得生於六欲諸天教被
人天文義昭著。
<other>讚法界頌一部一卷</other>
龍樹菩薩造此中所明讚一
法界顯三種身智起用施理
歸事寂動靜同致性相一源
譬彼萬流咸歸于海攝塵沙
之妙德入湛寂之常門法界
凝然頌文斯顯。
右二集準
詔入藏頒行其翻譯筆受
證義潤文等並見雍熙元
年九月。
<other>菩提行經一部四卷</other>
龍樹菩薩集第一卷明讚菩
提心勝過一切世出世閒凡
所作善迴向真如滅除罪垢
救度有情又復以菩提心供
養如來及諸法寶普賢文殊
諸大菩薩妙香華果園林浴
池寶樹寶衣運心普施又明
持戒先要護心若得心安諸
非自止即明施戒之次第也
第二卷明施戒為首忍辱乃
圓於諸眾生等心觀察於憎
嫌境生歡喜心乃至情與非
情不起瞋恚寒熱蚊蚋不饒
益事為求菩提悉能忍受又
明忍辱居先精進然起念輪
迴苦惱思佛果清涼故行忍
進之二度也第三卷明因前
精進增長禪那離懵重鄣止
散亂緣修奢摩佗除煩惱熱
漸次功成方圓極果第四卷
明因止禪那發生般若揀擇
為性斷染成功出生死源達
真常理此則修六度行為萬
善因迴向有情同獲利樂共
<pb n="31"/>
證菩提之妙果也。
<other>法集要頌經一部四卷</other>
法救尊者集揔有三十三品
第一卷明顯一切行皆悉無
常是興衰法有生即滅勸以
厭離應修止觀魔不得便乃
到彼岸以彼思想為欲根源
思既不生欲何由起因欲生
過復生怖畏廣以喻明智者
應了了即善調乃能解脫又
貪愛潤澤思想滋蔓以慧正
觀貪縛自壞戒法清涼為甘
露道若生放逸即趣死逕有
智之者守其勝道愚癡之人
失道喪真放逸不生死輪自
息又愛處生憂愛處生怖若
離愛念憂怖不生又復持戒
得三種福若修善行三業清
淨止其妄言及非法語造諸
惡行定招苦報如影隨形必
當自受又信為法要能生諸
善其信清淨能出有河又離
欲斷漏梵行清淨息心滅意
垢穢盡除第二卷明顯四聖
諦是為正道見聖諦者得入
正道又人若貪利是則無利
不著一切是真佛子又能忍
佗冤說名為智若行忍者諸
冤自息又起止覺思坐臥不
忘能照世閒如月出雲又念
自覺悟當求方便修白淨行
度愛清淨又勿輕小罪以為
無殃勿輕小善以為無福水
滴雖微漸盈大器善惡漸增
纖毫成廣又如可意華色好
無香巧言亦尒終無果利如
可意華色好香絜類諸善言
必獲好報行忍和意能斷諸
苦從是得定如馬善調瞋所
纏縛如暗失燈於言寂默無
恚無害又無等正覺不染世
法具一切智神通圓滿多聞
善脩正自正佗己心為師非
佗師友第三卷明雖說百偈
句義不正不如解了一句之
義乃得解脫乃至廣說種種
事相比較百年不如一日親
近善法為善知識又苾芻攝
意無說無害常行忍辱是最
圓寂諸梵行人常當自觀解
苦根源是明妙觀諸惡莫作
諸善奉行不畏死逕如船截
渡又日光布明悉照冥暗諸
行相應脫一切苦第四卷明
愛法安隱心法清淨聖所說
法智者娛樂心為法本心是
妙門護而不漏入圓寂道又
苾芻愛盡護身念道思惟靜
安正命無雜今行淨因後招
淨果無習惡法是為梵志此
之大旨法救尊者廣集如來
諸經要義族類區分列三十
三之品目指歸辯析攝百千
<pb n="32"/>
萬之行門取要而言斷染成
淨息除苦本出離愛源起智
慧因證解脫果也。
<other>勝軍化世百喻伽陀經一部一卷</other>
此中所明舉以百喻成百伽
陀取諸近事彰其意焉若行
恩義是有賢德若無我慢即
無怯弱乃可師重是出離行
乃至設喻譬彼天邊月圓須
缺又類山下華芳即凋人世
無常何異於此餘諸頌句喻
說皆然勸諸智人警悟故也。
右三集準
詔入藏竝見雍熙二年十月。
<other>法集名數經一部一卷</other>
此集三乘及三根本十波羅
蜜十八空等乃至世出世閒
地獄天宮此等法數但列其
名不釋義也其準
詔入藏見雍熙三年二月。
<other>賢聖集伽陀一百頌一部一卷</other>
此明集人首以偈頌讚歎三
寶次乃依經集諸要義謂讚
歎供養造像設食布施等事
所感報應果利有差然以所
修要求出離得佛菩提方為
圓證其準
詔入藏見雍熙四年十月。
<other>七佛讚唄伽陀一部一卷</other>
但以梵言稱讚七佛然於讚
中自成伽陀不翻文義攝多
義故也其準
詔入藏見端拱元年十月。
<other>犍稚梵讚一部一卷</other>
犍稚者天竺語也此方鐘鼓
之類即習古及含多義不譯
乃警眾集僧之器也以梵言
讚之故曰犍稚讚矣其準
詔入藏見端拱二年十月。
<other>佛一百八名讚一部一卷</other>
此中所明首標六頌歸命之
詞長行文中廣陳讚歎雖如
來聖德本絕稱量然彊名立
言文含眾義揔攝塵沙之德
咸歸百八之名詞旨淵沖目
曰讚唄。
<other>文殊師利一百八名梵讚一部一卷</other>
此中稱讚妙吉祥菩薩具勝
功德作勝事業妙吉祥心即
諸佛性非可思議非不思議
不思議中生一切法乃至廣
說無邊妙用等。
<other>聖觀自在菩薩梵讚一部一卷</other>
此中所明以彼菩薩功德無
邊不可思議義攝多門故所
不譯彼菩薩者悲願力增勝
用自在普救一切眾生苦惱
具諸相好福智莊嚴者也。
右三集準
詔入藏竝見淳化元年十月。
<other>一切如來說佛頂輪王一百八
名讚一部一卷</other>
此中讚佛為最上師作世閒
<pb n="33"/>
主有大慈悲具大名稱號大
自在佛頂輪王等視眾生具
無邊智然以佛有河沙勝德
不可稱量要略而言揔攝一
百八名者矣。
<other>聖多羅菩薩梵讚一部一卷</other>
此中所明稱讚聖多羅菩薩
具勝功德行願無邊神通廣
大住持明藏曼拏羅中處東
北隅羯磨部攝祕密智用三
昧出生神力無方祕門深入
得無相之悉地證無字之揔
持者也。
右二集準
詔入藏竝見淳化二年七月。
<other>菩提心觀釋一部一卷</other>
此中所明釋菩提義論菩提
心說二智門顯三空理出生
諸法性本無生觀照諸塵照
而常寂詞旨淵邈詎可稱量
者哉其準
詔入藏見淳化五年正月。
<other>聖金剛手菩薩一百八名梵讚
一部一卷</other>
以百八名為二十會顯金剛
手功德勝能揔於五部為祕
密主以是梵言讚彼功德令
諸眾生讚誦獲福其準
詔入藏見至道元年十月。
<other>八大靈塔名號經并二讚合一卷</other>
<other>八大靈塔名號經</other>
此明八塔名號次第第一迦
毗羅城是佛生處乃至第八
娑羅林中入涅槃處是等八
處皆有靈塔若起淨信歸依
供養者命終之後得生天界。
<other>八大靈塔梵讚</other>
戒曰王製以彼梵言讚歎如
來八大靈塔使歸信者功德
無量。
<other>二身梵讚</other>
以妙梵言讚法報化三身如
來體徧用寬德備法廣法身
無相報化有形利益聖凡令
知修斷畢竟趣證無上菩提
其準
詔入藏見至道二年九月。
<other>佛三身讚并吉祥伽陀合一卷</other>
<other>佛三身讚</other>
讚法報化三身功德迴向羣
生願證菩提同歸正道者也。
<other>曼殊室利菩薩吉祥伽陀</other>
此以梵言結成頌句稱讚曼
殊室利菩薩吉祥勝德其準
詔入藏見至道三年七月。
<other>聖觀自在菩薩功德讚一部一卷</other>
此中稱讚觀自在菩薩相好
圓滿威德熾盛能以無畏施
諸有情具足眾妙功德善法
頂戴諸佛大智寶冠運大悲
願拔濟眾苦若依此頌伸讚
詠者獲大利樂矣其準
詔入藏見咸平四年十一月。
<pb n="34"/>
<other>佛吉祥德讚一部三卷</other>
寂友尊者造上卷所讚如來
應迹出現諸身以普徧眼觀
諸有情生於王宮居最上族
天人修羅咸所供養具足無
邊勝妙功德於三界中最勝
最尊中卷所讚如來具足三
十二相足下平滿現千輻輪
如是相好一一殊特諸漏已
盡覺了無餘善說平等第一
義諦能使眾生了知一性下
卷所讚如來具足二利功德
能師子吼出生善法於如實
性最勝清淨善化眾生說法
無閒安住一切相應法門得
大涅槃受最上樂其準
詔入藏見大中祥符元年十
一月。
<other>龍樹菩薩廣大發願文一部一卷</other>
龍樹菩薩造此中所明發大
願時具陳七法謂禮佛讚歎
懺悔迴向隨喜供養發願於
前六法各各發願十方微塵
一一佛剎正覺世尊悉皆歸
命禮讚所獲功德普伸迴向
塵剎有情乃發心起行之軌
儀也其準
詔入藏見大中祥符三年十
一月。

大中祥符法寶錄卷第十七
<sarticle>大中祥符法寶錄卷第十八</sarticle>
（＆unrec;…＆unrec;趙　安仁
＆unrec;…＆unrec;楊　億等奉
勑編修）
<other>別明　聖代翻宣錄中之十七</other>
<other>聖賢集傳翻譯著撰三之二</other>
<other>東土聖賢著撰二之一</other>
夫出世之法無說之說也闡教之文
因言遣言也故一音立海潮之喻隨
類而得聞萬竅有天籟之名殊聲而
皆是雖復華竺遼敻聖賢差別至於
發揮神妙覺悟昬蒙闢甘露之通門
艤愛河之長檝導迷拯物其揆一也自
金容應見寶偈翻傳像教勃興龍宮
開奧時更累代數餘千祀御歷文思
之主有位清信之臣法苑五教之師
隱居四依之士識與理會言成法施
斯皆受能仁之付囑遵外護之闡揚
我太宗皇帝則大旻天奄宅智地協
和萬國勤勞二紀殊方慕化絕域歸
仁當是時也聲教所通梵僧屢集於
是開譯館崇度門雲披雨寶之文王
積貫花之偈而
萬乘樂真風之載郁迂
寶思以析微遂有聖教序又著心輪
偈祕藏詮逍遙詠等歌詩凡五十七
卷既置於寶藏亦祕在名山式救群
迷大明正覺。
今皇帝多才善繼至孝丕承對越
二儀報功而讓德照臨萬㝢邇肅而
遠安當重熙累盛之辰洽
執契尚文之化
<pb n="35"/>
踐祚之始即以緇徒懇請
著繼作聖教序至於
青宮問安之暇
紫宸聽政之餘因
法樂以形言屬
善誘而垂製煥乎緗袟妙貫典墳粵
大中祥符五年西天譯經三藏朝奉
大夫試光祿卿傳法大師賜紫臣施
護等上言請以新譯經續開元貞元
舊經為之藏錄乃
詔臣安仁臣億及僧臣惟淨等以新
經部帙類為編次遂得恭考前志列
表上聞以
太宗皇帝聖製有恢闡教乘散在別
集者亦乞詮擇以付有司
上濬發清衷即降
明詔乃錄
太宗皇帝御製妙覺集五卷頒下焉而
皇上聖文尚形謙德又連表再上始降
御製法音前集七卷俾同編纂自餘
名臣開士所述起貞元之後迄於
聖朝或討尋經論之微言或紀錄龍
象之大行或吟詠法性或演暢宗風
今竝採當世之高奇因前錄之次序附
二聖之作以為東土聖賢集亦猶軻
雄談道俱為闕里之徒公穀授經竝
列春秋之學期永傳於後代庶有補
於將來云爾。
<other>太宗皇帝御製六十二卷</other>
蓮華心輪迴文偈頌一十一卷
祕藏詮二十卷
祕藏詮佛賦歌行共一卷
祕藏詮幽隱律詩四卷
祕藏詮懷感詩四卷
祕藏詮懷感迴文詩一卷
逍遙詠一十一卷
緣識五卷
<other>蓮華心輪迴文偈頌一十一卷</other>
右此頌文因起一章終成千
首原乎心字冠在諸篇起例
迴文成二百首心字拘就觀
字交[牙-(必-心)+?]羅文為八百首復通
心字計成千首以太平興國
八年成是年三月
上遣中使衛紹欽諭
旨僧錄司選京城義學文章
僧行清惠溫繼琳可朝可芝
可贍可大可昇道真德遵寘
顯智巒歸一法超懷信宣正
智遜知則全著從志等二十
人為之注解內供奉官臣藍
敏貞監視之著作佐郎臣呂
文仲詳覆書成
上進召行清等對於
便殿撫諭之三人賜紫衣七
人加師號各
賜襲衣束帛
詔以其文編聯入藏。
<other>祕藏詮二十卷</other>
第一至第二十卷共五言一千首
<other>祕藏詮佛賦歌行共一卷</other>
右詮賦等端拱元年十二月
上遣中使衛紹欽諭
<pb n="36"/>
旨僧錄司選京城義學文章
僧惠溫繼琳守巒歸一知則
玄儁道文智輪行勤若虛德
清自圓義圓契寧顥丕可昕
澄淨道崇全海智英重皓從
顯子芳義巒智圓慶環文證
懷古行清可朝可昇德遵光
仁繼隆永光守能啟玄重遷
啟明海月澄裕紹宣玄寶智
宣守邦崇智澄照恕雍懷哲
道滿處圓遇恩省才常靜守
晏楚南等五十六人同為注
解書成
上進各
賜襲衣器幣
詔以其文編聯入藏。
<other>祕藏詮幽隱律詩四卷</other>
五言四韻一百首
<other>祕藏詮懷感詩四卷</other>
五七言各一百韻
<other>祕藏詮懷感迴文詩一卷</other>
五七言各一首並二十韻
<other>逍遙詠一十一卷</other>
五七言詩各一百首
右詩什端拱二年十一月
上遣中使衛紹欽諭
旨僧錄司選京城義學文章
僧可昇歸一守邦澄裕德清
行勤永光崇智可芝道滿可
昕懷古等一十二人同為注
釋書成
上進
賜束帛器幣緡錢
詔以其文編聯入藏。
<other>緣識五卷</other>
第一卷五言頌四韻五十首
第二卷七言頌四韻五十首
第三卷雜言七言頌二韻相閒
五十八首
第四卷五七言頌二韻各五十首
第五卷五七言頌二韻長韻相
閒六十二首
右頌至道元年三月中
詔下印經院開板模印編聯
入藏。
<other>妙覺集五卷</other>
第一卷
歌行一十一首
第二卷
古調詩
四言一十首
三言一首
七言一首
一言至十言一首
第三卷
五言詩一十九首
第四卷
七言詩一十六首
第五卷
序二首
右集譯經潤文尚書兵部
侍郎脩　國史臣趙安仁
翰林學士尚書戶部郎中
<pb n="37"/>
知制誥臣楊億請編入藏
上表曰臣等準
詔編修
聖朝釋教藏錄先上言乞降
太宗皇帝御製別集釋門
文字編修入藏奉
勑依奏者伏奏
凝旒亟承於
俞旨垂榮法藏冀獲於
真文祈
乃聖之式從跼
蓋高而若慄臣安仁等誠
𧆛誠懇頓首頓首伏惟
崇文廣武儀天尊道寶應
章感聖明仁孝皇帝陛下
紹隆
大寶祗遹
詒謀
累仁茂著於
丕功
肖德誕膺於
永命纘
禹舊服九疇式敘於彝倫
與黃比崇萬葉允鍾於期
運猗
文皇之濬哲洞
慈氏之真詮惟
帝其難邁
伊唐之廣運
自天攸縱兼魯聖之多能
演成貝葉之文冥契金人
之夢
發揮住諦宏闡於淨因
拯拔迷塗同生於樂國
宣揚載郁之作
演暢大乘之編揭
慧日以照臨振
妙音而聳動臣等學踈聖
域識昧度門猥諧祗
命於
紫庭獲錄談空之寶偈伏念
先朝物覩
堯言盡在於簡編永代化
成釋典同符於教導遂罄
愚衷而懇請爰承
優詔以下臨伏望
俯徇悃誠特申
大賜資勝緣於佛國開妙
閫於人天啟迪上乘表
法王之外護發明多寶昭
淨土之肇開輕干
旒扆之尊但切冰淵之懼
謹奉表陳
請以
聞譯經僧臣惟淨等上表
曰臣等奉
勑編修
聖朝釋教藏錄伏覩
太宗皇帝聖製釋門文字
除已
頒賜入藏編錄外所有別
集文字未曾
降本入藏者
<pb n="38"/>
神宗著訓
象法增輝雖已
冠於真筌未盡
頒於祕藏敢陳眾懇再浼
宸聦臣惟淨等誠𧆛誠懇
頓首頓首恭以
先皇夙膺
佛記慈悲在念四生咸入於
度門饒益為心六合盡躋於
壽域由是
凝神性海
觀妙禪源將
外護於真如務宏宣於鴻
教奮章天之麗藻五竺增
華著唯心之格言九居蒙祐
丕美流於塵剎
大賚浹于人天伏惟
崇文廣武儀天尊道寶應
章感聖明仁孝皇帝陛下
惠迪先謨欽明正法降
軒臺之祕典冠梵剎之妙
門永隆圓頓之宗式廣
孝熙之德矧惟
別集尚閟
中宸猶虧
寶月之輝未滿金園之望
願載
頒於
宗範用備列於
真乘覺悟重昬
與曇華而並耀布宣億劫
兼貝葉以同芳永濟含生
共登凝覺臣等幸叨編錄
竊罄明誠仰瀆
清衷不勝至願所有
太宗皇帝釋門別集文字
伏乞
降賜編入藏錄謹奉表陳
請以
聞遂
詔曰恭以
太宗皇帝撫寧萬宇寵庇
群元致
周道之和平發
堯文之巍煥矧乃游心釋
部觀妙真宗
演暢一音
鋪棻至理
得靈山之密印
冠汾水之英辭朕仰奉
威神思流金石爰稽類次
以就編聯俾傳示於無窮
用永彰於
鴻美
太宗皇帝妙覺集一部五
卷冝令編入大藏翌日臣
安仁奉表謝曰伏覩
勑命
太宗皇帝御製妙覺集一
部五卷令編入大藏者伏以
先朝述作普暢於
真乘
睿旨欽崇言歸於
<pb n="39"/>
祕藏洪惟
善利允屬
貞期臣安仁誠𧆛誠抃頓
首頓首恭以
太宗皇帝運啟無疆
功成不宰
聖謨作訓既
洞貫於九流
文思所覃復
鉤深於十地固以
發揮空性
拯拔塵勞
道濟人天
慈均雲露恭惟
崇文廣武儀天尊道寶應
章感聖明仁孝皇帝陛下
紹隆景業
康濟含生
大道之行方洽登三之治
孝思惟則載恢不二之風以
妙覺之微言寔
神宗之聖作緘諸綠蘊飾
以銀題臣頃奉
明恩獲編
法寶願頒祕帙以耀祗園
果自
帝俞聿脩
先志足使增輝寶藏垂蔭
鶴林融慧日於無垠共法
輪而常轉臣迹叨顯仕性
昧空宗俾聯
金口之書蓋蒙
導誘更捧
龍宮之帙益慶
遭逢蹈詠歡呼倍萬常品
謹奉表稱
謝以
聞僧臣惟淨等奉表謝云
伏覩
勑命
太宗皇帝御製妙覺集一
部五卷令編入大藏者伏以
發揮大覺惟
聖文垂世以作程[懨-猒+火]闡微
言惟
善繼自天而
申錫俾永緘於海藏用
丕顯於空宗道俗銜
恩人天稱慶臣惟淨等誠
感誠慶頓首頓首恭以
太宗皇帝親聞
記莂妙達真常敦
善誘於化城暢淳風於壽域
聖謨至大[懨-猒+火]淨土以臨人
睿思惟幾闢度門而拯俗
聲流無外
化治有生廣十二部之津梁
開大千界之耳目允協
能仁而付屬當同
法寶以嚴持伏惟
崇文廣武儀天尊道寶應
章感聖明仁孝皇帝陛下
敦敏本於
<pb n="40"/>
仙源慈儉出於
天性域中大業既極於
恢崇象外高風更懷於
欽述永言
先志彌感
孝思矧
諸佛甘露之門方崇演暢
而惟
帝鈞天之作冝廣
宣行既諧八部之
護持永俾萬靈之
瞻奉臣等獲居象譯幸被
鴻私惟知物覩以為榮共戴
天恩之溥濟踊躍讚歎倍
萬常情謹奉表稱
謝以
聞翌日
賜安仁
荅詔曰省所上表伏覩
勑命
太宗皇帝御製妙覺集一
部五卷令編入大藏稱謝
事具悉朕永惟
聖考甞述
真詮廣陳微妙之言深顯
色空之理既分編帙期布
人天是用祕以寶函奉之
花藏非獨成
先朝之雅意抑亦慰涼德
之孝思卿披貝葉之文方
發揮而率職覩芝泥之詔
爰敘謝以拜章言念恪恭
但增嘉尚所謝知故茲詔
示想冝知悉臣安仁奉表
謝云伏蒙
聖慈以臣上表謝降
太宗妙覺集編入大藏特賜
勑書獎諭者
先聖微言既藏
金地
大君嘉詔復降
慶霄仰銜
臨照之私倍激兢榮之懇
臣安仁誠感誠懼頓首頓
首恭惟
崇文廣武儀天尊道寶應
章感聖明仁孝皇帝陛下
仁天覆物
聖日燭幽
勵翼翼之心超英於三代
茂蒸蒸之德應感於
二儀以
神宗之乃文闡
大覺之垂教爰頌
鳳詔式秘
龍宮參九部之上乘闢四
生之正路臣以叨膺
任遇獲預編聯方瞻
法寶之書載沐
慈雲之潤既榮物覩合敘
臣誠豈謂
天造曲成
帝文寵被芝函照爛香隨
<pb n="41"/>
玉宇之風鳳篆溫穠瑞浥
金莖之露抃戴而崇山不
重寶藏而
華衮相輝更堅勤瘁之誠
少荅
文明之賜謹奉表稱
謝以
聞。

大中祥符法寶錄卷第十八
<sarticle>大中祥符法寶錄卷第二十　　　百</sarticle>
（＆unrec;…＆unrec;趙　安仁
＆unrec;…＆unrec;等奉
勑編修）
<other>別明　聖代翻宣錄中之十八</other>
<other>聖賢集傳翻譯著撰三之三</other>
<other>東土聖賢著撰二之三</other>
<other>箋注　御製聖教序一部三卷</other>
右天台僧清達注以大中祥符
六年詣
闕上之
召見賜紫衣束帛其年七月
詔編聯入藏。
<other>大宋高僧傳一部三十卷</other>
<other>第一卷至第三卷譯經篇第一</other>
自唐京兆大薦福寺三藏沙
門義淨至唐西域三藏沙門
滿月正傳三十二人附見一
十二人內三十一人天竺沙
門一十三人此土沙門
皇朝太宗皇帝嗣位之五載
天竺三藏沙門天息災法天
施護至京師時新舊梵經頗
多繇是再議翻譯矣。
<other>第四卷至第七卷義解篇第二</other>
自唐京兆大慈恩寺釋窺臺
皇朝天台山螺溪道場釋義
寂正傳七十二人附見二十
五人本傳論曰佛之說經申
經者論經由論顯論待䟽通
䟽揔義章義由師述故曰義解。
<other>第八卷至第十三卷習禪篇第三</other>
自唐靳州東山釋忍（上字與今御名同）至
皇朝天台山釋德韶正傳一
百五人附見二十九人本傳
云梵語禪那華言念修以其
觸情念而無念終日修而無
修又云正定正受也止則廓
然冥而定矣故曰習禪。
<other>第十四卷至第十六卷明律篇第四</other>
自唐京兆西明寺釋道宣至
周東京相國寺釋澄楚正傳
五十八人附見一十人明辯
律儀故曰明律即沙門二百
五十戒等本傳論曰禁律乃
度世之檢括也。
<other>第十七卷護法篇第五</other>
自唐京師大莊嚴寺釋威秀
至周洛京福先寺釋道丕正
傳一十八人附見一人內一
人天竺沙門一十八人此土
沙門斯皆內堅其志外亡其
身守正理以闢幽關立真宗
<pb n="42"/>
而流大教故曰護法。
<other>第十八卷至第二十二卷感通篇第六</other>
自後魏西涼府釋檀特師至
皇朝魏府成安縣夘齋院釋
法圓正傳九十人附見二十
三人夫感通者行之至為感
物之應為通此能感彼故曰
感通。
<other>第二十二卷遺身篇第七</other>
自唐汾州釋僧藏至
皇朝泗州臨淮縣普照王寺
釋懷德正傳二十二人附見
二人[捐-口+ㄙ]茲命質拯彼塵勞示
現遺身表其勵志者也。
<other>第二十四卷第二十五卷讀誦篇第八</other>
自隋沙門釋行堅至
皇朝東京開寶寺釋守真正
傳四十二人附見八人臨文
曰讀背文稱誦準教乘而持
習滋義解以開通依解增修
由修得證也。
<other>第二十六卷至二十八卷興福篇第九</other>
自周京師七寶臺寺釋法成至
皇朝東京開寶寺釋師律正
傳五十人附見六人利有所成
福門通攝隨諸善作悉竪福
源凡厥通人應茲篇類。
<other>第二十九卷第三十卷雜科聲德篇第十</other>
自南宋錢塘靈隱寺釋智一至
皇朝冝陽柏閣山釋宗淵正
傳四十五人附見一十二人
內一人天竺沙門三學之餘
隨兼眾學或詠歌讚唄或利
益恢張義有所從故立篇目。
右傳京天壽寺僧贊寧大
相國寺僧智輪準
詔撰集勒成三十卷端拱初
上之
召見錫賜優異
詔編入藏。
<other>僧史略一部三卷</other>
五十九門例
上卷二十三門
中卷一十七門
下卷一十九門
右三卷右街僧錄通慧大
師賜紫贊寧撰贊寧以太
平興國初至京師
詔於天壽寺安置披覽多
暇樹立門題搜求事類始
乎佛生教法流衍至于三
寶住持諸務事始括成三
卷號僧史略大中祥符四年
詔許編入藏。
<other>景德傳燈錄一部三十卷（目錄三卷）</other>
<other>第一卷第二卷</other>
已上二卷述毗婆尸佛至釋
迦牟尼佛為七佛聖師釋迦
牟尼將入涅槃始以法眼付
囑摩訶迦葉故迦葉為天竺
第一祖如是次第傳法至第
二十七祖般若多羅又第三
祖商那和修旁出末田底迦
<pb n="43"/>
一人第二十四祖師子尊者
旁出達磨達等二十二人合
前是為五十祖師。
<other>第三卷第四卷</other>
已上二卷述第二十八祖菩
提達磨遠從天竺觀機授道
至于此方得慧可大師乃傳
心印故達磨為此土第一祖
焉次第傳法至第五祖⿰弓口忍
大師由達磨至忍其間旁出
尊宿二百一十六人一十七
人不出世不錄一百九十九
人見錄。
<other>第五卷</other>
已上一卷述第六祖慧能大
師法嗣弟子四十三人內一
十人旁出二十四人不出世
一十九人見錄。
<other>第六卷至第十三卷</other>
已上八卷述第六祖弟子南
嶽懷讓禪師九世相承及漕
溪別出二世其閒次第法嗣
五百一十三人二百七十八
人不出世一百三十五人見錄。
<other>第十四卷至第二十卷</other>
已上七卷述第六祖弟子吉
州清源山行思禪師一世至
六世相承三百七十九人一
百一十六人不出世二百六
十三人見錄。
<other>第二十一卷至第二十六卷</other>
已上六卷述行思禪師七世
至十一世相承五百四十六
人一百三十二人不出世四
百一十四人見錄。
<other>第二十七卷至第三十卷</other>
已上四卷編次禪門散聖及
諸方廣語歌詩讚頌或舉事
照理或接物隨機啟迪初心
流傳來裔乃禪恱之香飯法
樂之正性也故以其文集而
錄之。
右此錄者諸祖分燈隨方
化導傳法徒侶記諸善言
也談無遣有煥乎方便之
奧樞即色明空寂爾靈源
之妙指紀斯法印以示禪
流景德中有東吳僧道原
采摭成編詣
闕獻上乃
詔翰林學士左司諫知
制誥楊億兵部員外郎知
制誥李維太常丞王曙同
加刊定勒成三十卷大中
祥符四年
詔編入藏。
<other>大宋大中祥符法寶錄二十一卷
并揔錄一卷</other>
右起大中祥符四年十一月
終八年　月準
詔編修。

大中祥符法寶錄卷第二十
<pb n="44"/>

<article id="n1502">景祐新修法寶錄</article>

<talk>景祐新修法寶錄序　　　郡</talk>
御製
昔如來以體具真如道成正覺拯羣
生之迷妄示善教之圓通大乘小乘
隨機緣而應感正法像法指頓漸以
開先而自玉毫淪輝金河示滅有大
迦葉洎阿那含共綴遺文贊明了義
此則經論之所權輿也其後白馬西來
蘭臺中閟於是華人識清淨之本厭
煩惱之塵舍棄異端咸趨妙蔭如出
火宅安然得車若在中河濟之以栰
儒墨之終不能毀仁聖之常所為尚
國家景運隆盛義風翔布
太祖始御神器建寶剎於上都
太宗繼闡鴻猷開梵筵於淨宇洪惟
聖考夙奉
能仁思慧日之照冥衢欲法雨之潤
羣品甞以
兩朝之在御譯成無上之祕筌詔委
方袍嗣成前志俞咨近弼附益多聞
仍揮錯寶之跗
親述冠篇之藻目之曰大中祥符法
寶錄矣顧予沖眇祗服
先猷照以竭摩之心授以菩提之記
目膺寶祚仰慕
佛乘持守兢兢罔敢失墜而復五天
膜拜之俗接踵而朋來四句旁行之
書比時而間出嚮令翻譯普滌昬蒙
頗歷歲華相次來上僧惟淨等共加
研究右僕射門下侍郎平章事呂夷
簡吏部侍郎㕘知政事宋綬領使潤
文斷自大中祥符四年以後至景祐
丙子續譯未入錄經緫一百六十一
卷類分華藏煥列金言爰覽奏章願
頒序引且念幽關祕楗
先聖述之多矣豈茲寡薄所可擬
議然欲使率土之內含生之流發歸
依之誠究因報之本易貪癡為平等
革暴戾為慈愛愚者畏罪以遠惡上
士希福而增善化民厚俗不可得而
讓也聊書梗槩莫盡指歸仍題曰景
祐新修法寶錄云爾。
<sarticle>景祐新修法寶錄卷第一</sarticle>
（＆unrec;…＆unrec;…
＆unrec;…＆unrec;呂　夷簡　等奉
勑都大㕘定編修）
聖宋翻宣繼聯前式錄上
隨譯年代區別藏乘錄中
復準八例排經入藏錄下
<other>聖宋翻宣繼聯前式錄上</other>
聖宋所譯經律論集讚等緫五百
七十四卷
前錄所編經等並隨
年月進
御次數以經律論集
讚相㕘今此新錄緫排
二朝所譯但依大小
二乘三藏次第計其
卷部
先朝舊譯
<pb n="45"/>
太宗朝
所譯大小乘經律論集
緫一百三十九部二百四
十三卷已編入前錄
大乘經
自佛母小字般若波羅
蜜多經至尊那經
凡一百部一百八
十三卷
大乘律一部一卷
大乘戒經
大乘論一部一卷
金剛針論
小乘經
自較量壽命經至阿羅
漢具德經
凡一十六部三十
一卷
小乘律
自沙彌十戒儀則經至
目連所問經
凡四部四卷
小乘論（闕）
西方聖賢集
自六道伽陀經至八大
靈塔經
凡一十七部二十
三卷
真宗朝
所譯大小乘經律論集
緫八十三部一百七十
卷已編入前錄
大乘經
自大愛陀羅尼經至祕
密相經
凡四十部一百七卷
大乘律（闕）大乘論
大乘論
自諸教決定名義論至
圓集要義釋論
凡一十部一十八卷
小乘經
自戒香經至尼拘陀梵
志經
凡二十八部三十
八卷
小乘律一部一卷
解夏經
小乘論（闕）
西方聖賢集
自佛三身讚至廣大發
願頌
凡四部六卷
兩朝所譯經律論集等
二百二十二部都四百
一十三卷
真宗朝
所譯大小乘經律論集
緫一十二部七十六卷
未編入錄
大乘經五部五十八卷
佛說一切如來真實攝
大乘現證三昧大
<pb n="46"/>
教王經一部三十卷
佛說福力太子因緣經
一部四卷
佛說無畏授所問大乘
經一部三卷
佛說頂生王因緣經一
部六卷
佛說除蓋障菩薩所問
經第一至十五計
十五卷
下之五卷
今朝所譯
大乘律（闕）
大乘論一部十卷
大乘寶要義論
小乘經五部七卷
佛說白衣金幢二婆羅
門緣起經一部三卷
佛說佛十力經一部一卷
佛說勝義空經一部一卷
佛說隨勇尊者經一部
一卷
佛說清淨心經一部一卷
小乘律一部一卷
佛說五大施經
小乘論（闕）
西方聖賢集（闕）
今朝
所譯大小乘經律論集
緫九部八十五卷未編
入錄
大乘經四部四十九卷
佛說除蓋障菩薩所問
經十六至二十計五
卷通
先朝所譯一十五
卷成一部二十卷
部已計於前數
佛說大乘大方廣佛冠
經一部二卷
佛說海意菩薩所問淨
印法門經一部一
十八卷
佛說開覺自性般若波
羅蜜多經一部四卷
佛說如來不思議祕密
大乘經一部二十卷
大乘律一部一卷
佛說八種長養功德經
大乘論二部二十卷
聖佛母般若波羅蜜多
九頌精義論一部
二卷
大乘中觀論一部一十
八卷
小乘經一部三卷
佛說身毛喜豎經
小乘律（闕）
小乘論（闕）
西方聖賢集
金色童子因緣經一部
一十二卷
右自
<pb n="47"/>
真宗朝未編入錄經律論集一十
二部七十六卷洎
今朝所譯經律論集九部八十五卷
兩朝緫二十一部一百六十一卷
並今錄新編。

景祐新修法寶錄卷第一
<sarticle>景祐新修法寶錄卷第二（計十紙　郡</sarticle>
（＆unrec;…＆unrec;…
＆unrec;…＆unrec;呂　夷簡　等奉
勑都大㕘定編修）
<other>隨譯年代區別藏乘錄中之一</other>
歸攝藏乘略明經旨一
聖賢集傳華竺類例二
嗣續興崇譯場詔令三
<other>歸攝藏乘略明經旨一之一</other>
謂經律論藏大小乘教
翻譯
上進年月編次仍隨藏
乘分類為六。
大乘經
大乘律
大乘論
小乘經
小乘律
小乘論
<other>大中祥符五年五月譯成經三卷</other>
<other>白衣金幢二婆羅門緣起經
一部三卷</other>
小乘經藏收無品目會分
佛在舍衛國故廢園林鹿
母堂中說此中所明有白
衣金幢二婆羅門同詣佛
所宗計互陳如來應機破
其異見而婆羅門者癡冥
覆性橫執隨生覺智舒光
正心開曉決虛妄之障累
示涅槃之真常迴彼邪心
歸于正道心意悟解果利
圓成者也。
上一部本西天竺書
今先翻為中天竺字
然後譯從華文。
右三藏沙門施護譯法
護惟淨同譯沙門清沼
澄珠文一筆受沙門啟
玄脩靜綴文沙門道一
紹溥重珣瓊玉守晏玄
測智臻簡長證義刑部
侍郎㕘知政事趙安仁
潤文入內內侍省內侍
殿頭羅自賔監譯是月
一日監譯中使引三藏
等詣
崇政殿捧所譯經具表
上進其詞曰臣施護等
言臣等今新譯就白衣
金幢二婆羅門緣起經
一部三卷者伏以此經
理暢偏真乘非滿字盪
邪心之橫計示正智之
真常白衣金幢本婆羅
門所稱之號鹿堂廢苑
<pb n="48"/>
乃釋迦文闡法之場逗
接小根開施方便導明
宿事啟迪勝因允標緣
起之由克被當機之眾
𧆛伸翻衍用廣流通
慶屬
昭辰幸圓
寶軸臣施護等誠懽誠
抃頓首頓首伏惟
崇文廣武儀天尊道寶
應章感聖明仁孝皇帝
陛下德包遂古
道契先天廣
神智之無方
運佛慈而溥濟
法財洪富
福蘊誕隆睠
大覺之芳猷樹華宮之
象譯豚魚及信夷貊輸
忠臣等忝職句筵獲翻
貝偈當祝融之司律會
竺典以成文仰集
珍祥上資
景祚前件新譯經謹繕寫
上進以
聞是日
命坐賜茶
親加撫慰仍賜束帛其經
詔付有司入藏頒行。
<other>其年十一月起譯經一部三十卷
至八年六月譯成全部</other>
<other>佛說一切如來真實攝大乘
現證三昧大教王經一部三
十卷</other>
大乘經藏祕密部收緫有
二十六分此經毗盧遮那
如來起自受用身處色究
竟天摩尼寶殿為諸菩薩
說祕密法此中所明毗盧
遮那如來具足金剛真實
加持種種最勝三昧邪智
獲得一切如來殊勝寶冠
法王最上微妙灌頂成就
一切智智種種事業出生薩
埵加持金剛三摩地令諸
菩薩入毗盧心合為一體
即受灌頂乃至圓滿最上
悉地令諸有情適悅快樂
速得菩提設有違毀正法
及造五逆惡者以加持力
故於佛密印欲求成就現
生具足堅固體性及諸功
德復明一切如來同讚金
剛手菩薩說一百八殊異
勝名乃至明觀察煩惱本
性清淨譬如蓮華菡蓞
開敷作敬愛事及釋迦世
尊示現於此生死長夜隨
順世間作諸化事降伏魔
軍成等正覺於諸有情廣
為利益原夫寂光妙土湛
性地以圓常徧照法身與
法界而同等暨乎靈光內
<pb n="49"/>
照神化外施自毗盧心起
金剛智始以開明自性終至
處于道場五方如來同承
灌頂四種祕印一體加持
舒徧真如現成正覺性清
淨故諸法亦然勝利益因
成諸事業即此三昧乃設
多門一切如來真智互攝
二十六分能詮允被於上
機三十七尊所證齊歸於
一性祕中之祕三摩地以
圓成深固復深三昧邪之
自在大哉密印廣利羣生
觀想受持速臻聖果者也。
上一部中天竺梵本
所出。
右三藏沙門施護譯法
護惟淨同譯沙門澄珠
文一筆受沙門脩靜啟
沖綴文沙門道一紹溥
重珣智臻簡長行[肇-ㄆ+戈]德
雄自初證義兵部侍郎
趙安仁潤文入內內侍
省內侍殿頭李知和監
譯是年十一月二十三
日與福力太子因緣經
四卷同進事迹如右。

景祐新修法寶錄卷第二
<sarticle>景祐新修法寶錄卷第四（十七紙）　郡</sarticle>
（＆unrec;…＆unrec;…
＆unrec;…＆unrec;呂　夷簡　等奉
勑都大㕘定編修）
<other>隨譯年代區別藏乘錄中之三</other>
<other>歸攝藏乘略明經旨一之三</other>
<other>九年十一月起譯經一部六卷至
天禧元年五月譯成全部</other>
<other>佛說頂生王因緣經一部六卷</other>
大乘經藏收無品目會分佛
在舍衛國祇樹給孤獨園說
此中所明世間貪欲樂少苦
多以貪心故不得解脫唯諸
智者於斯覺了欲為苦因生
死流轉智者了故應修福門
始以勝軍大王詣佛伸請修
菩提因佛乃謂言福門為勝
即以成劫之初頂生王事驗
果推因要略明顯而頂生王
者曩昔因中營布施福施輕
心重福廣行深種一植而穫
百千力一陳而功億萬響聲
斯應因果昭明獨於人中具
四神力七寶千子統四大洲
後適天中受天勝福分帝釋
之賢座奪修羅之勝功然而
念起成差貪心為苦由貪即
墮因苦生纏纏故使心不得
解脫夫大覺聖尊出興化利
廣談真教誡以貪心貪火若
銷心燈洞照燭智明於長夜
注法雨於昬朝沃潤大千羣
生蒙祐故知福因有作人天
之富樂昭彰貪念聿興苦樂
<pb n="50"/>
之果因顯著人天樂果其聚
散也如雲悲智深因其堅實
也如地佛之悲念俯被羣機
驗昔照今舉緣垂化大哉智
者誠諦警察者焉。
上一部中天竺梵本所出。
右三藏沙門施護譯法護
惟淨同譯沙門澄珠文一
筆受沙門啟沖綴文沙門
道一紹溥智臻簡長行[肇-ㄆ+戈]
德雄自初智遠重杲證義
尚書右丞趙安仁潤文入內
內侍省內侍殿頭李知和
監譯是月四日監譯中使
引三藏等詣
崇政殿捧所譯經具表
上進其詞曰臣施護等言
臣等昨自大中祥符九年
十一月起譯佛說頂生王
因緣經一部六卷上之三
卷已進
御訖下之三卷今圓成者
四華雨瑞
迦文初坐於道場雙柰敷
榮唐奘繼翻於貝諜矧屬
膺乾之運爰周正語之文
增足
琅編光隆
慧命臣施護等誠懽誠抃
頓首頓首伏以
覺皇御辯七眾由是傾依
法鼓其鏜四生於焉蒙益
而頂生王經者始以勝軍
伸請咨菩提之妙因爾乃
善逝逗機說頂生之往行
福門為勝見分座以知因
貪毒忽生抑隨念而即墮
宿昔之施心雖重須[更-一]之
苦業成差舉始括終將因
驗果督茲警誡緬被根緣會
開泰之亨辰屬翻宣之克
就伏惟
崇文廣武感天尊道應真
佑德上聖欽明仁孝皇帝
陛下道躋皇極
政洽大同
緒舜三綱
敦湯一德誕布
彌文之化茂宣
來遠之風六譯荐興三寶
增熾臣等柴愚素甚薤智
非長尤踈三絕之奇居懷
五失之懼職茲經𢩁累玷
朝恩今者暑燠方中晏陰
斯定伏願
皇威赫奕與火德以俱明
福筭緜長等曦輪而共永
庶因
妙典少導微衷臣等無任
虔祈禱頌激切抃蹈之至
前件新譯經謹繕寫
上進以
聞是日
<pb n="51"/>
上慰撫恩賜如例其經
詔付有司入藏頒行。
<other>其年十一月譯成經五部五卷</other>
<other>佛說佛十力經一部一卷</other>
小乘經藏收無品目會分佛
在舍衛國祇樹給孤獨園說
此中所明佛告苾芻如來正
覺具有十力了知勝處轉妙
梵輪謂處非處力業智力定
智力根智力信解智力界智
力道智力宿住隨念智力天
眼智力漏盡智力等。
緫彰如上十智力者大覺釋
師因果增上舉因照果類響
應聲妙智因修勝力果備震
揚師子之吼宣明解脫之輪
澍法雨於大千滋道牙於羣
品不可屈伏乃名力焉。
<other>佛說勝義空經一部一卷</other>
小乘經藏收無品目會分佛
在俱盧數國說此中所明佛
告苾芻有心解脫及慧解脫
由貪染汙心不清淨無明染
汙慧不清淨若能斷除即心
慧解脫永離貪愛了知真實
正智現前取證自果。
<other>佛說隨勇尊者經一部一卷</other>
小乘經藏收無品目會分佛
在王舍城迦蘭陀竺林精舍
說此中所明時有尊者名曰
隨勇在城之側尸陀林間蛇
聚孤峯之上大僧坊中忽為
毒蛇之所噬螫即時隨勇呼
諸尊者我為蛇螫膚體潰壞
今冝置我於僧坊外無令延
毒而復流散舍利子聞已即
詣其所謂言隨勇我向觀汝
面及諸根本無異相何故今
時乃發是聲隨勇荅言我不
取著諸法謂眼是我眼是我
所乃至識是我識是我所六
境六大五蘊亦然舍利子言
智修梵行及正道因穎脫捨
報如離火宅悉觀世界猶如
草木無義無成畢竟無著舍
利子即以隨勇置僧坊外往
詣佛所具陳上事佛言舍利
子彼善男子若於爾時得聞
我說勝妙伽陀及大明章句
彼定不為毒蛇所螫大明章
句者謂祕密言勝妙伽陀者
汝今應知貪瞋癡法三為大
毒世尊大覺毒所不侵佛真
實力能破諸毒正法淨眾真
實亦然佛能攝持諸毒息滅
良以隨勇聲聞但證生空之
理雖忘我相未明即我之空
所以獨處僧坊為蛇所螫彰
宿因之有在顯大行之未圓
然佛有密言伽陀妙旨三寶
真實能破毒怨其何去佛尚
遙莫聞密句毒侵身潰⿰至反苦
於斯上智精修應圓大行者也。
<pb n="52"/>
<other>佛說清淨心經一部一卷</other>
小乘經藏收無品目會分佛
在舍衛國祇樹給孤獨園說
此中所明佛言苾芻若諸聲
聞修習正行欲得清淨心者
當斷五蓋修七覺支夫五蓋
染因障諸善行其除斷也得
清淨心七覺淨因能起正智
其修習也圓解脫果凡夫愚
惑但汩沒於愛河智者利根
期超登於真界釋師悲念淨
眾遵修念茲在茲離纏離縛
故知心如明鑑本翳垢以不
生智若浮漚乃起滅而自異
凡諸學者省覺斯焉。
<other>佛說五大施經一部一卷</other>
小乘律藏收無篇聚分類佛
在舍衛國祇樹給孤獨園說
此中所明謂不殺不盜不邪
染不妄語不飲酒以自不殺能
與佗樂餘法亦然故名大施
此五名戒防非為義或作或
止二犯二持此五止故名持
作故名犯餘善作故名持止
故名犯夫持犯之體以利樂
為功己若禁心於佗為益不
殺則仁矣不竊則廉矣不惑
則正矣不妄則信矣不醉則
莊矣故知息其非而開其是
轉染因而成淨因即解脫之
初門毗尼之妙本者也。
上五部並中天竺梵本
所出。
右三藏沙門施護譯法護
惟淨同譯沙門澄珠文一
筆受沙門簡長綴文沙門
啟沖道一智臻行[肇-ㄆ+戈]德雄
自初智遠重杲證義尚書
右丞趙安仁潤文入內內
侍省內侍高品衛承序監
譯是月十七日監譯中使
引三藏等詣
崇政殿捧所譯經具表
上進其詞曰臣施護等言
臣等今譯就佛說佛十力
經一部一卷勝義空經一
部一卷隨勇尊者經一部一
卷清淨心經一部一卷五
大施經一部一卷梵典傳
文式載妙明之旨華言[肇-ㄆ+戈]
譯允當
熙洽之辰載省載循以榮
以抃臣施護等誠惶誠幸
頓首頓首伏以
如來囑累外護者繄於
聖君貝偈宣流善譯者暢乎
真教伏惟
崇文廣武感天尊道應真
佑德上聖欽明仁孝皇帝
陛下置圖緫化
垂䇿居尊
被藻衮以嚮明
法金輪而紹位
<pb n="53"/>
證真本始之覺
洗心定慧之源
衍布空宗
丹青像法是五經者果因
咸暢響應靡渝持犯雙彰
止作成益眼等根識伊本
性之皆空蓋染障纏唯七
覺之能斷生空之理雖證
宿殃之累尚存勝妙伽陀
蔑親聞於
金口參傷虺毒遽⿰至反潰於
幻軀義緫小乘事昭往行
叢茲眾蘊上祝
亨期臣等性昧生知識慙
博達據象筵而非器被
綸命以若驚歷究梵文慶扶
至治臣等無任虔祈禱頌
激切抃蹈之至前件新譯
經謹繕寫
上進以
聞是日
上慰撫恩賜如例其經
詔付有司入藏頒行。

景祐新修法寶錄卷第四
<sarticle>景祐新修法寶錄卷第六（計十三紙）　郡</sarticle>
（＆unrec;…＆unrec;…
＆unrec;…＆unrec;
勑都大㕘定編修）
<other>隨譯年代區別藏乘錄中之五</other>
<other>歸攝藏乘略明經旨一之五</other>
<other>三年十一月起譯經一部二十卷
至天聖元年四月譯成全部并又
譯成經一部一卷</other>
<other>佛說除蓋障菩薩所問經一部
二十卷</other>
大乘經藏收無品目會分佛在
象頭山說此中所明菩薩行
門應機而荅謂施戒忍精進
禪慧方便願力智等施謂法
無畏財施不求報戒謂攝律
儀行離煩惱燒然忍謂安受
諦察耐⿱死心害等精進被甲相
續清淨禪謂止觀不著禪相
慧解無我善知業報方便迴
向善除疑悔願不卑下善具
圓滿力無能勝不動加持智
謂善解人法無我餘諸法門
不出十行夫如如本常湛性
源而寂照相相無迹[懨-猒+火]妙行
以融真真對假稱假形真立真
假雙遣性相一如所以諸佛悲
心從真起應眾生緣契因教
發心由是釋迦文之聖尊舒
光於象頭山頂除蓋障之大
士發跡於蓮華界中運彼神
通來茲佛會伸問端餘百法
啟祕要歸一真佛乃觀根隨
問十荅首宣十度振萬行之洪
基終獲二嚴示羣生之極果其
中宏張萬目精覈一心心不起
塵法源斯寂薩婆若海醫王
治病之靈方三摩地門病者獲
<pb n="54"/>
安之寶所義天寥廓混法界
以圓明智地寬平若塵沙之
妙用無說而說寧窮語默之
端無修而修自得證悟之旨
問荅斯奧說聽俱明偉哉覺
雄彰乎大利俱胝菩薩證法
忍於無生千億聲聞遠塵垢
於初果天華供獻旋寶蓋於
空中佛事莊嚴靉法雲於沙
界名兼寶積亦曰智燈惟聚
惟明至深至廣者也。
<other>佛說八種長養功德經一部一卷</other>
大乘律藏收支流別行無篇
聚分類佛為八戒弟子說受
戒法夫防非止惡通曰戒修
自利兼佗別開乘行其小行
者滌纖瑕於己其大行者[懨-猒+火]
廣利於佗此八戒中自佗兼
濟始即戒珠自潔終即果滿
嚴心說法利生俱臻勝趣者也。
上二部並中天竺梵本所出。
右三藏沙門法護惟淨譯沙
門澄珠文一筆受沙門簡長
行[肇-ㄆ+戈]綴文沙門啟沖道一
智臻德雄禪定智遠重杲
義賢令操善慈紹才證義
譯經使守司空兼門下侍
郎太子少師平章事丁謂
翰林學士刑部侍郎知制
誥晁迥翰林學士承旨尚
書左丞知制誥李維潤文
入內內侍省內侍殿頭李希
及楊懷愍監譯其經四月
八日附監譯中使齎詣
闕[庭-壬+手]具表
上進其詞曰臣惟淨等言臣
等先自天禧三年十一月起
譯佛說除蓋障菩薩所問
經至今年三月譯成全部
上之一十八卷已進
御訖下之二卷并別譯大
乘律文八種長養功德經
一部一卷今已成就
圓音彌震伊沙界之普聞
梵諜遐臻仰
皇明之溥被隆茲
淨教允屬
昌辰臣惟淨等誠慶誠抃
頓首頓首伏以斯文誠為
祕鍵象山會集
釋迦文光燭大千蓮土緣
興除蓋障躬瞻法御諮詢
妙行啟迪真猷義探實際
之淵理賾無名之始抉蒙
振滯索隱鈎深凝覺鴻慈
爰暢雲雷之辯精真邃音
冥符針芥之機道被上根
文垂曠劫恭惟
皇帝陛下欽承
寶命[懨-猒+火]嗣
慶基
翼翼守文日新於
睿政
<pb n="55"/>
蒸蒸思孝寅奉於
先謀
崇尚釋宗
宣明義諦冀
純禧之昭格期
正教之誕敷夙契
勝因克敦
外護臣等職叨雲館名玷
象筵翻傳有媿於八能詳
譯深虞於五失式偶正陽
之序慶逢
鳴社之辰虔奉
金文仰延
寶筭臣等無任瞻
天祝
聖歡呼抃蹈激切之至前
件新譯經謹繕寫
上進以
聞是日
恩賜如例其經
詔付有司入藏頒行。
<other>其年十二月譯成經三卷</other>
<other>佛說身毛喜豎經一部三卷</other>
小乘經藏收無品目會分佛
在毗舍離國最勝大城最勝
林說此中善星謗佛明宿障
以增深龍護聞經表心開而
踊躍然而覺雄應世八風之
所不搖智用垂權二因之所
不忒信田無種何善牙以發
生正行無門豈道因而斯立
夫信種者為萬法之洪源如
水清珠能清濁水其無信也
作百殃之大本如無根樹不
發秀枝而善星者曩以良緣
曾親法會後因障垢棄背佛
家於知解中返興謗訕謗言
增熾結累彌深報應昭明墮
大地獄眾會聞法意解心開
龍護緣深身喜毛豎緫斯義
旨命立經稱緣起門中此彰
顯之要也。
上一部中天竺梵本所出。
右三藏沙門惟淨法護譯
沙門澄珠文一筆受沙門簡
長綴文沙門禪定令操善
慈紹才惠真遇榮法凝紹
源鑒玉證義翰林學士承
旨尚書左丞知制誥李維
潤文入內內侍省內侍高品王
熙素監譯其經十二月二十
四日附監譯中使齎詣
闕[庭-壬+手]具表
上進其詞曰臣惟淨等言臣
等今新譯就佛說身毛喜
豎經一部三卷伏以此經握
葉敷詮蹄涔應量詢善星
之謗惑鶖子發機忻
調御之談因龍護獲益灑
慈雲之一雨洽乾地之小根
得魚之筌既伸於啟迪標
月之指乃廣於頒流功濟
人天利均沙界臣惟淨等
<pb n="56"/>
誠惶誠幸頓首頓首伏惟
皇帝陛下靈機合契
累聖貽休
振亭育之丕功
緫財成之大德
安安之道運
文化以胥和
蕩蕩之風弭武節而不試
清淨之心克著
空寂之教旁旌爰扣
祕關繼崇譯席臣等庇身
覺地陳力梵筵荷
國恩休徒驚于寡効悟
佛知見深媿於無聞獲就
華文恭遵貢式敢奉
半珠之偈仰塵
滿月之尊良藉
勝緣上資
遐曆臣等無任恭虔禱頌
激切屏營之至前件新譯
經謹繕寫
上進以
聞是日
恩賜如例其經
詔付有司入藏頒行。

景祐新修法寶錄卷第六
<sarticle>景祐新修法寶錄卷第八　　　郡</sarticle>
（＆unrec;…＆unrec;…
＆unrec;…＆unrec;呂　夷簡　等奉
勑都大㕘定編修）
<other>隨譯年代區別藏乘錄中之七</other>
<other>歸攝藏乘略明經旨一之七</other>
<other>二年十二月起譯經一部一十八卷
至五年四月譯成全部</other>
<other>佛說海意菩薩所問淨印法門
經一部一十八卷</other>
大乘經藏收無品目會分佛
在神通境界大寶莊嚴最
勝道場菩薩宮說此中所明
淨印法門而淨印者由諸菩
薩初以宿世善根及現聞善
法而用磨治彼智心寶乃至
是寶除去意中諸虛假法遠
離過失十方諸佛共所愛樂
能為一切眾生作大饒益常
善修治大乘法船為令眾生
到於彼岸拔諸眾生出生死
泥此為菩薩能善磨治一切
智心寶其最勝道場者即法
界理中神通妙用真智大寶
建立莊嚴如來乃從菩薩行
位方便出生無障礙門由茲
演說菩薩行法即有下方世
界無量功德寶無垢殊妙莊
嚴佛剎之中海意菩薩來此
娑婆世界瞻禮釋迦請問淨
印三摩地法夫淨印者謂諸
菩薩滌淨初心瑩治三業練
修道行滋植眾因初心淨而
道行精三業瑩而眾因備自
凡臻聖福廣智圓此即淨印
等持深旨者也遣諸假妄見
<pb n="57"/>
以光明如摩尼珠精治
菩薩大士踐
證一門悟
力極
闢解脫之正道門句
文字之性空金剛句中
別之自性護持正法稱讚佛
乘精道進心無退無屈縱大
海之枯涸設須彌之若塵水
火互容日月交墜斯緣可信
佛力難思守護力中不可動
轉故知此經是大法眼是妙
法印是勝法幢大乘要津祕
密樞奧受持流演真報佛恩
徇教修行速臻聖果者也。
上一部中天竺梵本所出。
右三藏沙門法護惟淨譯沙
門澄珠文一筆受沙門簡長
綴文沙門紹才禪定令操
善慈惠真遇榮法凝鑒玉
證義譯經使守司徒兼門
下侍郎平章事王欽若樞
密副使右諫議大夫夏竦
翰林學士承旨工部尚書
知制誥李維潤文入內內侍
省內侍高品王熙素陳文
一監譯四月九日附監譯中
使齎詣
闕[庭-壬+手]具表
上進其詞曰臣惟淨等言臣
等先自天聖二年十二月起
譯佛說海意菩薩所問淨
印法門經一部一十八卷至
今年四月譯成全部上之
十五卷已進
御訖下之三卷今
上進者伏以此經理趣沖微
宗源窈邈始
如來踞寶嚴之精剎萃海
會之聖流顯瑞發祥表難
思之神力隨機應物演最
上之大乘皆影響之象龍
無中下之藥草仙音誕震
法兩霈濡敷暢靈機昭宣
性地三昧淨印妙絕於言
詮萬行真猷迥超於意識
冀茲梵籍式奉
昌辰臣惟淨等誠欣誠抃
頓首頓首伏惟
聖文睿武仁明孝德皇帝
陛下至德承乾
鴻慈育物
金輪闡化杳極於四天
玉曆調允允齊於七政而復
宅心象外
觀妙幾先
證五忍於聖階
躋羣生於壽域臣等材惟
淺陋學媿空踈備位象筵
深虞於濫吹虔心貝譯誠
効於課虛屬以序及正陽
祥開華渚仗
龍宮之寶偈仰佑
<pb n="58"/>
瑤圖祝
仙刧之遐齡迥同沙筭前
件新譯經謹繕寫
上進以
聞是日
恩賜如例其經
詔付有司入藏頒行。

景祐新修法寶錄卷第八
<sarticle>景祐新修法寶錄卷第九　　　郡</sarticle>
（＆unrec;…＆unrec;…
＆unrec;…＆unrec;呂　夷簡　等奉
勑都大㕘定編修）
<other>隨譯年代區別藏乘錄中之八</other>
<other>歸攝藏乘略明經旨一之八</other>
<other>五年十二月起譯論一部一十八卷
至八年四月譯成全部</other>
<other>大乘中觀釋論一部一十八卷</other>
安慧菩薩造凡二十七品大乘
論藏收此中緫明謂即諸法
不生不滅不斷不常不一不
異不來不去何故無生謂無生
性及無滅等此復云何謂以諸
法本不自生不從佗生共生無
性不無因生何以故生法無性
生已復生亦復無性若從佗生
又佗法不能生自眼等故知自
既不生佗性亦爾若言共生共
生亦無性以二法共生有過失
故若法無因而自生者即與阿
含教理相違若無因緣而能
生果此無道理以要言之如
下頌云非有亦非無緣義和
合爾故知勝義諦中諸有物
體緫聚差別皆悉無性善巧
智中有所生義此無過失斷
常一異去來亦然良以性本
湛然名言觀智所不及中無
定位思惟分別以皆空真空既
常假名斯立標中觀而成論
示言迹以表詮得象忘言泯虛
歸實大論淵旨其在茲乎然
而託其中以遣邊邊若離而
中廢中邊不立取捨奚存無
取捨中熾然開示覺照實義
設以中言照覺對袪即無言
境所以世俗皆有勝義皆空有
且非常空且非斷是知假因緣
而稱有有本性空離性相以
名空空非相滅滅空為病取
有成纏三空空而本不空萬
有有而何甞有有空雙照性
相俱融生滅斷常本際窮而
無迹去來一異真智照以無
方大覺聖尊緫斯清淨論初
歸信祈萬德之覺尊品次彰
明統一真之要義諸佛出世
妙啟權方欲使含生同歸性
地達佛心者體生佛之一致
昧佛心者滯空有以差分其
或照悟本靈開通實際解不
言之常說知妙用以無為即
有常空去去去而無去即空
<pb n="59"/>
常有來來來以無來來去一
如染染染而奚狀存亡萬化
生生生以無從是故託以言
詮顯談中觀龍樹大士製本
論而啟端安慧智雄造末釋
而暢理本末互顯探賾精微
落落義天廓太虛而煥若滔
滔智海湛性水以凝然大矣斯
文利生津濟確乎實融真俗
之指歸窮其源破中邊之滯
執深固幽遠寔大乘之奧旨者歟。
上一部中天竺梵本所出。
右三藏沙門惟淨法護譯沙
門文一筆受沙門簡長綴文
沙門法凝禪定令操善慈惠
真遇榮鑒玉志純鑒深清
才慧濤潛政證義樞密副
使刑部侍郎夏竦潤文入
內內侍省內侍高品陳文一監
譯是月八日監譯中使引
三藏等詣
承明殿捧所譯論具表
上進其詞曰臣惟淨等言臣
等先自天聖五年十二月
起譯大乘中觀釋論一部
十八卷至八年四月譯成全
部上之十五卷已進
御訖下之三卷未經進獻
譯梵從華研精覃思式伸
微効庶集
鴻禧荐逢
鳴社之辰仰祝
後天之筭臣惟淨等誠虔誠
恪頓首頓首伏以真乘寥廓
理超名相之端了義淵凝意
出有無之表非夫異哲罕
究深源是乃龍樹興慈闡幽
微而作範安慧開物索隱奧
以釋紛性相交融空有雙辯
卓然中道迪彰照實之權
煥爾祕詮茂暢惟心之旨機
緣所遘流衍有時懿乎微
密之文適會
亨嘉之運恭惟
聖文睿武仁明孝德皇帝
陛下龍華出世
鳳曆膺期
十善之風躋懷生於仁壽
依之化誘庶彙於
正真
視政穆清運
神機而天縱
問安
長樂稟
慈誨而日新
丕緒昌隆
皇猷昭赫臣等才非八備
學昧三乘叨膺傳譯之司
莫副
東求之命今則風薰[肇-ㄆ+戈]序
日夢儲祥敢憑梵諜之文
上續
仙椿之壽前件新譯論謹
<pb n="60"/>
繕寫
上進以
聞是日
上慰撫恩賜如例其論
詔付有司入藏頒行。
<other>八年十二月起譯經一部十二卷至明
道元年四月譯成全部</other>
<other>金色童子因緣經一部十二卷</other>
其經西方聖賢集收所有
譯人筆受進
御年月等見本集。

景祐新修法寶錄卷第九
【原經卷殘缺一版】
＆unrec;＆unrec;＆unrec;＆unrec;＆unrec;＆unrec;＆unrec;＆unrec;＆unrec;如是
＆unrec;菩薩於色受想行識中隨
其言說即生取著作用而行
如是行者是行有身見亦復
行於有愛若或離有尋求而
有所行是於色受想行識中
隨其言說不生取著是為善
了知相是菩薩速證阿耨多
羅三藐三菩提果又佛言須
菩提若菩薩起心欲住平等
界中於諸色法起信解時即
二中二而有所得是菩薩於
諸色中不正說法何以故以
所信解色與能信解色無有
異相若有異相者即一切眾
生平等法中有差別相是故
菩薩當如是見如是見者即
無異相可見此中所說是義
明顯菩薩若能如是善開覺
時諸有所說是為正說受想
行識亦復如是又復廣明十
波羅蜜如理相應乃至最後
又云須菩提菩薩於色法中
應當了知空無相無願三摩
地謂於色中觀無性空性空
亦然本性空亦然諸所緣事
皆當安住心一境性受想行識
亦復如是夫自性本明無開
無覺覺明垂照有智有明運
權化於十方湛真靈於一體
存亡無迹取捨兩空落落聖
天圓鑑清淨滔滔法海般若
無知知所不知得所不得無
得之得菩薩於焉證涅槃無
知之知如來所以成正覺有從
緣有緣性本空空自緣空即
空成有有空標稱徒勞文字
之筌[(ㄇ@(企-止))/弟]理智融真無離文字
之解脫般若有五謂文字眷
屬相應觀照實相五也空即
是色寂而常照目實相也色
即是空照而常寂謂觀照矣
色空無礙性相一如乃眷屬相
應文字三也瓔珞經云一心三
觀其斯之謂歟統其妙故緣
起萬形覈其要乃搜源即冥
冥寂緣形孰分定位真所謂
寂然不動法身譬若太虛感
而遂通應物同乎水月開覺
<pb n="61"/>
自性其在茲焉。
上一部中天竺梵本所出。
右三藏沙門惟淨法護譯沙
門文一筆受沙門遇榮綴文
沙門法凝鑒深慧濤善慈
潛政清滿善初義崇證義
樞密副使尚書左丞夏竦
潤文入內內侍省內西頭供
奉官黃元吉陳文一監譯
是月八日監譯中使引三
藏等詣
端明殿捧所譯經具表
上進其詞曰臣惟淨等言
臣等自明道元年十二月
起譯佛說開覺自性般若
波羅蜜多經一部四卷至
今年四月譯成全部上之
二卷已進
御訖下之二卷今始圓成
像法流芳溥被三輪之蔭
華宮啟譯緬欽雙柰之祥繫
無緣之大慈暢
真如之祕典發揮
慧日莊嚴度門繼揚
般若之詮允屬
亨嘉之運臣惟淨等誠欣
誠抃頓首頓首竊以斯經
者趣由觀察宗極真常融
五蘊於性源廓三空於智
境翼宣大部之要該明最
上之乘被菩薩機開眾生
慧言周五百之頌理圓四
印之文夙奉翻傳聿終篇帙
旋資祕藏式廣未聞恭惟
睿聖文武體天法道仁明
孝德皇帝陛下肅秉
乾符端臨
法扆繼
大明而委照保
鴻慶以御圖
茂德隆於百王
緒業光於
列聖克勤克儉
允武允文誕敷
淳懿之皇猷旁
眷真空之妙道
[懨-猒+火]崇象譯增足
琅編臣等莫究義天未躋
智地徒紹西明之職誤叨
南面之知今者幸遇
星渚騰輝封人獻祝荐樂
開祥之且虔傾頌
聖之心寅仗金文上資
睿筭前件新譯經謹繕寫
上進以
聞是日
上慰撫恩賜如例其經
詔付有司入藏頒行。

<other>景祐新修法寶錄卷第十</other>
<sarticle>景祐新修法寶錄卷第十二　　郡</sarticle>
（＆unrec;…＆unrec;…
＆unrec;…＆unrec;呂　夷簡　等奉
<pb n="62"/>
勑都大㕘定編修）
<other>隨譯年代區別藏乘錄中之十一</other>
歸攝藏乘略明經旨一
聖賢集傳華竺類例二
嗣續興崇譯場詔令三
<other>聖賢集傳華竺類例二之一</other>
西域梵本翻譯一
東土聖賢著撰二
<other>西域梵本翻譯一</other>
<other>天聖八年十二月起譯金色童子因
緣經至明道元年四月譯成全部</other>
<other>金色童子因緣經一部十二卷</other>
無品目會分是佛滅後尊者
阿難以小乘因緣集成其文此
有二義一非釋師大覺金口親
宣故於聖賢集收二以經通五人
說故乃目為經緫其義旨者
若植施種勝報不虛清淨施
田福果無失此中所明阿難
昔於王舍城中化一啇主其名
日照家財富盛與毗沙門天王
等無有異娶以上族而為妻室
久無嗣息極生憂惱時忉利
天中有一天子天報將盡樂生
人中帝釋天主觀察知已謂
言天子王舍城中日照啇主
妻室仁賢堪汝託陰天子白
言若彼啇主與其妻室乃至
盡壽歸依三寶我當從命託
彼陰中時帝釋天主從天中
隱即於日照舍中處空而住
妙光照曜商主見是勝相即
時禮奉白言天主汝天聖尊
降於小舍當何教令天主荅
言汝若希求有子息者應當
盡壽歸依三寶啇主白言我
如尊教乃至盡壽歸依三寶
其後忉利天子謝滅天報託
陰日照商主之妻廣現瑞相後
生一子色相殊麗端正嚴好生
後二十一日廣營福事親族共
議立名金色命以八母乳哺養
育童子長立教習藝能金色
童子成長之後親近有智沙
門婆羅門等聽受道法及營
勝事日照商主於王舍城外有
一大園金色童子日往遊適或
時捿處讀誦經典乃至又明
金色童子由昔因故感現生
中阿闍世王國內有一大臣以
女人因緣加謗童子乃至最
後命將殞滅遇尊者阿難神
力救護得脫其命爾時尊者
阿難高處虛空與五百大阿羅
漢為金色童子隨應說法童
子聞說法已有身見山高二十
峯以智金剛而悉摧破即證
須陀洹果尊者又為阿闍世王
大臣及諸眾會宣說法要廣現
神力令諸眾會證果獲益又
明金色童子猒離生死詣尊
者所願求出家誓修梵行尊
者為說出家之法成苾芻已
<pb n="63"/>
於須[更-一]間斷諸煩惱證阿羅
漢果證是果已以宿命智諦
觀先世相續業因乃見自身
極具殊勝大福威力乃為眾生
開發福門令生尊重即時脫
自身所著衣持用淨施以神
力故一衣脫已一衣旋出乃至廣
多積而成聚是衣金色眾覩
希奇廣徧王舍大城普施一
切其後金色尊者普為一切
眾會宣說福因悉令開悟又
明布施修福因行克招福報
乃至阿闍世王讚歎尊者阿
難自功德力殊勝明顯復能
開發如來最上清淨教法大
威神力大哉世尊最勝知見
所宣無上清淨教法付囑尊
者大迦葉等而尊者阿難自
智慧月舒光滿空普徧照曜
如俱母陀華茂盛開發世間
憂苦熱惱侵逼尊者清淨大
雲普蔭所演妙言如甘露雨
灑潤世間咸令歡恱其後日
照商主并妻眷屬皆悉出家
俱證道果乃至尊者阿難廣
為眾會如應說法示教利喜
作佛事已一切大眾皆發淨心
各獲善利。
上一部中天竺梵本所出。
右三藏沙門法護惟淨譯沙
門不動護證梵義沙門忍
吉祥證梵文沙門文一筆
受沙門遇榮綴文沙門法凝
志純鑒深慧濤善慈潛政
清滿善初義崇清才證義
樞密副使兵部侍郎夏竦
潤文入內內侍省內侍高品
陳文一黃元吉監譯是月八
日監譯中使引三藏等詣
承明殿捧所譯經具表
上進其詞曰臣法護等言臣
等先自天聖八年十二月起
譯金色童子因緣經一部
十二卷至今年四月譯成全
部其上九卷已逐次進
呈訖餘三卷今具
上進者覺樹分華大千界
蒙諸景蔭海潮發響無量
眾悟被真機猗金簡之西
臻故玉華而東啟紹[懨-猒+火]
勝諦允屬
熙辰臣法護等誠慶誠抃
頓首頓首竊以斯經乘居
小部理彌偏於半字義環
類於貫珠善惡之業分[敲-高+止]
禍福之門異轍滋種子於
毗婆尸佛成利樂於妙耳
啇人宗極果因文該報應
金色具體雅由淨施之心
蓮座敷榮適表知非之相
苟非翻於梵諜載以華言
曷能洞積刧之因𧷤千差
之業欽逢
<pb n="64"/>
景運荐譯
真詮恭惟
聖文睿武仁明孝德皇帝
陛下宅道無為
與靈合契
慶覃兆物
化浹四洲
坐堯屋以非心
垂舜裳而興治纂隆
丕緒寅尚
真慈旌
像教於鷲峯廣琅編於龍
藏奉
純禧而資
廟社衍
正智而利人天廣集
戒因克嚴
外護臣等任叨譯席學懵
空宗徒慙五失之譏詎比千
金之字慶
開祥於里社効獻
祝於封人[虔-文+ㄆ]貢
金文上嚴
寶筭前件新譯經謹繕寫
上進以
聞是日
上慰撫恩賜如例其經
詔付有司入藏頒行。

景祐法寶錄卷第十二
<sarticle>景祐新修法寶錄卷第十三　　郡</sarticle>
（＆unrec;…＆unrec;）

【原經卷殘缺】
<other>東土聖賢著撰二之一</other>
<other>太宗皇帝御製</other>
<other>妙覺祕詮一部二卷</other>
右大中祥符八年
文兵部侍郎兼宗正卿趙
安仁上言
先朝御製妙覺集五卷中
有論讚頌詩合錄出別行
者望以妙覺祕詮為名鏤
板模印
詔可之。
<other>真宗皇帝御製</other>
<other>法音前集指要一部三卷</other>
右大中祥符八年十一月潤文
兵部侍郎兼宗正卿趙安仁
於法音前集中錄論一首讚
一十六首頌六首詩十一首合
成三卷請以法音前集指要
為名鏤板模印集外別行
詔可之。
<other>注釋釋典文集一部三十卷緫
錄一卷</other>
右天禧四年春二月沙門祕
演等表請以
御製述釋典文章命僧箋注
附于大藏
詔可乃選京城義學文學沙
門簡長行[肇-ㄆ+戈]惠崇希白鑒
深重杲鑒微尚能楚文曇
<pb n="65"/>
休普究禹昌永興善昇清
達祕演善初繼興希雅仲
熙省辯崇璉顯忠令操義
賢瑞王無象行圓有朋文
倚同箋注令左右街僧錄
守明澄遠譯經三藏惟淨
㕘詳翰林學士楊億劉筠
晏殊樞密直學士王曙同
詳覆又
詔宰臣丁謂都大㕘定五
年秋書成進
御鏤板流行賜謂等器幣
眾僧師號紫衣衣服茗帛
度童行有差。
<talk>注四十二章經一部一卷并序（文見大藏）</talk>
<talk>注遺教經一部一卷并序（文見大藏）</talk>
<other>百緣經序一首（文見大藏）</other>
右天禧二年
詔左僕射兼中書侍郎平
章事王欽若擇藏經之精妙
者讎校鏤板模印之此三經
真宗為之作序注釋三年
二月三藏沙門法護惟淨諸
付院傳寫入藏從之。
<other>法音後集一部三卷</other>
右景祐二年九月譯經使兼
潤文右僕射兼門下侍郎平
章事呂夷簡同潤文吏部
侍郎叅知政事宋綬於
御集中錄出勒成三卷請以
法音後集為名編入新錄
詔從之。
<other>今上皇帝御製上</other>
<other>注三寶讚一部三卷</other>
右天聖九年閏十月二十五
日遣中使陳文一齎本付
院潤文樞密副使兵部侍
郎夏竦工部侍郎㕘知政
事王曙上表曰臣等伏覩
御製三寶讚付傳法院者
臣等聞聖人之立言也理
將神俱義與天遠蓋寫意
以明道必釋理而詮源矧乃
一乘之妙門六度之奧旨事
兼儒梵學際人天不有訓
詁之文曷究蹄筌之賾敢
緣悃款備達
凝嚴恭惟
聖文睿武仁明孝德皇帝
陛下濬哲欽明
淵泉溥博
纘丕猷而履盛業叶
慈德以講政經
心契冥樞
道超沖諦爰屬
撫辰之暇益
惇務學之風
結念空宗
摛豪祕譯且謂十迴向之法
蓋常覺以湛明三歸依之
途惟大願而圓具繹為讚
述洞厥本元布傳千柰之
園聳耀八龍之藏而黑白
<pb n="66"/>
之眾鑽誦其言稽
祖宗之舊聞有箋解之前
範至若六塵五蔭之別四
智三身之殊咸有造端並
當悉數矧
睿辭之援紀皆經誥之隱
微包舉頓漸之流區分真
妄之識若不條陳事實㕘
會性宗將使
宸意靡能究宣禪叢無所
放仰上件
三讚伏望
聖慈特
許臣等與譯經三藏沙門
法護而下注釋頒行如此則
彌文盛美耀鷲頭之淨居
外護殊因符雞足之往記與
佛燈而比照流沙劫以垂程
慺慺丹誠伏須
允誨謹奉表陳
請以
聞於是
詔三藏法護惟淨筆受文一
綴文遇榮證義法凝志純
鑒深慧濤善慈潛政清滿
善初義崇同注釋竦曙㕘
詳監譯陳文一黃元吉管勾
明道元年五月又
詔太常丞直集賢院李淑
太子中允集賢校理鄭[戩-(ㄙ*ㄙ)+(口*口)]
同檢討儒道文字注釋七月
詔中書侍郎平章事呂夷
簡都大㕘定勒成三卷二
年正月奉表
上進其詞曰臣夷簡等言
臣等先奉
勑注釋
御製三寶讚者
像教東來惟
帝王所以膺付囑
聖言誕布惟
佛祖所以契機緣屬
華且之開期仰
寶毫之有作夫何　鄙猥
預研覃臣夷簡等誠榮誠
懼頓首頓首恭惟
聖文睿武仁明孝德皇帝
陛下聦哲凝猷
寬仁闡教奄
四輪而制世紹
二后以恢基茂宣
清淨之風慎守
盈成之業恊敷
慈訓丕顯
時文乃復
結念寶乘
儲精貝典會
法宮之暇日
肆覽羣篇稽
禰廟之舊章特流
坦制繼
徇緇裳之請許歸
華藏之編申
<pb n="67"/>
命譯筵
俾詳句義討繹
咨於詞苑緫領
委於鼎司臣等並以菲踈
繆常推擇始承
明詔共竭愚衷竊惟
宸慮所該
妙心廓照嘆
調御之力則曰為救為歸
勗和居之倫則曰不內不
外至于軌持之賾寔
探真覺之源
因文見情故
語默之無
立義詮道故
體要而不煩邈
河漢以無涯豈管筵之可
測徒徧繙於竺部兼傅會
於儒墳悉著綱條粗分準
裁僅踰歲序始就編聯當
草具之初成幸
制決之乃定伏望
陛下荐留
宸覽務廣
度門許
班布於多方庶
恢隆於
勝利食時作傳雖謝於前
修乙夜備觀終慙於廣記
將塵衡石若寘冰淵其
三寶讚臣等今㕘定注釋
分成三卷隨表上
進干冒
宸嚴臣等無任歡愉榮
幸激切屏營之至謹奉
表以
聞賜
詔荅曰朕以萬方治定庶
務清閒覽花藏之微言得
金仙之大旨究其妙蘊蓋
本於一乘濟乎有情爰分
於三寶因為讚述用導
化源乃命台衡俾加訓解
而能率其官屬逮彼緇流
研覃既盡於指歸綜緝遂
成於編帙尋觀奏御願廣宣
揚顧論譔之辭多慙䟽略
稽發明之意備極精微垂
之不刊斯誠有補欽嘉攸
至寤寐不忘所進知㕘定
注釋官及眾僧
恩錫有差讚文鏤板摸即
賜宗室近臣各一本。

景祐新修法寶錄卷第十三
<sarticle>景祐新修法寶錄卷第十四　　郡</sarticle>
（＆unrec;…＆unrec;…
＆unrec;…＆unrec;呂　夷簡　等奉
勑都大㕘定編修）
<other>隨譯年代區別藏乘錄中之十三</other>
<other>聖賢集傳華竺類例二之三</other>
西域梵本翻譯一
東土聖賢著撰二
<pb n="68"/>
<other>東土聖賢著撰二之二</other>
<other>今上皇帝御製下</other>
<other>景祐天竺字源序一首（文具本集）</other>
右景祐二年九月
降賜
天聖廣燈錄序一首。
右因鎮國軍節度使駙馬
都尉李遵勗上廣燈錄景
祐三年四月
神筆製序以冠首篇。
<other>景祐新修法寶錄序一首（文具本錄）</other>
右景祐三年十二月譯經使
兼潤文右僕射兼門下侍
郎平章事呂夷簡同潤文
吏部侍郎㕘知政事宋綬
上表曰臣等昨奉
勑㕘定傳法院新修法寶
錄將周部類者臣等聞
聖人立言所以會儒釋之
宗㕘華竺之義
敷明格訓
闡佑教乘故有篹次新
編裁成別錄惟摽名以合
其奧指惟冠序以輯其宏
綱歷考前規率鯀
睿作敢沿眾悃竊覬
俞恩臣夷簡等誠懇誠願
頓首頓首恭惟
景祐體天法道欽文聦武聖
神孝德皇帝陛下道貫真機
學該智地紹
三后之丕命
撫萬邦之大同乃復
結念空門
留神覺苑推
囑累之旨演
淨範以啟勝緣導
悲忍之方暢
能仁而域羣品伊譯場之
攸設蓋
皇祖之[肇-ㄆ+戈]謀逮及
重熙益[懨-猒+火]嚴事繹三歸之
誓則
雲藻昭回綴滿偈之文則
貝函襞積矧
先朝法寶之述本梵筵謹日
之餘歷載于茲舊聞未補
間承
中詔俾續前篇既以備禹
穴探書之藏亦以新魯堂
後經之例臣等叨陪衡宰
兼涖繙傳慙微緝潤之工
莫盡研覃之敏伏見
真宗舊制皆
御筆製序賜名蓋密助於
聖因亦旁資於世典竊惟
右文之盛以
立言詮理為先
恊帝之華以
繼孝善成為美[卸-ㄗ+夬]而弗講
後亦何觀伏望
陛下乘
清廂之宴間
<pb n="69"/>
䊸錯跗而譔述揭為題引
示厥方來如此則上以昭
前人之光垂裕不朽下以彰
外護之益傳信無窮願
抑謙謙之誠少慰惓惓之
請臣夷簡等無任戴
天荷
聖激切屏營之至謹奉表陳
請以
聞三藏法護惟淨與筆受
綴文證義沙門十一人又
上表曰臣等昨奉
勑差同編修
聖朝法寶新錄伏覩
真宗朝編修新譯經錄蒙
御製序引及賜名題者釋
部荐修非
宸文無以垂長世藏乘既
載非正名無以示方來稽
累聖之豐規咸
立言而作則爰期
寶訓式貢叢誠臣法護等
誠惶誠願頓首頓首竊以
禹疇龍敘乾綱始著於同
文漢夢金人震旦爰開於
有覺極幾微而共貫[肇-ㄆ+戈]
功業以相先惟道有階偶
時彌劭伏惟
景祐體天法道欽文𦖟武
聖神孝德皇帝陛下沖夷
宅聖
淵懿居明
登利用於九功
播由庚於萬物采邦祇若
函字穆清欽
三后之在天
昭一變而至道
成均之典咸秩空寂之教
䆮興茂建大中克臻
至治矧復荐䊸
睿思聿贊
妙乘
申命輔臣緝為
寶錄紀
三朝之懿鑠綜六譯之徽猷
臣等性愧珠明心同苑塞
備茲纂集慶及圓成其如
序目未形人神安仰伏望
陛下俯因
間宴濬發
淵謀
探妙用於無方揚
先芬於
善述
丹青像法
黼繡人文式
播美於千齡永
同風於三代
福津沙界將
仙劫以齊𠇲
辭冠琅編極
梵世而增耀臣法護等無
任瞻
<pb n="70"/>
天望
聖投誠瀝懇激切竢
命之至謹奉表陳
請以
聞賜呂夷簡等
批荅曰金僊闡化貝葉垂
文頃自
先朝頗崇
像法設攸司而翻譯濟羣
品之愚蒙歷歲滋深厥功
甫就卿等位隆輔弼職在
刊修遽貢封章願形序引
顧惟寡德莫究
真筌拒來請以既難增媿
懷而良切所請景祐新修
法寶錄序依奏允許夷簡
等奉表謝云臣等近上表
以傳法院新修法寶錄畢乞
御筆製序賜名伏蒙
聖慈特降
批荅允許者貝諜啟筵
寶編嗣述輒祈
序引兼寵
標題而
詔檢下臨
恩允隨降緇裳聳胎柰
苑增輝臣夷簡等誠感誠
抃頓首頓首伏惟
景祐體天法道欽文聦武
聖神孝德皇帝陛下祗紹
慶基
勤恁上德
侔清寧而敷化
放仙釋以凝懷惟竺園翻
導之場本震旦宣流之盛
率循
先範助闡
勝因寔繄累譯之功克彰
外護之益而撰錄之舊限
斷有初逮及
聖辰彌恢嚴事雖傳梵之
字並續刊聯而繫日之書
未遑補緝間承
中旨特廣後經矧在空孱
並叨緫領緹律屢變鈆豪
甫栖雖部類粗分而篇辭
猶[卸-ㄗ+夬]苟非
神睿之作曷符
囑累之緣率籲羣言冒陳
丹悃豈謂
至仁善應
洪覆函容沛然
綈封形之
璽誨俾用紀年之稱特光
標目之傳方
敷繹於
宸章佇叶隆於
善利啟緘拜
賜已驚得寶之榮游
聖難名預起觀
瀾之媿惟期祕奉上荅
燭臨臣等無任戴
天荷
<pb n="71"/>
聖激切屏營之至謹奉表稱
謝以
聞又賜法護以下
勑書曰省所上表為編修
聖朝法寶新錄乞
御製序事具悉汝等夙植
善根早依
空教既被水田之服深明
貝葉之文翻譯是司編聯
甫就遽形列奏堅願冠篇
顧惟沖人莫窮
真覺勉從來請良切媿懷
所請景祐新修法寶錄序
依奏允許故茲示諭想冝
知悉是月二十七日遣中
使齎
御製序
宣示呂夷簡等仍以付院。
<other>莊獻皇太后製</other>
<other>注發願文一部三卷</other>
右天聖八年夏內出本付
院俾附大藏錄九年十一
月潤文樞密副使兵部侍
郎夏竦工部侍郎㕘知政
事王曙請注
皇帝三寶讚因請此文同
時注釋十二月
詔允所請書成進
御鏤板摸印流行。

景祐新修法寶錄卷第十四
【原經卷殘缺】

號證覺大師梵＆unrec;＆unrec;＆unrec;＆unrec;＆unrec;
職掌沙門道巒紫衣度童行
十一人為僧以沙門文涉志
緘志能充梵學十二月天竺
沙門悲賢寂賢貢梵經四夾
金剛座印五角各賜紫衣束帛。
六年
夏五月天竺沙門寶賢貢梵
經十九夾佛骨菩提樹葉無
憂樹葉賜紫衣束帛秋八月
天竺沙門智賢勝賢東京沙
門德超惲澄自西域同抵
闕下貢梵經四夾佛骨舍利
鐵鉢玉璞各賜紫衣束帛冬
十一月三藏沙門施護上言
故慧辯三藏法賢玄覺三藏
法天歸葬之所先蒙賜地建
慧辯禪院有田百餘畝以供
眾僧望免輸稅
詔可之賜證義沙門簡長號
智印大師行[肇-ㄆ+戈]及講論沙門
文泰紫衣度童行十一人
為僧是歲
詔以入內殿頭李懷信監院。
七年
春三月以沙門德雄充證義
夏四月天竺沙門滿賢東京
沙門惠琛惠彎惠牙惠謂惠
倕法忍和釗和又和勤德倫
和行法端子承守斌惠偘自
<pb n="72"/>
西域同抵
闕下貢梵經十四夾佛骨舍
利金剛座印念珠秋八月沙
門懷慶自天竺還貢梵經三
夾佛骨舍利菩提樹𦯧無憂樹
枝自滿賢惠琛而下並賜紫
衣束帛冬十一月賜證義沙門
德雄門弟子澄珪志真紫衣
度童行十一人為僧是歲
詔以入內殿頭李知和監院
以沙門自初充證義。
八年
春三月沙門惠戈惠琳繼平
宗秀自天竺還貢梵經十三
夾佛舍利菩提念珠又沙門
善洪亦自天竺還貢梵經二
夾佛骨舍利無憂樹𦯧夏五
月天竺沙門勇密貢梵經六
夾佛骨舍利銅佛像中印度
波羅奈國世尊轉法輪處印
記閏六月西天竺沙門無畏
中天竺沙門覺吉祥貢佛骨
舍利金剛座印冬十月天竺
沙門天覺妙德僧護貢梵經
十二夾佛骨舍利自惠戈勇
密而下並賜紫衣束帛十一月
詔曰傳法院同譯經西天傳
梵大師賜紫法護光梵大師
賜紫惟淨早悟宗乘勤探法
要演金僊之教亦既該通譯
貝𦯧之書備詳精妙廣真詮
於鷲嶺增縹帙於龍宮特被
朝章式旌梵學崇階視品併
示恩榮更勵乃誠無忘祗率
並可特授朝散大夫試鴻臚
少卿餘如故法護等奉表謝
曰今月五日
東上閤門各授官告一通
勑牒一道蒙
恩特授臣等朝散大夫試鴻
臚少卿餘如故者
王言曲被但驚
彬郁之文
睿渥旁流共浹
涵濡之澤省循交切啟處靡
遑臣法護等誠感誠懼頓首
頓首伏念臣等性本顓蒙學
惟寡陋覺心源而並涸顧行
𦯧以雙凋徒以早貢竺墳幸
偶千年之
上聖同㕘華館罔窮三藏之
微言自玷翻宣荐更涼燠雖
堅精苦終懵覃研真觀八能
靡播邇遐之譽道安五失寧
逃緇白之譏方積慙顏敢期
榮遇豈調伏蒙
崇文廣武儀天尊道寶應章
感聖明仁孝皇帝陛下乘萬
機之暇豫因六合之清夷
探妙空宗
推恩梵侶試月卿於九𣗥㕘
爵品於三珪深愧庸虛曷勝
負荷敢不究心貝𦯧矚目
<pb n="73"/>
螺紋少傾塵露之誠上荅
雲天之造臣法護等無任戴
天荷
聖激切屏營之至謹奉表稱
謝以
聞法護惟淨仍並加月俸
詔以證義沙門修靜為右街
講經首座重珣為左街鑒義
分知西京左右街教門事啟
沖為右街鑒義賜證義沙門
自初職掌沙門志拱志江紫
衣度童行十一人為僧。
九年
春三月天竺沙門童壽智友
貢梵經一夾佛骨鏤牙觀音
菩薩像以天竺國菴摩羅木
為龕夏五月天竺沙門三滿
多葛貢梵經十四夾金剛座
印秋七月沙門紹慜紹暹自
天竺還貢梵經二夾佛骨舍
利菩薩像菩提念珠自童壽
紹慜而下並賜紫衣束帛冬
十一月賜證義沙門行[肇-ㄆ+戈]號
慧觀大師門弟子澄誨志璋
紫衣度童行十一人為僧。
天禧元年
春二月梵學沙門文涉請詣
天竺
詔許之以沙門智遠重杲充
證義秋八月沙門奉永自天
竺還貢梵經十二夾佛骨金
剛座印無憂樹𦯧冬十月沙
門本淨懷問自天竺還貢梵
經二夾佛舍利念珠十一月
沙門自然清巒顯昭自天竺
還貢梵經六夾金剛座印并
模印中天竺摩伽陀國那爛
陀寺佛成道所聖金剛座袈
裟記自奉永而下並賜紫衣
束帛賜梵學沙門志緘號宣
梵大師證義沙門重杲職掌
沙門志澄紫衣度童行十一
人為僧十二月沙門遵泰德
圓自天竺還貢梵經十夾佛
舍利菩提念珠先是
太宗皇帝御製新譯三藏聖
教序刊石于中天竺國佛成
道所因得石本以貢並賜紫
衣束帛三藏沙門施護有疾
上遺中使監太醫霍炳趙拱
左皓診視是月二十六日以趣
寂聞
上頗憫悼遣入內殿頭王克
讓監護葬事所湏官給
內出繒帛製法衣葬日左右
街備威儀賜諡曰明悟法護
惟淨同詣
便殿稱謝
命坐賜茶
上撫慰之施護遺命以念珠
道具為獻賜其門弟子澄靄
澄親紫衣度童行二人為僧
是歲
<pb n="74"/>
詔以入內高品衛承序監院。
二年
春正月
詔以同譯經沙門法護惟淨
並充譯經三藏加俸給夏六月
詔以翰林學士刑部侍郎知
制誥晁迥充潤文秋七月沙
門乂仙守約志德清順自天
竺還貢梵經二夾佛骨無憂
樹𦯧並賜紫衣束帛八月賜
三藏沙門法護惟淨
勑書曰省所上表竊覩制命
立昇王為皇太子稱賀事具
悉近者徇薦紳之勤請㳂主
鬯之舊章式建儲闈已頒恩
制惟乃開士樂遇亨期爰貢
賀章具稱殊慶披覽之際嘉
尚良多故茲示諭想冝知悉
冬十一月沙門清雅守元自
天竺還貢梵經二夾佛骨舍
利念珠菩提樹葉賜清雅師號
守元紫衣並兼束帛以沙門義賢
禪定並充證義賜證義沙門德雄
號明義大師義賢及職掌沙門
志璘紫衣度童行十一人為僧
詔許筆受沙門主藏沙門每歲
誕聖節度童行各一人十二
月沙門真泰自天竺還貢梵
經五夾佛骨舍利賜紫衣束帛。
三年
春正月沙門德欽守慜神平
原本守照守舁自天竺還貢
梵經十四夾佛骨舍利念珠
三月天竺沙門覺賢貢梵經
六夾金剛座印夏六月天竺
沙門悲賢眾護貢梵經六夾
佛像佛手印小塔冬十一月
天竺沙門普善貢梵經二夾
菩提念珠自德欽覺賢而下
並賜紫衣束帛賜證義沙門
智遠號淨照大師門弟子慧
珍道成紫衣度童行十三人
為僧賜法護惟淨
勑書曰省所上表稱賀
南郊禮畢事具悉昨以定位
國陽薦誠
霄極奉吉蠲之毖祀荷
報降之蕃釐鉅禮允修羣倫
胥恱師等夙㕘真諦樂遇昌
辰慶盛事以克成貢露章而
致賀言念勤恪良切嘉稱故
茲示諭想冝知悉是歲
詔以入內殿頭李希及監院。
四年
春二月沙門惠德繼倫德溏
智顯真普福瓌文海從信志
因志瑜道昌志演自泥波羅
國還貢梵經七十三夾念珠
無憂樹葉三月天竺沙門法友
貢梵經五夾並賜束帛法友
仍賜紫衣三藏法護惟淨上
言譯席有闕員臣等於京城
寺院訪求名德舉奏深慮品
<pb n="75"/>
藻未精自今望令開封府遣
官集兩街僧職及見講經律
論僧三十人僉定試本學＆unrec;
道如對荅得通即奏名差補
詔從之夏四月
詔以翰林學士工部侍郎知
制誥楊億充潤文沙門守斌
清成自天竺還貢梵經十二
夾金剛座印菩提樹𦯧並賜
紫衣束帛五月以沙門令操
充證義六月
詔以證義沙門簡長為右街
鑒義秋八月
詔曰朝散大夫試鴻臚少卿
西天傳梵大師賜紫法護朝
散大夫試鴻臚少卿光梵大
師賜紫惟淨金人示像早悟
於群迷珠藏傳文實裨於
淨治必資開士㕘譯梵音以
尓法護稟異迦維游方震旦
包一乘之法器契六度之善
因以尓惟淨捿跡空門伏膺
妙典[挺-壬+手]出公王之胄夙推生
[肇-ㄆ+戈]之流共討竺墳載更律
嘉其勤止特霈茂恩視秩象
河名品加峻體予外護荷此榮
章並可試鴻臚卿餘如故翌
日監譯中使引法護惟淨對于
便殿
上命坐賜茶
親撫慰之冬十一月賜證義沙
門重杲號法海大師梵學沙
門慧燈職掌沙門志曦紫衣
度童行十三人為僧以沙門
善慈充證義十二月
詔以左僕射兼門下侍郎太子
少師平章事丁謂充潤文是歲
詔以入內高品楊懷志入內殿
頭揚懷愍監院。
五年
夏四月
詔監譯中使揚懷愍陳文一
管勾修葺本院凡三年而畢
五月以沙門紹才充證義冬
十一月
詔曰朕言念翻譯之館甞崇
置使之名綱緫攸歸典故斯
在眷吾上宰夙達真乘方潤
色於貝文實助揚於像教冝
更美稱用恊彞章允資外護
之能克副紹隆之意司空兼
門下侍郎太子少師平章事
丁謂冝差充譯經使兼潤文
唐三藏義淨譯經是時宰相
左僕射韋巨源右僕射蘇瓌
太子少師唐休璟太子少保
韋溫侍中韋安石紀處訥中
書令宗楚客蕭至忠監譯特
進李嶠筆受潤文至是法護
等援故事上言遂命宰臣充
使自是赴上及譯經啟罷皆
中書樞密院赴會賜證義沙
門善慈職掌沙門澄諫文詳
<pb n="76"/>
紫衣度童行十三人為僧。
乾興元年
春正月
詔梵學筆受澄珠文一綴文
簡長行[肇-ㄆ+戈]證義重杲善慈就
本寺普賢閣同校大藏經仍
取天壽皇建二院經本㕘對
三藏惟淨管勾會
真宗升遐罷其事。

<other>景祐新修法寶錄卷第十六</other>
<sarticle>景祐新修法寶錄卷第十七　　郡</sarticle>
（＆unrec;…＆unrec;…
＆unrec;…＆unrec;呂　夷簡　等奉
勑都大㕘定編修）
<other>隨譯年代區別藏乘錄中之十六</other>
歸攝藏乘略明經旨一
聖賢集傳華竺類例二
嗣續興崇譯場詔令三
<other>嗣續興崇譯場詔令三之二</other>
<other>起乾興元年四月至天聖七年</other>
皇上以乾興元年春二月紹登
寶位凡譯場規範悉用
先朝故事。
其年
夏四月賜證義沙門紹才門
弟子道昌慧通紫衣度童
行十三人為僧秋七月
詔以翰林學士承旨兼侍讀
學士尚書左丞知制誥李維
充潤文八月天竺沙門能寂
貢梵經三夾佛骨舍利畫像
賜紫衣束帛。
天聖元年
春正月梵學沙門文涉東京
沙門懷問行羙志坦崇杲宗
朴自天竺還貢梵經二十五
夾佛骨舍利念珠菩提樹葉
文涉至中天竺摩伽陀國堅
固鎧宮寺偶三藏阿闍梨梅
怛利羼帝得梵本海意菩薩
所問淨印法門經一部凡九
十五葉乃藏中未有者
詔令翻譯賜文涉號明梵大
師懷問號顯教大師行美等
紫衣各加束帛三月以沙門
惠真遇榮法凝紹源並充證
義夏四月賜證義沙門令操
號寶印大師善慈號演教大
師門弟子志淳紫衣度童行
七人為僧六月三藏沙門惟淨
以目疾表求捿止名山翌日中
使傳
旨不允所請賜緡錢十萬以
慰勉之冬十月以沙門鑒玉
充證義是歲
詔以入內高品王熙素監院。
二年
春三月天竺沙門信護智賢
愛賢貢梵經三十夾金剛座
印佛舍利畫塔像並賜紫衣
束帛夏四月賜證義沙門惠
真職掌沙門道月志瑝紫衣
<pb n="77"/>
度童行十三人為僧秋九月
沙門義清自天竺還貢梵經
十夾佛舍利菩提念珠賜紫
衣束帛冬十二月度童行三
人為僧。
三年
夏四月賜證義沙門紹才號
慧日大師職掌沙門道廣慧
明紫衣度童行十三人為僧
五月
詔以入內高品陳文一監院秋
七月天竺沙門佛吉祥鎧眾
寂悲鎧抵
闕下並賜白金束帛冬十月
詔以司徒兼門下侍郎平章
事王欽若充譯經使兼潤文
十一月
詔以證義沙門紹才為右街
鑒義十二月賜證義沙門遇
榮法凝紹源紫衣。
四年
春二月
詔以翰林學士左司郎中知
制誥夏竦充潤文三月沙門
惠則可蘊自天竺還貢梵經
十三夾佛舍利無憂樹葉並
賜紫衣束帛賜梵學沙門
道隆號智照大師證義沙門
鑒玉職掌沙門慧宣紫衣度
童行十三人為僧夏四月沙門志
瑜志津法順自天竺還貢梵
經十夾佛頂骨並賜紫衣束帛
內出天台智者科教經論一
百五十卷令三藏惟淨集左
右街僧職京城義學文學沙
門二十人同加詳定編錄入藏
詔杭州搜訪印版並令附驛
以進有闕者付印經院刊鏤
五月復出唐慈恩寺翻經法
師窺基所著經論章䟽四十
三卷令編聯入藏惟淨等請
以智者慈恩二書附於開元
錄東土集傳之次。
五年
春二月
詔新除樞密副使右諫議大
夫夏竦依舊兼潤文天竺沙
門法吉祥忍吉祥貢梵經二
夾並賜紫衣束帛夏四月賜
職掌沙門慧妙慧聦門弟子
道深紫衣度童行十三人為
僧三藏沙門法護惟淨上言
傳譯之興自漢永平丁卯迄
唐正元己巳歷十九代凡七百
二十四年所出三藏教文七千
四百餘卷自是輟翻譯者一
百九十三祀
聖宋啟運像教中興
太祖皇帝遺僧西游以訪梵典
太宗皇帝[肇-ㄆ+戈]興譯館廣演祕文
真宗
皇上繼闡真乘增新華藏迄
於天聖凡四十六載所出教
<pb n="78"/>
文五百一十六卷近者五天
竺所貢經葉多是已備之文
鮮得新經翻譯法護願迴天
竺惟淨乞止龍門山寺仍錄
前代譯經三藏十五人罷譯
故事以
聞表入留中不報潤文樞密
副使夏竦亦奏其事未之
許也五月法護惟淨復奉表
陳請曰臣等近上表章以別
無新經梵本傳譯乞依前代
罷翻譯例臣法護願迥西天
寧覲親老臣惟淨欲止龍門
山寺焚修報
國未奉
朝旨者單函
上達
俞詔未頒期
天造之曲成冀愚衷之得請
荐陳封奏仰瀆
凝聦㾕凜增懷兢惶失次臣
法護等誠惶誠懼頓首頓首
伏念臣等才非半古學謝多
聞雖傳演以逢
時實討論而寡効優游
輦轂緜歷歲華[肇-ㄆ+戈]自
太宗汔于
真廟興隆斯久崇尚愈敦揭
慧日於釋天九居浹
祉植曇花於覺苑七趣蒙
休寵獎彌隆
恩榮頗極
皇帝陛下嗣臨
大寶祗守
先謨繼揚
真淨之風丕闡
妙明之化竊緣梵誥頓闕新
經端守象筵虛沾月稟然念
臣法護慈親垂老寧忘晨省
之心鄉國敻賖欲遂生還之
志臣惟淨久嬰目疾近復神
疲既當耆艾之年庶適林泉
之性伏望
陛下不奪眾生之願迥垂
調御之慈
委照物情
俯從人欲臣等同小人之懷
土罔避靦顏效先哲之乞骸
聳聽
俞命臣等無任瞻
天望
聖[虔-文+ㄆ]祈瀝懇激切屏營之至
謹再奉表陳
乞以聞
勑荅曰省所上表乞罷翻譯
法護願迴西天寧覲親老惟
淨欲往龍門山寺焚修事具
悉像教之布有助於化源譯
館之興式宣於梵典師等夙
推明悟久預翻傳資妙演於
貝文實廣埤於華藏荐披
奏削願輟經筵誠嘉沖退之
懷且殊信尚之意方隆法寶
<pb n="79"/>
勉導真乘無徇謙虛副茲延
眷所請冝不允故茲示諭想
冝知悉法護惟淨具表謝曰
臣等兩上表章乞罷翻譯臣
法護願迴天竺臣惟淨欲住
龍門伏奉
勑書示諭不允者一丘養志
將辭報法之緣
尺詔垂文誕錫
自天之命未迴
俞旨曲軫
睿慈但切兢憂不遑啟處
臣法護等誠惶誠懼頓首頓
首竊念臣等素無道業誤受
聖知秩預卿曹
恩頒稍食香積之供斯厚
穆清之眷尤殊夙夜省循何
勝於
寵遇焚修補報冝卜於退藏
豈謂曲霈
堯仁載延梵館此蓋
聖文睿武仁明孝德皇帝陛
下道侔
覺帝
心奉釋宗顧此譯筵由
三聖之經啟欽斯妙籍皆
諸佛之極談冀
福羣生俾隆象化而臣等覃
研無效宣演非才名慚白足
之流德謝連眉之彥猥塵
睿獎曷報
天慈惟增香火之勤少罄[治-口+月]
塵之效臣等無任感
天荷
聖激切屏營之至謹奉表稱
謝以
聞仍令潤文夏竦傳
旨且譯論文九月
詔以證義沙門法凝為左街
鑒義冬十二月度童行三人為僧。
六年
春三月以沙門潛政清才並充
譯經證義是時譯席有闕本
院請依試僧職例選試遂令
兩街保舉深達經論素有名
行眾所推服者凡五人
詔翰林學士章得象精加考
試乃得潛政等沙門智昇紹
頻自天竺還貢梵經十一夾
佛舍利菩提念珠並賜紫衣
束帛夏四月賜職掌沙門文
超號圓教大師門弟子道詳
慧本紫衣度童行十三人為
僧六月天竺沙門調伏軍覺
賢天賢貢梵經十夾佛舍利
並賜紫衣束帛冬十二月度
童行三人為僧。
七年
夏四月沙門廣原自天竺還
貢梵經十三夾菩提念珠無
憂樹葉賜紫衣束帛賜梵學
沙門慧燈號明智大師度童
行十三人為僧冬十二月復
<pb n="80"/>
度童行三人為僧。

景祐新修法寶錄卷第十七
（范寨村范家門下李氏彫經一卷為法界父母）
<sarticle>景祐新修法寶錄卷第十八　　郡</sarticle>
（＆unrec;…＆unrec;…
＆unrec;…＆unrec;呂　夷簡　等奉
勑都大叅定編修）
<other>隨譯年代區別藏乘錄中之十七</other>
歸攝藏乘略明經旨一
聖賢集傳華竺類例二
嗣續興崇譯場詔令三
<other>嗣續興崇譯場詔令三之三</other>
<other>起天聖八年至明道元年</other>
八年
春二月
內出
御飛白書兩軸軸各二字賜三
藏沙門法護曰佛心惟淨曰佛
法翌日法護等奉表
謝其詞曰伏蒙
聖恩賜臣等
御飛白書各一軸者
聖言下布躬聆
振玉之音
神蹟誕頒式仰
霏雲之勢齋薰以[門@(八/允)]負荷寧任臣
法護等誠感誠抃頓首頓首恭惟
聖文睿武仁明孝德皇帝陛下
祗御
琁圖欽膺
寶命
四三王而為大率土歸
仁一六合以稱
尊遐荒知
化而復
研幾眾妙
縱聖多能
大昕視政之餘
乙夜觀書之外
洞精八法
博究六文襞絮幅以冰凝揮
宸毫而露灑
運成帚字
錫彼經筵在昔署榜鴻都始謂
神仙之妙揚風素扇亦推鸞鳳
之奇曾未若崇尚
寶乘
眷懷譯館紀
佛陁之美稱動釋苑之榮觀
緘蓮藏以聯芳冀
傳衣劫
寘琅函而等耀敻比芥城而臣
等智地荒榛性源枯涸試象河
之秩學謝不空翻葱嶺之書才
非童壽猥蒙
殊錫曷報
崇私忻戴兢銘倍萬常品臣法
護等無任感
天荷
聖激切屏營之至謹奉表稱
謝以
聞三月以沙門志純鑒深慧濤
<pb n="81"/>
並充證義夏四月賜證義沙門
潛政職掌沙門志嚴慧光紫衣
度童行十三人為僧是月
詔三藏沙門法護惟淨班於左
右街副僧錄之上法護惟淨上
言前奉
旨令譯論文其中論一部已譯
畢復無經論宣演
上遣入內高品劉從政傳
旨俟有梵文至即當翻傳無得
請罷譯五月
詔以證義沙門志純為右街講
經首座鑒深為左街鑒義慧濤
為右街鑒義六月
詔以入內高班黃元吉同監院
三藏沙門惟淨求往西洛葬
其父祖
優詔可之賜白金二百兩緡錢
百千帛百匹香藥茶燭給以官
徤縣次續食冬十月天竺摩伽
陀國沙門不動護與其門弟子
釋吉祥明護貢梵經十四夾佛
頂骨雕鏤佛像不動護者天竺
義學沙門也十二月八日三藏
沙門法護惟淨筆受沙門文一
引對於
承明殿
上撫慰命坐令至後苑
玉宸殿賜齋食賜不動護紫衣
號流教大師充證梵義加月俸
又賜二弟子紫衣各兼緡帛十二
月度童行三人為僧。
九年
夏四月三藏沙門法護惟淨上
言本院每歲
誕聖節例奏紫衣師號共三人
內一人望許別擇高行僧奏舉
詔從之賜門弟子志江號廣慈
大師惠妙號崇行大師度童行
十三人為僧秋七月法護請遊
五臺山
詔可辭日賜裝錢二十萬洎香
藥給官徤縣次續食冬十月還
上都十一月以沙門義崇清滿
善初並充證義天竺沙門金剛
手貢梵經五夾金剛座印等賜
紫衣束帛十二月度本院童行
三人為僧。
明道元年
春正月有沙門懷問甞再游
天竺為
真宗皇帝建聖塔於金剛座至
是復請詣西土且求
先朝繼作聖教序
皇帝三寶讚
皇太后發願文與摩伽陀國記
同刊石座側又請齎佛大衣十
九條以往
皇上嘉美其意悉從所請
御筆飛白題大衣為佛法清淨
四字仍
詔譯經潤文樞密副使兵部侍
郎夏竦撰懷問三詣西天中印度
<pb n="82"/>
摩伽陀國記其詞曰
皇宋受
天命以
火德王天下之七十三祀龍集
涒灘萬國無事累歲大穰四海
懷柔奕世飲澤外則方嚴靜重
之帥坐清遠略內則寬明仁厚
之相平分元化百工駢組而樂職
兩宮深拱以論道講求希闊布
宣謨訓觀天地之大德考皇王
之能事可毗于治者必舉而行
之傳法院言有僧懷問甞再詣
天竺為
真宗文明武定章聖元孝皇帝
建窣堵波于金剛王座側今欲
繼徃更增二塔以法莊嚴星宿
等刼乞
先朝繼作聖教序
應元崇德仁壽慈聖皇太后發
願文
聖文睿武仁明孝德皇帝三寶
讚詣彼刊石又言齎大衣十九
條奉
彌勒所成釋迦像
有制可之勾當傳法院入內內
侍省內西頭供奉官黃元吉寔被
宸旨錄賜
三聖御製仍俾尚方塗金於大
衣為賢劫千佛像飾以金塗
銀絛𨥜
御飛白書佛法清淨字於其
裏印以
御前龍紐之文并製塗金千佛
幡六塗金五百羅漢幡二以副
之仍
詔史官書其茂實臣聞紛綸萬
化之表大功不可以備著混茫
千古之下盛德不可以殫舉因
有際天接地韜光隱耀待
聖人而後發為懿鑠鋪為盛節
者焉臣眇觀前志佛生三代之
末仲尼云西方之人有聖者焉
不治而不亂不言而自信不化而
自行蕩蕩乎民無能名焉其佛
之謂歟而自大夏卭竹傳身毒
之名昆邪金人奉甘泉之享逮
茲厥後史不絕書摩騰之迎自
月氏法顯之往游靈鷲漢寺西
峙求貝多者如雲譯館東開肄
悉曇者成市寶乘日廣龍藏歲
增數溢名山之藏文多廣內之
府而振旦輪王之宸跡
東土聖人之微言千載于茲未
甞西被天意若曰待
我有宋大聖人而具焉
國家奄宅中區旁覆萬國灌烽
滅遂無勤遠之師浮琛沒羽厚
來王之禮非道德不圖于政非
仁義不訪于朝惟德澤之滲漉
際日月之出入
今上躬
天縱之姿[挺-壬+手]
生知之聖
<pb n="83"/>
具大威德以
攝受多方
不邇色聲以
律度群后
博貫於六學
宣精於三教
聦哲丕顯
包舉百王廣大之功
智慧無等
了達諸佛深妙之法
信也莫勤於外護
孝也莫嚴乎善繼甞以
先皇帝靈承曩記
深解上乘
無緣等慈
救黎苗之疾苦
神機獨運
悟三覺之妙明仰繼
神宗作為序引
皇太后尊嚮正法
緫貫萬善
極慈愛之德
保佑朕躬
啟廣大之心
饒益臣庶濬發
鴻誓著為文辭由是抽
寶跗掞
宸藻
披乾坤之蘊
開河洛之奧
飛英于八藏
歎美於
三寶
莊嚴大智
甘露之流潤
開導善牙
震雷之發響有生蒙福千覺讓
能補處之所未知群臣固其叵
測而皆
金文並煥
寶軸分藏雨花繽紛每四眾之
圍繞地種震動諒
諸佛之下觀咸徇勤誠俾刊西
土廣
襧廟慧明之德闡
慈宸右序之仁大哉
聖謨盡善盡美矣又以所齎伽
黎往奉檀像布昭
睿迹永著勝緣拂素成文
飛毫冠古何懷問之幸遇成竺
乾之盛事不可思議有如此哉
固將鏤
聖言於翠琬祕
宸翰於寶衣鎮金剛之道場蔭
鉢羅之瓌樹葱雪之境瞻仰者
皆悟本原龍天之眾見聞者咸
登正覺集
二宮之
百福垂億祀之
鴻名
禖石開祥
天枝永茂
壽山增固
<pb n="84"/>
睿筭無疆臣久豫譯筵徧探往
牒恭以百代未行之闕典自
國家而始焉
諸佛出世之大因自
我朝而備焉雖師子之能吼須
彌之為筆固不窮盡稱述此第
一希有之功德者矣中書樞密
院各賦
御飛白
釋迦佛袈裟詩以獻門下侍郎
兼吏部尚書平章事呂夷簡曰
高僧持佛裓
宸翰枉奇蹤運帚增新意塗金奉
睟容
寶跗揮雨露翠㲲煥虬龍護淨
天香馥莊嚴玉笈封諸方欣共
覩億載信難逢
二聖崇真諦常為萬國宗中書
侍郎兼兵部尚書平章事張士
遜曰
睿聖縱多能
功先始畫分五天旌寶＆unrec;四字
表同文素掩吟風翼輕回拂
漢雲
兩宮嚴
佛事萬國化人羣震旦
重熙運迦維浩刼勳雨花盈妙
祴大施自
吾君樞密副使尚書左丞夏竦
曰印度嚴高座
迦文範睟容塗金施法服拂素寓
宸縱幢相威光盛田畦霧采重
葉承垂露直香漬偃波濃滿字
回翔鳳分行並戲龍天人共欣
躍殊勝信難逢樞密副使禮部侍
郎范雍曰西竺靈蹤遠千年遇
聖神田衣金縷妙霜素
寶跗新去耀流沙路開添奈苑
春光華師子座加被
法王身四字明空旨三陽離染
塵彌增
二宮筭瞻禱五天人禮部侍郎
㕘知政事陳堯佐曰拂素
宸毫麗飛煙煥
佛衣偃波慙體弱垂露恥功微
五印傳師法三乘賴發揮蜿蜒
龍乍躍繚繞鸖爭飛海㝢求何
得人天見亦稀殊方瞻
墨妙
萬壽祝巍巍禮部侍郎㕘知政
事薛奎曰西域唐僧去
朝家供
佛衣
覺皇增寶飾飛白發
天機徤若龍鸞峙輕同霧雨霏
途程夷夏闊物施古今稀
玉札滎
宸藝金襴煥
國輝還憑
清淨化重譯自來歸樞密副使
吏部侍郎趙稹曰至德推
真主能仁奉
覺皇法衣臻妙麗
<pb n="85"/>
神翰極飛翔致供斯為美修因
孰可量
信心生北闕靈跡重西方仰止隆
二寶冝乎集
百祥逢
時歌勝事拙思謝彫章尚書左
丞㕘知政事晏殊曰
二宮崇
像教十力契
能仁西國田衣就鴻都
寶翰新蛟龍生素練鸞鵲照金
身九譯行無礙丹函
字有神光華南贍曰宣布揭陁春
受福冝千億常康萬㝢人
詔懷問於西域求訪東土未有
之經齎還翻譯夏四月賜門弟
子道月號真性大師職掌沙門
慧住紫衣度童行十三人為僧
六月證梵義沙門不動護求還
中天竺
詔從之給舡由廣州浮海而歸
冬十一月注輦國遣使貢表以
金葉書天竺字
上遣內侍石全育齎付院翻譯
以進十二月度童行三人為僧。

景祐新修法寶錄卷第十八
【原經卷殘缺一版】
第一卷聖宋翻宣繼聯前式錄上＆unrec;…＆unrec;十四卷
舊譯
太宗朝
大小乘經律論集一百
一十九部二百四十三
卷已編入前錄
真宗朝
大小乘經律論集
八十三部一百七十卷
已編入前錄
新譯真宗朝大小乘經律論集一十二部七十六卷未
編入錄
今朝
大小乘經律論集九部八
十五卷未編入錄
兩朝緫二十一部一百六十一卷
並今錄新編
第二卷
隨譯年代區別藏乘錄中之一
歸攝藏乘略明經旨一之一
大中祥符五年五月譯成
小乘經一部三卷
進經表一首
其年十一月起譯至八年六月譯成
大乘經一部三十卷
第三卷
隨譯年代區別藏乘錄中之二
歸攝藏乘略明經旨一之二
八年十一月譯成
大乘經一部四卷
進經表一首
九年五月譯成
大乘經一部三卷
進經表一首
第四卷
<pb n="86"/>
隨譯年代區別藏乘錄中之三
歸攝藏乘略明經旨一之三
九年十一月起譯至天禧元年譯成
大乘經一部六卷
進經表一首
其年十一月譯成
小乘經四部四卷
小乘律一部一卷
進經律表一首
第五卷
隨譯年代區別藏乘錄中之四
歸攝藏乘略明經旨一之四
二年五月起譯至三年五月譯成
大乘論一部一十卷
進論表一首
第六卷
隨譯年代區別藏乘錄中之五
歸攝藏乘略明經旨一之五
三年十一月起譯至天聖元年四月譯成
大乘經一部二十卷
大乘律一部一卷
進經律表一首
其年十二月譯成
小乘經一部三卷
進經表一首
第七卷
隨譯年代區別藏乘錄中之六
歸攝藏乘略明經旨一之六
二年四月譯成
大乘經一部二卷
大乘論一部二卷
進經論表一首
第八卷
隨譯年代區別藏乘錄中之七
歸攝藏乘略明經旨一之七
二年十二月起譯至五年四月譯成
大乘經一部一十八卷
進經表一首
第九卷
隨譯年代區別藏乘錄中之八
歸攝藏乘略明經旨一之八
五年十二月起譯至八年四月譯成
大乘論一部一十八卷
進論表一首
第十卷
隨譯年代區別藏乘錄中之九
歸攝藏乘略明經旨一之九
明道元年十二月起譯至二年四月譯成
大乘經一部四卷
進經表一首
第十一卷
隨譯年代區別藏乘錄中之十
歸攝藏乘略明經旨一之十
景祐元年二月起譯至四年三月譯成
大乘經一部二十卷
進經表一首
第十二卷
隨譯年代區別藏乘錄中之十一
聖賢集傳華竺類例二之一
西域梵本翻譯一
天聖八年十二月起譯至明道
元年四月譯成
經集一部一十二卷
<pb n="87"/>
進經集表一首
第十三卷
隨譯年代區別藏乘錄中之十二
聖賢集傳華竺類例二之二
東土聖賢著撰二
太宗御製
趙安仁請集
妙覺祕詮
真宗御製上
趙安仁請錄
法音前集指要
許羣僧箋注
釋典文集
注四十二章遺教二經
并作序
作百緣經序
譯經使呂夷簡等編
法音後集
今上御製上
內出　三寶讚夏竦王
曙表請與譯經僧
同注釋
呂夷簡等進注
讚表一首并
批荅
第十四卷
隨譯年代區別藏乘錄中之十三
聖賢集傳華竺類例二之三
東土聖賢著撰二
今上御製下
內出天竺字源序
李遵勗進天聖廣燈錄
上為作序
呂夷簡等及譯眾各上表請
御製法寶錄序并名題
賜批荅勑書
第十五卷
隨譯年代區別藏乘錄中之十四
聖賢集傳華竺類例二之四
東土聖賢著撰二
高僧著述
譯眾修新譯經音義
惟淨等編天聖釋教緫錄
沙門崇廉進大藏經名禮懺法
詔付院詳定
法護惟淨編景祐天竺字源
儒臣撰集
詔夏竦撰天聖釋教緫錄序
王隨獻傳燈玉英集
賜詔獎諭
李遵勗獻天聖廣燈錄
詔獎之
沙門懷問三往西天中印
度摩伽陀國
詔夏竦撰記
夏竦奉
詔撰傳法院碑銘
第十六卷
隨譯年代區別藏乘錄中之十五
嗣續興崇譯場詔令三之一
大中祥符五年
沙門行[肇-ㄆ+戈]充證義
賜證義梵學職掌沙門師
<pb n="88"/>
號紫衣度童行
沙門文涉等充梵學
天竺沙門貢梵經等
六年
天竺沙門貢梵經佛骨等
天竺沙門與東京沙門自
西域同抵
闕下
詔免慧辯禪院田稅
賜證義講論沙門等師號
紫衣度童行
李懷信監院
七年
沙門德雄充證義
天竺沙門與東京沙門自
西域同抵
闕下
沙門自天竺還
賜證義沙門及門弟子紫
衣度童行
李知和監院
沙門自初充證義
八年
沙門五人自天竺還
天竺沙門六人貢梵經佛
像佛骨舍利等
詔授法護惟淨朝散大夫
試鴻臚少卿并
謝表
證義沙門修靜為僧職
賜證義職掌沙門紫衣
度童行
九年
天竺沙門三人貢梵經龕像
沙門自天竺還
賜證義沙門及門弟子師
號紫衣度童行
天禧元年
證義修靜等遷僧職
許梵學文涉遊西域
沙門六人自天竺還
賜證義梵學職掌沙門師
號紫衣度童行
沙門自天竺還得
太宗御製石本
三藏施護事迹
衛承序監院
二年
同譯經法護惟淨並充三藏
晁迥充潤文
沙門七人自天竺還
勑荅法護等表賀立
皇太子
沙門義賢禪定充證義
賜證義職掌沙門師號紫
衣度童行
許筆受主藏沙門歲度童行
三年
沙門自天竺還
天竺沙門四人貢梵經像塔等
賜證義沙門及門弟子師號
紫衣度童行
勑荅法護等表賀南郊
<pb n="89"/>
李希及監院
四年
沙門自泥波羅國還
天竺沙門貢梵經
譯僧有闕開封府遣官集
僧職定試
楊億充潤文
沙門自天竺還
沙門令操充證義
詔授法護惟淨試鴻臚卿
告謝干　　便殿
賜證義梵學職掌沙門師
號紫衣度童行
沙門善慈充證義
丁謂充潤文
楊懷志楊懷愍監院
五年
詔監譯中使修葺本院
沙門紹才充證義
丁謂充譯經使詔
賜證義沙門紫衣度童行
乾興元年
詔惟淨等校大藏經
第十七卷
隨譯年代區別藏乘錄中之十六
嗣續興崇譯場詔令三之二
乾興元年
賜證義沙門及門弟子紫
衣度童行
李維充潤文
天竺沙門貢梵經畫像等
天聖元年
沙門自天竺還得藏中未
有之經
沙門慧真等四人充證義
賜證義沙門及門弟子師
號紫衣度童行
惟淨以目疾求捿止名山
不允賜以緡錢
沙門鑒玉充證義
王熙素監院
二年
天竺沙門貢梵經
賜證義職掌沙門紫衣度
童行
沙門自天竺還
度童行
三年
賜證義職掌沙門師號紫
衣度童行
陳文一監院
天竺沙門抵
闕下
王欽若充譯經使兼潤文
證義沙門紹才為鑒義
賜證義沙門紫衣
四年
夏竦充潤文
沙門五人自天竺還
賜證義梵學職掌沙門師
號紫衣度童行
詳定天台科教并慈恩章
䟽編聯入藏
<pb n="90"/>
五年
夏竦除樞密副使依舊潤文
天竺沙門貢梵經
賜職掌沙門及門弟子紫衣度童行
法護惟淨再表言少新經
請罷譯
勑荅不允并謝表
證義沙門法凝為鑒義
度童行
六年
沙門潛政清才充證義
詔章得象考試譯經僧
沙門自天竺還
賜職掌沙門及門弟子師
號紫衣度童行
天竺沙門貢梵經
度童行
七年
沙門自天竺還
賜梵學沙門師號再度
童行
第十八卷
隨譯年代區別藏乘錄中之十七
嗣續興崇譯場詔令三之三
八年
御飛白書賜法護惟淨奉
表謝
沙門志純等三人充證義
賜證義職掌沙門紫衣度
童行
詔三藏班於副僧錄之上
不許法護等請罷譯
證義沙門志純等為僧職
黃元吉監院
惟淨往西洛葬父祖賜白
金緡帛等
天竺沙門不動護貢梵經
引對
承明殿賜齋苑中
度童行
九年
許法護等每歲別奏高
行僧
賜門弟子師號度童行
法護遊五臺山賜裝錢香藥
沙門義崇等三人充證義
天竺沙門貢梵經
度童行
明道元年
沙門懷問三遊西天
御飛白題佛大衣令齎
往夏竦
撰記宰臣等各獻五言詩
賜門弟子職掌沙門師號
紫衣度童行
不動護求還
翻譯注輦國金表
度童行
第十九卷
隨譯年代區別藏乘錄中之十八
嗣續興崇譯場詔令三之四
二年
法護惟淨注釋
<pb n="91"/>
御製三寶讚及
莊獻明肅皇太后發願
文畢加試
光祿卿奉表謝
賜職掌沙門紫衣
天竺沙門貢梵經
朱若水同監院
度童行
景祐元年
呂夷簡充譯經使兼潤文
王曙同潤文
中書樞密院啟譯日唱和
詩十首
賜門弟子紫衣度童行
許證義沙門各度童行
沙門崇璉等三人並充證義
二年
宋綬同潤文
賜門弟子師號紫衣
修法寶新錄
閻士良同監院
勑荅法護惟淨表賀
南郊大赦
裴湘監院
三年
東天竺沙門善稱貢梵經
對於
延和殿說經義後苑
賜齋又撰偈讚
呂夷簡等請校正元錄經
鏤板
詔從之
啟譯日呂夷簡賦六韻詩和
者八人
賜證義沙門師號度童行
沙門鑒微充證義
筆受沙門文一為鑒義
四年
內出龜茲國梵經付院叅詳
內出佛牙佛骨令法護惟
淨詳驗
第二十卷
復準八例排經入藏錄下
右緫列
聖朝新譯經律論集傳等
緫錄一卷　右通二十一卷
景祐新修法寶錄緫錄

</file>