<file>
<pb n="1"/>
﻿<book id="A114">A114冊</book>
<article id="n1510">佛說大乘僧伽吒法義經</article>

<sarticle>佛說大乘僧伽吒法義經卷第二</sarticle>
西天譯經三藏寶輪大師賜紫沙門臣金揔持等奉　詔譯
尒時有十八酤胝無知外道來詣＆unrec;
所各坐一面而作是言喬荅＆unrec;＆unrec;＆unrec;
世間最為尊勝亦勝於汝何＆unrec;＆unrec;＆unrec;
獨號世尊世尊告言如來常勝汝何
勝邪彼諸外道又復說言我等勝汝
世尊告言無知外道汝何有勝但生
＆CB22534;倒住＆CB22534;倒中云何能勝汝等於自
若身若心諸苦逼迫尚不了知云何
能勝汝今諦聽當為汝說諸佛＆unrec;＆unrec;

甚深法義令汝等輩皆獲利益時諸
外道聞佛是說生大嗔恚是時帝釋
天主見諸外道心生嗔恚持堅固杵
而欲摧壞諸外道輩時彼十八酤胝
無知外道生大驚怖涕淚悲泣哀＆unrec;
如來而求救護于時如來忽於＆unrec;＆unrec;
隱身不現時諸外道不見如來益加
憂惱涕淚悲泣同說偈言。
 失彼救護者  如失於父母 
 亦如空寂處  無伴侶獨行 
 江河或枯竭  魚鼈莫潛形 
 若無林木枝  飛鳥何所寄 
 不見於如來  我等亦如是 
 眾生諸苦惱  何人能救護 
尒時十八酤胝無知外道說是偈已
從座而起雙膝長跪發大音＆unrec;＆unrec;＆unrec;
得聞而作是言如來大悲兩足尊者
憐憫我等願為救護作是說已。
尒時世尊於此眾會還復現形止帝
釋天主已告一切勇猛菩薩摩訶薩
言汝可為彼諸外道輩宣說妙法正
時一切勇猛菩薩而白佛言世＆unrec;＆unrec;
如湏彌山王以小黑山豈能為比今
者如來令我為是諸外道等宣說諸
法亦復如是世尊告言善男子汝可
觀察十方世界諸佛如來方便善巧
所作利益皆是如來智慧願力之所
建立此諸外道樂我說法汝先往詣
十方世界觀察諸佛如來說法方便
是外道輩我當為說一切勇猛復白
佛言今者世尊令我往詣十方世界
觀察諸佛說法方便未審以何神通
力去以自神通為承佛力而＆unrec;＆unrec;＆unrec;
告言一切勇猛以汝神通及假如來
神力而去尒時一切勇猛菩薩即從
座起遶佛三匝作禮而去。
尒時世尊告諸外道我今＆unrec;＆unrec;＆unrec;＆unrec;
法要汝等當知生為大＆unrec;因有＆unrec;＆unrec;
招諸怖畏所謂生有病怖生有老怖
生有死怖何緣名怖為諸眾苦所逼
惱時生大怖畏所謂王法加怖怨賊
會怖風火水等飄焚沈溺如是等＆unrec;
造諸惡業苦報熟時生大憂＆unrec;＆unrec;＆unrec;
諸苦當知皆是因生而有世尊告言
諸外道等若能了知如是生法當得
離於一切諸苦時彼外道聞佛是說
生大怖畏咸白佛言我等今者皆願
離於生死怖畏是時世尊＆unrec;＆unrec;＆unrec;＆unrec;
<pb n="2"/>
時彼十八酤胝無知外道皆發阿耨
多羅三藐三菩提心復有萬八千酤
胝菩薩皆得十地以神通力現種種
形及諸神變現神變已咸皆陞於世
尊四面諸寶樹下蓮華座上跏趺而坐
尒時如來入于三昧以善巧方便舒
金色臂示說法相經七晝夜是時一
切勇猛菩薩遊於十方諸佛剎土最
後至彼最上語言蓮華世界從於彼
土屈伸臂頃還來＆unrec;＆unrec;至世尊所遶
佛三匝生尊重心恭敬合掌而白佛
言我承佛教往詣十方諸佛剎土以
自神通過九十九千酤胝諸佛剎土
以如來神力過百千酤胝諸佛剎＆unrec;
經七晝夜最後至於最上語言蓮華
世界於其中閒過九十二千酤胝佛
剎見彼諸佛現在說法又過八十千
酤胝佛剎見彼八十千諸佛如來應
正等正覺同時出世我皆於彼恭敬
作禮又過三十九千酤胝佛＆unrec;＆unrec;＆unrec;
十九千酤胝菩薩以正法藏諮詢＆unrec;
議同時皆證無上菩提我亦於是初
成正覺諸如來所各各恭敬作禮旋
遶又過六十酤胝諸佛剎土見諸＆unrec;
尊安住說法我亦於是諸如＆unrec;＆unrec;＆unrec;
敬禮拜又過百酤胝佛剎見彼如來
將般涅盤我亦如是於彼佛所恭敬
作禮又過九十五酤胝佛剎見彼正
法將欲破壞心自思惟生大悲惱＆unrec;
彼欲界色界天龍藥叉等各各憂惱
涕淚悲泣又過一佛剎正法久滅＆unrec;
火洞然大海湏彌土地草木悉皆燒
壤但一空界無所依止過是界已至
于最上語言蓮華世界見彼＆unrec;＆unrec;＆unrec;
虛空中各有百千酤胝諸佛世尊＆unrec;
各坐於七寶之座為諸眾生宣說妙
法我到彼已問諸如來今此世界名
字云何時諸佛中有一世尊而告我
言此佛世界號最上語言蓮華我＆unrec;
於彼是世尊所右遶作禮而白彼佛
今此剎土化眾生主其名云何彼世
尊言名蓮華藏如來應供正等正覺
我時於彼諸佛世尊所而皆作禮乃
告之言今此五百千酤胝諸佛眾中
何者名蓮華藏如來時彼最上語言
蓮華世界諸如來中一佛世尊乃告
我言善男子我是蓮華藏如來應正
等正覺作是說已時＆unrec;如來隱身不
現同時化現菩薩形相于時唯見＆unrec;
如來身我於是時頭面敬禮彼如＆unrec;
足忽於地中涌出寶座時彼世尊示
我令坐我陞座已又復涌出無數寶
座而無有人陞是座者我時問言云
何如是眾多寶座空無人坐時彼＆unrec;
尊乃告我言諸有情類不種善根藏
福德故尚不能見如是寶座况復能
得登是座邪我復白彼佛世尊言種
何善根而得是座彼世尊言善男子
若諸有情得聞是僧伽吒法義者是
諸有情能登是座暫聞尚爾何况有
人於此法義書寫讀誦修習之＆unrec;＆unrec;
切勇猛汝於過去由聞是法生＆unrec;＆unrec;
心今乃得至我＆unrec;土中我時又問＆unrec;
<pb n="3"/>
世尊言其有聞此僧伽吒法義所得
福德其數幾何彼時蓮華藏如來放
大光明現希有相其光徧照十方世
界我復白彼佛言有何因緣放大＆unrec;
明現希有相彼佛告言一切勇猛＆unrec;
昔已聞釋迦如來說是功德我今為
汝亦復略說一切勇猛譬如＆unrec;＆unrec;＆unrec;
所王一四大洲地滿中盛巨勝＆unrec;＆unrec;
云何如是巨勝是為多不一切勇猛
而白佛言甚多世尊佛言一切勇猛
以是巨勝共為一聚若人取以為種
種於餘處如是一聚成無量＆unrec;＆unrec;＆unrec;
筭師還能筭計知其數＆unrec;＆unrec;＆unrec;＆unrec;＆unrec;
復白佛言不也世尊無有眾生＆unrec;＆unrec;
筭計知其數者彼世尊言此僧伽吒
法義聽聞之者所得功德亦復如是
筭數計量所不能及一切勇猛乃＆unrec;
以一巨勝為一如來同共聲讚聞是
僧伽吒法義所得善根無量福德不
能窮盡。
于時一切勇猛菩薩而復告白＆unrec;＆unrec;
尊言若復有人書寫受持讀誦＆unrec;＆unrec;
如是法義所獲功德願為略說其數
云何時彼世尊而語一切勇猛＆unrec;＆unrec;
言善男子諦聽諦聽吾今為汝＆unrec;＆unrec;
解說善男子＆unrec;＆unrec;三千大千＆unrec;＆unrec;＆unrec;
中草木叢林根莖枝葉悉皆斷截如
指節量以一節量為一輪王又復以
三千大千世界＆unrec;＆unrec;＆unrec;＆unrec;所＆unrec;＆unrec;＆unrec;
碎為微塵復以一塵為一輪＆unrec;＆unrec;＆unrec;
天下是諸輪王所有福德若有眾＆unrec;
善能筭計知其數否一切勇猛菩＆unrec;
而白佛言世尊如上所說彼＆unrec;＆unrec;＆unrec;
所有福德其數無量而無有＆unrec;＆unrec;＆unrec;
籌量知其數量＆unrec;言如是如是＆unrec;＆unrec;
勇猛菩薩若復有人於此僧伽吒大
乘最勝法義而能書寫受持＆unrec;＆unrec;＆unrec;
說所獲福德若以三千大千世界國
土滿中草木叢＆unrec;根莖枝葉悉知所
截如指節量以一節量為一輪＆unrec;又
復以其三千大千國土滿中所有土
石末為微塵以一微塵為一輪一所
有福德不可為喻若復有人而能尊
重是僧伽吒大乘法義一字一義是
人所得福德倍勝於前一切勇猛菩
薩若人於此僧伽吒經一心正念堅
固受持安住法中如是之人是名獲
得最上廣大勝法一切寶藏常得現
前出生無量功德義利饒益眾生為
大法炬光明＆unrec;＆unrec;一切有情＆unrec;＆unrec;自
他種種煩惱悉皆摧伏天魔蘊魔煩
惱死魔及魔眷屬皆悉破壞一＆unrec;＆unrec;
門若性若相若＆unrec;＆unrec;＆unrec;方便智慧悉
皆能入一＆unrec;＆unrec;＆unrec;＆unrec;＆unrec;摩訶＆unrec;＆unrec;白
彼世尊言若人於是僧伽吒法義＆unrec;
習之者是名成就諸真實行名＆unrec;＆unrec;
行如是淨行名如來行如是之人甚
為希有彼淨＆unrec;人於晝夜中＆unrec;＆unrec;＆unrec;
來常現在前而為覆護得見如來亦
復能入如來剎土一切＆unrec;藏而能＆unrec;
悟如是之人臨＆unrec;＆unrec;＆unrec;＆unrec;諸怖＆unrec;＆unrec;
倒散亂安住正＆unrec;而於後世不處胎
胞清淨化生遠離眾苦及諸煩惱＆unrec;
<pb n="4"/>
切愛染不為怨家男女眷屬種＆unrec;纏
縛我時白＆unrec;世尊已時彼世尊復語
我言一切勇猛菩薩摩訶薩如來出
世如優曇華難可值遇又復＆unrec;＆unrec;＆unrec;
僧伽吒最上法＆unrec;亦復為難而＆unrec;福
中深生信解歡喜聞持不生誹諦中
復為難一切勇猛菩薩摩訶薩若＆unrec;
聞此僧伽吒法義即能＆unrec;＆unrec;＆unrec;＆unrec;＆unrec;
慧於八十劫中＆unrec;宿命智六十＆unrec;＆unrec;
為轉輪王八千劫中為天帝釋二墮
五千劫中為淨居天三萬八千劫中
為大梵王四空天主＆unrec;＆unrec;九千劫＆unrec;
不壞正信＆unrec;至＆unrec;來五百劫中不＆unrec;
摖囉迦趣百千劫中不墮餓鬼二萬
八千劫中不墮畜生萬三千劫中不
墮修羅遠離[門@斲]諍刀杖損害二萬＆unrec;
千劫中離＆unrec;＆unrec;＆unrec;七千劫中常修善
慧九千劫中廣修檀度一切眾生若
有所須悉皆能捨心無慳惜＆unrec;＆unrec;具
足猶如如來萬＆unrec;千劫不墮女身萬
六千劫離＆unrec;＆unrec;＆unrec;諸苦因緣二萬五
千劫中得＆unrec;＆unrec;＆unrec;利萬九千劫中不
墮龍身六十劫中不生嗔恚七十劫
中所須充足離諸貧苦八萬劫中為
銅輪王王二天下救護一切＆unrec;＆unrec;＆unrec;
生令得安樂萬酤胝劫中遠離愚癡
萬三千劫離諸謟誑及以惡行萬一
千劫常行忍辱乃至臨命終時離諸
苦惱心不動搖不生＆CB22534;倒正念現前
不起嗔恚得見東方十二殑伽沙數
諸佛世尊南方十二酤胝諸佛世尊
西方二十五殑伽沙數諸佛世尊北
方八十殑伽沙數諸佛世尊上方九
十九千酤胝諸佛世尊下方百酤胝
殑伽沙數諸佛世尊如是等諸佛如
來悉皆現前而為守護咸作是言善
男子勿生怖畏汝昔已曾種於最上
功德善根是故我等殑伽沙數百千
酤胝[侮-母+小][序-予+(更-一)]多如來常現在前觀察護
念善男子汝見如是諸如來否時彼
白言我今得見如是世尊而我以何
善業因緣而得如是一切如來而來
守護世尊告言善男子由汝曾聞僧
伽吒法義以是功德我等諸佛皆來
守護而作是言世尊唯我一人得聞
是經功德如是況復盡令一切眾生
得聞是經所獲功德時彼世尊廣以
譬喻宣說眾生聞此經者臨命終時
及以未來所獲無量勝功德已復語
我言若有一切善男子善女人尊重
供養十三殑伽沙數諸佛世尊所得
功德其數甚多不如有人聞此僧伽
吒法義一四句偈所得功德復過於
彼我時復白是世尊言若復有人具
足聽聞是經典者所得功德其數云
何善男子諦聽諦聽若人於此僧伽
吒法義具足聽聞譬如三千大千世
界滿中巨勝以一巨勝＆unrec;一輪王若
復有人以諸珍寶種種庫藏布施供
養如是輪王所得福德不如布施供
養一須陁洹若＆unrec;有人布施供養三
千大千世界須陁洹人＆unrec;＆unrec;福德不
如布施供養一斯陁含若人布施三
<pb n="5"/>
千大千世界斯陁含人所得福德不
如布施供養一阿那含人若復布施
供養三千大千世界阿那含人所得
福德不如布施供養一阿羅漢若復
有人布施供養三千大千世界阿羅
漢所得福德不如布施供養一辟支
迦若復有人布施供養三千大千世
界辟支迦所得福德不如布施供養
一菩薩人若復有人布施供養三千
大千世界菩薩所得福德不如於一
如來所生淨信心布施供養若復有
人於三千大千世界諸如來所生淨
信心布施供養所得福德其數甚多
不如有人於此僧伽吒法義具足聽
聞所得福德一切勇猛何況有人於
是法義書寫演說受持讀誦解其義
理廣宣流布一切勇猛汝今但當於
僧伽吒最上法義生淨信心廣宣流
布所得功德不可思議於意云何彼
諸凢夫愚癡之人雖聞是經不生淨
信不能解了一切勇猛譬如有人入
於大海欲能盡知海水邊際汝謂是
人而能知否一切勇猛而白佛言是
人雖復入於大海而不能知海水邊
際一切勇猛又復譬如有人臨於大
海以手掬水而次枯涸汝謂是水得
枯涸否一切勇猛而白佛言善逝世
尊如是之人徒自疲勞而無能得海
水枯涸一切勇猛彼諸凢夫無智之
者若聞是法＆CB22534;倒疑惑不生淨信欲
於深廣生死大海到其邊際及以枯
涸無有是處一切勇猛如是之人雖
經八十酤胝殑伽沙數諸佛世尊出
現於世無有善根不能得見如來色
相不能得聞如是法義乃至值遇九
十酤胝殑伽沙數諸佛世尊百千酤
胝那[序-予+(更-一)]多數諸佛如來出興於世宿
無善根不能得見＆unrec;諸如來不能得
聞如是法義不為諸佛之所護念一
切勇猛若有智者宿植善根而得值
遇百千酤胝諸佛世尊於諸佛所發
淨信心得聞如是僧伽吒法而生信
解如是之人即為諸佛之所護念一
切勇猛若人＆unrec;此僧伽吒法而能書
寫一四句偈如是之人於此報盡當
過此九十五千酤胝佛土有一世界
名曰安樂往生彼國壽命長遠八萬
四千年歲劫數安隱快樂一切勇猛
菩薩摩訶薩若復有人造五逆罪一
切不善自作教他見作隨喜如是之
人若得聞此僧伽吒法＆unrec;＆unrec;上＆unrec;＆unrec;
四句偈所＆unrec;＆unrec;＆unrec;＆unrec;皆得消＆unrec;淨＆unrec;
餘福智＆unrec;＆unrec;＆unrec;＆unrec;。

佛說大乘僧伽吒法義經卷第二
千酤胝眾生皆悉來集一一眾生各
舒百臂以種種香所謂末香塗香散
如來前藥王軍白言世尊我今已見
善逝我今已見如此勝事甚為稀有
佛告藥王軍此諸眾生無知無覺如
幻如夢無有分別汝復諦觀時百千
酤胝眾生於須[更-一]閒所有百臂悉皆
殞滅不現藥王軍見是事已心大驚
<pb n="6"/>
疑白佛言世尊如是眾生所有百臂
於剎那閒皆悉殞滅不存一二唯願
世尊為我宣說佛告藥王軍此諸眾
生無知無覺如幻如夢亦不分別有
生滅相藥王軍我觀佛身與眾生等
汝於是義當善了知藥王軍菩薩白
佛言世尊云何是老眾生佛告藥王
軍無有知覺常處熱惱不久破壞是
老眾生復告藥王軍是諸熱惱眾生
汝欲見不白佛言世尊我願欲見尒
時月輪種如來即舒右臂垂其指掌。
于時四方百酤胝人俱來集會上方
下方各五十酤胝眾生悉來同集是
諸眾生禮雙足已於如來前無言無
說默然而住佛無教誨尒時藥王軍
菩薩白佛言世尊此諸眾生於剎那
頃從何而來至世尊前云何無言無
說默然而住佛無教誨佛告藥王軍
汝還知不大地之性本無言說亦不
住立法聚之中本無知覺若解此義
與藥王軍同一名号等無有異藥王
軍如是老眾生不知有生不知有滅
亦不知有老病[襄-(口*口)]苦憂悲煩惱亦不
憎愛亦不輕毀亦不於諸眷屬生於
愛戀亦不於法而生懈倦無覺無知
無所造修是故各各默然而住尒時
藥王軍菩薩復白佛言世尊此諸逼
惱眾生何因而生何緣而至不了諸
法默然而住佛告藥王軍諦聽諦聽
此諸逼惱眾生非因鍛鑿金銀所成
亦非爐冶埏埴所得亦非刻木鐫石
為之唯是男女和合相應所生若或
金銀銅鐵木石所成人或愛護尚可
久存既唯父母生之復因先業造受
不同脩短有異而於世法亦不知有
工巧技術甘辛苦樂況今豈能生敬
信心能問能聽此諸眾生不久滅謝
還受諸報久處三界逼迫故名老人
藥王軍此諸眾生自作燒然無有休
息譬如有人以杖撥火令火速滅前
火未滅杖已煙生漸至熖起杖亦然
之藥王軍如是眾生於此報中先業
未滅復造後因漸漸增長後報復生
隨惡流轉何能出離藥王軍諸佛如
來大慈大悲愍諸眾生久處流轉不
惜軀命示現利生譬如有人違犯王
法為王所獲繫閉牢獄枷鎖杻械常
處暗室幽暝所蔽無所見聞亦復不
知東西南北出之所由心雖疲勞欲
得解脫以闇暝故無由通達復有一
人曾繫是獄今雖得出念昔艱苦愍
此眾生設諸方便持小火種求入獄
中既入獄已漸出微光令彼眾生更
互相見各各歡喜作諸方便可以逃
竄時彼＆unrec;＆unrec;見是事已更發火光令
漸增大展轉炎熾凡在獄中若有罪
若無罪悉皆逃竄唯彼闇室及彼丈
夫俱為灰燼王聞是事悲感念言由
我制法眾生有犯繫諸牢獄遂致菩
薩亡身救濟可不痛哉尋出詔命於
我國中勿復造此苦惱眾生之具勑
令徧告國內人民今我國家不制法
律不造囹圄有[損-口+ㄙ]人民之事更不復
<pb n="7"/>
作汝等人民凡厥親緣當自遞生恭
敬非親庶類勿相侵惱取與以仁進
退以禮崇重賢明愛護物命凡百仕
庶體我志焉由是一切眾生皆得安
樂藥王軍諸佛如來為利益眾生故
以智慧光破無明暗出三界獄喪失
身命如恒河沙數不以為難何況一
身耶月輪種如來說是法時無量諸
天及阿蘓囉等皆大歡喜發菩提心。
尒時諸天於虛空中歡喜讚嘆而說
偈言。
 大善勝福田  萬德皆圓滿 
 出世調御尊  能生諸善種 
 最勝清淨法  堅固不可壞 
 善巧方便力  擁護諸眾生 
 安住涅槃界  示同諸世閒 
 勇猛常樂施  隨類獲安樂 
 天人無上師  救度於一切 
 三界諸眾生  平等得濟度 
 閉諸地獄門  餓鬼畜生趣 
 此世及他生  俱獲安隱樂 
尒時世尊復於眾中而說偈言。
 善哉住佛剎  善哉見佛身 
 善哉聞妙法  善哉僧寶集 
 善哉僧伽吒  懺除一切罪 
尒時藥王軍菩薩摩訶薩聞是空中
稱揚讚歎微妙法音踊躍歡喜合掌
敬禮月輪種如來足白佛言世尊今
聞諸天宣說如是微妙句偈稱揚讚
歎甚適我願彼佛告言善男子汝今
觀此會中年少眾生為諸熱惱之所
燒然受如是苦藥王軍菩薩白佛言
世尊我今見是年少眾生受諸苦惱
唯願世尊速為除滅皆令安隱佛告
藥王軍如是如是如汝所言我於今
日當設方便令此年少眾生安住十
地藥王軍菩薩復白佛言世尊云何
如來能以大法化諸難化眾生令生
信解獲諸利益佛言藥王軍善哉善
哉汝能問佛如是妙義善男子汝今
諦聽我觀此諸年少眾生雖為熱惱
之所燒然由宿因緣成熟力故而於
今日聞我說法一一皆當善根圓滿
得登十地。
尒時藥王軍菩薩摩訶薩聞是語已
心大歡喜涌身高八万瑜膳那住虛
空中出無量音聲歌誦讚歎如來具
大慈悲以大願智當演無上微妙大
法誘接眾生令離熱惱住清涼地作
是語時三千大千世界六種震動時
三十三天主與無數諸天聞是音聲
歡喜踊躍各將眷屬如雲來集散眾
寶香及天妙花以為供養禮佛畢已
住在一面復有八万四千龍王與諸
龍眾亦來集會無量夜叉羅剎娑及
阿蘇囉健達嚩緊捺落摩護落伽各
與眷屬無量大眾皆來集會復有無
量已墮諸大地獄眾生乘佛神力皆
來集會十方世界百千酤胝諸大菩
薩摩訶薩眾各運神通亦來集會。
尒時藥王軍菩薩摩訶薩從空中下
曲躬合掌敬禮世尊而作是言甚盛
世尊甚盛善逝今於此會有無量菩
<pb n="8"/>
薩天龍八部并阿痆葛底王城一切
鬼王乃至地獄惡趣眾生皆來集會
住世尊前咸願得聞微妙法要惟願
世尊廣為宣說尒時月輪種如來告
藥王軍菩薩言善男子汝等諦聽我
今所說微妙法蘊能除一切眾生熱
惱煎熬無量眾苦此妙法蘊是真梵
行是清涼法具足一切善法功德名
為法蘊善男子我甞為諸眾生說諸
生苦清涼法要而諸眾生未深信解
復說老苦病苦憂悲之苦冤家會苦
愛別離苦心有所欲不和合苦臨命
終時眾苦共集名為死苦而諸眾生
曾不覺悟善男子汝今復聽我為汝
等略說死苦善男子若諸眾生臨命
終時有三種風內自生起初名亂識
次有散識後名滅識亂識風起身心
昏亂癡迷顛倒受諸苦惱漸漸增長
至散識風散識風起若身若心互相
離散無所安措唯有大苦相續不息
生滅識風此風生時識滅身壞是名
為死此風亦得名刀名鍼亦名砂礫
何以故如刀割切如鍼毒刺如與砂
礫和雜磨研甚大苦毒甚可怖懼汝
等眾生能無怖邪尒時會中年少眾
生聞佛說言識滅身壞名為死苦甚
大愁惱而白佛言善哉世尊云何名
身佛言善男子四大五蘊積聚名身
六根完具裝嚴名身花鬘瓔珞香油
所塗名身生愚癡者貪愛名身能生
惡慧名身如負重檐名身增長苦縛
名身如水上漚名身亦如丘冡名身
善男子識滅身壞名死識起身生名
生識與名色託廕母腹墮在胞胎日
月滿足既已成形內有三百六十骨
以筋纏絡外則覆以皮膚有八万毛
竅息風出入及諸血脉通注流轉復
有八万戶蟲徧布其身始自初生迊
食其軀無有休息眾生識闇無所知
覺將命終時是諸蟲類互相交[門@斲]無
有休息令其人身極不安隱展轉交
[門@斲]甚有死傷乃至最後唯有二蟲相
[門@斲]終于七日一蟲死已唯一蟲在最
後與人同時殞滅善男子愚癡凡夫
雖處世閒由無明故與諸眾生日夜
爭競[損-口+ㄙ]惱物情無有休息如彼蟲類
不知生老病死眾苦相催唯求己勝
都無恐怖善男子往昔有一大善知
識常於眾中宣說如此生老病死種
種諸苦教誡教授令善修持得離苦
際以諸眾生慣習頑愚未善能行如
是妙行是善知識還來化利此等眾
生而告之言咄善男子我常為汝分
別解說諸妙法蘊生老病死種種諸
苦常令汝等修行眾善棄背苦因趣
求無上涅槃妙樂云何汝等不聽我
言不修妙行不求解脫於閻浮提中
造眾惡業流轉諸趣善男子譬如大
地假使有人若以大力執持大杵撞
擊之時出大音聲世閒諸聲無與等
者善男子汝豈不聞佛出世閒以四
種人為世福田生善種子廣為利益
一切眾生四種人者所謂比丘比丘
<pb n="9"/>
尼優婆塞優婆夷是四種人如世大
地若能親近禮拜承事供養則能令
汝獲得種種微妙善法遠離世閒生
老病死等苦復能證得無上涅槃清
淨妙樂如以大力執持大杵撞擊大
地出大音聲等無有異時善知識為
諸眾生而說偈言。
 諸佛出世閒  常擊大法鼓 
 演說微妙法  廣度諸眾生 
 汝今見是事  應生勇猛心 
 滅除生死苦  安住涅槃樂 
時諸眾生慇懃合掌向善知識即說
偈言。
 我以無智故  復遇惡知識 
 造作不善業  謂貪嗔癡等 
 常起於我見  破壞和合僧 
 廢轉妙法輪  毀除佛塔寺 
 於此勝福田  曾不種少善 
 於一切時中  常作諸過失 
 未甞於父母  暫起孝敬心 
 出非法語言  輕毀諸賢聖 
 造此惡因故  必當墮地獄 
 自身受苦惱  無能救護者 
 可畏眾合獄  炎熱大阿鼻 
 如是諸獄中  展轉受眾苦 
 從此地獄出  復入餘獄中 
 謂刀兵蓮華  黑繩沸屎等 
 彼諸大地獄  縱廣百由旬 
 不見彼獄門  唯有受苦者 
 蹈彼刀劒鋒  其苦難堪忍 
 苦極身暫死  復彼業風生 
 生死地獄中  百千酤胝劫 
 地獄無邊際  眾生亦復然 
 以惡因緣故  相續不閒斷 
 我造諸惡業  當墮彼獄中 
 唯願善知識  聽說罪惡因 
 我以貪愛心  造宅甚雄壯 
 雕鏤諸棟梁  藻飾極嚴麗 
 復置妙園林  廣列臺榭等 
 池沼花果樹  一一皆圓滿 
 庫藏積珍財  莫能知筭數 
 又於閑廄中  廣收諸畜產 
 象馬牛羊等  其數無有量 
 妻子及妾媵  內外諸眷屬 
 奴婢與妓人  其數亦無量 
 常令晝夜中  動作眾歌舞 
 但縱己之樂  不念佗人苦 
 自恃大富貴  作種種莊嚴 
 香湯沐浴已  仍以妙香塗 
 龍腦白栴檀  鬱金麝香等 
 塗已甚香潔  首戴七寶冠 
 臂釧及指鐶  皆用妙珍寶 
 以上妙真珠  貫之為瓔珞 
 最上紫磨金  嚴飾作耳璫 
 柔軟善適意  蘇摩那瞻蔔 
 及諸異香者  結以為花鬘 
 復著美好衣  謂上妙細㲲 
 鮮白甚清潔  更以妙香薰 
 飲食最上味  甘脆頗香美 
 所供皆如意  暫無飢渴時 
 地敷好茵褥  履踐以游行 
 左右擁從者  勝彼神仙人 
 如是廣嚴飾  唯奉養其身 
<pb n="10"/>
 保護謂常安  不生滅壞想 
 富樂既具足  餘復無所思 
 但恣染欲心  造作不善業 
 眼貪妙色境  耳樂適恱音 
 鼻舌身意中  無不順情欲 
 我嘗於一時  復欲縱畋獵 
 出乘大白象  從以七寶馬 
 侍衛若獰神  見者皆怖懾 
 以彈落飛鳥  利箭射奔鹿 
 猛獸若當前  力士斷其命 
 但取諸血肉  令眾共噉食 
 惡報唯自受  誰是能代者 
 一朝病緣至  肢體不相隨 
 四大或增[損-口+ㄙ]  脉息亦衰微 
 飲食不得下  寢臥不能寧 
 良醫施妙藥  功效亦唐[捐-口+ㄙ] 
 父母及親友  悲痛頗纏心 
 拔髮空垂淚  終無救濟術 
 我若命終已  棄在尸陀林 
 鳥獸及諸蟲  噉食稍充足 
 形骸與神識  現在悉空無 
 唯先所造業  當來受果報 
 善法如良藥  能治貪恚癡 
 貪等既不生  無因造諸惡 
 我實無福慧  虛妄受人身 
 佛宣方便門  施戒忍辱行 
 我自不能修  聞亦不隨喜 
 障善法因緣  何時當解脫 
 唯佛大慈悲  能救眾生苦 
 戒法真實門  登者獲大利 
 如我所造業  深自生追悔 
 今對善知識  是故如實說 

<sarticle>佛說大乘僧伽吒法義經卷第六</sarticle>
<sarticle>佛說大乘僧伽吒法義經卷第七　鴈</sarticle>
西天譯經三藏明因妙善普濟法師賜紫沙門臣金惣持等奉　詔譯
尒時月輪種如來為諸年少眾生說
往昔善友化導因緣已復告藥王軍
菩薩摩訶薩言藥王軍是諸苦惱眾
生臨命終時以惡業故受斯苦報雖
有父母妻子眷屬內外親識不能救
護若無善種何由解脫尒時世尊復
說偈言。
 若作諸惡業  墮大地獄中 
 長時受極苦  無有暫息時 
 常吞熱䥫丸  猛焰然其身 
 或灌洋銅汁  上下皆燋爛 
 地獄大苦處  曾無快樂時 
 若無善方便  何由得解脫 
 常親近善友  聽聞微妙法 
 初習布施行  內外一切財 
 隨彼所應求  清淨故施與 
 堅持具足戒  無令有[卸-ㄗ+夬]犯 
 佗來逼惱時  安忍勿施報 
 日夜常䇿勵  莫為懈怠欺 
 觀察聖諦心  湛然如止水 
 發生慧燈明  滅除諸暗冥 
 滿足眾善法  解脫見諸佛 
 心行菩提道  慈愛於世閒 
 救度諸眾生  增長成佛種 
 皆令得解脫  速成無上慧 
尒時藥王軍菩薩摩訶薩與五百大
菩薩摩訶薩眾各各運大神力從座
<pb n="11"/>
而起涌身於虛空中現大威儀從容
詳序緩步而行其心決定安固大乘
遊戲三昧現諸神變或現猛虎示以
威雄或現師子自在無畏或現象王
有大勢力住法山頂高出羣峯無與
等者身放光明極大熾盛百千酤胝
日月光明不可譬喻是諸菩薩放此
光明行於日月之前年少眾生見是
事已白彼佛言世尊何因緣故是諸
菩薩現是稀有之相放大光明行於
日月之前佛言善男子汝今見是事
邪年少眾生白佛言世尊唯然已見
佛言善男子是諸菩薩各以自在神
通之力現大光明徧照世閒常說妙
法化諸眾生欲令一切眾生皆得利
益安樂若諸人天亦能行此妙行亦
得如是神通變化及大光明能行日
月之前尒時藥王軍菩薩等從空中
下前詣佛所問訊世尊世尊告言藥
王軍汝等見是三千大千世界六種
震動不藥王軍菩薩白佛言世尊唯
然已見然今我等不能了知何因何
緣有此震動況今我等亦有少疑欲
問世尊願佛慈悲聽我所問開示演
說彼佛告言善男子汝有所疑恣汝
為問或過去或現在或未來等事我
當一一為汝分別解說藥王軍菩薩
白佛言世尊且今此會中有八万四
千天子而來集會八万四千酤胝菩
薩眾亦來集會一万二千酤胝龍王
亦來集會復有一万八千神王二十
五千酤胝餓鬼毗舍遮等俱來集會
其數甚多何因緣故而共來集欲何
所作佛言善男子汝今諦聽當知此
諸大眾俱來集會皆是於此樂欲聽
聞佛所說法即於今日有得聞佛深
妙法音正慧開覺於煩惱縛即得解
脫者或有得聞如來妙唱離生老病
死種種諸苦住安樂法者或有即今
獲大善利出苦輪迴安住十地住十
地已得證如來清淨涅槃於諸苦惱
永得解脫消伏魔冤證真妙覺者藥
王軍菩薩復白佛言世尊大地六種
震動復是何等瑞相佛告藥王軍汝
今審諦觀察云何震動藥王軍菩薩
復觀察已白佛言世尊我已觀察見
是四方及諸方所有二十酤胝眾生
忽然生於此閒復有下方二十酤胝
眾生從地涌出生於此閒上方有二
十五酤胝眾生來生此閒由是大地
六種震動不知此等是何瑞相佛告
藥王軍且待須[更-一]汝自了知于時年
少眾生見是六十五酤胝眾生忽然
來生此閒白佛言世尊云何此中忽
生如是眾生佛復告言善男子此等
眾生皆是汝之徒侶來生此閒年少
眾生白佛言世尊此等眾生來生此
閒亦有死不佛告年少眾生一切眾
生悉皆有死此亦有死時諸年少眾
生合掌向佛頂禮佛足白言世尊我
等今者更不能忍受如是生死流轉
願速解脫佛告年少眾生汝等能起
大精進不年少眾生白佛言世尊我
<pb n="12"/>
等今者親覩如來金色之身得聞如
來甘露妙法見諸菩薩摩訶薩等現
大神通諸聲聞眾無量天人集會聽
法願自精進懃修聖道不能忍受生
死流轉時諸年少眾生又復遶佛三
迊偏袒右肩慇懃恭敬禮世尊足重
白佛言世尊我等眾生眾苦所集甚
大熱惱於生死重檐極大怖畏何由
解脫唯願世尊攝受我等一切眾生
施令無畏得安隱住廣演妙法令諸
無智眾生開正慧眼熱惱眾生心得
清涼世世所生與如來俱。
尒時藥王軍菩薩摩訶薩語彼年少
眾生言善男子汝等今者欲得聽聞
佛所說法入深義味邪汝等先當飲
食飽足然後可聽如是妙法得諸義
味藥王軍菩薩為諸年少眾生而說
偈言。
 汝欲聞正法  當假飲食資 
 食飽力無畏  得真妙法味 
尒時年少眾生語藥王軍菩薩言賢
者長老我不識汝汝為是誰名字何
等我今觀汝色相具足威儀閑雅諸
根寂靜遠離怖畏七寶嚴身如功德
聚云何于今發此語言教我飲食然
後聽法尒時年少眾生復說偈言。
 惟賢者長老  善調伏諸根 
 必有大名稱  一切皆愛樂 
 已圓滿善法  無不證知者 
 云何教我言  飲食資身命 
 如我所知見  飲食為過因 
 食已於腹中  成種種雜穢 
 設復增色相  惡法亦隨生 
 當於惡道中  常受大怖畏 
 眾生造罪業  皆從飲食生 
 飲食為因緣  滋生種種欲 
 營求大田園  舍宅樓閣等 
 真珠寶瓔珞  殊妙嚴身具 
 象馬及車乘  奴婢亦無數 
 如是大富貴  我實不愛樂 
 富貴不長久  皆是無常法 
 假使四大洲  為彼轉輪王 
 七寶皆圓滿  具足有千子 
 輪王大富貴  我亦不愛樂 
 雖有世神通  終歸如是處 
 四王忉利天  夜摩及兜率 
 化樂佗變化  摩囉大天王 
 光潔有神用  自在力莊嚴 
 欲天大福樂  我亦不愛樂 
 五衰相現時  亦是無常法 
 初定中閒禪  乃至色究竟 
 無色無別處  非想非非想 
 修定以猒欣  隨應離世縛 
 雖有大福壽  我亦不愛樂 
 極經八万劫  終是無常法 
 諦聽大尊者  我等所知見 
 唯有佛如來  真是歸依處 
 佛如日月光  普照諸冥闇 
 輪迴三有苦  斷滅令不生 
 為諸羣生類  宣說微妙法 
 令住不退轉  證於無上道 
 故我嗜佛法  甚於飲與食 
 尊者雖憐愍  殊非我本意 
<pb n="13"/>
尒時年少眾生重復恭敬藥王軍菩
薩摩訶薩已而告之言尊者大士汝
名何等我願得聞唯願慈悲示我令
知尒時年少眾生而說偈言。
 善哉大尊者  具足慈悲行 
 眾生皆樂見  故我恭敬禮 
 汝名字何等  惟願為我說 
 若得聞隨喜  頂戴常受持 
尒時藥王軍菩薩摩訶薩語年少眾
生言汝等今者欲聞我名當自觀察
合掌審聽藥王軍菩薩而說偈言。
 汝欲聞我名  我名不可得 
 汝欲須知者  如空中捕影 
時年少眾生一心頂禮藥王軍菩薩
白言尊者尊者名字功德微妙祕密
甚深惟願尊者憐愍我故表示令知。
尒時年少眾生重說偈言。
 我觀一切法  名字悉空無 
 願示生死人  甚深微妙義 
尒時藥王軍菩薩為諸年少眾生表
宣名字而說偈言。
 年少汝諦聽  我今說自名 
 應生清淨心  當獲大法利 
 我以眾生類  種種病所纏 
 善巧處妙方  廣施救濟法 
 藥美如甘露  袪病速如神 
 由此立假名  名為藥王軍 
 貪欲病最大  惱害世眾生 
 此病為因緣  滋生諸苦惱 
 授以無常藥  袪病速如神 
 由此立假名  名為藥王軍 
 瞋病熱如火  焚燒寂靜心 
 忿恨惱恚害  展轉互相生 
 授以慈悲藥  袪病速如神 
 由此立假名  名為藥王軍 
 愚癡病可怖  覆沒智慧心 
 流轉惡趣中  不得聞正法 
 授以方便藥  袪病速如神 
 由此立假名  名為藥王軍 
 由斯三種病  展轉諸病生 
 已經無數劫  未遇解脫因 
 諸佛出於世  是為天人師 
 慈念諸眾生  如親愛己子 
 現大神通力  廣開正法門 
 愚癡顛倒者  迷謬不能入 
 我以方便力  隨佛出世閒 
 觀察病本因  處料救濟法 
 應病授良藥  服者得痊除 
 年少汝應識  我名藥王軍 
尒時年少眾生聞是藥王軍菩薩說
自名已歡喜踊躍得未曾有即起合
掌瞻仰頂禮而伸讚歎復說偈言。
 菩薩藥王軍  救世大悲者 
 精進利羣生  長時無懈倦 
 念彼輪迴苦  速若救頭然 
 我以志誠心  稽首歸命禮 
尒時藥王軍菩薩摩訶薩告彼年少
眾生言善男子我娑婆世界有佛世
尊名釋迦牟尼如來應供正徧知明
行足善逝世閒解無上士調御丈夫
天人師佛世尊能以大慧教菩薩法
攝化眾生汝等應往親近禮拜令汝
速聞無上妙法藥王軍菩薩為諸年
<pb n="14"/>
少眾生而說偈言。
 年少汝當知  佛德無有上 
 世閒出世閒  福智皆圓滿 
 具相三十二  八十隨形好 
 常以大智悲  救度諸含識 
 神通力無畏  高顯若須[弓*(乞-乙+小)] 
 智慧不可窮  淵深如大海 
 善巧設方便  隨順化眾生 
 瞻禮歸依者  皆得安樂果 
尒時年少眾生復白藥王軍菩薩言
仁者慈悲憐愍我故授我法藥令我
飲服解脫眾苦得安樂住然今我等
不見釋迦如來三十二相八十種好
云何得度藥王軍菩薩語年少眾生
言汝觀上方有何等相諸人聞已即
觀上方見三千臺從空而下七寶莊
嚴寶珠羅網以覆其上出眾妙香光
明豔赫年少眾生問藥王軍菩薩言
仁者此諸寶臺微妙花座是何等相
藥王軍言此是汝等所坐之座若坐
此座速至佛所瞻禮如來則能疾得
甘露妙法年少眾生白言仁者我等
不知如來所住之處亦不知彼所行
之路當詣何方禮覲如來藥王軍菩
薩言善男子如來尊德如須[弓*(乞-乙+小)]山如
來智慧深如大海不希供養不樂禮
敬雖有惡魔來侵不共諍論若能歸
依佛者則得不入死門得法緫持門
十方諸大菩薩欲見如來以自智力
種種觀察尚不能見況汝等邪善男
子如來如空中塵無有住處汝等若
能以清淨心勿有希願但行禮拜即
見如來尒時年少眾生受教陞座適
坐華座即見如來身真金色如大金
山三十二相八十隨好以自莊嚴威
德特尊眾善具足在大眾中坐大蓮
華寶師子座是諸年少眾生歡喜踊
躍即起合掌一心頂禮瞻仰尊顏目
不暫捨。
尒時世尊出迦陵頻伽之音讚言童
子善哉善哉汝等能以清淨智願勇
猛精進來此娑婆世界禮拜親近我
釋迦牟尼世尊應正等覺。
尒時世尊熙怡微笑從其面門出八
万四千種種色光所謂青黃赤白紅
紫縹色頗胝迦色徧照三千大千世
界上至阿迦尼吒天下及諸惡地獄
遇斯光照眾生皆獲一切利益安樂
其光照已還至佛所遶佛七迊從佛
頂入。
尒時藥王軍菩薩從座而起合掌向
佛白言世尊如來所為甚深稀有必
無虛設今日微笑笑必有因惟願慈
悲為我開說佛告藥王軍汝今能於
大眾之中作大師子吼問於如來如
此稀有微妙大事汝今諦聽為汝解
說善男子汝今見此三千七寶大華
座不藥王軍言唯然已見佛言善男
子今此華座是諸年少眾生得坐此
座即獲圓滿一切善根證得一切善
法樂住登于十地乃至當得阿耨多
羅三藐三菩提建大法幢擊大法鼓
無量天人聞是法已悉獲利益無量
<pb n="15"/>
地獄眾生仗是法力解脫苦報得安
樂處是時會中有九十酤胝諸老眾
生得須陀洹果佛告藥王軍汝且觀
是四方上下諸大菩薩。
尒時藥王軍菩薩即觀四方見東方
界五十酤胝殑伽沙菩薩而來向此
南方界六十酤胝殑伽沙菩薩而來
向此西方界七十酤胝殑伽沙菩薩
而來向此北方界八十酤胝殑伽沙
菩薩而來向此下方界九十酤胝殑
伽沙菩薩而來向此上方界百酤胝
殑伽沙菩薩而來向此是諸大菩薩
眾到此會中恭敬供養歡喜讚歎頭
面禮世尊足遶佛三迊各住一面藥
王軍菩薩白佛言世尊我今見是四
方上下諸大菩薩來此會中今虛空
中忽然見有黑色黃色種種相現復
是何緣願佛開說佛告藥王軍此是
惡魔及諸眷屬欲來至此為諸年少
眾生受是位故欲作障難破壞是事
故來至此藥王軍汝適見是四方上
下無數諸大菩薩種種色相種種形
貌種種威力者故來擁護年少眾生
令其惡魔及諸眷屬無能得便是惡
魔眾亦皆隨喜慚愧而退佛說是經
已一切勇猛菩薩藥王軍菩薩諸大
菩薩等一切老眾生年少眾生與無
量天人龍神一切大眾皆大歡喜信
受奉行禮佛而退。

佛說大乘僧伽吒法義經卷第七

<article id="n1511">佛說清淨毘奈耶最上大乘經</article>

<sarticle>佛說清淨毗柰耶最上大乘經卷上門</sarticle>
同譯經西天寶法大師賜紫沙門臣智吉祥等奉　詔譯
如是我聞一時世尊在王舍城鷲峯
山中與大比丘八千人俱諸大菩薩
萬四千人欲界色界無數天子為聽
法故皆悉雲集復有恭敬寂靜自在
天子到於佛所放身光明歡喜踴躍
合掌恭敬五體投地頂禮世尊右繞
三匝却住一面長跪合掌而白佛言
善哉世尊是妙吉祥童真菩薩於何
國土教化眾生今此會眾俱生渴仰
咸欲見聞彼大菩薩宣說清淨最上
法要令各獲得平等解脫時佛世尊
告語寂靜自在天子過此東方十千
國土有佛世界名曰妙寶其國有佛
號曰寶幢應正等覺出現於世以方
便智安樂眾生是妙吉祥童真大士
於彼佛國而為上首為諸菩薩及諸
有情宣轉諸佛甚深法要隨上中下
信等根力各得如來清淨法門爾時
寂靜自在天子重白佛言惟願世尊
以大慈悲眷念憐愍此會眾生令得
了知童真大士在彼佛國所說之法
隨自根力有所證悟世尊告語寂靜
天子彼妙吉祥所說諸法一切聲聞
辟支佛等所有智慧皆不能及若說
法時放大光明現希有相能使魔宮
悉皆不現魔與魔民自然摧伏有輕
慢者而能速滅種種慢心自能生起
<pb n="16"/>
增上信樂未發正道菩提心者而能
速發已發心者使令增長於諸善法
堅固不退於諸眾生摧伏攝受平等
利益無怨親相恭敬寂靜自在天子
聞佛所說身意快然歡喜讚歎復作
是言大悲世尊以何因緣令我等軰
瞻奉恭敬童真大士親聞妙法于時
世尊寂然無聲觀此會眾與彼菩薩
根緣成熟即放眉閒白毫光明遍照
三千大千世界及照東方十千佛土
於妙寶國寶幢佛會其光晃曜照彼
佛剎隱暗幽谷無不等明彼國菩薩
聲聞緣覺四眾八部同聲讚請寶幢
如來今此國土現大光明是何因緣
而有此相寶幢世尊告諸菩薩及大
眾言過此西方十千國土有佛世界
其名娑訶有大智仁號曰釋迦具一
切智一切種智六度四心隨機演法
由昔所修勇猛精進願於彼國五濁
世中出現成佛轉正法輪破諸邪見
隨順五乘善說法要令各悟入諸佛
知見勇猛精進圓會一乘譬如天雨
無不等潤彼會時機寂靜天等咸欲
見聞童真菩薩久懷渴仰心未暫捨
如子思母如民思王如裸思衣如飢
思膳如貧思寶如暗思明故彼世尊
放大光明為利有情作諸聖行說是
語已告妙吉祥童真菩薩應往彼國
隨順如來廣開法要吹大法螺振大
法鼓興大法雲雨大法雨利益安樂
天人眾會爾時妙吉祥童真菩薩與
自眷屬十千菩薩俱乘佛力即以神
通於剎那頃到此娑訶釋迦佛所住
於空中而不現形放種種光猶如雲
蓋遍覆虛空其光之中垂布種種上
妙寶香雨眾天花色妙無比光中化
生天子天女作天妓樂歌唄供養釋
迦世尊十方世界地皆震動踴出無
量妙寶香花皆現在前莊嚴佛會其
有眾生宿植善本久修梵行若於福
慧分有修習則見自身在光明中與
佛菩薩天人四眾同處法會身意泰
然無諸怯弱其有眾生無信樂心不
修善因輕拒賢善近惡知識貪嗔愛
慢謟曲嫉妬常現在前雖同一國於
佛境界瞑然無知如昏醉人處夜暗
中殊無醒覺於時寂靜自在天子與
大眾俱見是光明希有之相咸生歡
喜從坐而起復白佛言希有世尊今
此國土以何因緣天雨妙寶垂眾香
花作天妓樂現希有事佛告天子并
諸大眾是妙吉祥童真菩薩與其眷
屬十千菩薩從妙寶國而來至此雨
天香花作天妓樂現神變相作供養
事於時寂靜自在天子及諸大眾咸
皆作禮俱唱是言聖者大慈願為我
等於此佛會廣宣妙法令各發起最
上乘心及為未來邪見眾生開闢正
道斷煩惱縛得心自在作是語已童
真菩薩與自眷屬諸菩薩眾從空而
下繞佛三匝頂禮世尊退坐一面恭
敬寂靜自在天子殷勤合掌頂禮問
訊仁者大士在彼佛國以何法要示
<pb n="17"/>
導眾生令我等聞皆得清淨解脫安
樂童真菩薩告天子言汝善讚問如
是法要彼國眾生無諸慳恡樂修布
施調伏諸根守護戒德由忍辱力嗔
恚嫉妬常不現前晝夜精勤於善無
懈能於法義審諦思惟愛樂寂靜智
性聦慧所學易成善惡品中有力思
擇貪嗔癡慢設復現前便能悔滅遠
離邪見不斷善根行真實行習甚深
法身心安住無顛倒想亦無彼此愛
憎之心善男子彼國眾生久修善行
於諸法義宿勤熏習了悟世間境相
虛妄體性不實煩惱縛法難以拘礙
去來見在唯是一心心若不生幻相
何有善男子而此心性即是真心本
來寂靜不生不滅無去無來猶若虛
空湛然無動不被境相之所動搖於
真實法漸次悟入於一切境及以如
來言音色聲悉是空相實性義中無
諸名字所以者何如來所修因地行
願遠離虛妄名相分別安住真實無
相理中但方便智隨順眾生根性差
別稱彼物機說諸妙法如一味雨普
得所滋越煩惱河到菩提岸淨信天
子汝修淨行當離虛妄於一切相而
勿執著了諸染法本性虛妄清淨一
心遠離業障是真佛子是真菩薩汝
等天人菩薩眾會從久遠來根本趣
求菩提果法應當先行施等諸行堅
固無捨離諸顛倒虛妄分別漸次證
得真實解脫。
爾時恭敬寂靜自在天子復白妙吉
祥童真菩薩言云何而修真實義諦
妙吉祥童真菩薩言修真實諦具諸
智慧當以上妙飲食湯藥種種供養
心無退轉復修禪定觀智圓成常行
是行不離觀想復勤修習深入佛慧
天子汝可當學諸大比丘不作諸惡
常住法界不生外想常住法界不隨
愚夫常住法界行安樂法常住法界
捨不安樂常住法界唯學佛法圓滿
寂靜永斷輪迴了悟涅盤及以煩惱
本性平等而得解脫是真比丘與諸
菩薩等無差別常作觀想世閒塵勞
生死根本顛倒妄想悉皆是空何以
故如來常說生死涅盤名字皆空譬
如陶器及諸寶器質異相同如空平
等如是天子應當觀想一切有情煩
惱染緣性本幻妄天子菩薩所修諸
大乘行先湏修習真實義諦若不修
習聖真實諦則無有法化諸聲聞是
故菩薩捨聲聞行行真實行雖修大
乘捨而無著為於聲聞及諸有情說
諸方便與善安樂令作正觀喜樂大
乘真實義諦遠離輪迴常樂淨處天
子是名菩薩令諸眾生及聲聞人修
學菩薩真實聖行汝等應當如是修
學菩薩正行常行恭敬於一切時心
不散亂心常謙下不生高慢亦復不
生諸餘染慧唯修觀想行善方便趣
向菩提此即是名菩薩真諦二乘空
智無有悲念愛樂菩提遠離流轉不
還世閒無善方便引導眾生於佛菩
<pb n="18"/>
提心生怯弱妙吉祥菩薩復告恭敬
寂靜自在天子汝諸天子設復輪迴
為求佛法心未嘗懈由是功德眷屬
無數自然富貴珍寶盈溢福德廣大
如海無量所居宮殿嚴麗殊特飾以
妙寶自在富樂汝為諦求無上菩提
一切[捐-口+ㄙ]捨不生愛樂如是天子菩薩
摩訶薩修菩薩行[捐-口+ㄙ]捨財物及諸珍
寶亦能捨於頭目髓腦行大慈悲諸
波羅蜜悉皆修習如披甲冑有大勢
力福智如海具足了知大乘功德化
諸有情從於佛土至於佛土一切不
遺得真實諦天子汝等諸天微妙上
服所出異香遍布餘處有種種香以
真實相學佛智慧於佛功德戒定慧
香解脫知見種種之香等無有異此
香能斷生死塵勞煩惱根本汝諸天
子於往昔中以眾香花珍寶衣服晝
夜六時作諸供養正念思惟持諸淨
戒百千俱𦙘那由他劫願力圓成聞
說如來戒定慧等五種妙香欲盡煩
惱自然感得身出妙香與佛菩薩等
無有異爾時恭敬寂靜自在天子復
白妙吉祥童真菩薩言寶幢如來國
土之中諸聲聞眾有何所為修真實
諦時妙吉祥童真菩薩告天子言彼
諸聲聞由信重法乃至生滅不離於
法而能出過四果四向非湏陁洹悉
能出過一切惡趣非斯陁含而能往
來教化眾生非阿那含知一切法無
去無來非阿羅漢亦能受於三千大
千一切供養及非獨覺佛所說法悉
皆能持不離於貪而無貪縛不離於
嗔不為嗔縛不離於癡而無癡縛不
斷煩惱離諸暗障不離塵勞勤行精
進誘進眾生不計我人令修正念遠
離身心出生神足五根曉了摧一切
法五力現前趣於彼岸住深禪定於
法界中智慧明了遠離無明漸證解
脫而以肉眼觀諸佛國而作佛事復
以天眼見諸眾生輪迴生死又以慧
眼觀眾生心本具真實復以法眼見
一切法本性平等復以天耳遙聞一
切諸佛說法悉皆了知復聞百千俱
𦙘眾生覺觀之聲知心善惡以神通
力遊諸國土無不周遍雖復往來若
身若心安住法界決定修學或現其
形無麤色相具功德力種種莊嚴威
德光明名稱顯著由戒定慧之所薰
修於諸世閒一切煩惱無所染著於
佛言教辯才博聞以智慧明破諸黑
暗得陁羅尼觀諸聲聞及辟支佛唯
佛智慧無有窮盡何以故如來功德
由如大海正念定慧喻若湏彌於三
摩地勤行忍辱降伏諸魔摧破外道
得善安樂諸法之王心得自在亦如
虛空遍入一切非所能喻天子當知
彼寶幢佛所諸聲聞眾觀想思惟如
是具足說是語時而此會中五百比
丘五百優婆塞五千天子聞妙吉祥
童真菩薩說是語已作諸供養供養
世尊及諸菩薩復白佛言我等今者
皆願求生寶幢佛國如彼聲聞達諸
<pb n="19"/>
法義於時世尊告諸大眾汝等當發
無上道心不忻小果求大菩提方能
得生寶幢佛國時比丘等聞是語時
皆發阿耨多羅三藐三菩提心由是
如來而為授記汝等當來決定往生
彼佛國土。

佛說清淨毗柰耶最上大乘經卷上
<sarticle>佛說清淨毗柰耶最上大乘經卷中　門</sarticle>
同譯經西天寶法大師賜紫沙門臣智吉祥等奉　詔譯
爾時恭敬寂靜自在天子復白妙吉
祥童真菩薩毗柰耶法有其幾種使
諸眾生云何修習漸次證入諸佛智
慧唯願大慈為我等軰宣說清淨解
脫法門時妙吉祥童真菩薩告天子
言我聞寶幢如來所說毗柰耶法本
性平等體無有異由佛如來隨順眾
生根性頓漸方便開示禁禦有情假
立多種所謂法界無邊眾生無邊戒
亦無邊眾生無始慣習熏修於情非
情迷惑顛倒於違順境起憎愛心妄
結業因自沈流轉故佛世尊隨冝開
導戒律因緣稱彼物機各生意樂譬
如清淨摩尼寶珠應順人心現種種
物各得隨時濟自所乏此毗柰耶亦
復如是隨諸眾生之所受持見在未
來得如意報又如世閒海水深廣於
諸川澤無不含容一切有情一切珠
寶依之而住此毗柰耶亦復如是隨
諸眾生樂欲差別故分諸乘受持有
異任其種性各得所依功德珍寶皆
悉具足故毗柰耶是諸眾生一切善
法依止住處世尊大慈平等利益觀
諸眾生猶如一子為人天性說三歸
五戒如乘小筏得渡溝河近達彼岸
人天乘此善戒功力超越三塗煩惱
業水為聲聞人受毗柰耶是趣大乘
基址聖道隨心說戒戒無差別逐境
論心戒成無量為聖性人略說二種
毗柰耶法謂即聲聞及與菩薩是二
種戒力用不同故成別異聲聞所行
唯專自行不務利他見苦有情心無
悲愍不生救護菩薩修習[損-口+ㄙ]己益物
於自身命眷屬財寶為守淨戒無少
恡惜不憚寒暄積集善利冤親相對
歡喜普滋不作順違慈心攝受又聲
聞人猒畏生死求自涅盤知苦斷集
證滅修道遠離憒閙愛樂空寂菩薩
用心不怖生死不住涅盤願於惡時
安立正道又聲聞人於魔魔民唯求
捨離不樂任持菩薩勝行見諸極惡
邪行有情方便調伏軟言攝受令捨
邪道為自眷屬又諸聲聞於所受持
毗柰耶法猶如世閒陶石之器或有
破壞不能復完如多羅無心不復生
長針鼻折缺匪堪重用人斷其頭無
能還活菩薩戒法體性如金成其寶
器設有所[損-口+ㄙ]性有堪任體本金故還
復成用又聲聞人雖以堅持作無作
戒而於十力四無所畏未有所證唯
菩薩人漸次修習如來福慧汝善男
子諸聲聞人於菩薩法不得自在身
為相累心被境縛由持淨戒定慧見
<pb n="20"/>
前自乘聖因雖皆成就於究竟道最
上菩提而未證得與諸菩薩所有戒
定智慧勝力功德道品不可為比說
是語已爾時世尊讚歎妙吉祥童真
菩薩善哉善哉汝善學佛宣說聲聞
菩薩所有清淨毗柰耶法令諸眾生
隨自根心各有修證善男子此毗柰
耶功德甚深不可思議我今為汝及
諸大眾重略宣說清淨最上秘密尸
羅令各了知持犯名相漸次證入諸
佛智慧汝善男子天人眾會慇懃恭
敬諦聽思惟此清淨法三世諸佛之
所尊重三世菩薩之所隨學諸佛菩
薩所有微妙福德智慧皆從此生若
但聞名少時信受亦獲十種殊勝功
德一者智慧具足二者依佛隨學三
者深信大乘四者善願堅固五者心
不散亂六者遠離惡報七者常遇善
緣八者心無纏染九者三昧現前十
者得成佛道暫修少善獲果尚多何
況長時心無退捨善男子此清淨法
眾聖源流諸佛根本喻如大海水無
邊際大身眾生歡喜愛樂長時遊戲
心無猒足菩薩所行毗柰耶法體性
深廣用無邊際功無限量菩薩愛樂
終無猒捨世間所有陂池之水有情
在中雖以為樂水本淺近不久枯涸
大身眾生甚不樂住其有細流漸入
大海咸同一味聲聞所持毗柰耶法
非菩薩人之所愛樂亦復能為佛果
正因名相有殊體實無異于時會中
一萬二千諸天子眾聞佛世尊方便
譬喻種種讚歎微妙甚深毗柰耶法
皆各發起阿耨多羅三藐三菩提心
頂禮世尊俱唱是言我等今者皆願
當學摩訶薩埵根本聖因教化眾生
令各調伏根識清淨漸次修行至如
來地爾時世尊告天子言汝等往昔
已曾親近供養諸佛於菩薩乘久植
善本欲學最上清淨毗尼必得成就
應當發起精進勇猛堅固道心不被
煩惱之所纏縛五欲幻相深生猒捨
了知貪愛生死苦源覺悟無明輪迴
根本密護諸根堅意不犯初中後夜
正念現前邪見妄心不能迷亂我人
眾生及與壽命自性本空五陰六塵
和合聚散尋伺覺觀分別緣生而無
實體如是天子應當了知過現未來
世出世間一切諸法本性平等猶若
虛空究竟寂靜。
尒時恭敬寂靜自在天子白佛言世
尊今此會中是妙吉祥童真菩薩善
能宣說一切法要令諸眾生各有開
解於最上乘毗柰耶法漸次修學方
便悟入我今復欲問彼菩薩如來所
有因地行願平等清淨解脫法門唯
願世尊慈悲憐愍聽我諮問摩訶衍
曩最上法義使我等輩及於未來一
切眾生戒見具足不墮邪命尒時世
尊讚歎寂靜自在天子言善哉善哉
能以方便利樂眾生今正是時冝應
請問于時天子承佛威力歡喜踴躍
詣妙吉祥大菩薩前嚴整衣冠威儀
<pb n="21"/>
具足五輪踞地慇懃作禮禮已讚言
仁者大士我今諮問如來所有諸法
之要以何為門令諸眾生入如來家
得正覺道唯願慈悲為我等輩開示
演說于時菩薩在大眾中身放光明
容貌怡恱端正殊妙威德特尊振大
雷音作師子吼告天子言如汝所問
諦聽思惟世尊大慈正遍知者證知
我今為汝略說善男子一切眾生從
本已來迷惑顛倒不覺正因增長我
人妄搆生滅由貪嗔癡為生滅體如
繩縛物無有自在永繫三界遠無出
期深處塵勞不得清淨故於法門無
所悟入善男子一切諸法本性平等
無有高下愛憎之相無別法性成多
眾生非多眾生有別法性故眾生法
即如來法故眾生性即如來性能如
是知能如是信於諸法性不生疑謗
以此為門入如來家得正覺道名真
佛子精勤修習植眾善本漸次除斷
煩惱蓋纏初中後夜心常醒覺密護
根門無令放逸識生滅相了知我法
名義俱空假合幻緣不能迷動如是
修習是諸菩薩真實平等解脫法門
善男子一切眾生顛倒既久煩惱愈
增失於如來律儀淨戒四攝六度無
以見前於真實法不深愛樂自興異
見邪妄推度朋黨惡人憍慢懈怠恣
情縱意橫搆業緣植流轉根造生死
本因果不斷惑苦相續念念交遷無
得安隱不覺自身諸根四大假和合
成藉因緣有因緣勢在假名呼召住
世時分猶如幻人來往動轉緣勢力
盡四大散滅身相歸空當知住世色
力眷屬如夢所見名體非實是名眾
生虛妄顛倒入生死門善男子一切
眾生從無始來慣習慳悋於自內身
不行惠捨唯深躭染晝夜愛著俄尓
無常不復暫住如寄舍人屋宇敗壞
別寄他舍色身敗壞心識隨緣異趣
寄生惟留殘軀空成濃血何可愛著
復於外財金帛錢寶計念鄙惜無片
捨心不知此物本性聚散流轉世閒
妄恃豪富遠待長年不續善因恣情
娛樂福緣殆盡水火風災劫掠時至
財物耗散眷屬別離見受餘殃後沉
惡道因果感應永處貧乏由內外物
不行布施於七聖財無復能得諸大
菩薩於自內身眷屬財寶無所悋惜
見有求者如法施與是名菩薩布施
法門善男子一切眾生從無始來隨
逐魔道不護諸根縱貪嗔癡違越梵
行於三寶所無敬信心不樂律儀唯
行放逸喜煞眾生習不與取好處汙
行言不真實飲噉非食嘗無猒足聲
聞緣覺菩薩大人作無作戒曾不親
近人天善法亦不修習來往三塗無
有閒斷諸大菩薩於佛所說毗柰耶
法清淨禁戒乃至無有如毛頭許而
不信受是名菩薩淨戒法門善男子
眾生無始惑於法性於無我處妄執
我人嗔恚見行相續嫉妬常懷諍訟
[損-口+ㄙ]惱有情遇苦違緣復加逆害諸大
<pb n="22"/>
菩薩於我及所了知為空設遇冤家
欲相謀害以憐愍心歡喜隨順不生
加報是名菩薩忍辱法門善男子一
切眾生從本已來身心懈怠著諸垢
穢退失善法五欲醉亂常無醒覺親
近惡友違善知識於諸如來一百四
十不共功德清淨法門不能隨學於
諸菩薩自利利他饒益行門亦不了
知於辟支迦十二因緣順逆觀行不
能明解於聲聞人四聖諦法染淨因
果無所趣入於人天乘世閒善法無
信向心唯積惡緣以增懈怠而諸菩
薩由種性力心不怯弱人天二乘菩
薩如來所有上行發勇猛心遍勤修
習雖遭眾苦終無悔惱是名菩薩精
進法門善男子一切眾生心意狂亂
晝夜放逸種種覺觀於諸塵境念念
隨逐若身若心曾不安息菩薩摩訶
薩由修淨戒禁禦六根深入禪那身
心寂靜是名菩薩禪定法門善男子
一切眾生愚癡闇鈍多無知覺於佛
所說三十七品四無量道慈心濟物
與樂法門悲愍一切苦惱眾生拔苦
法門其性柔和愛樂眾生喜恱法門
遠離憎愛無冤親想平等法門身受
心法四念安住無我法門修四正斷
遠離障染清淨法門備四神足輕舉
動轉運通法門具五善根增長功德
出生法門五力圓具破諸魔冤摧伏
法門七覺支分八聖道品淨功德門
皆不曉了而諸菩薩具足修習福德
智慧於修多羅毗柰耶法及阿毗曇
悉能深解是名菩薩智慧法門尒時
寂靜自在天子聞妙吉祥童真菩薩
所說種種清淨法門發希有心堅固
不捨以柔軟音復問菩薩仁者大士
云何名為法界性門菩薩荅言善男
子一切諸法有為無為體用周遍無
所不攝名法界門又問法界以何為
界荅天子言謂有情界及無情界為
一法界重復問言如是法界有邊際
不菩薩告言汝意云何如虛空界有
邊際不荅言不也菩薩告言虛空無
邊大地無邊眾生無邊法界無邊天
子問言仁者大士此法界性可分別
不菩薩荅言法界性者不住於色不
住於聲不即眾生不異眾生寂靜湛
然遍一切處絕諸戲論法界之名本
亦不有天子問言仁者大士具修幾
緣有如是心辯才分別能說諸法童
真菩薩告天子言汝見世閒幽巖山
谷有幾種心出諸音響而應外聲天
子荅言山谷無心猶外有聲相合生
響菩薩告言我今亦尓我本無心分
別諸法隨眾生性應緣所說天子問
言仁者大士為依何住速能成就阿
耨多羅三藐三菩提童真菩薩荅天
子言菩薩修行住五種法無有閒斷
速能成就阿耨多羅三藐三菩提何
等為五謂菩薩摩訶薩最初發起大
菩提心慇懃勇猛志求佛道於其中
閒不起一念聲聞緣覺下劣之心是
一無閒菩薩摩訶薩最初發心救濟
<pb n="23"/>
眾生而於自體身手支分眷屬財寶
無所愛惜亦不能生暫時慳悋是二
無閒菩薩摩訶薩最初發起慈悲之
心於諸眾生悉欲度脫其中未嘗少
有懈廢是三無間菩薩摩訶薩最初
發心修菩提行知一切法本無自性
從緣而生從緣而滅決定信忍未甞
於中生諸異見是四無閒菩薩摩訶
薩始從初發大菩提心具正知見行
平等道遠離空有斷常之病猒有漏
法不著三界是五無閒善男子菩薩
摩訶薩住五無閒生精進心速得成
就阿耨多羅三藐三菩提法天子又
問仁者大士頗有凡夫眾生住五無
閒亦能成就阿耨多羅三藐三菩提
耶菩薩荅言可得成就天子問言以
何因緣而得成就菩薩荅言於一切
法了知為空無疑無謗作者受者俱
無自相如是修習故得成就阿耨多
羅三藐三菩提。
佛說清淨毗柰耶最上大乘經卷中

</file>