cbeta2011.xml
t01.xml
t02.xml
t03.xml
t04.xml
t05.xml
t06.xml
t07.xml
t08.xml
t09.xml
t10.xml
t11.xml
t12.xml
t13.xml
t14.xml
t15.xml
t16.xml
t17.xml
t18.xml
t19.xml
t20.xml
t21.xml
t22.xml
t23.xml
t24.xml
t25.xml
t26.xml
t27.xml
t28.xml
t29.xml
t30.xml
t31.xml
t32.xml
t33.xml
t34.xml
t35.xml
t36.xml
t37.xml
t38.xml
t39.xml
t40.xml
t41.xml
t42.xml
t43.xml
t44.xml
t45.xml
t46.xml
t47.xml
t48.xml
t49.xml
t50.xml
t51.xml
t52.xml
t53.xml
t54.xml
t55.xml
t85.xml

X01.xml
X02.xml
X03.xml
X04.xml
X05.xml
X07.xml
X08.xml
X09.xml
X10.xml
X11.xml
X12.xml
X13.xml
X14.xml
X15.xml
X16.xml
X17.xml
X18.xml
X19.xml
X20.xml
X21.xml
X22.xml
X23.xml
X24.xml
X25.xml
X26.xml
X27.xml
X28.xml
X29.xml
X30.xml
X31.xml
X32.xml
X33.xml
X34.xml
X35.xml
X36.xml
X37.xml
X38.xml
X39.xml
X40.xml
X41.xml
X42.xml
X43.xml
X44.xml
X45.xml
X46.xml
X47.xml
X48.xml
X49.xml
X50.xml
X51.xml
X53.xml
X54.xml
X55.xml
X56.xml
X57.xml
X58.xml
X59.xml
X60.xml
X61.xml
X62.xml
X63.xml
X64.xml
X65.xml
X66.xml
X67.xml
X68.xml
X69.xml
X70.xml
X71.xml
X72.xml
X73.xml
X74.xml
X75.xml
X76.xml
X77.xml
X78.xml
X79.xml
X80.xml
X81.xml
X82.xml
X83.xml
X84.xml
X85.xml
X86.xml
X87.xml
X88.xml

J01.xml
J07.xml
J10.xml
J15.xml
J19.xml
J20.xml
J21.xml
J22.xml
J23.xml
J24.xml
J25.xml
J26.xml
J27.xml
J28.xml
J29.xml
J30.xml
J31.xml
J32.xml
J33.xml
J34.xml
J35.xml
J36.xml
J37.xml
J38.xml
J39.xml
J40.xml

A091.xml
A097.xml
A098.xml
A110.xml
A111.xml
A112.xml
A114.xml
A119.xml
A120.xml
A121.xml
C056.xml
C057.xml
C059.xml
C071.xml
C073.xml
C077.xml
C078.xml
C097.xml
C106.xml
F01.xml
F02.xml
F03.xml
F12.xml
F24.xml
F27.xml
F28.xml
F29.xml
G052.xml
G069.xml
G083.xml
G084.xml
H01.xml
I01.xml
K05.xml
K32.xml
K34.xml
K35.xml
K38.xml
K41.xml
L115.xml
L116.xml
L130.xml
L131.xml
L132.xml
L133.xml
L135.xml
L141.xml
L143.xml
L149.xml
L153.xml
L154.xml
L155.xml
L157.xml
L158.xml
L162.xml
L164.xml
M059.xml
P154.xml
P155.xml
P167.xml
P168.xml
P174.xml
P178.xml
P179.xml
P180.xml
P181.xml
P182.xml
P183.xml
P184.xml
P185.xml
P187.xml
P189.xml
S06.xml

U205.xml
U222.xml
U223.xml
W01.xml
W02.xml
W03.xml
W04.xml
W05.xml
W06.xml
W07.xml
W08.xml
W09.xml
