
<pb n="1"/>
﻿<book id="J24">J24冊</book>
<article>重刻趙州祖師語錄序</article>
聞夫破家散宅於十八上而善
舞太阿縱賓奪主於賢聖前而
逢場作戲一物不將來便教放
下著不起一念時向道須彌山
每拈一莖草而喚作丈六金身
口惟一個齒而盡知世間滋味
鎮州蘿蔔諸方謾云即是師承
青州布衫學者休向言中取的
一個老實頭殺活臨機頓超他
動棒用喝三寸綿軟舌縱橫自
在何嘗用怪語奇言其猶水上
按葫蘆垂手東捺西捺室中懸
寶鏡任教丘來聖來拈提向上
宗乘念佛則漱口三日善解拖
泥帶水（隨而問隨）答有無南泉真子
馬祖的孫其惟此老一人而已
矣其垂跡也滕蚐入口而糠食
自安轉現報也明珠出海而二
王供養如此則寧非先佛示現
利生者哉惜其語錄不能盡傳
學者僅獲一帙真如嘗鼎一臠
飲海一滴者矣柰舊刻歲久字
跡糢糊吾徒明聲叢心重刻詔
示後來真報祖師之恩深愜老
朽之意因佳其志聊綴數言其
全機大用非予劣智能解造淵
洞微自有通方作者。
傳曹洞正宗第二十七代雲門
顯聖寺住持散木圓澄撰

<other>趙王與師作真讚</other>
 碧溪之月清鏡中頭我師我化天下趙州 
<other>哭趙州和尚二首</other>
 師離㴲水動王侯心印光潛麈尾收碧落霧霾松領
月滄溟浪覆濟人舟一燈乍滅波旬喜雙眼重昏道
侶愁縱是了然雲外客每瞻瓶杌淚還流 
 佛日西傾祖印隳珠沉丹沼月沉輝影敷丈室爐煙
慘風起禪堂松韻微隻履乍來留化跡五天何處又
逢歸解空弟子絕悲喜猶自潸然對雪幃 

<other>助刻姓氏</other>
比丘靈昊大用悟微智行
優婆塞沈琦張星耀明亨吳獻璋
吳獻琦戈永泰海福明誓
姜助周明炤明皎＆unrec;＆unrec;
優婆夷大善黃氏＆unrec;氏明憶
張氏明利戈氏柳氏
廣明吳氏沈氏張氏
李氏徐氏范氏明普

<sarticle><article>趙州和尚語錄卷上</article></sarticle>
參學門人文遠記錄
𨍏轢道人大參重校
雲門弟子明聲重刻
師問南泉如何是道泉云平常心是師云還可趣向
不泉云擬即乖師云不擬爭知是道泉云道不屬知
不知知是妄覺不知是無記若真達不疑之道猶如
太虛廓然蕩豁豈可強是非也師於言下頓悟玄旨
心如朗月。
南泉上堂師問明頭合暗頭合泉便歸方丈師便下
堂云這老和尚被我一問直得無言可對首座云莫
<pb n="2"/>
道和尚無語自是上座不會師便打又云這棒合是
堂頭老漢喫。
師問南泉知有底人向什麼處去泉云山前檀越家
作一頭水牯牛去師云謝和尚指示泉云昨夜三更
月到窗。
師在南泉作爐頭大眾普請擇菜師在堂內叫救火
救火大眾一時到僧堂前師乃關卻僧堂門大眾無
對泉乃拋鎖匙從窗內入堂中師便開門。
師在南泉井樓上打水次見南泉過便抱柱懸卻腳
云相救相救南泉上楜梯云一二三四五師少時間
卻去禮謝云適來謝和尚相救。
南泉東西兩堂爭貓兒泉來堂內提起貓兒云道得
即不斬道不得即斬卻大眾下語皆不契泉意當時
即斬卻貓兒子至晚間師從外歸來問訊次泉乃舉
前語子云你作麼生救得貓兒師遂將一隻鞋戴在
頭上出去泉云子若在救得貓兒。
師問南泉異即不問如何是類泉以兩手托地師便
蹋倒卻歸涅槃堂內叫悔悔泉聞乃令人去問悔箇
什麼師云悔不剩與兩蹋。
南泉從浴室裏過見浴頭燒火問云作什麼云燒浴
泉云記取來喚水牯牛浴浴頭應喏至晚間浴頭入
方丈泉問作什麼云請水牯牛去浴泉云將得繩索
來不浴頭無對師來問訊泉泉舉似師師云某甲有
語泉便云還將得繩索來麼師便近前驀鼻便拽泉
云是即是太麤生。
師問南泉離四句絕百非外請師道泉便歸方丈師
云這老和尚每常口爬爬地及其問著一言不措侍
者云莫道和尚無語好師便打一掌南泉便掩卻方
丈門便把灰圍卻問僧云道得即開門多有人下語
並不契泉意師云蒼天蒼天泉便開門。
師問南泉云心不是佛智不是道還有過也無泉云
有師云過在什麼處請師道泉遂舉師便出去。
師上堂謂眾曰此事的的沒量大人出這裏不得老
僧到溈山僧問如何是祖師西來意溈山云與我將
床子來若是宗師須以本分事接人始得時有僧問
如何是祖師西來意師云庭前柏樹子學云和尚莫
將境示人師云我不將境示人云如何是祖師西來
意師云庭前柏樹子師又云老僧九十年前見馬祖
大師下八十餘員善知識箇箇俱是作家不似如今
知識枝蔓上生枝蔓都大是去聖遙遠一代不如一
代只如南泉尋常道須向異類中行且作麼生會如
今黃口小兒向十字街頭說葛藤博飯噇覓禮拜聚
三五百眾云我是善知識你是學人。
僧問如何是清淨伽籃師云丫角女子如何是伽籃
中人師云丫角女子有孕。
問承聞和尚親見南泉是否師云鎮州出大蘿蔔頭。
問和尚生緣什麼處師以手指云西邊更向西。
問法無別法如何是法師云外空內空內外空。
問如何是佛真法身師云更嫌什麼。
問如何是心地法門師云古今牓樣。
問如何是賓中主師云山僧不問婦如何是主中賓
師云老僧無丈人。
問如何是一切法常住師云老僧不諱祖其僧再問
師云今日不答話。
師上堂云兄弟莫久立有事商量無事向衣缽下坐
窮理好老僧行腳時除二時齋粥是雜用心力處餘
外更無別用心處也若不如此出家大遠在。
問萬物中何物最堅師云相罵饒汝接觜相唾饒汝
潑水。
問曉夜不停時如何師云僧中無與麼兩稅百姓。
問如何是一句師云若守著一句老卻你師又云若
一生不離叢林不語十年五載無人喚你作啞漢已
後佛也不奈你何你若不信截取老僧頭去。
<pb n="3"/>
師上堂云兄弟你正在第三冤裏所以道但改舊時
行履處莫改舊時人共你各自家出家比來無事更
問禪問道三十二十人聚頭來問恰似欠伊禪道相
似你喚作善知識我是同受栲老僧不是戲好恐帶
累佗古人所以東道西說。
問十二時中如何用心師云你被十二時使老僧使
得十二時你問那箇時。
問如何是趙州主人公師咄云這箍桶漢學人應喏
師云如法箍桶著。
問如何是學人本分事師云樹搖鳥散魚驚水渾。
問如何是少神底人師云老僧不如你學云不占勝
云你因什麼少神。
問至道無難唯嫌揀擇是時人窠窟師云曾有問我
直得五年分疏不得。
有官人問丹霞燒木佛院主為什麼眉鬚墮落師云
官人宅中變生作熟是什麼人云所使師云卻是佗
好手。
問毗目僊人執善財手見微塵佛時如何師遂執僧
手云你見箇什麼。
有尼問如何是沙門行師云莫生兒尼云和尚勿交
涉師云我若共你打交涉堪作什麼。
問如何是趙州主人公師云田厙奴。
問如何是王索仙陀婆師云你道老僧要箇什麼。
問如何玄中玄師云說什麼玄中玄七中七八中八。
問如何是仙陀婆師云靜處薩婆訶。
問如何是法非法師云東西南北學云如何會去師
云上下四維。
問如何是玄中玄師云這僧若在合年七十四五。
問王索仙陀婆時如何師驀起打躬乂手。
問如何是道師云不敢不敢。
問如何是法師云敕敕攝攝。
問趙州去鎮府多少師云三百學云鎮府來趙州多
少師云不隔。
問如何玄中玄師云玄來多少時也學云玄來久矣
師云賴遇老僧洎合玄殺這屢生。
問如何是學人自己師云還見庭前柏樹子麼。
師上堂云若是久參底人莫非真實莫非亙古亙今
若是新入眾底人也須究理始得莫趁者邊三百五
百一千傍邊二眾叢林稱道好箇住持洎乎問著佛
法恰似炒砂作飯相似無可施為無可下口卻言佗
非我是面赫赤地良由世間出非法語真實欲明者
意莫辜負老僧。
問在塵為諸聖說法總屬披搭未審和尚如何示人
師云什麼處見老僧學云請和尚說師云一堂師僧
總不會這僧語話別有一僧問請和尚說師云你說
我聽。
問真化無跡無師弟子時如何師云誰教你來問學
云更不是別人師便打之。
問此事如何辨師云我怪你學云如何辨得師云我
怪你不辨學云還保任否師云保任不保任自看。
問如何是無知解底人師云說什麼事。
問如何是西來意師下禪床學云莫便是否師云老
僧未有語在。
問佛法久遠如何用心師云你見前漢後漢把攬天
下臨終時半錢也無分。
問時人以珍寶為貴沙門以何為貴師云急合取口
學云合口還得也無師云口若不合爭能辨得。
問如何是趙州一句師云半句也無學云豈無和尚
在師云老僧不是一句。
問如何得不被諸境惑師垂一足僧便出鞋師收起
足僧無語。
有俗官問佛在日一切眾生皈依佛佛滅度後一切
眾生歸依什麼處師云未有眾生學云現問次師云
<pb n="4"/>
更覓什麼佛。
問還有不報四恩三有者也無師云有學云如何是
師云這殺父漢算你只少此一問。
問如何是和尚意師云無施設處。
師上堂云兄弟但改往修來若不改大有著你處在
老僧在此間三十餘年未曾有一箇禪師到此間設
有來一宿一食急走過且趁軟煖處去也。
問忽遇禪師到來向伊道什麼師云千鈞之弩不為
鼷鼠而發機師云兄弟若從南方來者即與下載若
從北方來即與裝載所以道近上人問道即失道近
下人問道者即得道兄弟正人說邪法邪法亦隨正
邪人說正法正法亦隨邪諸方難見易識我者裏易
見難識。
問善惡或不得底人還獨脫也無師云不獨脫學云
為什麼不獨脫師云正在善惡裏。
尼問離卻上來說處請和尚指示師咄云煨破鐵瓶
尼將鐵瓶添水來請和尚答話師笑之。
問世界變為黑穴未審此箇落在何路師云不占學
云不占是什麼人師云田厙奴。
問無言無意始稱得句既是無言喚什麼作句師云
高而不危滿而不溢學云即今和尚是滿是溢師云
爭奈你問我。
問如何是靈者師云淨地上痾一堆屎學云請和尚
的旨師云莫惱亂老僧。
問法身無為不墮諸數還許道也無師云作麼生道
學云與麼即不道也師笑之。
問如何是佛如何是眾生師云眾生即是佛佛即是
眾生學云未審兩箇那箇是眾生師云問問。
問大道無根如何接唱師云你便接唱云無根又作
麼生師云既是無根什麼處繫縛你。
問正修行底人莫被鬼神測得也無師云測得云過
在什麼處師云過在覓處云與麼即不修行也師云
修行。
問孤月當空光從何生師云月從何生。
問承和尚有言道不屬修俱莫染污如何是不染污
師云檢校內外云還自檢校也無師云檢校云自己
有什麼過自檢校師云你有什麼事。
師上堂云此事如明珠在掌胡來胡現漢來漢現老
僧把一枝草作丈六金身用把丈六金身作一枝草
用佛即是煩惱煩惱即是佛問佛與誰人為煩惱師
云與一切人為煩惱云如何免得師云用免作麼。
師示眾云老僧此問即以本分事接人若教老僧隨
伊根機接人自有三乘十二分教接佗了也若是不
會是誰過歟已後遇著作家漢也道老僧不辜佗但
有人問以本分事接人。
問從上至今即心是佛不即心還許學人商量也無
師云即心且置商量箇什麼。
問古鏡不磨還照也無師云前生是因今生是果。
問三刀未落時如何師云森森地云落後如何師云
迥迥地。
問如何是出三界底人師云籠罩不得。
問牛頭未見四祖百鳥銜花供養見後為什麼百鳥
不銜花供養師云應世不應世。
問白雲自在時如何師云爭似春風處處閑。
問如何是露地白牛師云月下不用色云食噉何物
師云古今嚼不著云請師答話師云老僧答與麼。
師示眾云擬心即差僧便問不擬心時如何師打二
下云莫是老僧辜負闍梨麼。
問凡有問答落在意根不落意根師如何對師云問
學云便請師道師云莫向這裏是非。
問龍女親獻佛未審將什麼獻師以兩手作獻勢。
師示眾云此間佛法道難即易道易即難別處難見
易識老僧者裏即易見難識若能會得天下橫行忽
<pb n="5"/>
有人問什麼處來若向伊道從趙州來又謗趙州若
道不從趙州來又埋沒自己諸人且作麼生對他僧
問觸目是謗和尚如何得不謗去師云若道不謗早
是謗了也。
問如何是正修行路師云解修行即得若不解修行
即參差落佗因果裏又云我教你道若有問時但向
伊道趙州來忽問趙州說什麼法但向伊道寒即言
寒熱即言熱若更問道不問者箇事但云問什麼事
若再問趙州說什麼法便向伊道和尚來時不教傳
語上座若要知趙州事但自去問取。
問不顧前後時如何師云不顧前後且置你問阿誰。
師示眾云迦葉傳與阿難且道達磨傳與什麼人。
問且如二祖得髓又作麼生師云莫謗二祖師又云
達磨也有語在外者得皮在裏者得骨且道更在裏
者得什麼。
問如何是得髓底道理師云但識取皮老僧者裏髓
也不立云如何是髓師云與麼皮也摸未著。
問與麼堂堂豈不是和尚正位師云還知有不肯者
麼學云與麼即別有位師云誰是別者學云誰是不
別者師云一任叫。
問上上人一撥便轉下下人來時如何師云汝是上
上下下云請和尚答話師云話未有主在云某甲七
千里來莫作心行師云據你者一問心行莫不得麼
此僧一宿便去。
問不紹傍來者如何師云誰學云惠延師云問什麼
學云不紹傍來者師以手撫之。
問如何是衲衣下事師云莫自瞞。
問真如凡聖皆是夢言如何是真言師云更不道者
兩箇學云兩箇且置如何是真言師云唵⿰口部啉㗶。
問如何是趙州師云東門西門南門北門。
問如何是定師云不定學云為什麼不定師云活物
活物。
問不隨諸有時如何師云合與麼學云莫便是學人
本分事師云隨也隨也。
問古人三十年一張弓兩下箭只射得半箇聖人今
日請師全射師便起去。
師示眾云至道無難唯嫌揀擇才有言語是揀擇老
僧卻不在明白裏是你向什麼處見祖師問和尚既
不在明白裏護惜什麼處師云我亦不知學云和尚
既自不知為什麼道不在明白裏師云問事即得禮
拜退。
師示眾云法本不生今則無滅更不要道才語是生
不語是默諸人且作麼生是不生不滅底道理問草
是不生不滅麼師云者漢只認得箇死語。
問至道無難唯嫌揀擇才有言語是揀擇和尚如何
示人師云何不盡引古人語學云某甲只道得到者
裏師云只這至道無難唯嫌揀擇。
上堂示眾云看經也在生死裏不看經也在生死裏
諸人且作麼生出得去僧便問只如俱不留時如何
師云實即得若不實爭能出得生死。
問利劍鋒頭快時如何師云老僧是利劍快在什麼
處。
問大難到來如何迴避師云恰好。
上堂良久大眾總來也未對云總來也師云更待一
人來即說話僧云候無人來即說似和尚師云大難
得人。
師示眾云心生即種種法生心滅即種種法滅你諸
人作麼生僧乃問只如不生不滅時如何師云我許
你者一問。
師因參次云明又未明道昏欲曉你在阿那頭僧云
不在兩頭師云與麼即在中間也云若在中間即在
兩頭師云這僧多少時在老僧這裏作與麼語話不
出得三句裏然直饒出得也在三句裏你作麼生僧
<pb n="6"/>
云某甲使得三句師云何不早與麼道。
問如何是通方師云離卻金剛禪。
師示眾云衲僧家直須坐斷報化佛頭始得問坐斷
報化佛頭是什麼人師云非你境界。
師示眾云大道只在目前要且難睹僧乃問目前有
何形段令學人睹師云任你江南江北學云和尚豈
無方便為人師云適來問什麼。
問入法界來還知有也無師云誰入法界學云與麼
即入法界不知去也師云不是寒灰死木花錦成現
百種有學云莫是入法界處用也無師云有什麼交
涉。
問若是實際理地什麼處得來師云更請闍梨宣一
遍。
問萬境俱起還有惑不得者也無師云有學云如何
是惑不得者師云你還信有佛法否學云信有佛法
古人道了如何是惑不得者師云為什麼不問老僧
學云問了也師云惑也。
問未審古人與今人還相近也無師云相近即相近
不同一體學云為什麼不同師云法身不說法學云
法身不說法和尚為人也無師云我向惠裏答話學
云爭道法身不說法師云我向惠裏救你阿爺佗終
不出頭。
問學人道不相見時還回牙也無師云測得回牙學
云測佗不得回互箇什麼師云不與麼是你自己學
云和尚還受測也無師云人轉近道即轉遠也學云
和尚為什麼自隱去師云我今見共你語話學云爭
道不轉師云合與麼著。
師示眾云教化得底人是今生事教化不得底人是
第三生冤若不教化恐墮卻一切眾生教化亦是冤
是你還教化也無僧云教化師云一切眾生還見你
也無學云不見師云為什麼不見學云無相師云即
今還見老僧否學云和尚不是眾生師云自知罪過
即得。
師示眾云龍女心親獻盡是自然事問既是自然獻
時為什麼師云若不獻爭知自然。
師示眾云八百箇作佛漢覓一箇道人難得。
問只如無佛無人處還有修行也無師云除卻者兩
箇有百千萬億學云道人來時在什麼處師云你與
麼即不修行也其僧禮拜師云大有處著你在。
問白雲不落時如何師云老僧不會上象學云豈無
賓主師云老僧是主闍梨是賓白雲在什麼處。
問大巧若拙時如何師云喪卻棟梁材。
師示眾云佛之一字吾不喜聞問和尚還為人也無
師云為人學云如何為人師云不識玄旨徒勞念靜
學云既是玄作麼生是旨師云我不把本學云者箇
是玄如何是旨師云答你是旨。
師示眾云各自有禪各自有道忽有人問你作麼生
是禪是道作麼生秪對佗僧乃問既各有禪道從上
至今語話為什麼師云為你遊魂學云未審如何為
人師乃退身不語。
師示眾云不得閑過念佛念法僧乃問如何是學人
自己念師云念者是誰學云無伴師叱者驢。
上堂示眾云若是第一句與祖佛為師第二句與人
天為師第三句自救無療有僧問如何是第一句師
云與祖佛為師師又云大好從頭起學人再問師云
又卻人天去也。
師示眾云是佗不是不將來老僧不是不秖對僧云
和尚將什麼秪對師長吁一聲云和尚將者箇秪對
莫辜負學人也無師云你適來肯我我即辜負你若
不肯我我即不辜負你。
師示眾云老僧今夜答話去也解問者出來有曾才
出禮拜師云比來拋塼引玉只得箇墼子。
問狗子還有佛性也無師云無學云上至諸佛下至
<pb n="7"/>
螘子皆有佛性狗子為什麼無師云為伊有業識性
在。
問如何是法身師云應身云學人不問應身師云你
但管應身。
問朗月當空時如何師云闍梨名什麼學云專甲師
云朗月當空在什麼處。
問正當二八時如何師云東東西西學云如何是東
東西西師云覓不著。
問學人全不會時如何師云我更不會云和尚還知
有也無師云我不是木頭作麼不知云大好不會師
拍掌笑之。
問如何是道人師云我向道是佛人。
問凡有言句舉手動足盡落在學人網中離此外請
師道師云老僧齋了未喫茶。
馬大夫問和尚還修行也無師云老僧若修行即禍
事云和尚既不修行教什麼人修行師云大夫是修
行底人云某甲何名修行師云若不修行爭得撲在
人王位中餧得來赤凍紅地無有解出期大夫乃下
淚拜謝。
師示眾云闍梨不是不將來老僧不是不秪對又云
闍梨莫擎拳合掌老僧不將禪床拂子對。
問思憶不及處如何師云過者邊來云過者邊來即
是及處如何是思不及處師豎起手云你喚作什麼
云喚作手和尚喚作什麼師云百種名字我亦道云
不及和尚百種名字且喚什麼師云與麼即你思憶
不及處僧禮拜師云教你思憶得及者云如何是師
云釋迦教祖師教是你師云祖與佛古人道了也如
何是思憶不及處師再舉指云喚作什麼僧良久師
云何不當頭道著更疑什麼。
問如何是和尚家風師云老僧耳背高聲問僧再問
師云你問我家風我卻識你家風。
問萬境俱起時如何師云萬境俱起云一問一答是
起如何是不起師云禪床是不起底僧才禮拜次師
云記得問答云記得師云試舉看僧擬舉。
問如何是目前佛師云殿裏底云者箇是相貌佛如
何是佛師云即心是云即心猶是限量如何是佛師
云無心是學云有心無心還許學人揀也無師云有
心無心總被你揀了也更教老僧道什麼即得。
問遠遠投師未審家風如何師云不說似人學云為
什麼不說似人師云是我家風學云和尚既不說似
人爭奈四海來投師云你是道我不是海學云未審
海內事如何師云老僧釣得一箇。
問祖佛近不得底是什麼人師云不是祖佛學云爭
奈近不得何師云向你道不是祖佛不是眾生不是
物得麼學云是什麼師云若有名字即是祖佛眾生
也學云不可只與麼去也師云卒未與你去在。
問如何是平常心師云狐狼野干是。
問作何方便即得聞於未聞師云未聞且置你曾聞
箇什麼來。
問承教有言隨色摩尼珠如何是本色師召僧名僧
應喏師云過者邊來僧便過又問如何是本色師云
且隨色走。
問平常心底人還受教化也無師云我不歷佗門戶
學云與麼則莫沉卻那邊人麼師云大好平常心。
問如何是學保任底物師云盡未來際揀不出。
問如何是大修行底人師云寺裏綱維是。
問學人才到總不知門戶頭事如何師云上座名什
麼學云惠南師云大好不知。
問學人欲學又謗於和尚如何得不謗去師云你名
什麼學云道皎師云靜處去者米囤子。
問如何是和尚大意師云無大無小學云莫便是和
尚大意麼師云若有纖毫萬劫不如。
問萬法本閑而人自鬧是什麼人語師云出來便死。
<pb n="8"/>
問不是佛不是物不是眾生這箇是斷語如何是不
斷語師云天上天下唯我獨尊。
問如何是毘盧圓相師云老僧自小出家不曾眼花
學云和尚還為人也無師云願你長見毘盧圓相。
問佛祖在日佛祖相傳佛祖滅後什麼人傳師云古
今總是老僧分上學云未審傳箇什麼師云箇箇總
屬生死云不可埋沒卻祖師也師云傳箇什麼。
問凡聖俱盡時如何師云願你作大德老僧是障佛
祖漢。
問遠聞趙州到來為什麼不見師云老僧罪過。
問朗月當空未審室中事如何師云老僧自出家不
曾作活計學云與麼即和尚不為今時也師云自疾
不能救焉能救諸疾學云爭奈學人無依何師云依
即蹋著地不依即一任東西。
問在心心不測時如何師云測阿誰學云測自己師
云無兩箇。
問不見邊表時如何師指淨瓶云是什麼學云淨瓶
師云大好不見邊表。
問如何是歸根師云擬即差。
問不離言句如何得獨脫師云離言句是獨脫學云
適來無人教某甲來師云因什麼到此學云和尚何
不揀出師云我早箇揀了也。
問非心不即智請和尚一句師云老僧落你後。
問如何是畢竟師云畢竟學云那箇畢竟是師云老
僧是畢竟你不解問者話學云不是不問師云畢竟
在什麼處。
問不挂寸絲時如何師云不挂什麼學云不挂寸絲
師云大好不挂寸絲。
問如救頭然底人如何師云便學學云什麼處師云
莫占佗位次。
問空劫中阿誰為主師云老僧在裏許坐學云說甚
麼法師云說你問底。
問承古有言虛明自照如何是自照師云不稱佗照
學云照不著處如何師云你話墮也。
問如何是的師云一念未起時。
問如何是法王師云州裏大王是云和尚不是師云
你擬造反去都來一箇王不認。
問如何是佛心師云你是心我是佛奉不奉自看學
云師即不無還奉得也無師云你教化我看。
問三身中那箇是本來身師云闕一不可。
問未審此土誰為祖師師云達磨來這邊總是學云
和尚是第幾祖師云我不落位次學云在什麼處師
云在你耳裏。
問不棄本不逐末如何是正道師云大好出家兒學
云學人從來不曾出家師云歸依佛歸依法學云未
審有家可出也無師云直須出家學云向什麼處安
排佗師云且向家裏坐。
問明眼人見一切還見色也無師打卻著學云如何
打得師云莫用力學云不用力如何打得師云若用
力即乖。
問祖佛大意合為什麼人師云只為今時學云爭奈
不得何師云誰之過學云如何承當師云如今無人
承當得云與麼即無依倚也師云又不可無卻老僧。
問了事底人如何師云正大修行學云未審和尚還
修行也無師云著衣喫飯學云著衣喫飯尋常事未
審修行也無師云你且道我每日作什麼。
崔郎中問大善知識還入地獄也無師云老僧末上
入崔云既是大善知識為什麼入地獄師云老僧若
不入爭得見郎中。
問毫釐有差時如何師云天地懸隔云毫釐無差時
如何師云天地懸隔。
問如何是不睡底眼師云凡眼肉眼又云雖未得天
眼肉眼力如是學云如何是睡底眼師云佛眼法眼
<pb n="9"/>
是睡底眼。
問大庾嶺頭趁得及為什麼提不起師拈起衲衣云
你甚處得者箇來云不問者箇師云與麼即提不起。
問不合不散如何辨師云你有一箇我有一箇云者
箇是合如何是散師云你便合。
問如何是不錯路師云識心見性是不錯路。
問明珠在掌還照也無師云照即不無喚什麼作珠。
問靈苗無根時如何師云你從什麼處來云太原來
師大好無根。
問學人擬作佛時如何師云大煞費力生云不費力
時如何師云與麼即作佛去也。
問學人昏鈍在一浮沉如何得出師只據坐云某甲
實問和尚師云你甚處作一浮一沉。
問不在凡不在聖如何免得兩頭路師云去卻兩頭
來答你僧不審師云不審從什麼處起在者裏從老
僧起在市裏時從什麼處起云和尚為什麼不定師
云我教你何不道今日好風。
問如何是大闡提底人師云老僧答你還信否云和
尚重言那敢不信師云覓箇闡提人難得。
問大無慚愧底人什麼處著得師云此間著不得云
忽然出頭爭向師云將取去。
問用處不現時如何師云用即不無現是誰。
問空劫中還有人修行也無師云喚什麼作空劫云
無一物是師云者箇始稱修行喚什麼作空劫。
問如何是出家師云不履高名不求垢壞。
問不指一法如何是和尚法師云老僧不說茆山法
云既不說茆山法如何是和尚法師云向你道不說
茆山法云莫者箇便是也無師云老僧未曾將者箇
示人。
問如何是目前獨脫一路師云無二亦無三云目前
有路還許學人進前也無師云與麼即千里萬里。
問如何是毘盧向上事師云老僧在你腳底云和尚
為什麼在學人腳底師云你元來不知有向上事。
問如何是合頭師云是你不合頭云如何是不合頭
師云前句弁取。
問如何和尚的的意師云止止不須說我法妙難思。
問澄澄絕點時如何師云墮坑落塹云有什麼過師
云你屈著與麼人。
問未審出家誓求無上菩提時如何師云未出家被
菩提使既出家使得菩提。
有秀才見師手中拄杖乃云佛不奪眾生願是否師
云是秀才云某甲就和尚乞取手中拄杖得否師云
君子不奪人所好秀才云專甲不是君子師云老僧
亦不是佛。
師因出外見婆子插田云忽遇猛虎作麼生婆云無
一法可當情師云除婆子云唋師云難有者箇在。
有秀才辭去云專甲在此括撓和尚多時無可報答
和尚待佗日作一頭驢來報答和尚師云教老僧爭
得鞍。
師到道吾處纔入僧堂吾云南泉一隻箭來師云看
箭吾云過也師云中也。

趙州和尚語錄卷上（終）

<sarticle><article>趙州和尚語錄卷中</article></sarticle>
師上堂示眾金佛不度爐木佛不度火泥佛不度水
真佛內裏坐菩提涅槃真如佛性盡是貼體衣服亦
名煩惱不問即無煩惱實際理地什麼處著一心不
生萬法無咎但究理而坐二三十年若不會截取老
僧頭去夢幻空花徒勞把促心若不異萬法亦然既
不從外得更拘什麼如羊相似更亂拾物安口中作
麼老僧見藥山和尚道有人問著但交合取狗口老
僧亦道合取狗口取我是垢不取我是淨一似獵狗
<pb n="10"/>
相似專欲得物喫佛法向什麼處著一千人萬人盡
是覓佛漢子覓一箇道人無若與空王為弟子莫教
心病最難醫未有世界早有此性世界壞時此性不
壞從一見老僧後更不是別人只是箇主人公者箇
更向外覓作麼與麼時莫轉頭換面即失卻也。
問百骸俱潰散一物鎮長靈時如何師云今朝又風
起。
問三乘十二分教即不問如何是祖師西來意師云
水牯牛生兒也好看取云未審此意如何師云我亦
不知。
問萬國來朝時如何師云逢人不得喚。
問十二時中如何淘汰師云奈河水濁西水流急云
還得見文殊也無師云者矇瞳漢什麼處去來。
問如何是道場師云你從道場來你從道場去脫體
是道場何處更不是。
問萌芽未發時如何師云嗅著即腦裂云不嗅時如
何師云無者閒工夫。
問如何數量師云一二三四五云數量不拘底事如
何師云一二三四五。
問什麼世界即無晝夜師云即今是晝是夜云不問
即今師云爭奈老僧何。
問迦葉上行衣不踏曹溪路什麼人得披師云虛空
不出世道人都不知。
問如何是混而不雜師云老僧菜食長齋云還得超
然也無師云破齋也。
問如何是古人之言師云諦聽諦聽。
問如何是學人本分事師云與麼嫌什麼。
問萬法歸一一歸何所師云我在青州作一領布衫
重七斤。
問如何是出家兒師云不朝天子父母返拜。
問覿面事如何師云你是覿面漢。
問如何是佛向上人師云只者牽耕牛底是。
問如何是急師云老僧與麼道你作麼生云不會師
云向你道急急著靴水上立走馬到長安靴頭猶未
濕。
問四山相逼時如何師云無路是趙州。
問古殿無王時如何師咳嗽一聲云與麼即臣啟陛
下師云賊身已露。
問和尚年多少師云一串數珠數不盡。
問和尚承嗣什麼人師云從諗。
問外方忽有人問趙州說什麼法如何秪對師云鹽
貴米賤。
問如何是佛師云你是佛麼。
問如何是出家師云爭得見老僧。
問佛祖不斷處如何師云無遺漏。
問本源請師指示師云本源無病云了處如何師云
了人知云與麼時如何師云與我安名字著。
問純一無雜時如何師云大煞好一問。
問無為寂靜底人莫落在沉空也無師云落在沉空
云究竟如何師云作驢作馬。
問如何是祖師西來意師云床腳是云莫便是也無
師云是即脫取去。
問澄澄絕點時如何師云老僧者裏不著客作漢。
問鳳飛不到時如何師云起自何來。
問實際理地不受一塵時如何師云一切總在裏許。
問如何是一句師應喏僧再問師云我不患聾。
問初生孩子還具六識也無師云急流水上打毬子。
問頭頭到來時如何師云猶較老僧百步。
問如何是和尚家風師云老僧自小出家抖擻破活
計。
問請離四句道師云老僧常在裏許。
問扁鵲醫王為什麼有病師云扁鵲醫王不離床枕
又云一滴甘露普潤大千。
<pb n="11"/>
問如何是露地白牛師云者畜生。
問如何是大人相師云側耳視之云猶是隔階趍附
在師云老僧無工夫趍得者閑漢。
問纔有心念落在人天直無心念落在眷屬時如何
師云非但老僧作家亦畣你不得。
問凡有施為盡落糟粕請師不施為答師叱尼云將
水來添鼎子沸。
問如何是般若波羅蜜師云摩訶般若波羅蜜。
問如何是咬人師子師云皈依佛皈依法皈依僧莫
咬老僧。
問離卻言句請師道師咳嗽。
問如何得不謗古人不負恩去師云闍梨作麼生。
問如何是一句師云道什麼。
問如何是一句師云兩句。
問唯佛一人是善知識如何師云魔語。
問如何是菩提師云者箇是闡提。
問如何是大人相師云好箇兒孫。
問如寂寂無依時如何師云老僧在你背後。
問如何是伽藍師云別更有什麼云如何是伽藍中
人師云老僧與闍梨。
問二龍爭珠誰是得者師云老僧只管看。
問如何是離因果底人師云不因闍梨問老僧實不
知。
問眾盲摸象各說異端如何是真象師云無假自是
不知。
問如何是第一句師咳嗽云莫便是否師云老僧咳
嗽也不得。
問大海還納眾流也無師云大海道不知云因什麼
不知師云終不道我納眾流。
問如何是毘盧師師云毘盧毘盧。
問諸佛還有師也無師云有云如何是諸佛師師云
阿彌陀佛阿彌陀佛。
問如何是學人師師云雲有出山勢水無投澗聲云
不問者個師云是你師不認。
問諸方盡向口裏道和尚如何示人師腳跟打火爐
示之云莫便是也無師云恰認得老僧腳跟。
問不行大道時如何師云者販私鹽漢云卻行大道
時如何師云還我公驗來。
問如何是本來身師云自從識得老僧後只者漢更
不別云與麼即與和尚隔生去也師云非但今生千
生萬生亦不識老僧。
問如何是祖師西來意師云東壁上挂葫蘆多少時
也。
問方圓不就時如何師云不方不圓云與麼時如何
師云是方是圓。
問道人相見時如何師云呈漆器。
問諦為什麼觀不得師云諦即不無觀即不得云畢
竟如何師云失諦。
問行又不到問又不到時如何師云到以不到道人
看如涕唾云其中事如何師唾地。
問如何是祖師西來意師云如你不喚作祖師意猶
未在云本來底如何師云四目相睹更無第二主宰。
問不具形儀還會也無師云即今還會麼。
問如何是大無慚愧底人師云皆具不可思議。
問學人擬向南方學些子佛法去如何師云你去南
方見有佛處急走過無佛處不得住云與麼即學人
無依也師云柳絮柳絮。
問如何是急切處師云一問一畣。
問不藉三寸還假今時也無師云我隨你道你作麼
生會。
問如何是和尚家風師云茫茫宇宙人無數云請和
尚不答話師云老僧合與麼。
問二龍爭珠誰是得者師云失者無虧得者無用。
<pb n="12"/>
問如何是大人相師云是什麼。
有俗士獻袈裟問披與麼衣服莫辜負古人也無師
拋下拂子云是古是今。
問如何是沙門行師云展手不展腳。
問牛頭未見四祖時如何師云飽柴飽水云見後如
何師云飽柴飽水。
問如何是學人自己師云喫粥了也未云喫粥也師
云洗缽盂去。
問如何是毘盧師師云白駝來也未云來也師云牽
去餵草。
問如何是無師智師云老僧不曾教闍梨。
問如何是親切一句師云話墮也。
問不借口還許商量也無師云正是時云便請師商
量師云老僧不曾出。
問二祖斷臂當為何事師云粉骨碎身云供養什麼
人師云來者供養。
問無邊身菩薩為什麼不見如來頂相師云你是闍
梨。
問晝是日光夜是火光如何是神光師云日光火光。
問如何是恰問處師云錯云如何是不問處師云向
前一句裏弁取。
問如何是大人相師以手摸面乂手斂容。
問如何是無為師云者箇是有為。
問如何是祖師西來意師云欄中失卻牛。
問學人遠來請和尚指示師云才入門便好驀面唾。
問如何是直截一路師云淮南船子到也未云學人
不會師云且喜到來。
問柏樹子還有佛性也無師云有云幾時成佛師云
待虛空落地云虛空幾時落地師云待柏樹子成佛。
問如何是西來意師云因什麼向院裏罵老僧云學
人有何過師云老僧不能就院裏罵得闍梨。
問如何是西來意師云板齒生毛。
問貧子來將什麼過與師云不貧云爭奈覓和尚何
師云只是守貧。
問無邊身菩薩為什麼不見如來頂相師云如隔羅
縠。
問諸天甘露什麼人得喫師云謝你將來。
問超過乾坤底人如何師云待有與麼人即報來。
問如何是伽藍師云三門佛殿。
問如何是不生不滅師云本自不生今亦無滅。
問如何是趙州主師云大王是。
問急切處請師道師云尿是小事須是老僧自去始
得。
問如何是丈六金身師云腋下打領云學人不會師
云不會請人裁。
問學人有疑時如何師云大宜小宜學云不疑師云
大宜東北角小宜僧堂後。
問如何是佛向上人師下禪床上下觀瞻相云者漢
如許長大截作三橛也得問什麼向上向下。
尼問如何是密密意師以手恰之云和尚猶有者箇
在師云是你有者箇。
師示眾云老僧三十年前在南方火爐頭有箇無賓
主話直至如今無人舉著。
問和尚受大王如是供養將什麼報答師云念佛云
貧子也解念佛師云喚侍者將一錢與伊。
問如何是和尚家風師云屏風雖破骨格猶存。
問如何是不遷之義師云你道者野鴨子飛從東去
西去。
問如何是西來意師云什麼處得者消息來。
問如何是塵中人師云布施茶鹽錢來。
問大耳三藏第三度覓國師不見未審國師在什麼
處師云在三藏鼻孔裏。
問盲龜值浮木孔時如何師云不是偶然事。
<pb n="13"/>
問久居巖谷時如何師云何不隱去。
問如何是佛法大意師云禮拜著僧擬進話次師喚
沙彌文遠文遠到師叱云適來去什麼處來。
問如何是自家本意師云老僧不用牛刀。
問久響趙州石橋到來只見掠彴子師云闍梨只見
掠彴子不見趙州石橋云如何是趙州石橋師云過
來過來。
又僧問久響趙州石橋到來只見掠彴子師云你只
見掠彴子不見趙州石橋云如何是石橋師云度驢
度馬。
問和尚姓什麼師云常州有云甲子多少師云蘇州
有。
師上堂云才有是非紛然失心還有答話分也無有
僧出撫侍者一下云何不祗對和尚師便歸方丈後
侍者請益適來僧是會不會師云坐底見立底立底
見坐底。
問如何是道師云墻外底云不問者箇師云問什麼
道云大道師云大道通長安。
問撥塵見佛時如何師云撥塵即不無見佛即不得。
問如何是無疾之身師云四大五陰。
問如何是闡提師云何不問菩提云如何是菩提師
云只者便是闡提。
師有時屈指云老僧喚作拳你諸人喚作什麼僧云
和尚何得將境示人師云我不將境示人若將境示
闍梨即埋沒闍梨去也云爭奈者箇何師便珍重。
問一問一答總落天魔外道設使無言又犯他匡網
如何是趙州家風師云你不解問云請和尚畣話師
云若據你合喫二十棒。
師示眾云才有是非紛然失心還有答話分也無有
僧出將沙彌打一掌便出去師便歸方丈至來日問
侍者昨日者師僧在什麼處侍者云當時便去也師
云三十年美馬騎被驢子撲。
問與麼來底人師還接也無師云接云不與麼來底
人師還接也無師云接云與麼來從師接不與麼來
師如何接師云止止不須說我法妙難思。
鎮府大王問師尊年有幾箇齒在師云只有一箇牙
大王云爭喫得物師云雖然一箇下下咬著。
問如何是學人珠師云高聲問僧禮拜師云不解問
何不道高下即不問如何是學人珠何不與麼問僧
便再問師云洎合放過者漢。
問二邊寂寂師如何闡揚師云今年無風波。
問大眾雲集合談何事師云今日拽木頭豎僧堂云
莫只者個便是接學人也無師云老僧不解雙陸不
解長行。
問如何是真實人體師云春夏秋冬云與麼即學人
難會師云你問我真實人體。
問如何是佛法大意師云你名什麼云某甲師云含
元殿裏金谷園中。
問如何是七佛師師云要眠即眠要起即起。
問道非物外物外非道如何是物外道師便打云和
尚莫打某甲已後錯打人去在師云龍蛇易弁衲子
難瞞。
師見大王入院不起以手自拍膝云會麼大王云不
會師云自小出家今已老見人無力下禪床。
問如何是忠言師云你娘醜陋。
問從上至今不忘底人如何師云不可得繫心常思
念十方一切佛。
問如何是忠言師云喫銕棒。
問如何是佛向上事師便撫掌大笑。
問一鐙然百千燈一燈未審從什麼處發師便趯出
一隻履又云作家即不與麼問。
問歸根得旨隨照失宗時如何師云老僧不答者話
云請和尚答話師云合與麼。
<pb n="14"/>
問如何是不思處師云快道快道。
問夜昇兜率晝降閻浮其中為什麼摩尼不現師云
道什麼僧再問師云毘婆尸佛早留心直至如今不
得妙。
問非思量處如何師云速道速道。
問如何是衣中寶師云者一問嫌什麼云者箇是問
如何是寶師云與麼即衣也失卻。
問萬里無店時如何師云禪院裏宿。
問狗子還有佛性也無師云家家門前通長安。
問覿面相呈還盡大意也無師云低口云收不得處
如何師云向你道低口。
問如何是目前一句師云老僧不如你。
問出來底是什麼人師云佛菩薩。
問靈草未生時如何師嗅著即腦裂云不嗅時如何
師云如同立死漢云還許學人和合否師云人來莫
向伊道。
問祖意與教意同別師云才出家未受戒則處問人。
問如何是聖師云不凡云如何是凡師云不聖云不
凡不聖時如何師云好箇禪僧。
問兩鏡相向那箇最明師云闍梨眼皮蓋須彌山。
問學人近入叢林乞師指示師云蒼天蒼天。
問前句已往後句難明時如何師云喚作即不可云
請師分師云問問。
問高峻難上時如何師云老僧不向高峰頂。
問不與萬法為侶者是什麼人師云非人。
問請師宗乘中道一句子師云今日無錢與長官。
問學人不別問請師不別答師云奇怪。
問三乘教外如何接人師云有此世界來日月不曾
換。
問三處不通如何離識師云識是分外。
問眾機來湊未審其中事如何師云我眼本正不說
其中事。
問淨地不止是什麼人師云你未是其中人在云如
何是其中人師云止也。
問如何是萬法之源師云棟梁椽柱云學人不會師
云拱斗叉手不會。
問一物不將來時如何師云放下著。
問路逢達道人不將語默對未審將什麼對師云人
從陳州來不得許州信。
問開口是有為如何是無為師以手示之云者箇是
無為云者箇是有為如何是無為師云無為云者箇
是有為師云是有為。
師示眾云佛之一字吾不喜聞。
問和尚還為人也無師云佛佛。
問盡卻今時如何是的的處師云盡卻今時莫問那
箇云如何是的師云向你道莫問云如何得見師云
大無外小無內。
問離四句絕百非時如何師云老僧不認得死云者
箇是和尚分上事師云恰是云請和尚指示師云離
四句絕百非把什麼指示。
問如何是和尚家風師云內無一物外無所求。
問如何是歸根得旨師云答你即乖。
問如何是疑心師云答你即乖也。
問出家底人還作俗否師云出家即是座主出與不
出老僧不管云為什麼不管師云與麼即出家也。
問無師弟子時如何師云無漏智性本自具足又云
此是無師弟子。
問不見邊表時如何師云因什麼與麼。
問澄而不清渾而不濁時如何師云不清不濁云是
什麼師云也可憐生云如何是通方師云離卻金剛
禪。
問如何是囊中寶師云嫌什麼云用不窮時如何師
云自家底還重否又云用者即重不用即輕。
<pb n="15"/>
問如何是祖師的的意師涕唾云其中事如何師又
唾地。
問如何是沙門行師云離行。
問真休之處請師指師云指即不休。
問無問時如何師云乖常語。
問四山相逼時如何師云無出跡。
問到者裏道不得時如何師云不得道云如何道師
云道不得處。
問但有言句盡不出頂如何是頂外事師喚沙彌文
遠文遠應喏師云今日早晚也。
問如何是毘盧師師云莫惡口。
問至道無難唯嫌揀擇如何得不揀擇師云天上天
下唯我獨尊云此猶是揀擇師云田庫奴什麼處是
揀擇。
問如何是三界外人師云爭奈老僧在三界內。
問知有不有底人如何師云你若更問即故問老僧。
師示眾云向南方趍叢林去莫在者裏僧便問和尚
者裏是甚處師云我者裏是柴林。
問如何是毘盧師師云性是弟子。
問歸根得旨時如何師云太慌忙生云不審師云不
審從甚處起。
劉相公入院見師掃地問大善知識為什麼卻掃塵
師云從外來。
問利劍出匣時如何師云黑云正問之時如何弁白
師云無者閑工夫云叉手向人前爭奈何師云早晚
見你叉手云不叉手時如何師云誰是不叉手者。
問如何是沙門得力處師云你什麼處不得力。
問如何是和尚示學人處師云目前無學人云與麼
即不出世也師便珍重。
問祖意與教意同別師作拳安頭上云和尚猶有者
箇在師卸下帽子云你道老僧有箇什麼。
問心又不停不住時如何師云是活物是者箇正被
心識使在云如何得不被心識使師便低頭。
問道從何生師云者箇即生也道不屬生滅云莫是
天然也無師云者箇是天然道即不與麼。
問祖意與教意同別師云會得祖意便會教意。
問如何是異類中行師云唵⿰口部啉唵⿰口部啉。
問高峻難上時如何師云老僧自住峰頂云爭奈曹
溪路側何師云曹溪是惡云今時為什麼不到師云
是渠高峻。
問如何是寶月當空師云塞卻老僧耳。
問毫釐有差時如何師云麤云應機時如何師云屈。
問如何是沙門行師展手拂衣。
問祖佛命不斷處如何師云無人知。
問未審權機喚作什麼師云喚作權機。
問學人近入叢林不會乞師指示師云未入叢林更
是不會。
問從上古德將何示人師云不因你問老僧也不知
有古德云請師指示師云老僧不是古德。
問佛花未發如何弁得貞實師云是貞是實云是什
麼人分上事師云老僧有分闍梨有分。
問如何是佛師云你是什麼人。
問驀直路時如何師云驀直路。
問如何是玄中不斷玄師云你問我是不斷玄。
問覺花未發時如何弁得真實師云已發也云未審
是真是實師云真即實實即真。
問還有不報四恩三德者也無師云有云如何是師
云者辜恩負德漢。
問貧子來將什麼物與他師云不欠少。
問如何是趙州正主師云老僧是從諗。
有婆子問婆是五障之身如何免得師云願一切人
生天願婆婆永沉苦海。
問朗月當空時如何師云猶是階下漢云請師接上
<pb n="16"/>
階師云月落了來相見。
師有時示眾云老僧初到藥山時得一句子直至如
今齁齁地飽。

<sarticle><article>趙州和尚語錄卷下　　并對機勘弁偈頌等</article></sarticle>
師因在室坐禪次主事報和尚云大王來禮拜大王
禮拜了左右問烈土王來為什麼不起師云你不會
老僧者裏下等人來出三門接中等人來下禪床接
上等人來禪床上接不可喚大王作中等下等人也
恐屈大王大王歡喜再三請入內供養。
師因問周員外你還夢見臨濟也無員外豎起拳師
云那邊見外云者邊見師云什麼處見臨濟員外無
對師問周員外什麼處來云非來非去師云不是老
鴉飛來飛去。
師示眾云才有是非紛然失心還有答話分也無後
有僧舉似洛浦洛浦扣齒又舉侶雲居雲居云何必
僧舉似師師云南方大有人喪身失命僧云請和尚
舉師才舉僧便指傍僧云者箇師僧喫卻飯了作什
麼語話。
師因看金剛經次僧便問一切諸佛及諸佛阿耨菩
提皆從此經出如何是此經師云金剛般若波羅蜜
經如是我聞一時佛在舍衛國僧云不是師云我自
理經也不得。
因僧辭去師云闍梨出外忽有人問還見趙州否你
作麼生祗對云只可道見師云老僧是一頭驢你作
麼生見無語。
師問新到從什麼處來云南方來師云還知有趙州
關麼云須知趙州關者師叱云者販私鹽漢又云兄
弟趙州關也難過云如何是趙州關師云石橋是。
有僧從雪峰來師云上座莫住此間老僧者裏只是
避難所在佛法盡在南方云佛法豈有南北師云直
饒你從雲居雪峰來也只是箇擔板漢云未審那邊
事如何師云你因什麼夜來尿床云達後如何師云
又是阿屎。
示眾云我此間有出窟師子亦有在窟師子只是難
得師子兒時有僧彈指對之師云是什麼云師子兒
師云我喚作師子兒是是罪過你更行趯踏。
問新到離什麼處云離雪峰師云雪峰有什麼言句
示人云和尚尋常道盡十方世界是沙門一隻眼你
等諸人向什麼處阿師云闍梨若迴寄箇鍬子去。
師因捨衣俵大眾次僧便問和尚總捨卻了用箇什
麼去師召云湖州子僧應諾師云用箇什麼。
師示眾云未有世界早有此性世界壞時此性不壞
僧問如何是此性師云五蘊四大云此猶是壞如何
此性師云四大五蘊。
定州有一座主到師問習何業云經律論不聽便講
師舉手示之還講得者箇麼座主茫然不知師云直
饒你不聽便講得也只是箇講經論漢若是佛法未
在云和尚即今語話莫便是佛法否師云直饒你問
得答得總屬經論佛法未在無語。
師因問一行者從什麼處來云北院來師云那院何
似者院行者無對有僧在邊立師令代行者語僧代
云從那院來師笑之師又令文遠代之文遠云行者
還是不取師語話。
師問座主所習何業云講維摩經師云維摩經步步
是道場座主在什麼處無對師令全益代座主語全
益云只者一問可識道場麼師云你身在道場裏心
在什麼處速道取云和尚不是覓學人心師云是云
只者一問一會是什麼師云老僧不在心所裏法過
眼耳鼻舌身意而知解云既不在心數裏和尚為什
麼覓師云為你道不得云法過眼耳鼻舌身意而不
解作麼生道不得師云喫我涕唾。
師問僧你曾看法華經麼云曾看師云經中道納衣
<pb n="17"/>
在空閑假名阿練若誑惑世間人你作麼生會僧擬
禮拜師云你披納衣來否云披來師云莫或我云如
何得不或去師云自作活計莫取老僧語。
師問座主所習何業云講維摩經師云那箇是維摩
祖父云某甲是師云為什麼卻為兒孫傳語無對。
師一日上堂僧纔出禮拜師乃合掌珍重又一日僧
禮拜師云好好問云如何是禪師云今日天陰不畣
話。
問新到從何方來云無方面來師乃轉背僧將坐具
隨師轉師云大好無方面。
問新到從什麼處來云南方來師云三千里外逢莫
戲云不曾師云摘楊花摘楊花。
豐干到五臺山下見一老人干云莫是文殊也無老
人云不可有二文殊也干便禮拜老人不見有僧舉
似師師云豐干只具一隻眼師乃令文遠作老人我
作豐干師云莫是文殊也無豈有二文殊也師云文
殊文殊。
師問二新到上座曾到此間否云不曾到師云喫茶
去又問那一人曾到此間否云曾到師云喫茶去院
主問和尚不曾到教伊喫茶去即且致曾到為什麼
教伊喫茶去師云院主院主應喏師云喫茶去。
師到雲居雲居云老老大大何不覓箇住處師云什
麼處住得雲居云前面有古寺基師云與麼即和尚
自住取師又到茱萸茱萸云老老大大何不覓箇住
處去師云什麼處住得茱萸云老老大大住處也不
識師云三十年弄馬騎今日卻被驢撲師又到茱萸
方丈上下觀瞻茱萸云平地喫交作什麼師云只為
心麤。
師一日將拄杖上茱萸法堂上東西來去萸云作什
麼師云探水萸云我者裏一滴也無探箇什麼師將
杖子倚壁便下去臺山路上有一婆子要問僧僧問
臺山路向什麼處去云驀直去僧才行婆云又與麼
去也師聞後便去問臺山路向什麼處去云驀直去
師才行婆云又與麼去也師便歸舉似大眾云婆子
今日被老僧勘破了也。
師見僧來挾火示之云會麼僧云不會師云你不得
喚作火老僧道了也師挾起火云會麼云不會師卻
云此去舒州有投子山和尚你去禮拜問取因緣相
契不用更來不相契卻來其僧便去才到投子和尚
處投子乃問近離什麼處云離趙州特來禮拜和尚
投子云趙州老人有何言句僧乃具舉前話投子乃
下禪床行三五步卻坐云會麼僧云不會投子云你
歸舉似趙州其僧卻歸舉似師師云還會麼云未會
師云也不教多也。
洞山問僧什麼處來云掌鞋來山云自解依他云依
他山云他還指闍梨也無無對師代云若允即不違
普化喫生菜臨濟見云普化大似一頭驢普化便作
驢啼臨濟便休去普化云臨濟小廝兒只具一隻眼
師代云但與本分草料。
保壽問胡釘教莫便是胡釘教否云不敢保云還釘
得虛空麼云請打破虛空來保壽便打卻云他後有
多口阿師與你點破在胡釘教後舉似師師云你因
什麼被他打云不知過在什麼處師云只者一縫上
不奈何更教他打破釘教便會師代云且釘者一縫
師問新到離什麼處云雪峰來師云雪峰有什麼言
句示人云雪峰尋常道盡十方世界都來是沙門一
隻眼你諸人向什麼處阿師云你若迴寄闍梨一箇
鍬子去。
師因行路次見一婆子問和尚住什麼處師云趙州
東院西師舉向僧云你道使那個西字一僧云東西
字一僧云依棲字師云汝兩人總作得鹽銕判官。
師與侍郎遊園見兔走過侍郎問和尚是大善知識
兔子見為什麼走師云老僧好殺。
<pb n="18"/>
師因見僧掃地次遂問與麼掃還得淨潔也無云轉
掃轉多師云豈無撥塵者也云誰是撥塵者師云會
麼云不會師云問取雲居去其僧乃去問雲居如何
是撥塵者雲居云者瞎漢。
師問僧你在此間多少時也云七八年師云還見老
僧麼云見師云我作一頭驢你作麼生見云入法界
見師云我將為你有此一著枉喫了如許多飯僧云
請和尚道師云因什麼不道向草料裏見。
師問菜頭今日喫生菜熟菜菜頭提起一莖菜師云
知恩者少負恩者多。
有俗行者到院燒香師問僧伊在那裏燒香禮拜我
又共你在者裏語話正與麼時生在那頭僧云和尚
是什麼師云與麼即在那頭也云與麼已是先也師
笑之。
師與小師文遠論義不得占勝占勝者輸餬餅師云
我有一頭驢遠云我是驢紂師云我是驢糞遠云我
是糞中虫師云你在彼中作麼遠云我在彼中過夏
師云把將餬餅來。
師因入內回路上見一幢子無一截僧問云幢子一
截上天去也入地去也師云也不上天也不入地云
向什麼處去師云撲落也。
師坐次一僧才出禮拜師云珍重僧伸問次師云又
是也。
師因在簷前立見燕子語師云者燕子喃喃地招人
言語僧問未審他還甘也無師云依俙似曲才堪聽
又被風吹別調中。
有僧辭去師云什麼處去云閩中去師云閩中大有
兵馬你須迴避云向什麼處迴避師云恰好。
有僧上參次見師衲衣蓋頭坐次僧便退師云闍梨
莫道老僧不祗對。
師問僧從什麼處來云南方來師云共什麼人為伴
云水牯牛師云好箇師僧因什麼與畜生為伴云不
異故師云好箇畜生云爭肯師云不肯且從還我伴
來。
師問僧堂中還有祖師也無云有師云喚來與老僧
洗腳。
堂中有二僧相推不肯作第一座主事白和尚師云
總教他作第二座云教誰作第一座師云裝香著云
裝香了也師云戒香定香。
師問僧離什麼處云離京中師云你還從潼關過麼
云不歷師云今日捉得者販私鹽漢。
因送亡僧師云只是一箇死人得無量人送又云許
多死漢送一箇生漢時有僧問是心生是身生師云
身心俱不生云者箇作什麼師云死漢。
有僧見貓兒問云某甲喚作貓兒未審和尚喚作什
麼師云是你喚作貓兒。
因鎮州大王來訪師侍者來報師云大王來師云大
王萬福侍者云未在方到三門下師云又道大王來
也。
因上東司召文遠文遠應喏師云東司上不可與你
說佛法也。
因在殿上過乃喚侍者侍者應喏師云好一殿功德
侍者無對。
師因到臨濟方始洗腳臨濟便問如何是祖師西來
意師云正值洗腳臨濟乃近前側聆師云若會便會
不會更莫啗啄作麼臨濟拂袖去師云三十年行腳
今日為人錯下注腳。
師因到天台國清寺見寒山拾得師云久響寒山拾
得到來只見兩頭水牯牛寒山拾得便作牛鬥師云
叱叱寒山拾得咬齒相看師便歸堂二人來堂內問
師適來因緣作麼生師乃呵呵大笑。
一日二人問師什麼處去來師云禮拜五百尊者二
人云五百頭水牯牛聻尊者師云為什麼作五百頭
<pb n="19"/>
水牯牛去山云蒼天蒼天師呵呵大笑。
師行腳時見二庵主一人作ㄚ角童師問訊二人殊
不顧來日早晨ㄚ角童將一鐺飯來放地上分作三
分庵主將席子近前坐ㄚ角童亦將席近前相對坐
亦不喚師師乃亦將席子近前坐ㄚ童目顧於師庵
主云莫言侵早起更有夜行人師云何不教詔這行
者庵主云他是人家男女師云洎合放過ㄚ童便起
顧視庵主云多口作麼ㄚ童從此入山不見。
師因看經次沙彌文遠入來師乃將經側視之沙彌
乃出去師隨後把住云速道速道文遠云阿彌陀佛
阿彌陀佛師便歸方丈。
因沙彌童行參師向侍者道教伊去侍者向行者道
和尚教去師云沙彌童行得入門侍者在門外。
師行腳時到一尊宿院才入門相見便云有麼有麼
尊宿豎起拳頭師云水淺船難泊便出去又到一院
見尊宿便云有麼有麼尊宿豎起拳頭師云能縱能
奪能取能撮禮拜便出去。
師一日拈數珠問新羅長老彼中還有者箇也無云
有師云何似者箇云不似者箇師云既有為什麼不
似無語師自代云不見道新羅大唐。
問新到什麼處來云南方來師豎起指云會麼云不
會師云動止萬福不會。
師行腳時問大慈般若以何為體慈云般若以何為
體師便呵呵大笑而出大慈來日見師掃地次問般
若以何為體師放下掃帚呵呵大笑而去大慈便歸
方丈。
師到百丈百丈問從什麼處來云南泉來百丈云南
泉有何言句示人師云有時道未得之人亦須峭然
去百丈叱之師容愕然百丈云大好峭然師便作舞
而出。
師到投子處對坐齋投子將蒸餅與師喫師云不喫
不久下糊餅投子教沙彌度與師師接得餅卻禮沙
彌三拜投子默然。
因僧寫師真呈師師云若似老僧即打殺我若不似
即燒卻。
師因與文遠行次乃以手指一片地云這裏好造一
箇巡鋪子文遠便去彼中立云把將公驗來師便打
一摑遠云公驗分明過。
師問新到近離甚處云臺山師云還見文殊也無僧
展手師云展手頗多文殊誰睹云只守氣急殺人師
云不睹雲中鴈焉知沙塞寒。
問遠遠投師請師一接師云孫賓門下因什麼鑽龜
僧拂袖出去師云將為當榮折他雙足。
師與首座看石橋乃問首座是什麼人造云李膺造
師云造時向什麼處下手無對師云尋常說石橋問
著下手處也不知。
有新羅院主請師齋師到門首問此是什麼院云新
羅院師云我與你隔海。
問僧什麼處來云雲居來師云雲居有什麼言句云
僧問靈羊掛角時如何雲居云六六三十六師云雲
居師兄由在僧卻問未審和尚尊意如何師云九九
八十一。
有一婆子日晚入院來師云作什麼婆云寄宿師云
者裏是什麼所在婆呵呵大笑而去。
師出外逢見一箇婆子提一箇籃子師便問什麼處
去云偷趙州筍去師云忽見趙州又作麼生婆子近
前打一掌。
師因見院主送生飯鴉子見便總飛去師云鴉子見
你為什麼卻飛去院主云怕專甲師云是什麼語話
師代云為某甲有殺心在。
師問僧什麼處來云江西來師云趙州著在什麼處
僧無對。
師從殿上過見一僧禮拜師打一棒云禮拜也是好
<pb n="20"/>
事師云好事不如無。
師因參潼關潼關問師云你還知有潼關麼師云知
有潼關云有公驗者即得過無公驗者不得過師云
忽遇鑾駕來時如何關云也須檢點過云你要造反
師到寶壽寶壽見師來遂乃背面而坐師便展坐具
寶壽起立師便出去。
師在南泉時泉牽一頭水牯牛入僧堂內巡堂而轉
首座乃向牛背上三拍泉便休去師後將一束草安
首座面前首座無對。
有秀才見師乃讚嘆師云和尚是古佛師云秀才是
新如來。
有僧問如何是涅槃師云我耳重僧再問師云我不
害耳聾乃有頌騰騰大道者對面涅槃門但坐念無
際來年春又春。
有僧問生死二路是同是別師乃有頌道人問生死
生死若為論雙林一池水朗月耀乾坤喚他句上識
此是弄精魂欲會箇生死顛人說夢春。
有僧問諸佛有難火焰裏藏身和尚有難向什麼處
藏身師乃有頌渠說佛有難我說渠有災但看我避
難何處有相隨有無不是說去來非去來為你說難
法對面識得未。
<other>十二時歌</other>
 雞鳴丑愁見起來還漏逗裙子褊衫箇也無袈裟形
相些些有褌無腰褲無口頭上青灰三五斗北望修
行利濟人誰知變作不唧溜 
 平旦寅荒村破院實難論解齋粥米全無粒空對閑
窗與隙塵唯雀噪勿人親獨坐時聞落葉頻誰道出
家憎愛斷思量不覺淚沾巾 
 日出卯清淨卻翻為煩惱有為功德被塵幔無限田
地未曾掃攢眉多稱心少叵耐東村黑黃老供利不
曾將得來放驢喫我堂前草 
 食時辰煙火徒勞望四鄰饅頭䭔子前年別今日思
量空嚥津持念少嗟歎頻一百家中無善人來者秪
道覓茶喫不得茶噇去又嗔 
 禺中巳削髮誰知到如此無端被請作村僧屈辱饑
悽受欲死胡張三黑李四恭敬不曾生些子適來忽
爾到門頭唯道借茶兼借紙 
 日南午茶飯輪還無定度行卻南家到北家果至北
家不推註苦沙鹽大麥醋蜀黍米飯虀萵苣唯稱供
養不等閑和尚道心須堅固 
 日昳未者回不踐光陰地曾聞一飽忘百饑今日老
僧身便是不習禪不論義鋪箇破蓆日裏睡想料上
方兜率天也無如此日炙背 
 晡時申也有燒香禮拜人五箇老婆三箇癭一雙面
子黑皴皴油麻茶實是珍金剛不用苦張筋願我來
年蠶麥熟羅睺羅兒與一文 
 日入酉除卻荒涼更何守雲水高流定委無歷寺沙
彌鎮長有出格言不到口枉續牟尼子孫後一條拄
丈觕楋蔾不但登山兼打狗 
 黃昏戌獨坐一間空暗室陽焰燈光永不逢眼前純
是金州漆鍾不聞虛度日唯聞老鼠鬧啾唧憑何更
得有心情思量念箇波羅蜜 
 人定亥門前明月誰人愛向裏唯愁臥去時勿箇衣
裳著甚蓋劉維那趙五戒口頭說善甚奇怪任你山
僧囊罄空問著都緣總不會 
 半夜子心境何曾得暫止思量天下出家人似我住
持能有幾土榻床破蘆䉬老榆木枕全無被尊像不
燒安息香灰裏唯聞牛糞氣 
<other>見起塔乃有頌</other>
 本自圓成何勞疊石名邈雕鐫與吾懸隔若人借問
終不指畫 
<other>因見諸方見解異途乃有頌呵</other>
 趙州南石橋北觀音院裏有彌勒祖師遺下一隻履
<pb n="21"/>
直至如今覓不得 
<other>因魚鼓有頌</other>
 四大猶來造化功有聲全貴裏頭空莫怪不與凡夫
說只為宮商調不同 
<other>因蓮花有頌</other>
 奇異根苗帶雪鮮不知何代別西天淤泥深淺人不
識出水方知是白蓮 

趙州和尚語錄卷下（終）

<talk>趙州真際禪師行狀</talk>
師即南泉門人也俗姓郝氏本曹州郝鄉人也諱從
諗鎮府有塔記云師得七百甲子歟值武王微沐避
地岨崍木食草衣僧儀不易師初隨本師行腳到南
泉本師先人事了師方乃人事南泉在方丈內臥次
見師來參便問近離什麼處師云瑞像院南泉云還
見瑞像麼師云瑞像即不見即見臥如來南泉乃起
問你是有主沙彌無主沙彌師對云有主沙彌泉云
那箇是你主師云孟春猶寒伏惟和尚尊體起居萬
福泉乃喚維那云此沙彌別處安排師受戒後聞受
業師在曹州西住護國院乃歸院省覲到後本師令
郝氏云君家之子遊方已迴其家親屬忻懌不已秖
候來日咸往觀焉師聞之乃云俗塵愛網無有了期
已辭出家不願再見乃於是夜結束前邁其後自攜
瓶錫遍歷諸方常自謂曰七歲童兒勝我者我即問
伊百歲老翁不及我者我即教佗年至八十方住趙
州城東觀音院去石橋十里已來住持枯槁志效古
人僧堂無前後架旋營齋食繩床一腳折以燒斷薪
用繩繫之每有別制新者師不許也住持四十來年
未嘗齎一封書告其檀越因有南方僧來舉問雪峰
古澗寒泉時如何雪峰云瞪目不見底學云飲者如
何峰云不從口入師聞之曰不從口入從鼻孔裏入
其僧卻問師古澗寒泉時如何師云苦學云飲者如
何師云死雪峰聞師此語讚云古佛古佛雪峰因此
後不答話矣厥後因河北燕王領兵收鎮府既到界
上有觀氣象者奏曰趙州有聖人所居戰必不勝燕
趙二王因展筵會俱息交鋒乃問趙之金地上士何
人或曰有講華嚴經大師節行孤邈若歲大旱咸命
往臺山祈禱大師未迴甘澤如瀉乃曰恐未盡善或
云此去一百二十里有趙州觀音院有禪師年臘高
邈道眼明白僉曰此可應兆乎二王稅駕觀焉既屆
院內師乃端坐不起燕王遂問曰人王尊耶法王尊
耶師云若在人王人王中尊若在法王法王中尊燕
王唯然矣師良久中間問阿那箇是鎮府大王趙王
應喏弟子（緣趙州屬鎮府以表知重之禮）師云老僧濫在山河不及
趍面須臾左右請師為大王說法師云大王左右多
爭交老僧說法乃約令左右退師身畔時有沙彌文
遠高聲云啟大王不是者箇左右大王乃問是什麼
左右對曰大王尊諱多和尚所以不敢說法燕王乃
云請禪師去諱說法師云故知大王曩劫眷屬俱是
冤家我佛世尊一稱名號罪滅福生大王先祖才有
人觸著名字便生嗔怒師慈悲非倦說法多時二王
稽首讚嘆珍敬無盡來日將迴燕王下先鋒使聞師
不起凌晨入院責師傲兀君侯師聞之乃出迎接先
鋒乃問曰昨日見二王來不起今日見某甲來因何
起接師云待都衙得似大王老僧亦不起接先鋒聆
師此語再三拜而去尋後趙王發使取師供養既屆
城門闔城威儀迎之入內師才下寶輦王乃設拜請
師上殿正位而坐師良久以手斫額云階下立者是
何官長左右云是諸院尊宿并大師大德師云他各
是一方化主若在階下老僧亦起王乃命上殿是日
齋筵將罷僧官排定從上至下一人一問一人問佛
法師既望見乃問作什麼云問佛法師云這裏已坐
<pb n="22"/>
卻老僧那裏問什麼法二尊不並化（此乃語之詞也）王乃令
止其時國后與王俱在左右侍立國后云請禪師為
大王摩頂受記師以手摩大王頂云願大王與老僧
齊年是時迎師權在近院駐泊獲時選地建造禪宮
師聞之令人謂王曰若動著一莖草老僧卻歸趙州
其時竇行軍願捨果園一所直一萬五千貫號為真
際禪院亦云竇家園也師入院後海眾雲臻是時趙
王禮奉燕王從幽州奏到命服鎮府具威儀迎接師
堅讓不受左右舁箱至師面前云大王為禪師佛法
故堅請師著此衣師云老僧為佛法故所以不著此
衣左右云且看大王面師云又干俗官什麼事乃躬
自取衣挂身上禮賀再三師惟知應喏而已師住趙
州二年將謝世時謂弟子曰吾去世之後焚燒了不
用淨淘舍利宗師弟子不同浮俗且身是幻舍利何
生斯不可也今小師送拂子一枝與趙王傳語云此
是老僧一生用不盡底師於戊子歲十一月十日端
坐而終于時竇家園道俗車馬數萬餘人哀聲振動
原野趙王於時盡送終之禮感歎之泣無異金棺匿
彩於俱尸矣莫不高營鴈塔特豎豐碑諡號曰真際
禪師光祖之塔後唐保大十一年孟夏月旬有三日
有學者咨問東都東院惠通禪師趙州先人行化厥
由作禮而退乃授筆錄之具實矣。

<sarticle><article>雲門匡真禪師語錄卷第一</article></sarticle>
<other>機緣</other>
雪峰禪師法嗣雲門文偃禪師浙西嘉興張氏子
依空王寺志澄律師出家稟具窮律部初參睦州
蹤禪師州纔見師來便閉卻門師乃扣門州云誰
師云某甲州云作什麼師云己事未明乞師指示
州開門一見便閉卻師如是連三日去扣門至第
三日州始開門師乃拶入州便擒住云道道師擬
議州托開云秦時𨍏轢鑽師從此悟入師到雪峰
莊見一僧師問上座今日上山去那僧云是師云
寄一則因緣問堂頭和尚秪是不得道是別人語
僧云得師云上座到山中見和尚上堂眾纔集便
出握腕立地云這老漢項上鐵枷何不脫卻其僧
一依師教雪峰見這僧與麼道便下座攔胸把住
其僧云速道速道僧無對雪峰托開云不是汝語
僧云是某甲語雪峰云侍者將繩棒來僧云不是
某語是莊上一浙中上座教某甲來道雪峰云大
眾去莊上迎取五百人善知識來師坎日上山雪
峰纔見便云因什麼得到與麼地師乃低頭從茲
契合。
師在雪峰時有僧問雪峰如何是觸目不會道運
足焉知路峰云蒼天蒼天僧不明遂問師蒼天意
旨如何師云三斤麻一疋布僧云不會師云更奉
三尺竹後雪峰聞喜云我常疑個布衲。
師行腳時見一座主舉在天台國清寺齋時雪峰
拈缽盂問某道得即與你缽盂某云此是化佛邊
事峰云你作座主奴也未得某云不會峰云你問
我與你道某始禮拜峰便蹋倒某得七年方見師
云是你得七年方見主云是師云更與七年始得。
師在浙中蘊和尚會裏一日因喫茶次舉蘊和尚
垂語云見聞覺知是法法離見聞覺知作麼生有
傍僧云見定如今目前一切見聞覺知是法法亦
不可得師拍手一下蘊乃舉頭師云猶欠一著在
蘊云我到這裏卻不會。
師到共相共相問什麼處來云雪嶺來相云要急
言句舉一則來云前日典座來和尚何不問他相
云典座且置師云箭過新羅。
師在嶺中時問臥龍和尚明己底人還見有己麼
龍云不見有己始明得己又問長連床上學得底
是第幾機龍云第二機師云作麼生是第一機云
<pb n="23"/>
緊峭草鞋。
師在嶺中時有僧問如何是法身向上事云向上
與你道即不難汝喚什麼作法身僧云請和尚鑒
云鑒即且置作麼生說法身僧云與麼與麼師云
此是長連床上學得底我且問你法身還解喫飯
麼僧無語後有僧舉似梁家菴主主云雲門直得
入泥入水資福云欠一粒也不得剩一粒也不得。
師在雪峰與長慶西院商量雪峰上堂云盡大地
撮來如粟米大拋向面前漆桶不會打鼓普請看
西院問師雪峰與麼道還有出頭不得處麼師云
有院云作麼生是出頭不得處師云不可總作野
狐精見解也又云狼籍不少又云七曜麗天又云
南閻浮提北鬱單越。
師一日與長慶舉趙州無賓主話雪峰當時與一
蹋作麼生師云某甲不與麼慶云你作麼生師云
石橋在向北。
師與長慶舉石鞏三平話師云作麼生道免得石
鞏喚作半箇聖人慶云若不還價爭辯真偽師云
入水見長人。
師到洞巖巖問作什麼來師云親近來巖云亂走
作甚麼師云暫時不在巖云知過即得師云和尚
亂走作什麼。
師到疏山疏山問得力處道將一句來師云請和
尚高聲問山便高聲問師云和尚早朝喫粥麼山
云作麼生不喫粥師云亂叫喚作麼又因疏山示
眾云老僧咸通年己前會得法身邊事咸通年已
後會得法身向上事師問承聞和尚咸通年已前
會得法身邊事咸通年已後會得法身向上事是
不山云是師云如何是法身邊事山云枯椿師云
如何是法身向上事山云非枯椿師云還許學人
說道理也無山云許你說師云枯椿豈不是明法
身邊事非枯椿豈不是明法身向上事山云是師
云法身還該一切不山云作麼生不該師指淨瓶
云法身還該這箇麼山云闍梨莫向淨瓶邊會師
便禮拜。
師到曹山山示眾云諸方盡把格則何不與他道
一轉語教伊莫疑去師便問密密處為什麼不知
有山云秪為密密所以不知有師云此人作麼生
親近山云不向密密處師云不向密密處還得親
近也無山云始得親近師應諾諾師問曹山如何
是沙門行云喫常住苗稼者師云便與麼去時如
何云你還畜得麼師云學人畜得山云你作麼生
畜師云著衣喫飯有什麼難山云何不道披毛戴
角師便禮拜。
因瑫長老舉菩薩手中執赤幡問師作麼生師云
你是無禮漢瑫云作麼生無禮師云是你外道奴
也作不得。
師到天童童云你還定當得麼師云和尚道什麼
童云不會即目前包褁師云會即目前包褁。
因見信州鶖湖上堂云莫道未了底人長時浮逼
逼地設使了得底人明得知有去處尚乃浮逼逼
地師下來舉此語問首座適來和尚示眾云未了
底人浮逼逼地了得底人浮逼逼地意作麼生首
座云浮逼逼地師云首座在此久住頭白齒黃作
這箇語話首座云未審上座又作麼生師云要道
即得見即便見若不是莫亂道首座云秪如堂頭
道浮逼逼地又作麼生師云頭上著枷腳下著柤
座云與麼則無佛法也師云此是文殊普賢大人
境界。
師行腳時有官人問還有定乾坤底句麼師云蘇
嚕蘇嚕悉哩薩訶。
師到江州有陳尚書請師齋相見便問儒書中即
不問三乘十二分教自有座主作麼生是衲僧行
<pb n="24"/>
腳事師云曾問幾人來書云即今問上座師云即
今且置作麼生是教意書云黃卷赤軸師云這箇
是文字語言作麼生是教意書云口欲談而辭喪
心欲緣而慮忘師云口欲談而辭喪為對有言心
欲緣而慮忘為對妄想作麼生是教意尚書無語
師云見說尚書看法華經是否書云是師云經中
道治生產業皆與實相不相違背且道非非想天
有幾人退位書無語師云尚書且莫草草十經五
論師僧拋卻特入叢林十年二十年尚不奈何尚
書又爭得會尚書禮拜云某甲罪過。
師到歸宗僧問大眾雲集合談何事宗云兩兩三
三僧云不會宗云三三兩兩師卻問其僧歸宗意
旨如何僧云全體與麼來師云上座曾到潭州龍
牙麼僧云曾到來師云打野榸漢。
師因乾峰上堂云法身有三種病二種光須是一
一透得更須知有照用臨時向上一竅在峰乃良
久師便出問菴內人為什麼不見菴外事峰呵呵
大笑師云猶是學人疑處在峰云子是什麼心行
師云也要和尚相委峰云直須與麼始解穩坐地
師應喏喏乾峰示眾云舉一不得舉二放過一著
落在第二師出眾云昨日有人從天台來卻往經
山去峰云典座來日不得普請便下座師問乾峰
請師答話峰云到老僧也未師云與麼則學人在
遲也峰云與麼那與麼那師云將謂猴白更有猴
黑。
師到灌溪時有僧舉灌溪語云十方無壁落四面
亦無門淨裸裸赤灑灑沒可把問師作麼生師云
與麼道即易也大難出僧云上座不肯和尚與麼
道那師云你適來與麼舉那僧云是師云你驢年
夢見灌溪麼僧云某甲話在師云我問你十方無
壁落四面亦無門淨裸裸赤灑灑沒可把你道大
梵天王與帝釋商量箇什麼事僧云豈干他事師
喝云遂隊喫飯漢。
陳尚書問雲居供養主云雲居高低於弟子主無
語尚書問師師云尚書莫教話墮。
師在嶺中時問一老宿一切時中如何辯明老宿
云喚什麼作一切時中師云釋迦老子道了也彌
勒猶自不知又見一老宿上堂云若是商量舉覺
如當門利劍相似一句下須有殺活始得師出眾
云和尚上堂多時大眾歸堂老宿云道什麼師云
日月易流。
師在嶺中順維那處起彼時問古人豎起拂子放
下拂子意旨如何維那云拂前見拂後見師云如
是如是又云是諾伊是不諾伊又云可知禮也。
師聞洛浦勘僧云近離甚處僧云荊南浦云有一
人與麼去還逢麼僧云不逢浦云為什麼不逢僧
云若逢即頭粉碎浦云闍梨三寸甚密師後於江
西見其僧問云還肯此語不僧云有師云洛浦倒
退三千里。
師在靈樹知聖大師會中為首座時僧問知聖如
何是祖師西來意聖云老僧無語卻問僧忽然上
碑合著得什麼語時有數僧下語皆不契聖云汝
去請首座來洎師至聖乃舉前話問師師云也不
難聖云著得什麼語師云有人問如何是祖師西
來意但云師知聖深肯。
問學人有疑請師不責從上宗乘事作麼師云三
拜不虛。
<other>示眾</other>
師上堂良久云夫唱道之機固難諧剖若也一言
相契猶是多途況復忉忉有何所益然且教乘之
中各有殊分律為戒學經為定學論為慧學三藏
五乘五時八教各有所歸然一乘圓蝢也大難明
直下明得與衲僧天地懸殊若向衲僧門下句裏
<pb n="25"/>
呈機徒勞佇思門庭敲磕千差萬別擬欲進步向
前過在尋佗舌頭路布從上來事合作麼生向者
裏道圓道頓得麼者邊那邊得麼莫錯會好莫見
與麼道便向不圓不頓處卜度者裏也須是箇人
始得莫時依師語相似語測度語到處呈中時為
自己見解莫錯會祗如今有什麼事對眾決擇看
時有州主何公禮拜問曰弟子請益師云目前無
異草有官問佛法如水中月是不師云清波無透
路進云和尚從何得師云再問復何來進云正與
麼時如何師云重疊關山路有官問千子圍繞何
者為的師云化下住持已奉來問問今日開筵將
何指教師云來風深辨進云莫秪者便是麼師云
錯問從上古德以心傳心今日請師將何施設師
云有問有答進云與麼則不虛施設也師云不問
不答問凡有言句皆是錯如何是不錯師云當風
一句起自何來進云莫秪者便是也無云莫錯問
如何是啐啄之機師云響進云還應也無師云且
緩緩問如何是學人的的事師云痛領一問問如
何是祖師西來意師云日裏看山問如何是和尚
家風師云久雨不晴進云如何是久雨不晴師云
曬朗著問如何是不帶朕師云天台普請南嶽遊
山問如何是向上一路師云九九八十一問如何
是教主師云太無禮主問如何是一代時教師云
對一說問如何是正法眼師云普問如何是端坐
念實相師云河裏失錢河裏摝問如何是沙門行
師云會不得進云為什麼會不得師云秪守會不
得問如何是尋常之用師云且那裏葛藤去問如
何是教意師云你看什麼經僧云般若經師云一
切智智清淨還夢見未僧云一切智智清淨且置
如何是教意師云心不負人面無慚色放你三十
棒問如何是報得四恩三有去師云抱頭哭蒼天
問如何是正法眼師云粥飯氣問如何是三昧師
云到老僧一問還我一句來問如何是諸佛出身
處師云東山水上行問乞師指箇入路師云喫粥
喫飯時有僧問如何是一句師云舉問如何是說
時默師云清機歷掌進云如何是默時說師云嗄
進云不默不說時如何師將棒趁問如何是雲門
劍師云祖問如何是諸佛出身處師云更請一問
問如何是露地白牛師云覿機無改路進云放著
什麼處師云再舉不逾塵問如何是塵塵三昧師
云桶裏水缽裏飯問如何是一如體玄師云欠你
一問問如何是玄中的師云𡎺進云如何即是師
云速退速退妨他別人問問如何是非思量處師
云識情難測問鑿壁偷光時如何師云恰問一言
道盡時如何師云裂破進云和尚作麼生下手拈
掇師云拈取糞箕掃帚來問如何舉唱即得不負
來機師云道什麼進云還可來意也無師云且緩
緩問如何是透法身句師云比斗裏藏身問如何
是本來宗師云不問不答問如何是三界唯心萬
法唯識師云我今日不荅話進云為什麼不答話
師云驢年會麼問如何是吹毛劍師云骼又云胔
問如何是內外光師云向什麼處問學云如何明
逵師云忽然有人問你作麼生道進云明逵後如
何師云明即且置還我逵來問如何是切急一句
師云吃問如何是本來心師云舉起分明問如何
是衲僧孔竅師云放過一著進云請師道師云對
牛彈琴問如何是大乘修行師云一榼在手問如
何是一切智智清淨師云僧堂八佛殿問如何是
不挂唇吻一句師云合取狗口問如何是海印三
昧師云你但禮拜問著待我東行西行問如何轉
動即得不落階級師云南斗七北斗八問如何是
當今施設師云道即不難鑒從何來問如何是不
睡底眼師云不省問如何是不犯之令師云那箇
<pb n="26"/>
師僧還見麼問如何是大人相師乃擎拳問如何
是佛法大意云一佛二菩薩問如何是兄弟添十
字師云我共汝說葛藤問如何是和尚為人一句
師云心不負人面無慚色速禮三拜問如何是天
然之事師云蹋步向前作什麼問如何是教意師
云吃嘹舌頭更將一問來問如何是七縱八橫師
云放汝一著。
上堂云舉一則語教汝直下承當早是撒屎著你
頭上也直饒拈一毛頭盡大地一時明得也是剜
肉作瘡雖然如此也須是實到者箇田地始得若
未且不得掠虛卻須退步向自己腳根下推尋看
是什麼道理實無絲髮許與汝作解會與汝作疑
惑況汝等且各各當人有一段事大用現前更不
煩汝一毫頭氣力便與祖佛無別自是汝諸人信
根淺薄惡業濃厚突然起得如許多頭角擔缽囊
千鄉萬里受屈作麼且汝諸人有什麼不足處大
丈夫漢阿誰無分獨自承當尚猶不著便不可受
人欺瞞取人處分纔見老和尚開口便好把特石
驀口塞便是屎上青蠅相似鬥咂將去三箇五箇
聚頭商量苦屈兄弟古人一期為汝諸人不奈何
所以垂一言半句通你入路知是般事拈放一邊
自著些子筋骨豈不是有少許相親處快與快與
時不待人出息不保八息更有什麼身心閑別處
用切須在意珍重。
上堂良久云觸目不會道運足焉知路僧問如何
是觸目菩提師云與我拈卻佛殿問如何是最初
一句師云九九八十一僧便禮拜師云近前來僧
便近前師便打問如何是實學底事師云大好消
息進云畢竟是誰家之子師云臘月二十五問承
教有言一切智智清淨時如何師便唾之進云古
人方便又作麼生師云來來截卻汝腳跟換卻汝
髑髏缽盂裏拈卻匙箸拈卻鼻孔來進云甚處有
許多般師云者掠虛漢便打問如何是禪師云是
進云如何是道師云得問如何是一切法皆是佛
法師云三家村裏老婆盈衢溢路會麼學云不會
師云非但汝不會大有人不會在問學人簇簇地
商量箇什麼師云大眾久立問如何是諸佛出身
處師云佛前裝香佛後合掌問十二時中如何得
不被諸境惑去師云三門頭合掌問四面森森如
何是靈樹師云風鳴雨息進云如何是靈樹枝條
師云曬朗皮草問如何是觸目菩提云拈卻露柱
學云露柱豈干他事師云驢年會麼問醍醐上味
為什麼翻成毒藥師云𡎺問如何是活師云心不
負人學云如何是殺師云三日後不得唱衣學云
不殺不活時如何師以拄杖趁出問學人與麼來
請師實說師云知問金剛為什麼倒地師云不著
力問殺父殺母佛前懺悔殺佛殺祖向什麼處懺
悔師云露問不起一念還有過也無師云須彌山
問如來唯一說無二說如何是如來說師云那箇
師僧何不問問闇中如何辨主師云務原是什麼
人坐問學人實問請師實答師云你作麼生辨進
云正當與麼時如何師云的問從上古德以何為
的師云看取舌頭。
上堂云諸和尚子莫妄想天是天地是地山是山
水是水僧是僧俗是俗良久云與我拈案山來看
便有僧問學人見山是山見水是水時如何師云
三門為什麼從這裏過進云與麼則不妄想去也
師云還我話頭來。
上堂良久云還有人道得麼道得底出來眾無語
師拈拄杖云適來是箇小屎坑如今是箇大屎坑
下座問萬法歸一一即不問如何是萬法師云你
來這裏說葛藤瞞我問聖僧為什麼被大蟲咬師
云與天下人作牓樣問十二時中如何用心即得
<pb n="27"/>
不負於上來師云省力進云省力事如何師云省
取前話問萬機不到處如何知有師云該得麼進
云日用事如何師云一箭到新羅大漢國裏說葛
藤問學人擬伸一問還許也無師云佛不奪眾生
所願問如何舉唱即得不負來機師云痛領一問
問千聖功圓冥然時如何擊琢師云句裏明人問
三界中何物勝於佛師云通你一問問摘葉尋枝
即不開如何是直截根源師云速禮三拜問己事
未明如何指示師云不避來機還當得麼問盡其
機來師還接也無師云一問不錯學云一問且置
師還接不師云細看前話問毘盧向上即不問虛
空請師留些子師云把卻汝咽喉你作麼生道問
如何是學人自己師云一扠一劄進云莫便是不
師云蘇嚕蘇嚕。
上堂云今日與諸人舉一則語大眾聳聽良久有
僧出禮拜擬伸問次師以拄杖趁云似這般滅胡
種長連床上納飯阿師堪什麼共語處這般打野
榸漢以拄杖一時趁下問大眾雲集合談何事師
云向下文長付在來日進云便與麼去時如何師
云墮進云什麼處是墮師云長連床上飽喫飯了
脫空妄語問靈山一會何似今日師云言中有響
學云當今事作麼生師云不煩再問問以字不成
八字不是未審是什麼字師云九九八十一進云
學人不會請師指示師云我又辜你什麼處問從
上古德得箇什麼便稱尊貴師云愛問不愛答進
云與麼則不假和尚舌頭嚼去也師云熨斗煎茶
銚不同問和尚為人語話還有未道著底句也無
師云說不及進云為什麼如此師云秪為如此問
大拍盲底人來師還接也無師放身倒問如何是
雲門山師云庚峰定穴問牙齒敲磕皆落名言如
何得不落古人蹤師云通機自辯問如何是和尚
家風師云皮枯骨瘦問如何是道師云七顛八倒
進云為什麼如此師云一不得向二不得開問暗
室得明時如何師云朗州此去多少。
上堂云一言纔舉千差同轍該括微塵猶是化門
之說若是衲僧合作麼生若將祖意佛意這裏商
量曹溪一路平沉還有人道得麼道得底出來時
有僧問如何是超佛越祖之談師云餬餅進云這
箇有什麼交涉師云灼然有什麼交涉問當今一
句請師道師云放你一線道還我一句來問不涉
廉纖請師道師云一怕汝不問二怕汝不舉三到
老僧勃跳四到你退後速道速道僧便禮拜師便
打問目前蕩盍時如何師云熱發作麼其僧禮拜
而退師云且來且來僧近前師便捧云這掠虛漢
諕我問如何是法王主師云叉手著問盲龜值浮
木孔時如何師云老僧叉手去也問學人正在迷
途請師一接師云道什麼問如何是教意師云答
猶未了進云和尚什麼處答師云將謂汝靈利問
如何是衲僧正眼師云那箇師僧近前來其僧近
前師咄云去問教中即不問如何是宗門中事師
云既有來問速禮三拜問絕消息處如何履踐師
云三十年後進云秪今如何師云莫亂統問性源
還有語也無師云莫問問佛病祖病將何醫師云
審即諧進云將何醫師云幸有力問百步穿楊請
師指的師云答這話去也問言詮不及處如何體
會師云對眾快禮三拜問伶俜之子如何進步師
云目前不辨進云豈無尊貴師云不較多進云作
麼生師云作麼生問凡有言說皆是葛藤如何是
不葛藤師云大有人見汝問問急急相投請師指
教師云作麼生道進云不會請師道師云作麼。
上堂云大眾汝等還有鄆州針麼若有試將來看
有麼有麼眾無對師云若無散披衣裳去也便下
座問盡大地人來師如何接師云提綱有路進云
<pb n="28"/>
莫秪這便是指示不師云合取狗口問時中不明
如何得不落緣塵去師云閉門哭蒼天問十二時
中如何體悉師云不難辨進云還有學人入頭處
也無師云細看前話問靈山一會迦葉親聞未審
聞箇什麼句師云不避來鋒速道速道進云是什
麼句師云掣電之機徒勞佇思問千聖不傳古今
不歷如何是和尚接人一句師云觸忤老兄得麼
進云如何是接人一句師云作麼問有何逕要令
學人心息師云放你三十棒問目前坦然時如何
師云海水在汝頭上進云還著得也無師云向這
裏脫空妄語問施主設齋將何報答師云量才補
職進云不會師云不會即喫飯問如何是向上事
師云截卻汝肚腸換卻匙箸拈將缽盂來看僧無
對師云這掠虛漢問如何是佛法大意師云來鋒
有路問如何是學人轉身處師云利。
上堂良久云秪這箇帶累殺人便下座。
上堂云道即道了也時有僧出禮拜欲伸問次師
拈拄杖便打云識什麼好惡這一般打野榸漢總
似這箇僧爭消得施主信施惡業眾生總在這裏
覓什麼乾屎橛咬以柱杖一時趁下問如何是禪
師云拈卻一字得麼問扶桑柯畔日輪未出時如
何師云知問背楚投吳時如何師云面南看北斗
問六國未寧時如何師云千里何明進云爭奈不
明何師云賴遇適來道了問如何是本源師云受
什麼人供養問如何是直截一路師云主山後進
云謝師指示師云合取皮袋問曹溪的旨請師垂
示師云三十年後問密室玄宮時如何師云倒進
云宮中事作麼生師云重問萬機吐不出時如何
師云大眾不匿進云猶是學人疑處在師云語覆
前機去問要急相應唯言不二時如何師云對眾
舉大眾可不知進云如何承當師云驢年問一生
積惡者不知善一生積善者不知惡此意如何師
云獨問遠遠投師師意如何師云七九六十三進
云學人近離衡州師喝云是你草鞋跟斷僧云珍
重師喝云靜處薩婆訶問如何是學人自己師云
一佛二菩薩問六國未寧時如何師云雲擎雨色
問上無攀仰下無己躬時如何師云藏身一句作
麼生道僧便禮拜師云放過一著置將一問來僧
無語師云這死蝦蟆問如何是色即是空師云拄
杖敲汝鼻孔問如何是和尚非時為人一句師云
早朝牽犁晚間拽杷問三乘五性即不問如何是
衲僧門下事師云日勢稍晚速禮三拜問久值為
什麼不識師云測問如何是心師云心進云不會
師云不會進云究竟如何師咄云靜處東行西行
問三界唯心萬法唯識時如何師云舌根裏藏身
進云藏身後如何師云蘇嚕蘇嚕問如何是途中
受用師云七九六十三進云如何是世諦流布師
云江西湖南新羅渤海問密室不通風時如何師
云響露鳴風進云如何是密室中人師云再陳難
辯問直與麼來時如何師云照從何立進云不去
不來時如何師云前語道什麼問進向無門時如
何師云三千八百。
上堂云放你橫說豎說從朝至暮無人塞你口不
放你說又作麼生。
上堂大眾集良久驀拈拄杖云看看北鬱單越人
見汝般柴不易在中庭裏相撲供養你更為你念
般若經云一切智智清淨無二無二分無別無斷
故僧便問如何是一切智智清淨師云西天斬頭
截臂這裏自領出去問桂錫幽巖時如何師云在
什麼處問如何是深中淺師云山河大地進云如
何是淺中深師云大地山河進云如何是深師云
朝到西天暮歸唐土問迦葉入定時如何師云匿
得麼進云還見十方不師云好手透不出問真如
<pb n="29"/>
湛寂妙絕無門時如何師云自機迴照進云秪這
裏如何師云莫錯問千般方便誘引歸源未審源
中事如何師云有問有答速道將來僧應喏師云
迢遙也問如何是雲門劍師云揭進云用者如何
師云蘇嚕蘇嚕問如何是祖師西來意師云沒即
道進云不會師云壯一問問能詮表裏時如何師
云風不入進云表裏事如何師云錯問萬機俱罷
時如何師云塚上生芝草問觀身無己觀外亦然
時如何師云熱發作麼進云與麼則冰消瓦解去
也師便打問龍門有意進水無能時如何師云來
機即易再舉還難進云正與麼時如何師云快問
古人面壁意旨如何師云念七又云定問百不會
底人來師如何接師云話墮也進云什麼處是話
墮師云七棒對十三問承古有言了即業障本來
空未了還須償宿債未審二祖是了未了師云確
問從上古德相傳何事師云速禮三拜問如何是
雲門一路師云親進云如何即是師云顛言倒語
作麼問承古有言擬心即差如何得不差師云全
機歷掌進云後人再問作麼生師云遲風難改問
三身中阿那身說法師云要問如何是釋迦身師
云乾屎橛問請師提綱宗門師云南有雪峰北有
趙州問大徹底人見一切法是空不師云蘇嚕蘇
嚕問終日切切不得箇入路乞師指箇入路師云
當機有路問如何是超佛越祖之談師云蒲州麻
黃益州附子問如何是教意師云撩起來作麼生
道進云便請師道師云對牛彈琴問玄機一路如
何體會師云三十年後問槨示雙跌當表何事師
云言進云未審師意如何師云緊峭草鞋問不是
玄機亦非目繫時如何師云倒一說問劫火洞然
時如何師云更夢見甚麼。
上堂云我共汝平展遇人識人與麼老婆說話尚
自不會每日飽飯喫了上來下去覓什麼碗這裏
狐隊仗向這裏作什麼以拄杖一時趁下問初秋
夏末前程忽有人問如何秪對師云大眾退後進
云過在什麼處師云還我九十日飯錢來問學人
近到法席未審家風事如何師云不歷一問作麼
生道問十方國土中唯有一乘法如何是一乘法
師云何不別問進云謝師指示師便喝問承古有
言一塵遍含一切塵如何是一塵師云吃嘹舌頭
更將一問來問學人不問師還得也無師云將汝
口挂壁上不得問一切尋常時如何師云雖然屎
臭氣熏我我且問你晝行三千夜行八百你缽盂
裏付麼處著僧無對師云脫空妄語漢問如何是
教眼師云速禮三拜問承古有言牛頭橫說豎說
不知有向上關捩子如何是向上關捩子師云東
山西嶺青問如何是露地白牛云歸依佛歸依法
歸依僧進云白牛何在師咄之問樹凋葉落時如
何師云體露金風問如何是布袋裏珍珠師云說
得麼問如何是祖宗的子師云言中有響。
上堂云夫學般若菩薩須識得眾生病即識得學
般若菩薩病還有人棟得麼出來對眾揀看眾無
語乃云若揀不得莫妨我東行西行。
上堂云我今日共汝說葛藤屎灰尿火泥豬疥狗
不識好惡屎坑裏作活計所以道盡乾坤大地三
乘十二分教三世諸佛天下老師言教一時向汝
眼睫上會取去饒汝便向這裏一時明得亦是不
著便漢無端跳入屎坑可中於我衲僧門下過打
腳折時有三僧出一時禮拜師云一狀領過問如
何得速超三界去師云如何得速超三界去進云
是師云是即休問終日忙忙時如何師云覿機無
響路進云作麼生師云說不得問一擺淨盡時如
何師云爭柰老僧何進云此是和尚分上師云這
掠虛漢問如何是道師云透出一字進云透出後
<pb n="30"/>
如何師云千里同風問古人道知有極則事如何
是極則事師云爭柰在老僧手裏何進云某甲問
極則事師便棒云吽吽正當撥破便道請益這般
底到處但知亂繞近前來我問你尋常在長連床
上商量向上向下超佛越祖你道水牯牛還有超
佛越祖底道理麼僧云適來已有人問了也師云
這箇是長連床上學得底不要有便言有無便言
無僧云若有更披毛戴角作麼師云將知你秪是
學語之流又云來來我更問你諸人撗擔拄杖道
我參禪學道便覓箇超佛越祖底道理我且問你
十二時中行住坐臥屙屎送尿至於茆坑裏蟲子
市肆賣買羊肉案頭遠有超佛越祖道理麼道得
底出來若無莫妨我東行西行便下座師見僧入
來便云瓦解冰消僧云學人有什麼過師云七棒
對十三問如何是西來意師云長連床上有粥有
飯問承古有言道無橫徑立者皆危如何是道師
云普請看問如何是三乘教外一句師云闍梨一
問老僧勃跳三千里進云謝師指示師云住住你
道老僧話作麼生僧無對師云三十年後來與汝
三十棒問大眾雲集合談何事師云諕汝屋裏老
爺問曹溪一句闔國知聞未審雲門一句什麼人
得聞師云闍黎不聞進云學人親近得不師云仔
細踟躕看。
上堂云如來明星現時成道有僧問如何是明星
現時成道師云近前來近前來僧近前師以拄杖
打趁。
上堂有僧出禮拜云請師答話師召大眾大眾舉
頭師便下座。
上堂良久有僧出禮拜師云太遲生僧應喏師云
這漆桶。
上堂有解問話者置將一問來僧出禮拜云請師
鑒師云拋鉤釣鯤鯨釣得箇蝦蟆云和尚莫錯師
云朝走三千暮走八百作麼生僧無語師便打。
上堂僧問如何是本源師拈起拄杖云若是提起
即向上去也僧又問如何是本源師云南贍部洲
北鬱單越問普賢為什麼騎象文殊為什麼騎師
子師云我無象也無師子且騎佛殿出三門去也
問如何是教意師云山河大地又云正好辯猶是
曲說教意若約提綱即未在問一切智通無障礙
時如何師云掃地潑水相公來問隨流認得性時
如何師云東堂月朗西堂闇問如何是三乘教外
別傳底事師云你若不問我即不答你若問我即
朝到西天暮歸唐土僧云乞師指示師云一不成
二不是問如何是祖師西來意師云青天白日寂
語作麼問如何是佛法大意師云日裏麒麟看北
斗問學人到這裏為什麼道不得師云野狐窟裏
坐問不落古今是何曲調師拽拄杖便下座問如
何是佛法大意師云面南看北斗問古人斬蛇意
旨如何師便打問如何是和尚家風師云闍黎受
戒太早問如何是賓中主師云騎一問進云如何
是主中主師云叉手著進云賓主相去多少師云
如眼如目進云合談何事師云三九二十七問自
到和尚法席不會乞師指示師云截卻你頭得麼
問乞師指示令學人頓息昏迷師云襄州米作麼
價問二尊相見時如何師云不是偶然。
上堂天帝釋與釋迦老子在中庭裏相爭佛法甚
鬧便下座問如何是曹溪的的意師云老僧愛瞋
不愛喜進云為什麼如此師云路逢劍客須呈劍
不是詩人不獻詩問二尊相見共談何事師云不
決即道問人天交接其意如何師云對眾呈機。
上堂和尚子且須明取衲僧鼻孔且作麼生是衲
僧鼻孔乃云摩訶般若波羅密今日大普請便下
座問如何是西來意師云山河大地進云向上更
<pb n="31"/>
有事也無師云有進云如何是向上事云釋迦老
子在西天文殊菩薩居東土問父母俱喪時如何
云俱喪且置那個是你父母僧云苦痛深師云灼
然灼然問如何是大施主師云對機不辯問徹底
冥濛底人來師如何拯濟師云兩重公案一狀領
過問說教當為何人師云近前來高聲問僧近前
問師便打問和尚年多少師云七九六十八進云
為什麼七九六十八師云我為你減卻五年問十
方薄伽梵一路涅槃門如何是一路涅槃門師云
我道不得進云和尚為什麼道不得師去是你舉
話即得問如何是法說師云大眾久立速禮三拜
如何是隨意說師云晨時有粥齋時有飯如何是
隨宜說師云三德六味施佛及僧如何是方便說
師云是汝鼻孔重三斤半如何是大悲說師云皈
依佛法僧問生死根源即不問如何是目前三昧
師云吃嘹舌頭三千里進云今日得遇和尚也師
云放你三十棒問乞師指示師云上大人丘乙己
進云學人不會師云化三千七十士問不離三德
六味還有佛法也無師云秪怕你不問進云請師
道師云三德六味施佛及僧。
上堂云眼睫橫亙十方眉毛上透乾坤下透黃泉
須彌山塞卻汝咽喉還有會處麼若會得拽取占
波國共新羅國鬥額。
上堂云江西即說君臣父子湖南即說他不與麼
我此問即不如此良久云汝還見壁麼。
上堂云去去遞相鈍置有什麼了時卻問眾云我
與麼道還有過麼問如何是祖師西來意師云一
不得問進云喏師咄云話也不領問今日供養羅
漢羅漢還來也無師云汝若不問我即不道進云
請師道師云三門頭合掌佛殿裏裝香問如何是裏
衲僧本分事師云南有雪峰北有趙州進云請和
尚不繁辭師云不得失卻問學云喏師便打問承
古有言會即事同一家不會即離牙擘齒如何得
事同一家師云亂走作麼。
上堂云從上來且是個什麼事如今抑不得已且
向汝諸人道盡大地有什麼物與汝為對為緣若
有針鋒與汝為隔為礙與我拈將來喚什麼作佛
作祖喚什麼作山河大地日月星辰將什麼為四
大五蘊我與麼道喚作三家村裏老婆說話忽然
遇著本色行腳漢聞與麼道把腳拽向階下有什
麼罪過雖然如此據箇什麼道理便與麼莫趁口
快向這裏亂道須是漢箇始得忽然被老漢腳跟
下尋著勿去處打腳拆有什麼罪過既與麼如今
還有問宗乘中話麼待老漢答一轉了東行西行
有僧擬問坎師以拄杖劈口打便下座問師子嚬
呻時如何師云嚬呻且置試哮吼看僧應喏師云
這箇是老鼠啼。
上堂云我有一句語不敢望你會還有人舉得麼
良久云將謂胡鬚赤更有赤鬚胡便下座。
上堂云不得已且作死馬醫向汝道是箇什麼是
東是西是南是北是有是無是見是聞是向上是
向下是與麼是不與麼這箇喚作三家村裏老婆
說話是你有幾箇到此境界相當即相當不相當
靜處薩婆訶便下座。
上堂云諸方老和尚道須知有聲色外一段事似
這箇語話誑諕人家男女三間法堂裏獨自妄想
未曾夢見我本師宗旨在作麼生消得他信施臘
月三十日箇箇須償他始得任汝勃跳去是你諸
人各自努力珍重問目前無一法還免得生死不
師云你驢年未免得在問如何是道師云去進云
學人不會乞師道師云闍梨公驗分明何在重判
問維摩一默還同說也無師云痛領一問進云與
麼則同說也師云適來道什麼問如何是清淨法
<pb n="32"/>
身師云花藥欄進云便與麼會時如何師云金毛
師子。
上堂因聞鐘鳴乃云世界與麼廣闊為什麼鐘聲
披七條。
上堂云不可雪上加霜去也珍重便下座。
上堂云諸方老禿奴曲木禪床上坐地求名求利
問佛答佛問祖答祖屙屎送尿也三家村裏老婆
傳口令相似識箇什麼好惡總是這般底水也難
消。
上堂云人人自有光明在看時不見暗昏昏便下
座師入京在受春殿聖上問如何是禪師云皇帝
有敕臣僧對師在文德殿赴齋有鞠常侍問靈樹
果子熟也未師云什麼年中得信道生。
上堂云你諸人走來這裏覓什麼老僧秪解無端
喫飯屙屎別解作什麼你諸方行腳參禪問道我
且問你諸方參得底事作麼生試舉看又云中間
諕汝屋裏老爺得麼向老漢胐臀後覓得些子涕
唾嚼將為自己便道我解禪解道饒你念得一大
藏教擬作麼生去古人事不得已見你亂走向汝
道菩提涅槃是埋沒你是釘橛繫卻你又見你不
會向汝道非菩提涅槃知是般事早是不著便也
又更覓他注解這般底滅胡種族從上來總似這
般何處到今日我向前行腳時有一般人與我注
解他是不惡心被我一日覷見是一場笑具是我
三五年不死這般滅胡種底一斧打腳折如今諸
方大有出世紐捏你何不去彼中在這裏覓什麼
乾屎橛師便下地以拄杖一時打趁下去問如何
是萬法一決師云莫教失卻問問死中得活時如
何師云朝行三千夜行八百問大眾雲集合談何
事師云今日放下令行去也僧禮拜師便打問如
何是透法身句師云海晏河清道士問視聽無聲
無形老君說了也雲門一句請師指示師云迢然
西天路士無語師擬下座士云再請師舉楊宗旨
師云道得底出來眾無對師云與麼則辜負請王
去也便下座。
上堂大眾集定師乃拈起拄杖云不得已且向這
裏會取看看三門在露柱上便下座。
師有時顧視僧曰鑒僧擬對之則曰咦叢林因目
師為顧鑒咦後德　圓明禪師刪去顧字謂之抽
顧頌。
示眾云盡十方世界乾坤大地以拄杖一畫百雜
碎三乘十二分教達磨西來放過即不可若不放
過不消一喝。
示眾云西天二十八祖唐土六祖天下老和尚總
在拄杖頭上直饒會得倜儻分明秪在半途若不
放過盡是野狐精師一日云古來老宿皆為慈悲
之故有落草之談隨語識人若是出草之談即不
與麼若與麼便有重話會語不見仰山和尚問僧
近離甚處僧云廬山仰山云會有五老峰麼僧云
不曾遊仰山云闍梨不曾遊山師云此語皆為慈
悲之故有落草之談有時云者言即心即佛權且
認奴作郎生死涅槃恰似斬頭覓活若說佛說祖
佛意祖意大似將木患子換卻你眼睛相似。

弟子紹聖朱氏王氏
善元如果通珍
慧林潘氏
念修
慧覺
雲門匡真禪師語錄卷一終

<sarticle><article>雲門匡真禪師語錄卷第二</article></sarticle>
<other>室中語要</other>
<pb n="33"/>
舉古云聞聲悟道見色明心師云作麼生是聞聲
悟道見色明心乃云觀世音菩薩將錢來買餬餅
放下手云元來秪是饅頭有時云燈籠是你自己
把缽盂噇飯飯不是你自己有僧便問飯是自己
時如何師云者野狐精三家村裏漢復云來來不
是你道飯是自己僧云是師云驢年夢見三家村
裏漢有時云真空不壞有真空不異色僧便問作
麼生是真空師云還聞鐘聲麼僧云此是鐘聲師
云驢年夢見麼。
舉疏山和尚問僧什麼處來僧云嶺中來山云曾
到雪峰麼僧云曾到山云我已前到時是事不足
如今作麼生僧云如今足也山云粥足飯足僧無
語師云粥足飯足。
舉孚上座參雪峰峰聞乃集眾孚到法堂上顧視
雪峰便下看知事明日卻上禮拜云某甲昨日觸
忤和尚峰云知是般事便休時有僧問師作麼生
是觸忤和尚處師便打。
舉僧問資福古人拈槌豎拂意旨如何福云古人
與麼那僧云拈槌豎拂又作麼生福便喝出師云
古人是什麼眼目僧云和尚作麼生師云驢年會
麼師無對師復召僧來來僧近前師以拂子驀口
打。
舉三平頌云即此見聞非見聞師云喚什麼作見
聞無餘聲色可呈君師云有什麼口頭聲色箇中
若了全無事師云有什麼事體用無妨分不分師
云語是體體是語復拈起拄杖云拄杖是體燈籠
是用是分不分不見道一切智智清淨。
舉一宿覺云幻化空身即法身師拈起拄杖云盡
大地不是法身。
舉僧問趙州某甲乍入叢林乞師指示州云喫粥
了也未僧云喫粥了也州云洗缽盂去師云且道
有指示無指示若道有指示向他道什麼若道無
指示者僧何得悟去。
舉僧問雪峰乞師指示峰云是什麼其僧於言下
大悟師云雪峰向伊道什麼有時云平地上死人
無數過得荊棘林是好手僧云與麼則堂中第一
座有長處也師云蘇嚕蘇嚕。
舉無情說法忽聞鐘聲云釋迦老子說法也驀拈
起拄杖問僧者箇是什麼僧云拄杖子師云驢年
夢見一日云三家村裏賣卜東卜西卜忽然卜著
也不定僧便問忽然卜著時如何師云伏惟師有
時云大用現前不存軌則僧便問如何是大用現
前師乃拈拄杖高聲唱云釋迦老子來也有時以
拄杖打火鑪一下大眾眼目定動師乃云火爐勃
跳上三十三天見麼見麼眾無語師云無智人前
莫說打你頭破百裂師有時云看看法身變作燈
籠超佛越祖之談從你腳跟下過也僧云腳跟下
認得時如何師云鈍置殺我僧云與麼則迥然不
在者裏也師云十萬八千。
舉槃山語云光境俱忘復是何物師云直饒與麼
道猶在半途未是透脫一路僧便問如何是透脫
一路師云天台華頂趙州石橋。
舉仰山云如來禪即許師兄曾僧便問如何是如
來禪師云上大人又拈起扇子云我喚作扇子你
喚作什麼僧無語師云扇子上說法燈籠裏藏身
作麼生僧卻問如何是和尚禪師叱云元來秪在
者裏。
舉雪峰喚僧近前來僧近前峰云去師舉了問僧
你作麼生道得叉手句你若道得叉手句即見雪
峰。
舉三祖云一心不生萬法無咎師云秪者裏悟了
乃拈起拄杖云乾坤大地有什麼過。
舉一宿覺云一切數句非數句與吾靈覺何交涉
<pb n="34"/>
師云行住坐臥不是靈覺喚什麼作數句。
舉槃山云光境俱忘復是何物師云東海裏藏身
須彌山上走馬復以拄杖打床一下大眾眼目定
動乃拈拄杖趁敬云將謂靈利者漆桶。
舉僧問乾峰十方薄伽梵一路涅槃門未審路頭
在什麼處峰以拄杖劃云在者裏師拈起扇子云
扇子勃跳上三十三天築著帝釋鼻孔東海鯉魚
打一棒雨似盆傾相似會麼師有時云諸方拈槌
豎拂云會麼但云莫壓良為賤卻云是是待伊擬
議便行。
舉教云心生種種法生心滅種種法滅乃拈起拄
杖云重多少僧云半觔師云驢年夢見。
舉夾山語云百草頭上薦取老僧師合掌云不審
不審又以柱杖指露柱云夾山變作露柱也看看。
舉仰山問僧近離甚處僧云向南山拈起拄杖云
彼中還說者箇麼僧云不說山云不說者箇還說
那箇麼僧云不說山召大德參堂去其僧便去山
復召其僧僧應喏山云近前來僧近前山便打師
云仰山若無後語爭識得人。
舉雪峰喚僧近前來僧近前峰云甚處去僧云普
請去峰云去師云此是隨語識人。
舉參同契云回互不回互師云作麼生是不回互
乃以手指板頭去者箇是板頭作麼生是回互師
云喚什麼作板頭。
舉見聞覺知無障礙聲香味觸常三昧師云一切
處不是三昧行時不是三昧有處云聲香味觸體
在一邊聲香味觸在一邊見解偏枯。
舉夾山坐次洞山到來云作麼生夾山云秪與麼
師代洞山云不放過又作麼生代夾山便喝師又
拈夾山云秪與麼元來秪在蝦蟆窟裏又云秪與
麼也難得。
舉祖師偈云法法本來法師云行住坐臥不是本
來法一切處不是本來法秪如山河大地與你日
夕著衣喫飯有什麼過又云法本法無法師拈起
拄杖云不是本無法。
舉傅大士頌云空手把鋤頭步行騎水牛師云是
你從向北騎一頭水牯牛到這裏乃拈起拄杖云
不見道千頭到這裏但識取一頭。
舉寶公云如我身空諸法空千品萬類悉皆同師
云你立不見立行不見行四大五蘊不可得何處
見有山河大地來是你每日把缽盂噇飯喚什麼
作飯何處更有一粒米來。
舉一切聲是佛聲一切色是佛色師拈起拂子云
是什麼若道是拂子三家村裏老婆禪也不會。
舉南方禪客問國師此間佛法如何國師云身心
一如身外無餘師云山河大地何處有也有時云
要識祖師麼以拄杖指云祖師在你頭上勃跳要
識祖師眼睛麼在你腳跟下又云這箇是祭鬼神
茶飯然雖如此鬼神也無厭是師有時云若說菩
提涅槃真如解脫是燒楓香供養你若說佛說祖
是燒黃熟香供養你若說超佛越祖之談是燒缾
香供養你歸依佛法僧下去師一日拈起拄杖舉
教云凡夫實謂之有二乘析謂之無緣覺謂之幻
有菩薩當體即空乃云衲僧見拄杖但喚作拄杖
行但行坐但坐總不得動著。
舉夾山語云百草頭上薦取老僧鬧市裏識取天
子又云一塵纔起大地全收。
舉雪峰云三世諸佛向火燄上轉大法輪師云火
燄為三世諸佛說法三世諸佛立地聽師因喫茶
了拈起盞子云三世諸佛聽法了盡鑽從盞子底
下去也見麼見麼若不會且向多年曆日裏會取。
舉槃山語云光非照境境亦非存光境俱忘復是
何物師云盡大地是光喚什麼作自己你若識得
<pb n="35"/>
光去境亦不可得有什麼屎光境光既不可得境
復是何物又云此是古人慈悲之故重話會語者
裏倜儻分明去放過即不可若不放過復舉手云
蘇盧蘇盧。
舉傅大士云禪河隨浪靜定水逐波清師拈拄杖
指燈籠云還見麼若言見是破凡夫若言不見有
一雙眼在你作麼生會良久復拈拄杖云盡大地
不是浪師有時拈拄杖打床一下云一切聲是佛
聲一切色是佛色你把缽盂噇飯時有箇缽盂見
行時有箇行見坐時有箇坐見者般底作與麼去
就把棒一時趁散有時拈起拂子云者裏得箇入
處去捏怪也日本國裏說禪三十三天有箇人出
來喚云吽吽特庫兒擔枷過狀。
舉古人道一處不通兩處失功兩處不通觸途成
滯拈起拄杖云山河大地三世諸佛盡在拄杖頭
上有甚滯礙如今明也暗向什麼處去秪者明便
是暗一切眾生秪被色空明暗隔擬便見有生滅
之法。
舉一宿覺云六般神用空不空一顆圓光色非色
師拈起拂子云者箇是圓光是色非色喚什麼作
色與我拈將來看。
舉夾山云百草頭上薦取老僧鬧市裏識取天子
師云蝦蟆入你耳朵裏毒蛇穿你眼睛中且向葛
藤處會取。
舉十方薄伽梵一路涅槃門師云你若不識大食
國裏人在你眼睫裏賣香藥。
舉般若經云無二無二分無別無斷故師乃指露
柱云與般若經相去多少。
舉經云經書咒術一切文字語言皆與實相不相
違背師拈拄杖云者箇是什麼若道是拄杖入地
獄不是拄杖是什麼師一日拈拂子摵一下云日
月星辰撲落地上見麼良久起身云近後突著你
眼睛。
舉十方薄伽梵一路涅槃門師云者箇是屋上頭
是天手裏是拄杖作麼生是涅槃門有時云彈指
謦欬揚眉瞬目拈槌豎拂或即圓相盡是撩鉤搭
索佛法兩字未曾道著道著即撒屎撒尿。
舉瓦官參德山瓦官為侍者同入山斫木德山將
一碗水與瓦官官接得便喫卻山云會麼官云不
會山又將一碗水與瓦官官接得又喫卻山會云
麼官云不會山云何不成褫取那不會底官云不
會又成褫個什麼山云子大似箇鐵橛瓦官住院
後雪峰去訪茶話次峰云當時在德山會裏斫本
因緣作麼生官云先師當時肯我峰云和尚離先
師大早其時面前有一碗水峰云將水來官便過
與雪峰峰接得便撥卻師代云莫壓良為賤因齋
次將餬餅一咬云咬著帝釋鼻孔帝釋害痛復以
拄杖指云在你諸人腳跟下變作釋迦老子見麼
見麼閻羅聞說呵呵大笑云者箇師僧相當閻王
不奈你何若不相當總在我手裏師有時以拄杖
打床一下云你若是箇漢忽然者裏聞聲悟了一
切山河大地日月星辰有什麼過。
舉洛浦云一塵纔起大地全收師云鳥窠拈布毛
便有人悟去因喫茶次舉一宿覺云三身四智體
中圓八解六通心地印師云喫茶時不是心地印
乃拈拄杖云且向者裏會取。
舉僧問雪峰如何是觸目菩提峰云好箇露柱有
處云還見露柱麼師拈起拄杖云有底體上會事
見露柱秪喚作露柱有處道不見有露柱見解偏
枯見露柱但喚作露柱見柱杖但喚作柱杖有什
麼過。
舉僧問靈雲佛未出世時如何靈雲豎起拂子僧
云出世後如何雲亦豎拂子師云前頭卻實後底
<pb n="36"/>
打不著又云不說出不出何處有一問時節秪如
雪峰夏末於僧堂前坐眾纔集峰拈起拄杖云者
箇為中下根人便有僧問忽遇上上人來時如何
峰拈起拄杖師云我不似雪峰打破狼籍僧便問
未審和尚如何師便打。
舉僧問玄沙如何是學人自己沙云是你自己師
云沒量大人被語脈裏轉卻有僧問如何是學人
自己師云忽然路上有人喚衲僧齋你也隨例得
飯喫師因齋坎拈起餬餅云我秪供養江西兩浙
人不供養向北人僧云為什麼秪供養江西兩浙
人不供養向北人師云天寒日短兩人共一碗。
舉國師云南方佛法半生半滅此間身心一如身
外無餘師云喚什麼作身心一如又云汝等要識
國師底麼自代云不可辜負國師去也。
舉肅宗帝請國師看戲國師云有什麼身心看戲
帝再請國師云幸自好戲師云龍頭蛇尾。
舉國師三喚侍者三應侍者國師云將謂吾辜負
你誰知你辜負吾師云作麼生是吾辜負你處你
若會得也是無端又云作麼生是侍者辜負國師
處師云粉骨碎身未報得。
舉藥山問僧什麼處來僧云湖南來山云洞庭湖
水滿也未僧云未滿山云許多時雨水為什麼未
滿雲巖代云湛湛地洞山代云什麼劫中曾少欠
師云秪在這裏。
舉雪峰云飯籮邊坐餓死人臨河渴死漢。
玄沙云飯籮裏坐餓死漢水裏沒頭浸渴死漢師
云通身是飯通身是水。
舉僧問資福古人拈搥豎拂意旨如何福云嗄師
云雪上加霜。
舉僧問資福如何是一塵入正受福作入定勢僧
云如何是諸塵三昧起福云你問阿誰師云這阿
師話墮也不知。
舉茱萸上堂云你諸人莫向虛空裏釘橛時有靈
虛上座出眾云虛空是橛茱萸便打虛云和尚莫
錯打某甲萸便歸方丈師云矢上加尖僧云和尚
適來與麼道那師云搥鐘謝響得箇蝦蟆出來。
舉僧問投子密巖意旨如何子云須是與麼人始
得趙州云何不與他本分草料師問僧作麼生是
本分草料僧擬議師便打。
舉古云寂寂空形影師展兩手云山河大地何處
得也又云一切智通無障礙師云拄杖走到西天
卻歸新羅國裏乃敲床云這箇是你鼻孔。
舉僧問夾山如何是道山云太陽溢目萬里不是
片雲師云不喚作一句不喚作法身是什麼僧問
如何是學人自己師云老僧入泥入水僧云某甲
粉骨碎身去也師喝云大海水在你頭上速道速
道僧無語師代云也知和尚恐某甲不實有時云
直得乾坤大地無纖毫過患猶是轉句不見一色
始是半提直得如此更須知有全提時節有時云
泡幻同無礙一切處不是幻一切處不是無礙有
時云橫說豎說菩提涅槃真如佛性總是向下商
量直得拈槌豎拂時節亦是橫說豎說對前頭猶
較些子僧問請師向上道師云大眾久立速禮三
拜。
舉崇壽問僧還見燈籠麼僧無語師代云推倒燈
籠。
舉趙州問僧什麼處去僧云摘茶去師云閉口。
舉法身說法青青翠竹盡是法身未是提綱拈掇
時節。
舉有為無三世無為有三世有為是斷滅法何處
得三世無為有三世不是守寂處法。
舉實學是葛藤言句拈槌豎拂時節於實學猶在
半途。
<pb n="37"/>
舉三種人一人因說得悟一人因喚得悟第三人
見舉便迴去你道便迴去意作麼生復云也好與
三十棒。
舉法身喫飯早是剜肉作瘡將謂合有與麼說話。
舉僧問雲居湛然時如何居云不流師云不流說
什麼湛然又云此是截鐵之言。
舉藥病相治盡大地是藥那箇是你自己師云遇
賤即貴僧云乞師指示師拍手一下拈起拄杖云
接取拄杖子僧接得拗作兩截師云直饒與麼也
好與三十棒。
舉翠巖夏末上堂云我一夏已來與師僧說話看
翠巖眉毛在麼保福云作賊人心虛長慶云生也
師云閽師有時云不敢望你有逆水之波且有順
水之意也難得乃舉良遂初參麻谷谷見來便去
鋤草良遂到鋤草處谷都不顧便歸方丈閉卻門
良遂連三日去敲門至第三日纔敲門麻谷問阿
誰良遂云和尚莫瞞良遂若不來禮拜和尚洎被
經論賺過一生師云便有逆水之波如今得入是
順水之意亦喚作雙放時節又云麻谷問阿誰良
遂道莫瞞良遂不是識破麻谷相見時節若不來
禮拜和尚洎被經論賺過一生亦知有賺人處自
後良遂歸京辭皇帝及右右街大師大德再三相
留茶筵坎良遂云諸人知處良遂總知良遂知處
諸人不知師云作麼生是良遂知處。
舉心經云無眼耳鼻舌身意師云為你有箇眼見
所以言無不可如今見時不可說無也然雖如此
見一切有什麼過一切不可得有什麼聲香味觸
法。
舉光明寂照遍河沙問僧豈不是張拙秀才語僧
云是師云話墮也。
舉僧辭石霜霜問船去陸去僧云遇船即船遇陸
即陸霜云我道半途稍難僧無語師代云三十年
後此話大行又云臨行一句永劫不忘。
舉生法師云敲空作響擎木無聲師以拄杖空中
敲云阿耶耶又敲板頭云作聲麼僧云作聲師云
這俗漢又敲板頭云喚什麼作聲。
舉僧問石霜教中還有祖師意麼霜云有僧云如
何是教中祖師意霜云莫向卷中求師代云不得
辜負老僧卻向屎坑裏坐地作什麼。
舉石霜云須知有教外別傳一句僧問如何是教
外別傳一句霜云非句師云非句始是句。
舉洞山云須知有佛向上事僧問如何是佛向上
事山云非佛師云名不得狀不得所以言非。
舉洞山云塵中不染丈夫兒師云拄杖但喚作拄
杖一切但喚作一切。
舉法身清淨一切聲色盡是廉纖語話不涉廉纖
作麼生是清淨又云作麼生是法身師云六不收
又云三十三天二十八宿。
舉古云如我身空諸法空千品萬類悉皆同師云
身不可得一切諸法豈是有也所以古人道無情
有佛性又云無情不喚作法身說法有時云光不
透脫有兩般病一切處不明面前有物是一又透
得一切法空隱隱地似有箇物相似亦是光不透
脫又法身亦有兩般病得到法身為法執不忘己
見猶存坐在法身邊是一直饒透得法身去放過
即不可子細點檢來有什麼氣息亦是病。
舉僧問國師如何是本身盧舍那國師云與老僧
過淨瓶來僧取淨瓶至國師云卻安舊處著僧送
安舊處又來問如何是本身盧舍那國師云古佛
過去久矣師云無朕跡。
舉僧問灌溪久嚮灌溪到來秪見箇漚麻池溪云
你秪見漚麻池且不識灌溪僧云如何是灌溪溪
云劈箭急師云何不與第一機秪對。
<pb n="38"/>
舉韋監軍見帳子畫牛抵樹問僧牛抵樹樹抵牛
無對師代云歸依佛法僧。
舉老宿問僧聞說雪峰有毬子話是不僧云不見
說著宿云聞說有僧云秪是師僧亂舉宿云不亂
舉底事作麼生僧無對師代云某甲新到未曾參
堂。
舉佛問外道汝義以何為宗師代外道云者老和
尚我識得你也外道云以一切不受為宗代佛云
放過一著佛云汝以一切不受為宗耶代外道云
者瞿曇莫失卻問。
舉雪峰云盡大地是你將謂別更有師云不見楞
嚴經云眾生顛倒迷己逐物若能轉物即同如來。
舉教云諸法寂滅相不可以言宣師云見定如今
說話何處有說不說不見道去不到去來不到來。
舉一切真如含一切師云喚什麼作山河大地又
云是諸法空相不生不滅不垢不淨或拈拄杖示
眾云拄杖子化為龍吞卻乾坤了也山河大地甚
處得來或畫圓相云還有人出得麼。
舉教云是法住法位世間相常住師云釋迦老子
甚處去也。
舉僧問投子如何是此經子云維摩法華又問塵
中不染丈夫兒時如何子云不著師云不喚作法
身不喚作第一義亦為說法亦為說真空師齋坎
拈起匙箸云我不供養南僧秪供養北僧時有僧
問為什麼不供養南僧師云我要鈍置供養僧云為
什麼秪供養北僧師云一箭兩垛有僧拈問秪如
前意作麼生師云好即同榮或時以拄杖打露拄
一下云三乘十二分教說得著麼自云說不著復
云咄者野狐精僧問秪如師意作麼生師云張公
喫酒李公醉。
舉古云有驚人之句僧問如何是驚人之句師云
響。
舉國師云語漸也返常合道論頓也不留朕跡師
云拈搥豎拂彈指時節若檢點來也未是無朕跡
有時拈拄杖云乾坤大地殺活總在這裏僧便問
如何是殺師云七顛八倒僧云如何是活師云要
作飯頭僧云不殺不活時如何師便起云摩訶般
若波羅密有時云遇人即途中受用乃拈起拄杖
云拄杖不是途說話不是途。
舉法身喫飯幻化空身即法身師云乾坤大地何
處有也物物不可得以空噇空若約點檢來將謂
合有與麼說話。
舉應化非真佛亦非說法者師曰應化之身說即
是法身說亦喚作覿體全真以法身喫法身又云
飯不是法身拄杖不是法身有時云宗門七縱八
橫殺活臨時僧便問如何是殺師云冬去春來僧
云冬去春來時如何師云橫擔拄杖東西南北一
任打野榸示眾云任你橫說豎說未是宗門苗裔
若據宗門苗裔是甚熱碗鳴三乘十二分教說夢
達摩西來說夢若有老宿開堂為人說法將利刃
殺卻百千萬箇有什麼過又云將謂合有與麼說
話底道理一日云拈搥豎拂彈指揚眉一問一答
並不當向上宗乘僧便問如何是向上宗乘師云
地下閻浮大家總道得秪如鬧市裏坐朝時豬肉
案頭苑坑裏蟲子還有超佛越祖之談麼僧云有
底不肯師云有底不肯不可商量時便有不商量
時便無也若約那箇語話體上會事直言未到見
解偏枯有時云我尋常道一切聲是佛聲一切色
是佛色盡大地是法身枉作箇佛法中見如今見
拄杖但喚作拄杖見屋但喚作屋有時云作而無
作用而無用乃拈起拄杖云不是用而無用喚什
麼作拄杖。
舉舟霞云百骸俱潰散一物鎮長靈師云拄杖不
<pb n="39"/>
可不靈也喚什麼作百骸甚處得來。
舉一切賢聖皆以無為法而有差別師云拄杖不
是無為法一切不是無為法。
舉誌公云雞鳴丑一顆圓光明已久師云腦後即
不問你三千里外道將一句來。
舉睦州喚僧趙州喫茶入水之義雪峰輥毬歸宗
拽石經頭以字國師水碗羅漢書字諸佛出身處
東山水上行總是向上時節示眾云直得觸目無
滯達得名身句身一切法空山河大地是名名亦
不可得喚作三昧性海俱備猶是無風匝匝之波
直得忘知於覺覺即佛性矣喚作無事人更須知
有向上一竅在有時云一切處無不是說法打鐘
打鼓時不可不是若與麼一切處亦不是有一切
處亦不是無又云不可說時節有不說時便也無
若約提唱即未在為人門中即得。
舉生死涅槃合成一塊乃拈起扇子云是什麼不
是合成一塊得與麼不靈利直饒與麼也是鬼窟
裏作活計。
舉僧問南泉牛頭未見四祖時為什麼百鳥啣花
獻泉云步步蹋佛階梯僧云見後為什麼不啣花
獻泉云直饒不來猶較王老師一線道師云南泉
秪解步步登高不解從空放下僧云如何是步步
登高師云香積世界僧云如何是從空放下師云
填溝塞壑有時云若問佛法兩字東西南北七縱
八橫朝到西天暮歸唐土雖然如此向後不得錯
舉。
舉祖師偈云心隨萬境轉轉處實能幽僧問如何
是轉處實能幽師云吃嘹舌頭老僧倒走三千里
又問如何是隨流認得性師云饅頭䭔子摩訶般
若波羅密。
舉玄沙與韋監軍茶話次軍云占波國人語話稍
難辯何況五天梵語還有人辯得麼玄沙提起托
子云識得這箇即辯得師云玄沙何用繁辭又云
適來道什麼又云有什麼難辯。
舉古人云以空名召空色師云拄杖不是空名召
得不是空色喚什麼作拄杖不是空名因南泉示
眾云自小養一頭水牯牛擬向溪東放不免食他
國王水草擬向溪西放不免食他國王水草不如
隨處納些些他總不見復有僧舉似師師云南泉
水牯牛隨處納些些你道在牛內納牛外納直饒
你向這裏說得納處分明我更問你索牛在後長
慶云你道在人前頭為人後頭為人。
舉王大王向雪峰道擬蓋一所佛殿去如何峰云
大王何不蓋取一所空王殿大王云請師樣子峰
展兩手師云一舉四十九。
舉報慈讚龍牙偈云日出連山月圓當戶不是無
身不欲全露有僧問請師全露龍牙撥開帳子云
還見麼僧云不見牙云將眼來後報慈聞舉云龍
牙秪道得一半師令僧舉我與你道其僧便舉師
云我不妨與你道有時云諸方盡向繩墨裏脫出
我者裏即不然僧問未審和尚如何師云草鞋三
十文買。
舉攬真成立色相宛然一切法不遷僧便問作麼
生是不遷師云還見燈籠麼僧云見師云靜處薩
婆訶示眾云你等諸人每日上來下去問訊即不
無若過水時將什麼過有久住僧對云步師深喜
之。
舉僧辭大隨隨問什麼處去僧云峨嵋禮拜普賢
去隨拈起拂子云文殊普賢總在者裏其僧畫一
圓相拋向背後卻展兩手隨云侍者將一貼茶來
與者僧師舉了云我即不與麼有僧云和尚又如
何師云西天斬頭截臂者裏自領出去。
舉黃蘗一日舉手作捏勢云天下老和尚總在者
<pb n="40"/>
裏我若放一線道從汝七縱八橫若不放過不消
一捏僧問放一線道時如何蘗云七縱八橫又問
不放過不消一捏時如何蘗云普復有僧問師如
何是七縱八橫師云念老僧年老僧云如何是普
師云天光迴照僧云如何是天光迴照師云骼胔
少人知有時云一顆圓光明已久還有人問麼僧
便問如何是一顆圓光明已久師云西天斬頭截
臂又云除卻須彌山拈卻佛殿脊一日披袈裟云
我抖擻法身也總無對師云汝問我僧便問和尚
抖擻法身意旨如何師云我也知你親。
舉玄沙示眾云諸方老宿盡道接物利生忽遇三
種病人來作麼生接患盲者拈槌豎拂他又不見
患聾者語言三昧他又不聞患啞者教伊說又說
不得且作麼生接若接此人不得佛法無靈驗有
僧請益師師云你禮拜著僧禮拜起師以拄杖便
挃僧退後師云你不是患盲復喚近前僧近前師
云你不是患聾乃豎起拄杖云還會麼僧云不會
師云你不是患啞其僧於此有省。
舉古云一言纔舉大地全收師云且道是什麼言
自云春鳥啼時西嶺上遂令僧你問我僧便問是
什麼言師云噫。
舉馬大師云一切語言是提婆宗以此箇為主師
云好語秪是無人問僧便問如何是提婆宗師云
西天九十六種你是最下種。
舉肇法師云諸法不異者不可續鳧截鶴夷嶽盈
壑然後為無異者哉師云長者天然長短者天然
短又云是法住法位世間相常住乃拈起柱杖云
拄杖不是常住法。
舉古云一念劫收一切智師拈起拄杖云乾坤大
地總在上頭若透得去拄杖也不見有直饒與麼
也是不著便。
舉須菩提說法帝釋雨華尊者問曰此華從天得
耶帝曰弗也從地得耶帝曰弗也從人得耶帝曰
弗也從何得耶帝釋舉手尊者云如是如是師云
帝釋舉手處作麼生與你四大五蘊釋迦老子同
別。
舉世尊初生下一手指天一手指地周行七步目
顧四方云天上天下唯我獨尊師云我當時若見
一棒打殺與狗子喫卻貴圖天下太平。
舉禾山示眾云有作家戰將麼出來時有僧出云
未審彼中還有也無師云格。
舉僧問雪峰佛未出世時如何峰橫按拄杖而坐
師云常。
舉德山問維那有幾人新到那云八人山云喚典
座來一時生按過師拈云更說什麼生按過。
<other>垂示代語</other>
舉雪峰勘僧什麼處去僧云識得即知去處峰云
你是了事人亂走作什麼僧云莫塗汙人好峰云
我即塗汙你古人吹布毛作麼生與我說來看僧
云殘羹餿飯已有人喫了也師別前語云築著便
作屎臭氣代後語云將謂是鑽天鷂子元來是死
水裏蝦蟆。
舉韶山勘僧云莫便是多口自頭因麼因云不收
山云有多少口因云遍身是山云大小二事向甚
處屙因云向韶山口裏屙山云有韶山口即向韶
山口裏屙無韶山口向甚處屙因無語山便打師
代云這話墮阿師放你三十棒又代云將謂是師
子兒又云韶山今日瓦解水消。
舉僧到曹溪有守衣缽上座提起衣云此是大庾
嶺頭提不起底僧云為什麼在上座手裏座無語
師云彼彼不了師代云遠嚮不如親到又云將謂
是師子兒。
舉睦州問僧莫便是清華嚴麼僧云不敢州云夢
<pb n="41"/>
見華嚴麼僧無語師云門前大狼籍生。
舉湖南報慈垂語云我有一句子遍大地僧便問
如何是遍大地底句慈云無空缺師云不合與麼
道別云何不菴外問。
舉南泉示眾云昨夜三更文殊普賢相打每人與
二十棒趁出院去也趙州出眾云和尚棒教誰喫
泉云王老師有什麼過州便禮拜師代云深領和
尚慈悲某甲歸衣缽下得箇安樂。
舉崇壽見僧做餬餅次隔蔥問云你還見我麼僧
云不見壽云還我餬餅錢來僧無語師代云和尚
禮拜餅爐好。
舉僧問趙州如何是妙峰頂州云不答你者話僧
云為什麼不答州云我若答落在平地師代云俱
胝和尚。
舉長慶見僧來云何得無禮師代云某甲罪過又
云甲辰乙巳。
舉長慶問秀才云佛教云眾生日用而不知儒書
亦因日用而不知不知箇什麼秀才云不知大道
師云灼然不知。
舉僧問睦州靈山還有蛇不州云者蚯蚓師代云
白骨連山。
舉長慶拈拄杖云識得這箇一生參學事畢師云
識得這箇為什麼不住。
舉雲巖掃地次道吾云何得太區區生巖云須知
有不區區者吾云與麼則第二月也巖豎起掃帚
云這箇是第幾月吾拂袖出去師云奴見婢慇懃。
舉仰山問俗官云官居何位官云推官山乃豎起
拂子云還推得這箇麼官無語師代云久嚮和尚。
舉僧到翠巖值巖不在乃下看主事主事云參見
和尚也未僧云未主事卻指狗子云要見和尚但
禮拜者狗子僧無語後翠巖歸聞此語云作麼生
道免得與麼無語師代云欲觀其師先觀弟子。
舉座主就華嚴講請翠巖齋巖云山僧有箇問座
王若道得即齋巖便拈起餬餅云還具法身麼主
云具法身巖云與麼則喫法身也主無語本講座
主代云有什麼過巖不肯東使云喏喏師代云特
謝和尚降重空筵。
舉雪峰示眾云世界闊一丈古鏡闊一丈世界闊
一尺古鏡闊一尺玄沙指面前火鑪云火鑪闊多
少峰云似古鏡闊沙云這老漢腳跟未點地在後
東使拈問僧為復古鏡較火鑪與麼大火鑪較古
鏡與麼大西院云與麼問大也未可在師云餿飯
泥茶鑪。
舉僧問雲居山河大地從何而有居云從妄想有
僧云與某甲想出一錠金得麼居便休去僧不肯
師聞得云已是葛藤不能折合得待伊道想出一
鋌金得麼拈拄杖便打。
舉閩中韋監軍尋常見僧云某甲待官滿出江西
湖南置一問問殺江西湖南老宿僧云監軍作麼
生問軍云不勞手腳僧無語師代云話墮也又云
伏惟尚饗。
舉王太傅問北院云古人道普現色身遍行三昧
佛法為什麼不到北俱盧州院云秪為遍行所以
不到師云如法置一問來。
舉王大尉入佛殿指缽盂問僧這箇是什麼缽僧
云藥師缽尉云秪聞有降龍缽僧云待有龍即降
尉云忽遇拿雲擭浪來又作麼生僧云他亦不顧
尉云話墮也玄沙云盡你神力走向什麼處去保
福云歸依佛法僧百丈作覆缽勢師云他日生天
莫辜負老僧。
舉地藏問崇壽你久後將什麼利濟於人壽云無
不利濟藏云無一法得利濟師云直饒與麼也好
喫棒又云當時但喚近前來已後教伊無𪅎啄處。
<pb n="42"/>
舉泉州王太傅問僧上座住甚處僧云半月山傅
云忽遇月頭月尾又作麼生僧無語師代云將謂
與麼更有與麼。
舉龍牙尋常道雲居師兄得第二句我得第一句
西院云秪如龍牙與麼道還扶得也無師云須禮
拜雲居始得西院云傍觀者哂。
舉崇壽問僧還見燈籠麼僧云見壽云兩箇師代
云三頭兩面又云七箇八箇。

<sarticle><article>雲門匡真禪師語錄卷第三</article></sarticle>
垂示代語
師因不安云打草鞋行腳去無對師云汝問我與
汝道僧便問和尚什麼處去師云四維上下對機
設教去代前語云和尚宜喫薑附湯。
上堂云劄久雨不晴代云一箭兩垛或云遇賤即
貴遇明即暗代云一起一倒一日云咬齒一句作
麼生道代云合或云初秋夏末好與三十棒代云
某甲如是問僧新羅國與大唐國是同是別代云
僧堂佛殿廚庫三門。
上堂云教意提不起過在什麼處代云為你蝦蟆
活。
上堂云你道古佛與露柱相交是第幾機無對師
云汝問我與汝道僧便問師云一條條三十文代
前語云南山起雲比山下雨僧又問作麼生是一
條條三十文師云打與一日云商量舉覺箇什麼
代云鹽貴米賤或云佛法兩字拈卻成得箇什麼
代云死蝦蟆或云佛法不用學燈籠露柱欺你去
作麼生得不欺你去代云趙州南石橋北一日云
古人面壁閉卻門還透得這裏麼代云這裏是什
麼乾屎橛云又一或云般柴來去行住坐臥四威
儀中還出得釋迦老子鼻孔麼代云和尚也是量
才補職師或舉手云古佛為什麼不到這裏代云
不可降尊就卑因僧設報慈和尚齋師問僧汝道
報慈和尚有幾身代云今日齋飯如法問僧般柴
來去普賢菩薩在什麼處代云般柴早是辛苦。
上堂大眾集定云是大過患子細點檢代云不用
別人問僧世間是什麼人罪最重代云平出一日
云古人道一句合頭語萬劫繫驢橛作麼生明得
免此過代云趙州石橋嘉州大像或云虛空還有
長短也無代云這箇師僧得與麼肥這箇師僧得
與麼瘦一日云常徒之見過在什麼處代云泊作
過中會。
上堂大眾集定云有理不伸死而不吊有理能伸
罕遇奇人置將一問來代云過師有時問僧作麼
生代云少喫或云是你諸人繞天下行腳不知有
祖師意露柱卻知有祖師意你作麼生明得露柱
知有祖師意代云九九八十一示眾云一舉不再
說作麼生是一舉又云你若不相當且覓箇入頭
路微塵諸佛盡在你舌頭上三藏聖教在你腳跟
下不如悟去好還有人悟得麼出來道看代云養
子之緣代前語云長安雖樂。
上堂大眾集定云風不來樹不動便下座代云樹
折船沉或云第一句作麼生道若道不得作麼生
得心息代云和尚莫要草鞋拄杖麼一日云從上
古人作麼生辯人代云城地因君置師因摘茶云
摘茶辛苦置將一問來無對又云你若道不得且
念上大人更不相當且順朱代云功不浪施代前
語云勞而無功或云今日二十七拈向什麼處代
云壁上挂問僧三乘十二分教什麼人承當得代
云沙彌童行一日云汝作麼生辯得無礙法代云
閑家具或云還有句內藏身麼代云領一日云京
華還有棟梁也無代云家家觀世音或云不相當
且順朱識取好代云因學人置得示眾云劄即難
<pb n="43"/>
七九六十三作麼生道代云不可總無人去也又
云洎合向後道師或云日裏來往日裏辯人忽然
中夜教取箇物來未曾到處作麼生取代云瞞卻
多少人示眾云看看佛殿入僧堂裏去也代云羅
浮打鼓韶州舞。
上堂拈起拄杖云看看三千大千世界一時搖動
便下座代云拽一日云作麼生是雙明一句代云
一箭兩垛或云作麼生是不瞞人底句代云莫道
這箇是瞞人底一日云泥水不分過在什麼處代
云昨日莫徭人設齋或云日裏來往總識你作麼
生是影身一句代云某甲亦見日頭從東邊上一
日云盡力作麼生道代云五箇餬餅三碗茶或云
作麼生是平伸一問代云便摑傍僧一日云空不
異色作麼生道代云園頭甚要或云作麼生是不
沉影底句代云現。
上堂大眾集師良久云久雨不晴代云一槌兩當
蓋覆將來一日云教中有言謗斯經故獲罪如是
拈卻當門齒時經來代云不空罥索或云你多年
在叢林裏乃舉手便放下云向後不得與麼代云
若與麼便成辜負和尚一日云昨日有一句語不
敢望你會還有人舉得麼代云驀又云走殺多少
人。
上堂大眾集定云總上來也各自東行西行便下
座代云不少或云古人一言悟道觸緣見性拈起
作麼生商量代云雲居鼓上藍鐘一日云日裏來
往上上下下一問一答住汝當荷夾差一問來作
麼生當荷代云謂言侵早起更有夜行人又云一
起一倒又云生在冀州。
上堂云乾坤側日月星辰一時黑作麼生道代云
好事不如無師因說事了起立以拄杖打禪床一
下云適來如許多葛藤貶向什麼處去靈利底即
見不靈利底著我熱瞞代云雪上加霜示眾云日
月傍照三天下正照四天下我與你注破了也一
句道將來代云東弗于代西瞿耶尼或云佛法不
用道著世間什麼物最貴代云莫道這箇是賤底
又云乾屎橛一日云今日十五入夏也寒山子作
麼生代云和尚問寒山學人對拾得或云你諸人
傍家行腳還識西天二十八祖麼代云坐底坐臥
底臥又云少喫因齋坎指白瓷器云這箇知有超
佛越祖之談代云五九四十五又云和尚自喫飯
一日云是你傍家行腳作麼生是不落賓主底句
道將來代云便出去或云是你師僧在江西湖南
所在過夏衣缽分付什麼人了來代云不是瞞卻
一人來又云不作大人相一日云非貴賤據什麼
代云蝦跳不出斗示眾云看看殺了也便作倒勢
云會麼若不會且向拄杖頭上會取代云龍頭蛇
尾蛇尾龍頭又代作倒勢一日云我每日共你葛
藤不能到夜如今在這裏置將一問來代云秪恐
和尚不答或云作麼生是腳跟下一句代云有麼
師或問僧你為什麼帶累我代云某甲帶累和尚
或云作麼生出得這裏代云朝遊羅浮暮歸檀特
一日云明己底人還見有己麼代云把將來又代
展兩手或云作麼生是蹙舌一句代云和尚秪待
某甲道一日云你師僧繞天下行腳見老和尚開
口便上來東聽西聽何不向洗缽盂處置將一問
來代云也知和尚為物之故因見火頭云你辛苦
我賞你這箇拄杖子吞卻祖師也無對代云功不
浪施又云禍不單行師因披衲衣云古人道披衣
蓋乾坤乃拈起衲衣抖擻云北斗一時黑作麼生
代云也知和尚出身早又云不道與麼去或云佛
法還有變易也無代云缽盂鞋履拄杖針筒一日
云佛法拈卻我不問你還有識世諦法麼代云某
甲若道有被和尚領過或云摩㝹顯正過在什麼
<pb n="44"/>
處代云有什麼過示眾云大眾函蓋乾坤目機銖
兩不涉世緣作麼生承當代云一鏃破三關師或
云南來北往飛禽走獸為什麼卻有異代云辯卻
多少人或云你諸人擔缽囊行腳不知有佛法佛
殿上蚩吻卻知有佛法代云佛殿裏裝香三門外
合掌師或以拄杖一畫云微塵諸佛盡在這裏還
辯得盡麼代云日出東方夜落西一日云作麼生
是扣門一句代云打或云迷本底人觸途俱滯悟
本底人為什麼有四大見代云益州附子建州薑
師或云你諸方愛荅話還有透不得底句麼代云
來或云達磨西來為什麼難得兒孫代云放師因
說事了起立云你諸人忽然今夜總悟去早起將
刀截卻我頭我說了也乃拈衲衣抖擻云作麼生
代云學人不得辜負和尚或云口秪堪喫飯你道
古人拈槌豎拂揚眉動目作麼生辯代云溈山笠
子江西別又云龍頭蛇尾或云佛法中菩提涅槃
真如解脫命為增語汝道世諦以何為增語代云
鬧市裏一箇兩箇又云菩提涅槃師或云古人道
觸目是道拈卻醬甕阿那箇是道無對師云蒼天
蒼天代前語云是什麼心行或云見即不可子細
看代云長安雖樂示眾云十五日已前不問你十
五日已後道將一句來代云日日是好日。
上堂良久云鈍置殺人便下座代云不獨因看誌
公頌問僧半夜子心住無生即生死古人意作麼
生代云不可總作野狐精見解也或云古人道人
人盡有光明在看時不見暗昏昏作麼生是光明
代云廚庫三門又云好事不如無一日云佛法太
寶有秪是舌頭短代云長也又云大斧斫了手摩
挲師齋次問僧應是從前叢林學得底言語總拈
卻你道我飯作麼生滋味代云菜裏少鹽醋或云
是你諸人行腳須知有隔身句作麼生是隔身句
代云初三十一或云大智非明真空絕跡還有人
明得這箇道理麼若有人明得出來道看代云捏
問僧常徒底人過在什麼處你與我拈出來代云
不可平地生堆阜又云和尚佛法身心何在或云
一言纔舉千差同轍是什麼言代云如是我聞又
云要道有什麼難因見狗子乃打一下云你為什
麼咬這露拄代云但以腳趯狗子便去舉華經云
金色光明雲青色光明雲你道我尋常還有這箇
時節麼代云亦不得屈著和尚因開法堂門云作
麼生是入門一句有僧云喏師云漆桶無對代云
掩面出去代後語云道著一日眾集定云莫錯認
一著便下座代云謝和尚重重相為或云是你諸
人行腳須知有入頭路還有人道得麼出來道看
代云也不得辜負和尚示眾云中有一寶祕在形
山拈燈籠向佛殿裏將三門來燈籠上作麼生代
云逐物意移又云雷起雲興一日云宗門作麼生
舉令代云吽師或云阿耶耶新羅國裏打鐵火星
燒著我指頭自代云非但指頭師或云從上祖師
三世諸佛說法山河大地草木為什麼不省去代
云新到行人事又云和尚京中喫麵多師或云萬
法紜紜三世諸佛天下老和尚一時出頭過在什
麼處代云著什麼來由一日云忽然有一箇老宿
把弓刀按劍入地獄如箭射還有人會得這箇時
節麼代云鑰匙在和尚手裏或云古人道難得不
錯怪人句作麼生是不錯怪人句代云爭塞得人
口一日云眼睫橫亙十方眉毛上透乾坤下透黃
泉須彌塞卻你咽喉還有人會得麼若有人會得
拽取占波共新羅鬥額代云哂或云古人道聲香
味觸常三昧我與你葛藤乃拈拄杖云這箇拄杖
子是三昧你若識得拄杖子即識得天下老宿又
云你若識得拄杖子未夢見天下老宿腳跟下一
莖毛代云和尚不使別人一日云一箭兩垛作麼
<pb n="45"/>
生代云長安雖樂或云日謝樹無影這箇是佛殿
那箇是無影代云洎分南北一日云作麼生道得
不落第二問代云洪州鞋履一日拈起拄杖云解
脫深坑勃跳代云出或云一語明得不要分外代
云將謂是天地師或云塵無自性攬真成立作麼
生是成立底事代云五尺拄杖三尺竹一日云說
即天地懸殊不說即眼睫裏藏身眉毛上勃跳代
云三三或云古人道一語無二語作麼生是一語
代云早朝粥齋後茶師或拈起拄杖云是你諸人
作麼生辯雲門雲門作麼生辯你諸人代云平問
僧佛法還有青黃赤白也無代云東方甲乙木西
方庚辛金一日云作麼生是塵中辯主代云道州
去江華不遠師或云有一人問著口似木𣔻有一
人問著口似懸河你道二人過在甚處代云有即
拈出示眾云叢林言話即不要作麼生是宗門自
己代云但展兩手或云迷身一句作麼生道代云
何處有也或云目前不溺作麼生道代云下不舉
上示眾云江西即說君臣父子湖南即說他不與
麼我此問總不如是你還識壁麼代云何異一日
云作麼生是不續再問代云秋風過去春風至因
齋時聞鼓聲師云釋迦老子叫喚也時有僧問未
審釋迦老子叫喚作麼師云你與麼驢年夢見麼
代云今日喫飯甚是遲或云我今年老七十八也
所作事難也良久問僧你道淨瓶年多少無對代
云甲子會一日云靈利底人難得作麼生是靈利
底人代云不妨或云問一答十問十荅百底人從
什麼處來代云西京來一日云會佛法底人共什
麼人語話代云行者問僧云三藏聖教天下老和
尚言語總拈卻蝦蟆口裏道將一句來代云昨日
新雷起師舉古人道讀經千遍紙上見經不識忽
然國師問你作麼生又云忽然國師拈起作麼生
代前語云唵代後語云朝看華嚴夜讀般若或云
凡有請問不得離於祗對作麼生道代云路逢劍
客須呈劍一日云作麼生是一句通褒貶代云雖
是善因而招惡果或云行住坐臥著衣喫飯是法
身那箇是你四大代云和尚今年年尊一日云你
若辯我我辯你是尋常更有一條作麼生辯代云
識或云節角語須是箇人始得作麼生是節角語
代云摩斯吒落水一日云繞天下行腳辯人底人
你道具什麼眼代云聽水。
上堂云遇人即鼻孔遼天便下座代云識好惡師
或云鬧市裏道將一句來代便唱聲云人家莫點
燈火。
上堂云為眾竭力禍出私門代云眾禍已除或云
照盡一句作麼生道代云某甲不欲開蝦蟆口師
在餬餅寮喫茶云不向汝道罪過無對復云第一
須忌火便起去代云大眾不得辜負和尚師或云
佛法太煞有秪是灸瘡痛代云灸瘡痛猶可一日
云臨坑不損人代云也是又云某甲識好惡或云
古人道舉即易作麼生代云以貌取人一日云驀
點是什麼時節代云不可道是蝦蟆蛤跛或云不
是雲門罪過便起去代云事不孤起師或云己事
若明始消他供養作麼生是你明底事又云舉一
明三萬里崖州代云一切由和尚代前語云飽師
或拈起拄杖問僧這箇汝不得道著作麼生是衲
僧孔竅無對又云你若道不得向鼻孔裏道將一
句來代云新羅火鐵鄆州針又云疋上不足因僧
來參師拈起袈裟云你若道得落我袈裟綣繢裏
你若道不得又在鬼窟裏坐作麼生代云某甲無
氣力或云不明己底人過在什麼處代云大人不
合如此一日云放下一句無不盡代云養子之緣
或云不用指東劃西什麼人會佛法代云三家村
裏老翁婆一日云你若衣缽下坐縛殺你你若走
<pb n="46"/>
上事走殺你作麼生是不停之句代云速或云新
羅國裏置將一問來代云便請一日云萬法從甚
處起代云糞堆頭師或云第一句作麼生道你若
明得陝府鐵牛吞卻乾坤代云謝和尚重重相為
一日云作麼生是問中具眼代云瞽示眾云舉一
不得舉二你若舉二放你舉三代云開師或云天
堂地獄鑊湯鑪炭蓋卻你頭三世諸佛總在你腳
跟下三十年後鼻孔遼天代云不可更作野狐精
見解也一日云五音六律是有是無代云不可蝦
蟆窟裏作活計師或云一句該通五千餘首蘇嚕
薩訶代云三門頭打鼓佛殿裏行香師或云如今
半夏也敲磕處道將一句來師復云密怛哩孤密
怛哩智又云密怛哩孤密怛哩智作麼生代云⿰口部
啉又云磕一日云二十年後會去在代云點兒落
節或云頭上霹靂即不問你腳下龍過道將一句
來代云朝起雲夜降雨師問僧德山便棒你道學
人還有長處也無代云無端一日云一切智智清
淨中還有生滅麼代云夜叉說半偈或云若知去
處什麼劫中無祖佛代云發示眾云作麼生是不
露鋒骨句代云今時人須是明明向道始得師乃
有頌不露鋒骨句未語先分付進步口喃喃知君
大罔措或云十方國土中唯有一乘法你道自己
在一乘法裏一乘法外代云入又云是一日云紐
半破三針筒鼻孔裏道將一句來代云海裏使風
山上船或云折半列三針筒鼻孔在什麼處與我
箇箇拈出來看代云上中下或云分疆列土作麼
生道代云文殊自文殊解脫自解脫師或云衲僧
須得巴鼻即識得天下人作麼生是衲僧巴鼻代
云德山棒示眾云淺聞即深悟深聞即不悟代云
迷逢達麼或云衲僧須識古人眼作麼生是古人
眼代云蝦蟆跳上天一日云處處道將一句來代
云鬧市裏天子百草頭上老僧或云暗道將一句
來代云藏頭露尾一日云將南作比將北作南作
麼生道代云由阿誰或云未打板已前道將一句
來代云著什麼來由一日云以有為有作麼生免
得去代云患師或云解患非患明得了作麼生是
眼代云晝見日夜見星一日云明暗為什麼不相
管代云難為怪笑或云過在什麼處得與麼難代
云辯一日云渺漫不分是什麼人分上事代云不
可作沙彌行者見解也師或拈起拄杖云莫道老
和尚瞞你貴之與賤縱橫十字一時這裏會得了
莫辜負老僧代云百鳥為子屈又云抑與之與師
或云見麼自云見又云見什麼代云花師舉古人
云至道無難唯嫌揀擇這箇是僧堂這箇是佛殿
那箇是不揀擇代云何必如此師或云全抽半抽
作麼生道復云作麼生是半抽代云跳出死蝦蟆
又云作麼生是全抽代云案山雷主山雨師或云
你自鈍置第一不得錯舉代云事不孤起一日云
識得道得出來道看話端道什麼代云識罪或云
作麼生是不再問底句代云今年春氣早夜來陽
鳥啼又云佛殿裏裝香三門前合掌一日云入夏
來十一日也還得入頭麼作麼生道代云來日十
二師因喫茶拈起茶盞云一口吞盡作麼生代云
茶又喫卻示眾云西天二十八祖唐土六祖天下
老和尚總出頭來過在什麼處又云你在此間三
冬兩夏忽然出來有人問雲門老和尚道什麼你
向他道什麼代云驀面唾這野狐精代前語云他
不是顛或云古人道從門入者非寶作麼生是門
代云道得也無用處因聞鼓聲云鼓聲咬破七條
又指僧云抱取貓兒來代云不用別人師問僧行
腳事即不問汝三十二相八十種好道將一句來
還有人道得麼代云怛薩阿竭二千年師或云不
問汝叢林言教這箇是天這箇是地以手指身云
<pb n="47"/>
這箇是我又指露柱云這箇是露柱那箇是佛法
代云也大難師在僧堂中喫茶拈起托子云蒸餅
饅頭一任汝喫你道這箇是什麼代云乾狗屎又
云茶又喫了也師或云你還識德由麼莫道我壓
良為賤代云也知和尚因某甲置得師聞齋鼓聲
云你道鼓因什麼置得代云因皮置得師聞齋鼓
聲云你還識得老婆禪麼代云鼓聲喚喫飯去一
日云古人道巧拙具生殺作麼生是生殺代云疋
上不足疋下有餘。
上堂大眾集已師云大眾齋去卻問僧你道我教
伊去還有過也無代云也不是和尚特地如此師
行次以拄杖打露柱一下云新羅天子勃跳上梵
天代云無端師或云世諦不要道佛法道將一句
來代云父子之情一日云通明底人什麼物與麼
來代云莫教屈著人又云釋迦老子須彌山或云
古人道朝朝抱佛眠起時還共起你道見解朦朧
底人作麼生代云未到問僧云眼中無色識識中
無色眼色眼二俱無何能令見色去卻古人道將
一句來代云把將饅頭蒸餅來又云雪上更加霜
又云有什麼師或云幡竿頭倒卓是第幾機代云
打一日云學佛法底人如恒河沙百草頭上道將
一句來代云俱師因出門云古人道從門入者非
寶汝道從門出者作麼生代云一師入堂齋次指
聖僧供缽問僧云你若喫盡又在解脫深坑裏你
若喫不盡又不唧𠺕作麼生代云大眾喫飯次。
上堂云劃斷即不可復云你若不會三十年後莫
道不見老僧代云和尚恐人埋沒代前語云今日
上堂大眾著便師或以柱杖打露柱一下云你作
麼生不說禪復云埋沒人家男女無對自云擔枷
過狀自代前語云爭怪得別人師或云湖裏魚變
成龍即不問你作麼生是針眼魚代云點師聞打
槌聲云妙喜世界百雜碎擎缽盂向湖南城裏喫
粥代云浴後喫一口云什麼語中無世諦什麼語
中無地獄代云天晴日出雨下雷興或云平常心
是道你平常道將一句來代云五箇餬餅三箇䭔
一日云一句辯邪正忽有人問作麼生是辯邪正
底句你作麼生道代云西天與此土不同或云今
日已前不要今日已後不要正當今日道將一句
來代云正好師或云病遇因即瘥你道遇什麼因
道得底道看代云尚或云缽盂匙箸與露柱相去
多少代云分開好又云尋常得此便一日云當鋒
一句作麼生道代云領或云作麼生是辯慈風一
句代云識取好一日云迷身一句作麼生道代云
昨日雷聲起今朝陽鳥啼師或云不用勃跳道將
一句來代云死蛤跛也無用處一日云作麼生是
提婆宗代云西天令嚴此土還較或云汝道何物
具四德代云死貓兒又云把不具底來一日云荊
棘不彫擇道將一句來代云拈放一邊或云有一
切見底人是什麼人代云三家村裏納稅漢一日
云不占田地道將一句來代云總屬和尚或云倒
道將一句來看代云訶薩一日云息節一句作麼
生道代云知時好師或云天下難走將什麼過水
代云且曬著師或時拈拄杖作射勢云官家進器
械來也看看代云和尚不得放過又云僧堂前師
或云一夜展腳睡天明道將一句來代云何不快
起或云作麼生是赤脫一句代云也大無端一日
云以有為有此人過在什麼處代云苦或云還有
不識祖師底人麼代云仁義道中又云不患一日
云識過無過不識過過也不知代云熱或云曹溪
路上還有俗談也無代云二事一時一日云佛法
外置將一問來代云一箇便多或云既知來處什
麼劫中無祖師代云某甲今年不著便或云寸草
不生不學禪不學道代云是什麼閑或云還有吞
<pb n="48"/>
不盡句麼代云蛇師行次以拄杖打露柱一下云
什麼處來自云西天來復云來這裏作什麼自云
說佛法乃喝云欺我唐土人又以拄杖打一下便
行卻拈問僧汝道我意作麼生僧便問秪如師意
作麼生代云不用行主又云師子咬人復問僧秪
如當機合下得什麼語代云發又云百歲老兒作
歌舞一日云驀劄一句作麼生道代云因一事長
一智或云大藏教將什麼辨代云點一日云佛殿
為什麼不見僧堂代云痛或云衲僧鼻孔即不問
汝泥裏洗玉塊道將一句來代云彈指又云衲僧
鼻孔又作麼生道代云翫山翫水師或問僧作麼
生是不寂句無對師云汝問我與汝道僧便問作
麼生是不寂句師云⿰口部代前語云不可向鬼窟裏
作活計又云作麼生是⿰口部代云會此意又云文殊
五字或云作麼生是入鄉隨俗底句代云君子可
入一日云作麼生是提綱一句代云雪峰南趙州
北一日云靈苗不動根過在什麼處代云誤卻多
少人或云一顆圓光明已久作麼生是一顆圓光
代云謝和尚重重相會師或云作麼生是對明一
句代云露師或云非色非聲體上明得是第幾機
代云不可向野狐窟裏作活計一日云布幔天網
打龍布絲網撈蝦摝蜆你道螺蚌落在什麼處代
云具眼師因卸卻七條語僧云汝道來生莫不會
佛法麼僧無語代云和尚幸是大人又云某甲不
敢道復云為什麼不敢道又云自有和尚在師歲
夜問僧餅餤是羅漢藥石還將得饆饠䭔子來麼
無對代云今日東風起師或云你若不相當且向
古人建化門中道將一句來若道不得向異處道
將一句來作麼生道代云前來猶是可一日云遠
即照近即明作麼生道代云入水始見長人又云
更不要也師或拈拄杖云且向這裏會也有利益
也無利益總不會顜頇佛性儱侗真如代云疋上
不足疋下有餘一日云萬法從什處起代云不麼
可向和尚道蝦蟆口裏也因齋時聞鼓聲云古人
道一切聲是佛聲喚作佛聲喚作鼓聲代云和尚
道了也又云和尚不宜喫麵因見僧來參師打露
柱一下云來這裏瞞我代云但打露柱一摑云為
人自安一日云至道無難唯嫌揀擇作麼生是不
揀擇又云如來妙色身羅羅李代云不出代前語
云古人道了也因齋時打帳座一下云這箇喫又
打飯床一下云這箇不喫代云一槌兩當因搬米
問僧人擔米米擔人代云總得又云搬米辛苦猶
是可又問僧大橋有多少米僧云七十碩師拈起
拄杖云七十碩米一時在拄杖頭上擔將來即得
若擔不得餓殺你代云不可為小小一日云有所
說野干鳴無所說師子吼我與麼是野于鳴作麼
生是師子吼代云九九八十一師或云埋沒兩字
不用道著代云深領和尚慈悲又云因某甲所置
師或云善財入門也作麼生道得出去代云朝遊
羅浮師或云餬餅從你橫咬豎咬不離這裏道將
一句來代云今日新麵一日云有賞有罰道將一
句來代云遇賤即貴天晴日出或云龍潛師云溺起
自何來作麼生是不活底句代云有什麼難辯一
日云敲磕一句作麼生道代云驢生馲𩢷馬生騾
或云作麼生得道斷商量代云來年更有新條在
惱亂春風卒未休一日云辯得親疏為什麼被親
疏所使代云阿誰置得或云古人道會即途中受
用不會即世諦流布完國道時一句來代云一錢
兩箇二錢三箇一日云一句道將來代云疋上不
足因夏末問僧初秋夏末不觸平常道將一句來
代云初三十一中九下七師問僧通身是水阿誰
喫代云洎與和尚作笑具。

<pb n="49"/>
